ARM GAS  /tmp/ccmSvPuU.s 			page 1


   1              		.cpu cortex-m3
   2              		.eabi_attribute 20, 1
   3              		.eabi_attribute 21, 1
   4              		.eabi_attribute 23, 3
   5              		.eabi_attribute 24, 1
   6              		.eabi_attribute 25, 1
   7              		.eabi_attribute 26, 1
   8              		.eabi_attribute 30, 1
   9              		.eabi_attribute 34, 1
  10              		.eabi_attribute 18, 4
  11              		.file	"GUI_X_OS.c"
  12              		.text
  13              	.Ltext0:
  14              		.cfi_sections	.debug_frame
  15              		.section	.text.GUI_X_GetTime,"ax",%progbits
  16              		.align	1
  17              		.global	GUI_X_GetTime
  18              		.arch armv7-m
  19              		.syntax unified
  20              		.thumb
  21              		.thumb_func
  22              		.fpu softvfp
  24              	GUI_X_GetTime:
  25              	.LFB5:
  26              		.file 1 "Middlewares/ST/STemWin/OS/GUI_X_OS.c"
   1:Middlewares/ST/STemWin/OS/GUI_X_OS.c **** /*********************************************************************
   2:Middlewares/ST/STemWin/OS/GUI_X_OS.c **** *                SEGGER Microcontroller GmbH & Co. KG                *
   3:Middlewares/ST/STemWin/OS/GUI_X_OS.c **** *        Solutions for real time microcontroller applications        *
   4:Middlewares/ST/STemWin/OS/GUI_X_OS.c **** **********************************************************************
   5:Middlewares/ST/STemWin/OS/GUI_X_OS.c **** *                                                                    *
   6:Middlewares/ST/STemWin/OS/GUI_X_OS.c **** *        (c) 1996 - 2017  SEGGER Microcontroller GmbH & Co. KG       *
   7:Middlewares/ST/STemWin/OS/GUI_X_OS.c **** *                                                                    *
   8:Middlewares/ST/STemWin/OS/GUI_X_OS.c **** *        Internet: www.segger.com    Support:  support@segger.com    *
   9:Middlewares/ST/STemWin/OS/GUI_X_OS.c **** *                                                                    *
  10:Middlewares/ST/STemWin/OS/GUI_X_OS.c **** **********************************************************************
  11:Middlewares/ST/STemWin/OS/GUI_X_OS.c **** 
  12:Middlewares/ST/STemWin/OS/GUI_X_OS.c **** ** emWin V5.44 - Graphical user interface for embedded applications **
  13:Middlewares/ST/STemWin/OS/GUI_X_OS.c **** All  Intellectual Property rights  in the Software belongs to  SEGGER.
  14:Middlewares/ST/STemWin/OS/GUI_X_OS.c **** emWin is protected by  international copyright laws.  Knowledge of the
  15:Middlewares/ST/STemWin/OS/GUI_X_OS.c **** source code may not be used to write a similar product.  This file may
  16:Middlewares/ST/STemWin/OS/GUI_X_OS.c **** only be used in accordance with the following terms:
  17:Middlewares/ST/STemWin/OS/GUI_X_OS.c **** 
  18:Middlewares/ST/STemWin/OS/GUI_X_OS.c **** The  software has  been licensed  to STMicroelectronics International
  19:Middlewares/ST/STemWin/OS/GUI_X_OS.c **** N.V. a Dutch company with a Swiss branch and its headquarters in Plan-
  20:Middlewares/ST/STemWin/OS/GUI_X_OS.c **** les-Ouates, Geneva, 39 Chemin du Champ des Filles, Switzerland for the
  21:Middlewares/ST/STemWin/OS/GUI_X_OS.c **** purposes of creating libraries for ARM Cortex-M-based 32-bit microcon_
  22:Middlewares/ST/STemWin/OS/GUI_X_OS.c **** troller products commercialized by Licensee only, sublicensed and dis_
  23:Middlewares/ST/STemWin/OS/GUI_X_OS.c **** tributed under the terms and conditions of the End User License Agree_
  24:Middlewares/ST/STemWin/OS/GUI_X_OS.c **** ment supplied by STMicroelectronics International N.V.
  25:Middlewares/ST/STemWin/OS/GUI_X_OS.c **** Full source code is available at: www.segger.com
  26:Middlewares/ST/STemWin/OS/GUI_X_OS.c **** 
  27:Middlewares/ST/STemWin/OS/GUI_X_OS.c **** We appreciate your understanding and fairness.
  28:Middlewares/ST/STemWin/OS/GUI_X_OS.c **** ----------------------------------------------------------------------
  29:Middlewares/ST/STemWin/OS/GUI_X_OS.c **** File        : GUI_X_OS.C
  30:Middlewares/ST/STemWin/OS/GUI_X_OS.c **** Purpose     : This file provides emWin Interface with FreeRTOS
  31:Middlewares/ST/STemWin/OS/GUI_X_OS.c **** ---------------------------END-OF-HEADER------------------------------
  32:Middlewares/ST/STemWin/OS/GUI_X_OS.c **** */
ARM GAS  /tmp/ccmSvPuU.s 			page 2


  33:Middlewares/ST/STemWin/OS/GUI_X_OS.c **** 
  34:Middlewares/ST/STemWin/OS/GUI_X_OS.c **** /**
  35:Middlewares/ST/STemWin/OS/GUI_X_OS.c ****   ******************************************************************************
  36:Middlewares/ST/STemWin/OS/GUI_X_OS.c ****   * @attention
  37:Middlewares/ST/STemWin/OS/GUI_X_OS.c ****   *
  38:Middlewares/ST/STemWin/OS/GUI_X_OS.c ****   * <h2><center>&copy; Copyright (c) 2018 STMicroelectronics. 
  39:Middlewares/ST/STemWin/OS/GUI_X_OS.c ****   * All rights reserved.</center></h2>
  40:Middlewares/ST/STemWin/OS/GUI_X_OS.c ****   *
  41:Middlewares/ST/STemWin/OS/GUI_X_OS.c ****   * This software component is licensed by ST under Ultimate Liberty license SLA0044,
  42:Middlewares/ST/STemWin/OS/GUI_X_OS.c ****   * the "License"; You may not use this file except in compliance with the License.
  43:Middlewares/ST/STemWin/OS/GUI_X_OS.c ****   * You may obtain a copy of the License at:
  44:Middlewares/ST/STemWin/OS/GUI_X_OS.c ****   *                      http://www.st.com/SLA0044
  45:Middlewares/ST/STemWin/OS/GUI_X_OS.c ****   *
  46:Middlewares/ST/STemWin/OS/GUI_X_OS.c ****   ******************************************************************************
  47:Middlewares/ST/STemWin/OS/GUI_X_OS.c ****   */
  48:Middlewares/ST/STemWin/OS/GUI_X_OS.c **** 
  49:Middlewares/ST/STemWin/OS/GUI_X_OS.c **** /* Includes ------------------------------------------------------------------*/
  50:Middlewares/ST/STemWin/OS/GUI_X_OS.c **** 
  51:Middlewares/ST/STemWin/OS/GUI_X_OS.c **** #include "GUI.h"
  52:Middlewares/ST/STemWin/OS/GUI_X_OS.c ****     
  53:Middlewares/ST/STemWin/OS/GUI_X_OS.c ****     /* FreeRTOS include files */
  54:Middlewares/ST/STemWin/OS/GUI_X_OS.c **** #include "cmsis_os.h"
  55:Middlewares/ST/STemWin/OS/GUI_X_OS.c ****     
  56:Middlewares/ST/STemWin/OS/GUI_X_OS.c **** /*********************************************************************
  57:Middlewares/ST/STemWin/OS/GUI_X_OS.c **** *
  58:Middlewares/ST/STemWin/OS/GUI_X_OS.c **** * Global data
  59:Middlewares/ST/STemWin/OS/GUI_X_OS.c **** */
  60:Middlewares/ST/STemWin/OS/GUI_X_OS.c **** static osMutexId osMutex;
  61:Middlewares/ST/STemWin/OS/GUI_X_OS.c **** static osSemaphoreId osSemaphore;
  62:Middlewares/ST/STemWin/OS/GUI_X_OS.c **** /*********************************************************************
  63:Middlewares/ST/STemWin/OS/GUI_X_OS.c **** *
  64:Middlewares/ST/STemWin/OS/GUI_X_OS.c **** * Timing:
  65:Middlewares/ST/STemWin/OS/GUI_X_OS.c **** * GUI_X_GetTime()
  66:Middlewares/ST/STemWin/OS/GUI_X_OS.c **** * GUI_X_Delay(int)
  67:Middlewares/ST/STemWin/OS/GUI_X_OS.c **** 
  68:Middlewares/ST/STemWin/OS/GUI_X_OS.c **** Some timing dependent routines require a GetTime
  69:Middlewares/ST/STemWin/OS/GUI_X_OS.c **** and delay function. Default time unit (tick), normally is
  70:Middlewares/ST/STemWin/OS/GUI_X_OS.c **** 1 ms.
  71:Middlewares/ST/STemWin/OS/GUI_X_OS.c **** */
  72:Middlewares/ST/STemWin/OS/GUI_X_OS.c **** 
  73:Middlewares/ST/STemWin/OS/GUI_X_OS.c **** int GUI_X_GetTime(void)
  74:Middlewares/ST/STemWin/OS/GUI_X_OS.c **** {
  27              		.loc 1 74 1 view -0
  28              		.cfi_startproc
  29              		@ args = 0, pretend = 0, frame = 0
  30              		@ frame_needed = 0, uses_anonymous_args = 0
  31 0000 08B5     		push	{r3, lr}
  32              	.LCFI0:
  33              		.cfi_def_cfa_offset 8
  34              		.cfi_offset 3, -8
  35              		.cfi_offset 14, -4
  75:Middlewares/ST/STemWin/OS/GUI_X_OS.c ****   return ((int) osKernelSysTick());
  36              		.loc 1 75 3 view .LVU1
  37              		.loc 1 75 17 is_stmt 0 view .LVU2
  38 0002 FFF7FEFF 		bl	osKernelSysTick
  39              	.LVL0:
  76:Middlewares/ST/STemWin/OS/GUI_X_OS.c **** }
ARM GAS  /tmp/ccmSvPuU.s 			page 3


  40              		.loc 1 76 1 view .LVU3
  41 0006 08BD     		pop	{r3, pc}
  42              		.cfi_endproc
  43              	.LFE5:
  45              		.section	.text.GUI_X_Delay,"ax",%progbits
  46              		.align	1
  47              		.global	GUI_X_Delay
  48              		.syntax unified
  49              		.thumb
  50              		.thumb_func
  51              		.fpu softvfp
  53              	GUI_X_Delay:
  54              	.LVL1:
  55              	.LFB6:
  77:Middlewares/ST/STemWin/OS/GUI_X_OS.c **** 
  78:Middlewares/ST/STemWin/OS/GUI_X_OS.c **** void GUI_X_Delay(int ms)
  79:Middlewares/ST/STemWin/OS/GUI_X_OS.c **** {
  56              		.loc 1 79 1 is_stmt 1 view -0
  57              		.cfi_startproc
  58              		@ args = 0, pretend = 0, frame = 0
  59              		@ frame_needed = 0, uses_anonymous_args = 0
  60              		.loc 1 79 1 is_stmt 0 view .LVU5
  61 0000 08B5     		push	{r3, lr}
  62              	.LCFI1:
  63              		.cfi_def_cfa_offset 8
  64              		.cfi_offset 3, -8
  65              		.cfi_offset 14, -4
  80:Middlewares/ST/STemWin/OS/GUI_X_OS.c ****   osDelay( ms );
  66              		.loc 1 80 3 is_stmt 1 view .LVU6
  67 0002 FFF7FEFF 		bl	osDelay
  68              	.LVL2:
  81:Middlewares/ST/STemWin/OS/GUI_X_OS.c **** }
  69              		.loc 1 81 1 is_stmt 0 view .LVU7
  70 0006 08BD     		pop	{r3, pc}
  71              		.cfi_endproc
  72              	.LFE6:
  74              		.section	.text.GUI_X_Init,"ax",%progbits
  75              		.align	1
  76              		.global	GUI_X_Init
  77              		.syntax unified
  78              		.thumb
  79              		.thumb_func
  80              		.fpu softvfp
  82              	GUI_X_Init:
  83              	.LFB7:
  82:Middlewares/ST/STemWin/OS/GUI_X_OS.c **** 
  83:Middlewares/ST/STemWin/OS/GUI_X_OS.c **** /*********************************************************************
  84:Middlewares/ST/STemWin/OS/GUI_X_OS.c **** *
  85:Middlewares/ST/STemWin/OS/GUI_X_OS.c **** * GUI_X_Init()
  86:Middlewares/ST/STemWin/OS/GUI_X_OS.c **** *
  87:Middlewares/ST/STemWin/OS/GUI_X_OS.c **** * Note:
  88:Middlewares/ST/STemWin/OS/GUI_X_OS.c **** * GUI_X_Init() is called from GUI_Init is a possibility to init
  89:Middlewares/ST/STemWin/OS/GUI_X_OS.c **** * some hardware which needs to be up and running before the GUI.
  90:Middlewares/ST/STemWin/OS/GUI_X_OS.c **** * If not required, leave this routine blank.
  91:Middlewares/ST/STemWin/OS/GUI_X_OS.c **** */
  92:Middlewares/ST/STemWin/OS/GUI_X_OS.c **** 
  93:Middlewares/ST/STemWin/OS/GUI_X_OS.c **** void GUI_X_Init(void) {
ARM GAS  /tmp/ccmSvPuU.s 			page 4


  84              		.loc 1 93 23 is_stmt 1 view -0
  85              		.cfi_startproc
  86              		@ args = 0, pretend = 0, frame = 0
  87              		@ frame_needed = 0, uses_anonymous_args = 0
  88              		@ link register save eliminated.
  94:Middlewares/ST/STemWin/OS/GUI_X_OS.c **** }
  89              		.loc 1 94 1 view .LVU9
  90 0000 7047     		bx	lr
  91              		.cfi_endproc
  92              	.LFE7:
  94              		.section	.text.GUI_X_ExecIdle,"ax",%progbits
  95              		.align	1
  96              		.global	GUI_X_ExecIdle
  97              		.syntax unified
  98              		.thumb
  99              		.thumb_func
 100              		.fpu softvfp
 102              	GUI_X_ExecIdle:
 103              	.LFB8:
  95:Middlewares/ST/STemWin/OS/GUI_X_OS.c **** 
  96:Middlewares/ST/STemWin/OS/GUI_X_OS.c **** 
  97:Middlewares/ST/STemWin/OS/GUI_X_OS.c **** /*********************************************************************
  98:Middlewares/ST/STemWin/OS/GUI_X_OS.c **** *
  99:Middlewares/ST/STemWin/OS/GUI_X_OS.c **** * GUI_X_ExecIdle
 100:Middlewares/ST/STemWin/OS/GUI_X_OS.c **** *
 101:Middlewares/ST/STemWin/OS/GUI_X_OS.c **** * Note:
 102:Middlewares/ST/STemWin/OS/GUI_X_OS.c **** * Called if WM is in idle state
 103:Middlewares/ST/STemWin/OS/GUI_X_OS.c **** */
 104:Middlewares/ST/STemWin/OS/GUI_X_OS.c **** 
 105:Middlewares/ST/STemWin/OS/GUI_X_OS.c **** void GUI_X_ExecIdle(void) {}
 104              		.loc 1 105 27 view -0
 105              		.cfi_startproc
 106              		@ args = 0, pretend = 0, frame = 0
 107              		@ frame_needed = 0, uses_anonymous_args = 0
 108              		@ link register save eliminated.
 109              		.loc 1 105 28 view .LVU11
 110 0000 7047     		bx	lr
 111              		.cfi_endproc
 112              	.LFE8:
 114              		.section	.text.GUI_X_InitOS,"ax",%progbits
 115              		.align	1
 116              		.global	GUI_X_InitOS
 117              		.syntax unified
 118              		.thumb
 119              		.thumb_func
 120              		.fpu softvfp
 122              	GUI_X_InitOS:
 123              	.LFB9:
 106:Middlewares/ST/STemWin/OS/GUI_X_OS.c **** 
 107:Middlewares/ST/STemWin/OS/GUI_X_OS.c **** /*********************************************************************
 108:Middlewares/ST/STemWin/OS/GUI_X_OS.c **** *
 109:Middlewares/ST/STemWin/OS/GUI_X_OS.c **** * Multitasking:
 110:Middlewares/ST/STemWin/OS/GUI_X_OS.c **** *
 111:Middlewares/ST/STemWin/OS/GUI_X_OS.c **** * GUI_X_InitOS()
 112:Middlewares/ST/STemWin/OS/GUI_X_OS.c **** * GUI_X_GetTaskId()
 113:Middlewares/ST/STemWin/OS/GUI_X_OS.c **** * GUI_X_Lock()
 114:Middlewares/ST/STemWin/OS/GUI_X_OS.c **** * GUI_X_Unlock()
ARM GAS  /tmp/ccmSvPuU.s 			page 5


 115:Middlewares/ST/STemWin/OS/GUI_X_OS.c **** *
 116:Middlewares/ST/STemWin/OS/GUI_X_OS.c **** * Note:
 117:Middlewares/ST/STemWin/OS/GUI_X_OS.c **** * The following routines are required only if emWin is used in a
 118:Middlewares/ST/STemWin/OS/GUI_X_OS.c **** * true multi task environment, which means you have more than one
 119:Middlewares/ST/STemWin/OS/GUI_X_OS.c **** * thread using the emWin API.
 120:Middlewares/ST/STemWin/OS/GUI_X_OS.c **** * In this case the
 121:Middlewares/ST/STemWin/OS/GUI_X_OS.c **** * #define GUI_OS 1
 122:Middlewares/ST/STemWin/OS/GUI_X_OS.c **** * needs to be in GUIConf.h
 123:Middlewares/ST/STemWin/OS/GUI_X_OS.c **** */
 124:Middlewares/ST/STemWin/OS/GUI_X_OS.c **** 
 125:Middlewares/ST/STemWin/OS/GUI_X_OS.c **** /* Init OS */
 126:Middlewares/ST/STemWin/OS/GUI_X_OS.c **** void GUI_X_InitOS(void)
 127:Middlewares/ST/STemWin/OS/GUI_X_OS.c **** { 
 124              		.loc 1 127 1 view -0
 125              		.cfi_startproc
 126              		@ args = 0, pretend = 0, frame = 16
 127              		@ frame_needed = 0, uses_anonymous_args = 0
 128 0000 10B5     		push	{r4, lr}
 129              	.LCFI2:
 130              		.cfi_def_cfa_offset 8
 131              		.cfi_offset 4, -8
 132              		.cfi_offset 14, -4
 133 0002 84B0     		sub	sp, sp, #16
 134              	.LCFI3:
 135              		.cfi_def_cfa_offset 24
 128:Middlewares/ST/STemWin/OS/GUI_X_OS.c ****   /* Create Mutex lock */
 129:Middlewares/ST/STemWin/OS/GUI_X_OS.c ****   osMutexDef(MUTEX);
 136              		.loc 1 129 3 view .LVU13
 137 0004 0024     		movs	r4, #0
 138 0006 0294     		str	r4, [sp, #8]
 139 0008 0394     		str	r4, [sp, #12]
 130:Middlewares/ST/STemWin/OS/GUI_X_OS.c ****   
 131:Middlewares/ST/STemWin/OS/GUI_X_OS.c ****   /* Create the Mutex used by the two threads */
 132:Middlewares/ST/STemWin/OS/GUI_X_OS.c ****   osMutex = osMutexCreate(osMutex(MUTEX));
 140              		.loc 1 132 3 view .LVU14
 141              		.loc 1 132 13 is_stmt 0 view .LVU15
 142 000a 02A8     		add	r0, sp, #8
 143 000c FFF7FEFF 		bl	osMutexCreate
 144              	.LVL3:
 145              		.loc 1 132 11 view .LVU16
 146 0010 054B     		ldr	r3, .L9
 147 0012 1860     		str	r0, [r3]
 133:Middlewares/ST/STemWin/OS/GUI_X_OS.c ****   
 134:Middlewares/ST/STemWin/OS/GUI_X_OS.c ****   /* Create Semaphore lock */
 135:Middlewares/ST/STemWin/OS/GUI_X_OS.c ****   osSemaphoreDef(SEM);
 148              		.loc 1 135 3 is_stmt 1 view .LVU17
 149 0014 0094     		str	r4, [sp]
 150 0016 0194     		str	r4, [sp, #4]
 136:Middlewares/ST/STemWin/OS/GUI_X_OS.c ****   
 137:Middlewares/ST/STemWin/OS/GUI_X_OS.c ****   /* Create the Semaphore used by the two threads */
 138:Middlewares/ST/STemWin/OS/GUI_X_OS.c ****   osSemaphore= osSemaphoreCreate(osSemaphore(SEM), 1);  
 151              		.loc 1 138 3 view .LVU18
 152              		.loc 1 138 16 is_stmt 0 view .LVU19
 153 0018 0121     		movs	r1, #1
 154 001a 6846     		mov	r0, sp
 155 001c FFF7FEFF 		bl	osSemaphoreCreate
 156              	.LVL4:
ARM GAS  /tmp/ccmSvPuU.s 			page 6


 157              		.loc 1 138 14 view .LVU20
 158 0020 024B     		ldr	r3, .L9+4
 159 0022 1860     		str	r0, [r3]
 139:Middlewares/ST/STemWin/OS/GUI_X_OS.c **** }
 160              		.loc 1 139 1 view .LVU21
 161 0024 04B0     		add	sp, sp, #16
 162              	.LCFI4:
 163              		.cfi_def_cfa_offset 8
 164              		@ sp needed
 165 0026 10BD     		pop	{r4, pc}
 166              	.L10:
 167              		.align	2
 168              	.L9:
 169 0028 00000000 		.word	.LANCHOR0
 170 002c 00000000 		.word	.LANCHOR1
 171              		.cfi_endproc
 172              	.LFE9:
 174              		.section	.text.GUI_X_Unlock,"ax",%progbits
 175              		.align	1
 176              		.global	GUI_X_Unlock
 177              		.syntax unified
 178              		.thumb
 179              		.thumb_func
 180              		.fpu softvfp
 182              	GUI_X_Unlock:
 183              	.LFB10:
 140:Middlewares/ST/STemWin/OS/GUI_X_OS.c **** 
 141:Middlewares/ST/STemWin/OS/GUI_X_OS.c **** void GUI_X_Unlock(void)
 142:Middlewares/ST/STemWin/OS/GUI_X_OS.c **** { 
 184              		.loc 1 142 1 is_stmt 1 view -0
 185              		.cfi_startproc
 186              		@ args = 0, pretend = 0, frame = 0
 187              		@ frame_needed = 0, uses_anonymous_args = 0
 188 0000 08B5     		push	{r3, lr}
 189              	.LCFI5:
 190              		.cfi_def_cfa_offset 8
 191              		.cfi_offset 3, -8
 192              		.cfi_offset 14, -4
 143:Middlewares/ST/STemWin/OS/GUI_X_OS.c ****   osMutexRelease(osMutex);
 193              		.loc 1 143 3 view .LVU23
 194 0002 024B     		ldr	r3, .L13
 195 0004 1868     		ldr	r0, [r3]
 196 0006 FFF7FEFF 		bl	osMutexRelease
 197              	.LVL5:
 144:Middlewares/ST/STemWin/OS/GUI_X_OS.c **** }
 198              		.loc 1 144 1 is_stmt 0 view .LVU24
 199 000a 08BD     		pop	{r3, pc}
 200              	.L14:
 201              		.align	2
 202              	.L13:
 203 000c 00000000 		.word	.LANCHOR0
 204              		.cfi_endproc
 205              	.LFE10:
 207              		.section	.text.GUI_X_Lock,"ax",%progbits
 208              		.align	1
 209              		.global	GUI_X_Lock
 210              		.syntax unified
ARM GAS  /tmp/ccmSvPuU.s 			page 7


 211              		.thumb
 212              		.thumb_func
 213              		.fpu softvfp
 215              	GUI_X_Lock:
 216              	.LFB11:
 145:Middlewares/ST/STemWin/OS/GUI_X_OS.c **** 
 146:Middlewares/ST/STemWin/OS/GUI_X_OS.c **** void GUI_X_Lock(void)
 147:Middlewares/ST/STemWin/OS/GUI_X_OS.c **** {
 217              		.loc 1 147 1 is_stmt 1 view -0
 218              		.cfi_startproc
 219              		@ args = 0, pretend = 0, frame = 0
 220              		@ frame_needed = 0, uses_anonymous_args = 0
 221 0000 08B5     		push	{r3, lr}
 222              	.LCFI6:
 223              		.cfi_def_cfa_offset 8
 224              		.cfi_offset 3, -8
 225              		.cfi_offset 14, -4
 148:Middlewares/ST/STemWin/OS/GUI_X_OS.c ****   osMutexWait(osMutex , osWaitForever) ;
 226              		.loc 1 148 3 view .LVU26
 227 0002 4FF0FF31 		mov	r1, #-1
 228 0006 024B     		ldr	r3, .L17
 229 0008 1868     		ldr	r0, [r3]
 230 000a FFF7FEFF 		bl	osMutexWait
 231              	.LVL6:
 149:Middlewares/ST/STemWin/OS/GUI_X_OS.c **** }
 232              		.loc 1 149 1 is_stmt 0 view .LVU27
 233 000e 08BD     		pop	{r3, pc}
 234              	.L18:
 235              		.align	2
 236              	.L17:
 237 0010 00000000 		.word	.LANCHOR0
 238              		.cfi_endproc
 239              	.LFE11:
 241              		.section	.text.GUI_X_GetTaskId,"ax",%progbits
 242              		.align	1
 243              		.global	GUI_X_GetTaskId
 244              		.syntax unified
 245              		.thumb
 246              		.thumb_func
 247              		.fpu softvfp
 249              	GUI_X_GetTaskId:
 250              	.LFB12:
 150:Middlewares/ST/STemWin/OS/GUI_X_OS.c **** 
 151:Middlewares/ST/STemWin/OS/GUI_X_OS.c **** /* Get Task handle */
 152:Middlewares/ST/STemWin/OS/GUI_X_OS.c **** U32 GUI_X_GetTaskId(void) 
 153:Middlewares/ST/STemWin/OS/GUI_X_OS.c **** { 
 251              		.loc 1 153 1 is_stmt 1 view -0
 252              		.cfi_startproc
 253              		@ args = 0, pretend = 0, frame = 0
 254              		@ frame_needed = 0, uses_anonymous_args = 0
 255 0000 08B5     		push	{r3, lr}
 256              	.LCFI7:
 257              		.cfi_def_cfa_offset 8
 258              		.cfi_offset 3, -8
 259              		.cfi_offset 14, -4
 154:Middlewares/ST/STemWin/OS/GUI_X_OS.c ****   return ((U32) osThreadGetId());
 260              		.loc 1 154 3 view .LVU29
ARM GAS  /tmp/ccmSvPuU.s 			page 8


 261              		.loc 1 154 17 is_stmt 0 view .LVU30
 262 0002 FFF7FEFF 		bl	osThreadGetId
 263              	.LVL7:
 155:Middlewares/ST/STemWin/OS/GUI_X_OS.c **** }
 264              		.loc 1 155 1 view .LVU31
 265 0006 08BD     		pop	{r3, pc}
 266              		.cfi_endproc
 267              	.LFE12:
 269              		.section	.text.GUI_X_WaitEvent,"ax",%progbits
 270              		.align	1
 271              		.global	GUI_X_WaitEvent
 272              		.syntax unified
 273              		.thumb
 274              		.thumb_func
 275              		.fpu softvfp
 277              	GUI_X_WaitEvent:
 278              	.LFB13:
 156:Middlewares/ST/STemWin/OS/GUI_X_OS.c **** 
 157:Middlewares/ST/STemWin/OS/GUI_X_OS.c **** 
 158:Middlewares/ST/STemWin/OS/GUI_X_OS.c **** void GUI_X_WaitEvent (void) 
 159:Middlewares/ST/STemWin/OS/GUI_X_OS.c **** {
 279              		.loc 1 159 1 is_stmt 1 view -0
 280              		.cfi_startproc
 281              		@ args = 0, pretend = 0, frame = 0
 282              		@ frame_needed = 0, uses_anonymous_args = 0
 283 0000 08B5     		push	{r3, lr}
 284              	.LCFI8:
 285              		.cfi_def_cfa_offset 8
 286              		.cfi_offset 3, -8
 287              		.cfi_offset 14, -4
 160:Middlewares/ST/STemWin/OS/GUI_X_OS.c ****   osSemaphoreWait(osSemaphore , osWaitForever) ;
 288              		.loc 1 160 3 view .LVU33
 289 0002 4FF0FF31 		mov	r1, #-1
 290 0006 024B     		ldr	r3, .L23
 291 0008 1868     		ldr	r0, [r3]
 292 000a FFF7FEFF 		bl	osSemaphoreWait
 293              	.LVL8:
 161:Middlewares/ST/STemWin/OS/GUI_X_OS.c **** }
 294              		.loc 1 161 1 is_stmt 0 view .LVU34
 295 000e 08BD     		pop	{r3, pc}
 296              	.L24:
 297              		.align	2
 298              	.L23:
 299 0010 00000000 		.word	.LANCHOR1
 300              		.cfi_endproc
 301              	.LFE13:
 303              		.section	.text.GUI_X_SignalEvent,"ax",%progbits
 304              		.align	1
 305              		.global	GUI_X_SignalEvent
 306              		.syntax unified
 307              		.thumb
 308              		.thumb_func
 309              		.fpu softvfp
 311              	GUI_X_SignalEvent:
 312              	.LFB14:
 162:Middlewares/ST/STemWin/OS/GUI_X_OS.c **** 
 163:Middlewares/ST/STemWin/OS/GUI_X_OS.c **** 
ARM GAS  /tmp/ccmSvPuU.s 			page 9


 164:Middlewares/ST/STemWin/OS/GUI_X_OS.c **** void GUI_X_SignalEvent (void) 
 165:Middlewares/ST/STemWin/OS/GUI_X_OS.c **** {
 313              		.loc 1 165 1 is_stmt 1 view -0
 314              		.cfi_startproc
 315              		@ args = 0, pretend = 0, frame = 0
 316              		@ frame_needed = 0, uses_anonymous_args = 0
 317 0000 08B5     		push	{r3, lr}
 318              	.LCFI9:
 319              		.cfi_def_cfa_offset 8
 320              		.cfi_offset 3, -8
 321              		.cfi_offset 14, -4
 166:Middlewares/ST/STemWin/OS/GUI_X_OS.c ****   osMutexRelease(osSemaphore);
 322              		.loc 1 166 3 view .LVU36
 323 0002 024B     		ldr	r3, .L27
 324 0004 1868     		ldr	r0, [r3]
 325 0006 FFF7FEFF 		bl	osMutexRelease
 326              	.LVL9:
 167:Middlewares/ST/STemWin/OS/GUI_X_OS.c **** }
 327              		.loc 1 167 1 is_stmt 0 view .LVU37
 328 000a 08BD     		pop	{r3, pc}
 329              	.L28:
 330              		.align	2
 331              	.L27:
 332 000c 00000000 		.word	.LANCHOR1
 333              		.cfi_endproc
 334              	.LFE14:
 336              		.section	.text.GUI_X_Log,"ax",%progbits
 337              		.align	1
 338              		.global	GUI_X_Log
 339              		.syntax unified
 340              		.thumb
 341              		.thumb_func
 342              		.fpu softvfp
 344              	GUI_X_Log:
 345              	.LVL10:
 346              	.LFB15:
 168:Middlewares/ST/STemWin/OS/GUI_X_OS.c **** 
 169:Middlewares/ST/STemWin/OS/GUI_X_OS.c **** /*********************************************************************
 170:Middlewares/ST/STemWin/OS/GUI_X_OS.c **** *
 171:Middlewares/ST/STemWin/OS/GUI_X_OS.c **** * Logging: OS dependent
 172:Middlewares/ST/STemWin/OS/GUI_X_OS.c **** 
 173:Middlewares/ST/STemWin/OS/GUI_X_OS.c **** Note:
 174:Middlewares/ST/STemWin/OS/GUI_X_OS.c **** Logging is used in higher debug levels only. The typical target
 175:Middlewares/ST/STemWin/OS/GUI_X_OS.c **** build does not use logging and does therefor not require any of
 176:Middlewares/ST/STemWin/OS/GUI_X_OS.c **** the logging routines below. For a release build without logging
 177:Middlewares/ST/STemWin/OS/GUI_X_OS.c **** the routines below may be eliminated to save some space.
 178:Middlewares/ST/STemWin/OS/GUI_X_OS.c **** (If the linker is not function aware and eliminates unreferenced
 179:Middlewares/ST/STemWin/OS/GUI_X_OS.c **** functions automatically)
 180:Middlewares/ST/STemWin/OS/GUI_X_OS.c **** 
 181:Middlewares/ST/STemWin/OS/GUI_X_OS.c **** */
 182:Middlewares/ST/STemWin/OS/GUI_X_OS.c **** 
 183:Middlewares/ST/STemWin/OS/GUI_X_OS.c **** void GUI_X_Log (const char *s) { }
 347              		.loc 1 183 32 is_stmt 1 view -0
 348              		.cfi_startproc
 349              		@ args = 0, pretend = 0, frame = 0
 350              		@ frame_needed = 0, uses_anonymous_args = 0
 351              		@ link register save eliminated.
ARM GAS  /tmp/ccmSvPuU.s 			page 10


 352              		.loc 1 183 34 view .LVU39
 353 0000 7047     		bx	lr
 354              		.cfi_endproc
 355              	.LFE15:
 357              		.section	.text.GUI_X_Warn,"ax",%progbits
 358              		.align	1
 359              		.global	GUI_X_Warn
 360              		.syntax unified
 361              		.thumb
 362              		.thumb_func
 363              		.fpu softvfp
 365              	GUI_X_Warn:
 366              	.LVL11:
 367              	.LFB16:
 184:Middlewares/ST/STemWin/OS/GUI_X_OS.c **** void GUI_X_Warn (const char *s) { }
 368              		.loc 1 184 33 view -0
 369              		.cfi_startproc
 370              		@ args = 0, pretend = 0, frame = 0
 371              		@ frame_needed = 0, uses_anonymous_args = 0
 372              		@ link register save eliminated.
 373              		.loc 1 184 35 view .LVU41
 374 0000 7047     		bx	lr
 375              		.cfi_endproc
 376              	.LFE16:
 378              		.section	.text.GUI_X_ErrorOut,"ax",%progbits
 379              		.align	1
 380              		.global	GUI_X_ErrorOut
 381              		.syntax unified
 382              		.thumb
 383              		.thumb_func
 384              		.fpu softvfp
 386              	GUI_X_ErrorOut:
 387              	.LVL12:
 388              	.LFB17:
 185:Middlewares/ST/STemWin/OS/GUI_X_OS.c **** void GUI_X_ErrorOut(const char *s) { }
 389              		.loc 1 185 36 view -0
 390              		.cfi_startproc
 391              		@ args = 0, pretend = 0, frame = 0
 392              		@ frame_needed = 0, uses_anonymous_args = 0
 393              		@ link register save eliminated.
 394              		.loc 1 185 38 view .LVU43
 395 0000 7047     		bx	lr
 396              		.cfi_endproc
 397              	.LFE17:
 399              		.section	.bss.osMutex,"aw",%nobits
 400              		.align	2
 401              		.set	.LANCHOR0,. + 0
 404              	osMutex:
 405 0000 00000000 		.space	4
 406              		.section	.bss.osSemaphore,"aw",%nobits
 407              		.align	2
 408              		.set	.LANCHOR1,. + 0
 411              	osSemaphore:
 412 0000 00000000 		.space	4
 413              		.text
 414              	.Letext0:
 415              		.file 2 "Middlewares/ST/STemWin/inc/LCD.h"
ARM GAS  /tmp/ccmSvPuU.s 			page 11


 416              		.file 3 "Middlewares/ST/STemWin/inc/GUI.h"
 417              		.file 4 "Middlewares/ST/STemWin/inc/GUI_Type.h"
 418              		.file 5 "/opt/gcc-arm-none-eabi-9-2020-q2-update/arm-none-eabi/include/machine/_default_types.h"
 419              		.file 6 "/opt/gcc-arm-none-eabi-9-2020-q2-update/arm-none-eabi/include/sys/_stdint.h"
 420              		.file 7 "Core/Inc/FreeRTOSConfig.h"
 421              		.file 8 "Middlewares/Third_Party/FreeRTOS/Source/portable/GCC/ARM_CM3/portmacro.h"
 422              		.file 9 "Middlewares/Third_Party/FreeRTOS/Source/include/FreeRTOS.h"
 423              		.file 10 "Middlewares/Third_Party/FreeRTOS/Source/include/queue.h"
 424              		.file 11 "Middlewares/Third_Party/FreeRTOS/Source/include/semphr.h"
 425              		.file 12 "Middlewares/Third_Party/FreeRTOS/Source/CMSIS_RTOS/cmsis_os.h"
ARM GAS  /tmp/ccmSvPuU.s 			page 12


DEFINED SYMBOLS
                            *ABS*:0000000000000000 GUI_X_OS.c
     /tmp/ccmSvPuU.s:16     .text.GUI_X_GetTime:0000000000000000 $t
     /tmp/ccmSvPuU.s:24     .text.GUI_X_GetTime:0000000000000000 GUI_X_GetTime
     /tmp/ccmSvPuU.s:46     .text.GUI_X_Delay:0000000000000000 $t
     /tmp/ccmSvPuU.s:53     .text.GUI_X_Delay:0000000000000000 GUI_X_Delay
     /tmp/ccmSvPuU.s:75     .text.GUI_X_Init:0000000000000000 $t
     /tmp/ccmSvPuU.s:82     .text.GUI_X_Init:0000000000000000 GUI_X_Init
     /tmp/ccmSvPuU.s:95     .text.GUI_X_ExecIdle:0000000000000000 $t
     /tmp/ccmSvPuU.s:102    .text.GUI_X_ExecIdle:0000000000000000 GUI_X_ExecIdle
     /tmp/ccmSvPuU.s:115    .text.GUI_X_InitOS:0000000000000000 $t
     /tmp/ccmSvPuU.s:122    .text.GUI_X_InitOS:0000000000000000 GUI_X_InitOS
     /tmp/ccmSvPuU.s:169    .text.GUI_X_InitOS:0000000000000028 $d
     /tmp/ccmSvPuU.s:175    .text.GUI_X_Unlock:0000000000000000 $t
     /tmp/ccmSvPuU.s:182    .text.GUI_X_Unlock:0000000000000000 GUI_X_Unlock
     /tmp/ccmSvPuU.s:203    .text.GUI_X_Unlock:000000000000000c $d
     /tmp/ccmSvPuU.s:208    .text.GUI_X_Lock:0000000000000000 $t
     /tmp/ccmSvPuU.s:215    .text.GUI_X_Lock:0000000000000000 GUI_X_Lock
     /tmp/ccmSvPuU.s:237    .text.GUI_X_Lock:0000000000000010 $d
     /tmp/ccmSvPuU.s:242    .text.GUI_X_GetTaskId:0000000000000000 $t
     /tmp/ccmSvPuU.s:249    .text.GUI_X_GetTaskId:0000000000000000 GUI_X_GetTaskId
     /tmp/ccmSvPuU.s:270    .text.GUI_X_WaitEvent:0000000000000000 $t
     /tmp/ccmSvPuU.s:277    .text.GUI_X_WaitEvent:0000000000000000 GUI_X_WaitEvent
     /tmp/ccmSvPuU.s:299    .text.GUI_X_WaitEvent:0000000000000010 $d
     /tmp/ccmSvPuU.s:304    .text.GUI_X_SignalEvent:0000000000000000 $t
     /tmp/ccmSvPuU.s:311    .text.GUI_X_SignalEvent:0000000000000000 GUI_X_SignalEvent
     /tmp/ccmSvPuU.s:332    .text.GUI_X_SignalEvent:000000000000000c $d
     /tmp/ccmSvPuU.s:337    .text.GUI_X_Log:0000000000000000 $t
     /tmp/ccmSvPuU.s:344    .text.GUI_X_Log:0000000000000000 GUI_X_Log
     /tmp/ccmSvPuU.s:358    .text.GUI_X_Warn:0000000000000000 $t
     /tmp/ccmSvPuU.s:365    .text.GUI_X_Warn:0000000000000000 GUI_X_Warn
     /tmp/ccmSvPuU.s:379    .text.GUI_X_ErrorOut:0000000000000000 $t
     /tmp/ccmSvPuU.s:386    .text.GUI_X_ErrorOut:0000000000000000 GUI_X_ErrorOut
     /tmp/ccmSvPuU.s:400    .bss.osMutex:0000000000000000 $d
     /tmp/ccmSvPuU.s:404    .bss.osMutex:0000000000000000 osMutex
     /tmp/ccmSvPuU.s:407    .bss.osSemaphore:0000000000000000 $d
     /tmp/ccmSvPuU.s:411    .bss.osSemaphore:0000000000000000 osSemaphore

UNDEFINED SYMBOLS
osKernelSysTick
osDelay
osMutexCreate
osSemaphoreCreate
osMutexRelease
osMutexWait
osThreadGetId
osSemaphoreWait
