ARM GAS  /tmp/ccjTY5KZ.s 			page 1


   1              		.cpu cortex-m3
   2              		.eabi_attribute 20, 1
   3              		.eabi_attribute 21, 1
   4              		.eabi_attribute 23, 3
   5              		.eabi_attribute 24, 1
   6              		.eabi_attribute 25, 1
   7              		.eabi_attribute 26, 1
   8              		.eabi_attribute 30, 1
   9              		.eabi_attribute 34, 1
  10              		.eabi_attribute 18, 4
  11              		.file	"icmp.c"
  12              		.text
  13              	.Ltext0:
  14              		.cfi_sections	.debug_frame
  15              		.section	.rodata.icmp_send_response.str1.4,"aMS",%progbits,1
  16              		.align	2
  17              	.LC0:
  18 0000 4D696464 		.ascii	"Middlewares/Third_Party/LwIP/src/core/ipv4/icmp.c\000"
  18      6C657761 
  18      7265732F 
  18      54686972 
  18      645F5061 
  19 0032 0000     		.align	2
  20              	.LC1:
  21 0034 63686563 		.ascii	"check that first pbuf can hold icmp message\000"
  21      6B207468 
  21      61742066 
  21      69727374 
  21      20706275 
  22              		.align	2
  23              	.LC2:
  24 0060 41737365 		.ascii	"Assertion \"%s\" failed at line %d in %s\012\000"
  24      7274696F 
  24      6E202225 
  24      73222066 
  24      61696C65 
  25              		.section	.text.icmp_send_response,"ax",%progbits
  26              		.align	1
  27              		.arch armv7-m
  28              		.syntax unified
  29              		.thumb
  30              		.thumb_func
  31              		.fpu softvfp
  33              	icmp_send_response:
  34              	.LVL0:
  35              	.LFB93:
  36              		.file 1 "Middlewares/Third_Party/LwIP/src/core/ipv4/icmp.c"
   1:Middlewares/Third_Party/LwIP/src/core/ipv4/icmp.c **** /**
   2:Middlewares/Third_Party/LwIP/src/core/ipv4/icmp.c ****  * @file
   3:Middlewares/Third_Party/LwIP/src/core/ipv4/icmp.c ****  * ICMP - Internet Control Message Protocol
   4:Middlewares/Third_Party/LwIP/src/core/ipv4/icmp.c ****  *
   5:Middlewares/Third_Party/LwIP/src/core/ipv4/icmp.c ****  */
   6:Middlewares/Third_Party/LwIP/src/core/ipv4/icmp.c **** 
   7:Middlewares/Third_Party/LwIP/src/core/ipv4/icmp.c **** /*
   8:Middlewares/Third_Party/LwIP/src/core/ipv4/icmp.c ****  * Copyright (c) 2001-2004 Swedish Institute of Computer Science.
   9:Middlewares/Third_Party/LwIP/src/core/ipv4/icmp.c ****  * All rights reserved.
  10:Middlewares/Third_Party/LwIP/src/core/ipv4/icmp.c ****  *
ARM GAS  /tmp/ccjTY5KZ.s 			page 2


  11:Middlewares/Third_Party/LwIP/src/core/ipv4/icmp.c ****  * Redistribution and use in source and binary forms, with or without modification,
  12:Middlewares/Third_Party/LwIP/src/core/ipv4/icmp.c ****  * are permitted provided that the following conditions are met:
  13:Middlewares/Third_Party/LwIP/src/core/ipv4/icmp.c ****  *
  14:Middlewares/Third_Party/LwIP/src/core/ipv4/icmp.c ****  * 1. Redistributions of source code must retain the above copyright notice,
  15:Middlewares/Third_Party/LwIP/src/core/ipv4/icmp.c ****  *    this list of conditions and the following disclaimer.
  16:Middlewares/Third_Party/LwIP/src/core/ipv4/icmp.c ****  * 2. Redistributions in binary form must reproduce the above copyright notice,
  17:Middlewares/Third_Party/LwIP/src/core/ipv4/icmp.c ****  *    this list of conditions and the following disclaimer in the documentation
  18:Middlewares/Third_Party/LwIP/src/core/ipv4/icmp.c ****  *    and/or other materials provided with the distribution.
  19:Middlewares/Third_Party/LwIP/src/core/ipv4/icmp.c ****  * 3. The name of the author may not be used to endorse or promote products
  20:Middlewares/Third_Party/LwIP/src/core/ipv4/icmp.c ****  *    derived from this software without specific prior written permission.
  21:Middlewares/Third_Party/LwIP/src/core/ipv4/icmp.c ****  *
  22:Middlewares/Third_Party/LwIP/src/core/ipv4/icmp.c ****  * THIS SOFTWARE IS PROVIDED BY THE AUTHOR ``AS IS'' AND ANY EXPRESS OR IMPLIED
  23:Middlewares/Third_Party/LwIP/src/core/ipv4/icmp.c ****  * WARRANTIES, INCLUDING, BUT NOT LIMITED TO, THE IMPLIED WARRANTIES OF
  24:Middlewares/Third_Party/LwIP/src/core/ipv4/icmp.c ****  * MERCHANTABILITY AND FITNESS FOR A PARTICULAR PURPOSE ARE DISCLAIMED. IN NO EVENT
  25:Middlewares/Third_Party/LwIP/src/core/ipv4/icmp.c ****  * SHALL THE AUTHOR BE LIABLE FOR ANY DIRECT, INDIRECT, INCIDENTAL, SPECIAL,
  26:Middlewares/Third_Party/LwIP/src/core/ipv4/icmp.c ****  * EXEMPLARY, OR CONSEQUENTIAL DAMAGES (INCLUDING, BUT NOT LIMITED TO, PROCUREMENT
  27:Middlewares/Third_Party/LwIP/src/core/ipv4/icmp.c ****  * OF SUBSTITUTE GOODS OR SERVICES; LOSS OF USE, DATA, OR PROFITS; OR BUSINESS
  28:Middlewares/Third_Party/LwIP/src/core/ipv4/icmp.c ****  * INTERRUPTION) HOWEVER CAUSED AND ON ANY THEORY OF LIABILITY, WHETHER IN
  29:Middlewares/Third_Party/LwIP/src/core/ipv4/icmp.c ****  * CONTRACT, STRICT LIABILITY, OR TORT (INCLUDING NEGLIGENCE OR OTHERWISE) ARISING
  30:Middlewares/Third_Party/LwIP/src/core/ipv4/icmp.c ****  * IN ANY WAY OUT OF THE USE OF THIS SOFTWARE, EVEN IF ADVISED OF THE POSSIBILITY
  31:Middlewares/Third_Party/LwIP/src/core/ipv4/icmp.c ****  * OF SUCH DAMAGE.
  32:Middlewares/Third_Party/LwIP/src/core/ipv4/icmp.c ****  *
  33:Middlewares/Third_Party/LwIP/src/core/ipv4/icmp.c ****  * This file is part of the lwIP TCP/IP stack.
  34:Middlewares/Third_Party/LwIP/src/core/ipv4/icmp.c ****  *
  35:Middlewares/Third_Party/LwIP/src/core/ipv4/icmp.c ****  * Author: Adam Dunkels <adam@sics.se>
  36:Middlewares/Third_Party/LwIP/src/core/ipv4/icmp.c ****  *
  37:Middlewares/Third_Party/LwIP/src/core/ipv4/icmp.c ****  */
  38:Middlewares/Third_Party/LwIP/src/core/ipv4/icmp.c **** 
  39:Middlewares/Third_Party/LwIP/src/core/ipv4/icmp.c **** /* Some ICMP messages should be passed to the transport protocols. This
  40:Middlewares/Third_Party/LwIP/src/core/ipv4/icmp.c ****    is not implemented. */
  41:Middlewares/Third_Party/LwIP/src/core/ipv4/icmp.c **** 
  42:Middlewares/Third_Party/LwIP/src/core/ipv4/icmp.c **** #include "lwip/opt.h"
  43:Middlewares/Third_Party/LwIP/src/core/ipv4/icmp.c **** 
  44:Middlewares/Third_Party/LwIP/src/core/ipv4/icmp.c **** #if LWIP_IPV4 && LWIP_ICMP /* don't build if not configured for use in lwipopts.h */
  45:Middlewares/Third_Party/LwIP/src/core/ipv4/icmp.c **** 
  46:Middlewares/Third_Party/LwIP/src/core/ipv4/icmp.c **** #include "lwip/icmp.h"
  47:Middlewares/Third_Party/LwIP/src/core/ipv4/icmp.c **** #include "lwip/inet_chksum.h"
  48:Middlewares/Third_Party/LwIP/src/core/ipv4/icmp.c **** #include "lwip/ip.h"
  49:Middlewares/Third_Party/LwIP/src/core/ipv4/icmp.c **** #include "lwip/def.h"
  50:Middlewares/Third_Party/LwIP/src/core/ipv4/icmp.c **** #include "lwip/stats.h"
  51:Middlewares/Third_Party/LwIP/src/core/ipv4/icmp.c **** 
  52:Middlewares/Third_Party/LwIP/src/core/ipv4/icmp.c **** #include <string.h>
  53:Middlewares/Third_Party/LwIP/src/core/ipv4/icmp.c **** 
  54:Middlewares/Third_Party/LwIP/src/core/ipv4/icmp.c **** #ifdef LWIP_HOOK_FILENAME
  55:Middlewares/Third_Party/LwIP/src/core/ipv4/icmp.c **** #include LWIP_HOOK_FILENAME
  56:Middlewares/Third_Party/LwIP/src/core/ipv4/icmp.c **** #endif
  57:Middlewares/Third_Party/LwIP/src/core/ipv4/icmp.c **** 
  58:Middlewares/Third_Party/LwIP/src/core/ipv4/icmp.c **** /** Small optimization: set to 0 if incoming PBUF_POOL pbuf always can be
  59:Middlewares/Third_Party/LwIP/src/core/ipv4/icmp.c ****  * used to modify and send a response packet (and to 1 if this is not the case,
  60:Middlewares/Third_Party/LwIP/src/core/ipv4/icmp.c ****  * e.g. when link header is stripped of when receiving) */
  61:Middlewares/Third_Party/LwIP/src/core/ipv4/icmp.c **** #ifndef LWIP_ICMP_ECHO_CHECK_INPUT_PBUF_LEN
  62:Middlewares/Third_Party/LwIP/src/core/ipv4/icmp.c **** #define LWIP_ICMP_ECHO_CHECK_INPUT_PBUF_LEN 1
  63:Middlewares/Third_Party/LwIP/src/core/ipv4/icmp.c **** #endif /* LWIP_ICMP_ECHO_CHECK_INPUT_PBUF_LEN */
  64:Middlewares/Third_Party/LwIP/src/core/ipv4/icmp.c **** 
  65:Middlewares/Third_Party/LwIP/src/core/ipv4/icmp.c **** /* The amount of data from the original packet to return in a dest-unreachable */
  66:Middlewares/Third_Party/LwIP/src/core/ipv4/icmp.c **** #define ICMP_DEST_UNREACH_DATASIZE 8
  67:Middlewares/Third_Party/LwIP/src/core/ipv4/icmp.c **** 
ARM GAS  /tmp/ccjTY5KZ.s 			page 3


  68:Middlewares/Third_Party/LwIP/src/core/ipv4/icmp.c **** static void icmp_send_response(struct pbuf *p, u8_t type, u8_t code);
  69:Middlewares/Third_Party/LwIP/src/core/ipv4/icmp.c **** 
  70:Middlewares/Third_Party/LwIP/src/core/ipv4/icmp.c **** /**
  71:Middlewares/Third_Party/LwIP/src/core/ipv4/icmp.c ****  * Processes ICMP input packets, called from ip_input().
  72:Middlewares/Third_Party/LwIP/src/core/ipv4/icmp.c ****  *
  73:Middlewares/Third_Party/LwIP/src/core/ipv4/icmp.c ****  * Currently only processes icmp echo requests and sends
  74:Middlewares/Third_Party/LwIP/src/core/ipv4/icmp.c ****  * out the echo response.
  75:Middlewares/Third_Party/LwIP/src/core/ipv4/icmp.c ****  *
  76:Middlewares/Third_Party/LwIP/src/core/ipv4/icmp.c ****  * @param p the icmp echo request packet, p->payload pointing to the icmp header
  77:Middlewares/Third_Party/LwIP/src/core/ipv4/icmp.c ****  * @param inp the netif on which this packet was received
  78:Middlewares/Third_Party/LwIP/src/core/ipv4/icmp.c ****  */
  79:Middlewares/Third_Party/LwIP/src/core/ipv4/icmp.c **** void
  80:Middlewares/Third_Party/LwIP/src/core/ipv4/icmp.c **** icmp_input(struct pbuf *p, struct netif *inp)
  81:Middlewares/Third_Party/LwIP/src/core/ipv4/icmp.c **** {
  82:Middlewares/Third_Party/LwIP/src/core/ipv4/icmp.c ****   u8_t type;
  83:Middlewares/Third_Party/LwIP/src/core/ipv4/icmp.c **** #ifdef LWIP_DEBUG
  84:Middlewares/Third_Party/LwIP/src/core/ipv4/icmp.c ****   u8_t code;
  85:Middlewares/Third_Party/LwIP/src/core/ipv4/icmp.c **** #endif /* LWIP_DEBUG */
  86:Middlewares/Third_Party/LwIP/src/core/ipv4/icmp.c ****   struct icmp_echo_hdr *iecho;
  87:Middlewares/Third_Party/LwIP/src/core/ipv4/icmp.c ****   const struct ip_hdr *iphdr_in;
  88:Middlewares/Third_Party/LwIP/src/core/ipv4/icmp.c ****   u16_t hlen;
  89:Middlewares/Third_Party/LwIP/src/core/ipv4/icmp.c ****   const ip4_addr_t* src;
  90:Middlewares/Third_Party/LwIP/src/core/ipv4/icmp.c **** 
  91:Middlewares/Third_Party/LwIP/src/core/ipv4/icmp.c ****   ICMP_STATS_INC(icmp.recv);
  92:Middlewares/Third_Party/LwIP/src/core/ipv4/icmp.c ****   MIB2_STATS_INC(mib2.icmpinmsgs);
  93:Middlewares/Third_Party/LwIP/src/core/ipv4/icmp.c **** 
  94:Middlewares/Third_Party/LwIP/src/core/ipv4/icmp.c ****   iphdr_in = ip4_current_header();
  95:Middlewares/Third_Party/LwIP/src/core/ipv4/icmp.c ****   hlen = IPH_HL(iphdr_in) * 4;
  96:Middlewares/Third_Party/LwIP/src/core/ipv4/icmp.c ****   if (hlen < IP_HLEN) {
  97:Middlewares/Third_Party/LwIP/src/core/ipv4/icmp.c ****     LWIP_DEBUGF(ICMP_DEBUG, ("icmp_input: short IP header (%"S16_F" bytes) received\n", hlen));
  98:Middlewares/Third_Party/LwIP/src/core/ipv4/icmp.c ****     goto lenerr;
  99:Middlewares/Third_Party/LwIP/src/core/ipv4/icmp.c ****   }
 100:Middlewares/Third_Party/LwIP/src/core/ipv4/icmp.c ****   if (p->len < sizeof(u16_t)*2) {
 101:Middlewares/Third_Party/LwIP/src/core/ipv4/icmp.c ****     LWIP_DEBUGF(ICMP_DEBUG, ("icmp_input: short ICMP (%"U16_F" bytes) received\n", p->tot_len));
 102:Middlewares/Third_Party/LwIP/src/core/ipv4/icmp.c ****     goto lenerr;
 103:Middlewares/Third_Party/LwIP/src/core/ipv4/icmp.c ****   }
 104:Middlewares/Third_Party/LwIP/src/core/ipv4/icmp.c **** 
 105:Middlewares/Third_Party/LwIP/src/core/ipv4/icmp.c ****   type = *((u8_t *)p->payload);
 106:Middlewares/Third_Party/LwIP/src/core/ipv4/icmp.c **** #ifdef LWIP_DEBUG
 107:Middlewares/Third_Party/LwIP/src/core/ipv4/icmp.c ****   code = *(((u8_t *)p->payload)+1);
 108:Middlewares/Third_Party/LwIP/src/core/ipv4/icmp.c **** #endif /* LWIP_DEBUG */
 109:Middlewares/Third_Party/LwIP/src/core/ipv4/icmp.c ****   switch (type) {
 110:Middlewares/Third_Party/LwIP/src/core/ipv4/icmp.c ****   case ICMP_ER:
 111:Middlewares/Third_Party/LwIP/src/core/ipv4/icmp.c ****     /* This is OK, echo reply might have been parsed by a raw PCB
 112:Middlewares/Third_Party/LwIP/src/core/ipv4/icmp.c ****        (as obviously, an echo request has been sent, too). */
 113:Middlewares/Third_Party/LwIP/src/core/ipv4/icmp.c ****     MIB2_STATS_INC(mib2.icmpinechoreps);
 114:Middlewares/Third_Party/LwIP/src/core/ipv4/icmp.c ****     break;
 115:Middlewares/Third_Party/LwIP/src/core/ipv4/icmp.c ****   case ICMP_ECHO:
 116:Middlewares/Third_Party/LwIP/src/core/ipv4/icmp.c ****     MIB2_STATS_INC(mib2.icmpinechos);
 117:Middlewares/Third_Party/LwIP/src/core/ipv4/icmp.c ****     src = ip4_current_dest_addr();
 118:Middlewares/Third_Party/LwIP/src/core/ipv4/icmp.c ****     /* multicast destination address? */
 119:Middlewares/Third_Party/LwIP/src/core/ipv4/icmp.c ****     if (ip4_addr_ismulticast(ip4_current_dest_addr())) {
 120:Middlewares/Third_Party/LwIP/src/core/ipv4/icmp.c **** #if LWIP_MULTICAST_PING
 121:Middlewares/Third_Party/LwIP/src/core/ipv4/icmp.c ****       /* For multicast, use address of receiving interface as source address */
 122:Middlewares/Third_Party/LwIP/src/core/ipv4/icmp.c ****       src = netif_ip4_addr(inp);
 123:Middlewares/Third_Party/LwIP/src/core/ipv4/icmp.c **** #else /* LWIP_MULTICAST_PING */
 124:Middlewares/Third_Party/LwIP/src/core/ipv4/icmp.c ****       LWIP_DEBUGF(ICMP_DEBUG, ("icmp_input: Not echoing to multicast pings\n"));
ARM GAS  /tmp/ccjTY5KZ.s 			page 4


 125:Middlewares/Third_Party/LwIP/src/core/ipv4/icmp.c ****       goto icmperr;
 126:Middlewares/Third_Party/LwIP/src/core/ipv4/icmp.c **** #endif /* LWIP_MULTICAST_PING */
 127:Middlewares/Third_Party/LwIP/src/core/ipv4/icmp.c ****     }
 128:Middlewares/Third_Party/LwIP/src/core/ipv4/icmp.c ****     /* broadcast destination address? */
 129:Middlewares/Third_Party/LwIP/src/core/ipv4/icmp.c ****     if (ip4_addr_isbroadcast(ip4_current_dest_addr(), ip_current_netif())) {
 130:Middlewares/Third_Party/LwIP/src/core/ipv4/icmp.c **** #if LWIP_BROADCAST_PING
 131:Middlewares/Third_Party/LwIP/src/core/ipv4/icmp.c ****       /* For broadcast, use address of receiving interface as source address */
 132:Middlewares/Third_Party/LwIP/src/core/ipv4/icmp.c ****       src = netif_ip4_addr(inp);
 133:Middlewares/Third_Party/LwIP/src/core/ipv4/icmp.c **** #else /* LWIP_BROADCAST_PING */
 134:Middlewares/Third_Party/LwIP/src/core/ipv4/icmp.c ****       LWIP_DEBUGF(ICMP_DEBUG, ("icmp_input: Not echoing to broadcast pings\n"));
 135:Middlewares/Third_Party/LwIP/src/core/ipv4/icmp.c ****       goto icmperr;
 136:Middlewares/Third_Party/LwIP/src/core/ipv4/icmp.c **** #endif /* LWIP_BROADCAST_PING */
 137:Middlewares/Third_Party/LwIP/src/core/ipv4/icmp.c ****     }
 138:Middlewares/Third_Party/LwIP/src/core/ipv4/icmp.c ****     LWIP_DEBUGF(ICMP_DEBUG, ("icmp_input: ping\n"));
 139:Middlewares/Third_Party/LwIP/src/core/ipv4/icmp.c ****     if (p->tot_len < sizeof(struct icmp_echo_hdr)) {
 140:Middlewares/Third_Party/LwIP/src/core/ipv4/icmp.c ****       LWIP_DEBUGF(ICMP_DEBUG, ("icmp_input: bad ICMP echo received\n"));
 141:Middlewares/Third_Party/LwIP/src/core/ipv4/icmp.c ****       goto lenerr;
 142:Middlewares/Third_Party/LwIP/src/core/ipv4/icmp.c ****     }
 143:Middlewares/Third_Party/LwIP/src/core/ipv4/icmp.c **** #if CHECKSUM_CHECK_ICMP
 144:Middlewares/Third_Party/LwIP/src/core/ipv4/icmp.c ****     IF__NETIF_CHECKSUM_ENABLED(inp, NETIF_CHECKSUM_CHECK_ICMP) {
 145:Middlewares/Third_Party/LwIP/src/core/ipv4/icmp.c ****       if (inet_chksum_pbuf(p) != 0) {
 146:Middlewares/Third_Party/LwIP/src/core/ipv4/icmp.c ****         LWIP_DEBUGF(ICMP_DEBUG, ("icmp_input: checksum failed for received ICMP echo\n"));
 147:Middlewares/Third_Party/LwIP/src/core/ipv4/icmp.c ****         pbuf_free(p);
 148:Middlewares/Third_Party/LwIP/src/core/ipv4/icmp.c ****         ICMP_STATS_INC(icmp.chkerr);
 149:Middlewares/Third_Party/LwIP/src/core/ipv4/icmp.c ****         MIB2_STATS_INC(mib2.icmpinerrors);
 150:Middlewares/Third_Party/LwIP/src/core/ipv4/icmp.c ****         return;
 151:Middlewares/Third_Party/LwIP/src/core/ipv4/icmp.c ****       }
 152:Middlewares/Third_Party/LwIP/src/core/ipv4/icmp.c ****     }
 153:Middlewares/Third_Party/LwIP/src/core/ipv4/icmp.c **** #endif
 154:Middlewares/Third_Party/LwIP/src/core/ipv4/icmp.c **** #if LWIP_ICMP_ECHO_CHECK_INPUT_PBUF_LEN
 155:Middlewares/Third_Party/LwIP/src/core/ipv4/icmp.c ****     if (pbuf_header(p, (s16_t)(hlen + PBUF_LINK_HLEN + PBUF_LINK_ENCAPSULATION_HLEN))) {
 156:Middlewares/Third_Party/LwIP/src/core/ipv4/icmp.c ****       /* p is not big enough to contain link headers
 157:Middlewares/Third_Party/LwIP/src/core/ipv4/icmp.c ****        * allocate a new one and copy p into it
 158:Middlewares/Third_Party/LwIP/src/core/ipv4/icmp.c ****        */
 159:Middlewares/Third_Party/LwIP/src/core/ipv4/icmp.c ****       struct pbuf *r;
 160:Middlewares/Third_Party/LwIP/src/core/ipv4/icmp.c ****       /* allocate new packet buffer with space for link headers */
 161:Middlewares/Third_Party/LwIP/src/core/ipv4/icmp.c ****       r = pbuf_alloc(PBUF_LINK, p->tot_len + hlen, PBUF_RAM);
 162:Middlewares/Third_Party/LwIP/src/core/ipv4/icmp.c ****       if (r == NULL) {
 163:Middlewares/Third_Party/LwIP/src/core/ipv4/icmp.c ****         LWIP_DEBUGF(ICMP_DEBUG, ("icmp_input: allocating new pbuf failed\n"));
 164:Middlewares/Third_Party/LwIP/src/core/ipv4/icmp.c ****         goto icmperr;
 165:Middlewares/Third_Party/LwIP/src/core/ipv4/icmp.c ****       }
 166:Middlewares/Third_Party/LwIP/src/core/ipv4/icmp.c ****       if (r->len < hlen + sizeof(struct icmp_echo_hdr)) {
 167:Middlewares/Third_Party/LwIP/src/core/ipv4/icmp.c ****         LWIP_DEBUGF(ICMP_DEBUG | LWIP_DBG_LEVEL_SERIOUS, ("first pbuf cannot hold the ICMP header")
 168:Middlewares/Third_Party/LwIP/src/core/ipv4/icmp.c ****         pbuf_free(r);
 169:Middlewares/Third_Party/LwIP/src/core/ipv4/icmp.c ****         goto icmperr;
 170:Middlewares/Third_Party/LwIP/src/core/ipv4/icmp.c ****       }
 171:Middlewares/Third_Party/LwIP/src/core/ipv4/icmp.c ****       /* copy the ip header */
 172:Middlewares/Third_Party/LwIP/src/core/ipv4/icmp.c ****       MEMCPY(r->payload, iphdr_in, hlen);
 173:Middlewares/Third_Party/LwIP/src/core/ipv4/icmp.c ****       /* switch r->payload back to icmp header (cannot fail) */
 174:Middlewares/Third_Party/LwIP/src/core/ipv4/icmp.c ****       if (pbuf_header(r, (s16_t)-hlen)) {
 175:Middlewares/Third_Party/LwIP/src/core/ipv4/icmp.c ****         LWIP_ASSERT("icmp_input: moving r->payload to icmp header failed\n", 0);
 176:Middlewares/Third_Party/LwIP/src/core/ipv4/icmp.c ****         pbuf_free(r);
 177:Middlewares/Third_Party/LwIP/src/core/ipv4/icmp.c ****         goto icmperr;
 178:Middlewares/Third_Party/LwIP/src/core/ipv4/icmp.c ****       }
 179:Middlewares/Third_Party/LwIP/src/core/ipv4/icmp.c ****       /* copy the rest of the packet without ip header */
 180:Middlewares/Third_Party/LwIP/src/core/ipv4/icmp.c ****       if (pbuf_copy(r, p) != ERR_OK) {
 181:Middlewares/Third_Party/LwIP/src/core/ipv4/icmp.c ****         LWIP_DEBUGF(ICMP_DEBUG | LWIP_DBG_LEVEL_SERIOUS, ("icmp_input: copying to new pbuf failed")
ARM GAS  /tmp/ccjTY5KZ.s 			page 5


 182:Middlewares/Third_Party/LwIP/src/core/ipv4/icmp.c ****         pbuf_free(r);
 183:Middlewares/Third_Party/LwIP/src/core/ipv4/icmp.c ****         goto icmperr;
 184:Middlewares/Third_Party/LwIP/src/core/ipv4/icmp.c ****       }
 185:Middlewares/Third_Party/LwIP/src/core/ipv4/icmp.c ****       /* free the original p */
 186:Middlewares/Third_Party/LwIP/src/core/ipv4/icmp.c ****       pbuf_free(p);
 187:Middlewares/Third_Party/LwIP/src/core/ipv4/icmp.c ****       /* we now have an identical copy of p that has room for link headers */
 188:Middlewares/Third_Party/LwIP/src/core/ipv4/icmp.c ****       p = r;
 189:Middlewares/Third_Party/LwIP/src/core/ipv4/icmp.c ****     } else {
 190:Middlewares/Third_Party/LwIP/src/core/ipv4/icmp.c ****       /* restore p->payload to point to icmp header (cannot fail) */
 191:Middlewares/Third_Party/LwIP/src/core/ipv4/icmp.c ****       if (pbuf_header(p, -(s16_t)(hlen + PBUF_LINK_HLEN + PBUF_LINK_ENCAPSULATION_HLEN))) {
 192:Middlewares/Third_Party/LwIP/src/core/ipv4/icmp.c ****         LWIP_ASSERT("icmp_input: restoring original p->payload failed\n", 0);
 193:Middlewares/Third_Party/LwIP/src/core/ipv4/icmp.c ****         goto icmperr;
 194:Middlewares/Third_Party/LwIP/src/core/ipv4/icmp.c ****       }
 195:Middlewares/Third_Party/LwIP/src/core/ipv4/icmp.c ****     }
 196:Middlewares/Third_Party/LwIP/src/core/ipv4/icmp.c **** #endif /* LWIP_ICMP_ECHO_CHECK_INPUT_PBUF_LEN */
 197:Middlewares/Third_Party/LwIP/src/core/ipv4/icmp.c ****     /* At this point, all checks are OK. */
 198:Middlewares/Third_Party/LwIP/src/core/ipv4/icmp.c ****     /* We generate an answer by switching the dest and src ip addresses,
 199:Middlewares/Third_Party/LwIP/src/core/ipv4/icmp.c ****      * setting the icmp type to ECHO_RESPONSE and updating the checksum. */
 200:Middlewares/Third_Party/LwIP/src/core/ipv4/icmp.c ****     iecho = (struct icmp_echo_hdr *)p->payload;
 201:Middlewares/Third_Party/LwIP/src/core/ipv4/icmp.c ****     if (pbuf_header(p, (s16_t)hlen)) {
 202:Middlewares/Third_Party/LwIP/src/core/ipv4/icmp.c ****       LWIP_DEBUGF(ICMP_DEBUG | LWIP_DBG_LEVEL_SERIOUS, ("Can't move over header in packet"));
 203:Middlewares/Third_Party/LwIP/src/core/ipv4/icmp.c ****     } else {
 204:Middlewares/Third_Party/LwIP/src/core/ipv4/icmp.c ****       err_t ret;
 205:Middlewares/Third_Party/LwIP/src/core/ipv4/icmp.c ****       struct ip_hdr *iphdr = (struct ip_hdr*)p->payload;
 206:Middlewares/Third_Party/LwIP/src/core/ipv4/icmp.c ****       ip4_addr_copy(iphdr->src, *src);
 207:Middlewares/Third_Party/LwIP/src/core/ipv4/icmp.c ****       ip4_addr_copy(iphdr->dest, *ip4_current_src_addr());
 208:Middlewares/Third_Party/LwIP/src/core/ipv4/icmp.c ****       ICMPH_TYPE_SET(iecho, ICMP_ER);
 209:Middlewares/Third_Party/LwIP/src/core/ipv4/icmp.c **** #if CHECKSUM_GEN_ICMP
 210:Middlewares/Third_Party/LwIP/src/core/ipv4/icmp.c ****       IF__NETIF_CHECKSUM_ENABLED(inp, NETIF_CHECKSUM_GEN_ICMP) {
 211:Middlewares/Third_Party/LwIP/src/core/ipv4/icmp.c ****         /* adjust the checksum */
 212:Middlewares/Third_Party/LwIP/src/core/ipv4/icmp.c ****         if (iecho->chksum > PP_HTONS(0xffffU - (ICMP_ECHO << 8))) {
 213:Middlewares/Third_Party/LwIP/src/core/ipv4/icmp.c ****           iecho->chksum += PP_HTONS(ICMP_ECHO << 8) + 1;
 214:Middlewares/Third_Party/LwIP/src/core/ipv4/icmp.c ****         } else {
 215:Middlewares/Third_Party/LwIP/src/core/ipv4/icmp.c ****           iecho->chksum += PP_HTONS(ICMP_ECHO << 8);
 216:Middlewares/Third_Party/LwIP/src/core/ipv4/icmp.c ****         }
 217:Middlewares/Third_Party/LwIP/src/core/ipv4/icmp.c ****       }
 218:Middlewares/Third_Party/LwIP/src/core/ipv4/icmp.c **** #if LWIP_CHECKSUM_CTRL_PER_NETIF
 219:Middlewares/Third_Party/LwIP/src/core/ipv4/icmp.c ****       else {
 220:Middlewares/Third_Party/LwIP/src/core/ipv4/icmp.c ****         iecho->chksum = 0;
 221:Middlewares/Third_Party/LwIP/src/core/ipv4/icmp.c ****       }
 222:Middlewares/Third_Party/LwIP/src/core/ipv4/icmp.c **** #endif /* LWIP_CHECKSUM_CTRL_PER_NETIF */
 223:Middlewares/Third_Party/LwIP/src/core/ipv4/icmp.c **** #else /* CHECKSUM_GEN_ICMP */
 224:Middlewares/Third_Party/LwIP/src/core/ipv4/icmp.c ****       iecho->chksum = 0;
 225:Middlewares/Third_Party/LwIP/src/core/ipv4/icmp.c **** #endif /* CHECKSUM_GEN_ICMP */
 226:Middlewares/Third_Party/LwIP/src/core/ipv4/icmp.c **** 
 227:Middlewares/Third_Party/LwIP/src/core/ipv4/icmp.c ****       /* Set the correct TTL and recalculate the header checksum. */
 228:Middlewares/Third_Party/LwIP/src/core/ipv4/icmp.c ****       IPH_TTL_SET(iphdr, ICMP_TTL);
 229:Middlewares/Third_Party/LwIP/src/core/ipv4/icmp.c ****       IPH_CHKSUM_SET(iphdr, 0);
 230:Middlewares/Third_Party/LwIP/src/core/ipv4/icmp.c **** #if CHECKSUM_GEN_IP
 231:Middlewares/Third_Party/LwIP/src/core/ipv4/icmp.c ****       IF__NETIF_CHECKSUM_ENABLED(inp, NETIF_CHECKSUM_GEN_IP) {
 232:Middlewares/Third_Party/LwIP/src/core/ipv4/icmp.c ****         IPH_CHKSUM_SET(iphdr, inet_chksum(iphdr, hlen));
 233:Middlewares/Third_Party/LwIP/src/core/ipv4/icmp.c ****       }
 234:Middlewares/Third_Party/LwIP/src/core/ipv4/icmp.c **** #endif /* CHECKSUM_GEN_IP */
 235:Middlewares/Third_Party/LwIP/src/core/ipv4/icmp.c **** 
 236:Middlewares/Third_Party/LwIP/src/core/ipv4/icmp.c ****       ICMP_STATS_INC(icmp.xmit);
 237:Middlewares/Third_Party/LwIP/src/core/ipv4/icmp.c ****       /* increase number of messages attempted to send */
 238:Middlewares/Third_Party/LwIP/src/core/ipv4/icmp.c ****       MIB2_STATS_INC(mib2.icmpoutmsgs);
ARM GAS  /tmp/ccjTY5KZ.s 			page 6


 239:Middlewares/Third_Party/LwIP/src/core/ipv4/icmp.c ****       /* increase number of echo replies attempted to send */
 240:Middlewares/Third_Party/LwIP/src/core/ipv4/icmp.c ****       MIB2_STATS_INC(mib2.icmpoutechoreps);
 241:Middlewares/Third_Party/LwIP/src/core/ipv4/icmp.c **** 
 242:Middlewares/Third_Party/LwIP/src/core/ipv4/icmp.c ****       /* send an ICMP packet */
 243:Middlewares/Third_Party/LwIP/src/core/ipv4/icmp.c ****       ret = ip4_output_if(p, src, LWIP_IP_HDRINCL,
 244:Middlewares/Third_Party/LwIP/src/core/ipv4/icmp.c ****                    ICMP_TTL, 0, IP_PROTO_ICMP, inp);
 245:Middlewares/Third_Party/LwIP/src/core/ipv4/icmp.c ****       if (ret != ERR_OK) {
 246:Middlewares/Third_Party/LwIP/src/core/ipv4/icmp.c ****         LWIP_DEBUGF(ICMP_DEBUG, ("icmp_input: ip_output_if returned an error: %s\n", lwip_strerr(re
 247:Middlewares/Third_Party/LwIP/src/core/ipv4/icmp.c ****       }
 248:Middlewares/Third_Party/LwIP/src/core/ipv4/icmp.c ****     }
 249:Middlewares/Third_Party/LwIP/src/core/ipv4/icmp.c ****     break;
 250:Middlewares/Third_Party/LwIP/src/core/ipv4/icmp.c ****   default:
 251:Middlewares/Third_Party/LwIP/src/core/ipv4/icmp.c ****     if (type == ICMP_DUR) {
 252:Middlewares/Third_Party/LwIP/src/core/ipv4/icmp.c ****       MIB2_STATS_INC(mib2.icmpindestunreachs);
 253:Middlewares/Third_Party/LwIP/src/core/ipv4/icmp.c ****     } else if (type == ICMP_TE) {
 254:Middlewares/Third_Party/LwIP/src/core/ipv4/icmp.c ****       MIB2_STATS_INC(mib2.icmpintimeexcds);
 255:Middlewares/Third_Party/LwIP/src/core/ipv4/icmp.c ****     } else if (type == ICMP_PP) {
 256:Middlewares/Third_Party/LwIP/src/core/ipv4/icmp.c ****       MIB2_STATS_INC(mib2.icmpinparmprobs);
 257:Middlewares/Third_Party/LwIP/src/core/ipv4/icmp.c ****     } else if (type == ICMP_SQ) {
 258:Middlewares/Third_Party/LwIP/src/core/ipv4/icmp.c ****       MIB2_STATS_INC(mib2.icmpinsrcquenchs);
 259:Middlewares/Third_Party/LwIP/src/core/ipv4/icmp.c ****     } else if (type == ICMP_RD) {
 260:Middlewares/Third_Party/LwIP/src/core/ipv4/icmp.c ****       MIB2_STATS_INC(mib2.icmpinredirects);
 261:Middlewares/Third_Party/LwIP/src/core/ipv4/icmp.c ****     } else if (type == ICMP_TS) {
 262:Middlewares/Third_Party/LwIP/src/core/ipv4/icmp.c ****       MIB2_STATS_INC(mib2.icmpintimestamps);
 263:Middlewares/Third_Party/LwIP/src/core/ipv4/icmp.c ****     } else if (type == ICMP_TSR) {
 264:Middlewares/Third_Party/LwIP/src/core/ipv4/icmp.c ****       MIB2_STATS_INC(mib2.icmpintimestampreps);
 265:Middlewares/Third_Party/LwIP/src/core/ipv4/icmp.c ****     } else if (type == ICMP_AM) {
 266:Middlewares/Third_Party/LwIP/src/core/ipv4/icmp.c ****       MIB2_STATS_INC(mib2.icmpinaddrmasks);
 267:Middlewares/Third_Party/LwIP/src/core/ipv4/icmp.c ****     } else if (type == ICMP_AMR) {
 268:Middlewares/Third_Party/LwIP/src/core/ipv4/icmp.c ****       MIB2_STATS_INC(mib2.icmpinaddrmaskreps);
 269:Middlewares/Third_Party/LwIP/src/core/ipv4/icmp.c ****     }
 270:Middlewares/Third_Party/LwIP/src/core/ipv4/icmp.c ****     LWIP_DEBUGF(ICMP_DEBUG, ("icmp_input: ICMP type %"S16_F" code %"S16_F" not supported.\n",
 271:Middlewares/Third_Party/LwIP/src/core/ipv4/icmp.c ****                 (s16_t)type, (s16_t)code));
 272:Middlewares/Third_Party/LwIP/src/core/ipv4/icmp.c ****     ICMP_STATS_INC(icmp.proterr);
 273:Middlewares/Third_Party/LwIP/src/core/ipv4/icmp.c ****     ICMP_STATS_INC(icmp.drop);
 274:Middlewares/Third_Party/LwIP/src/core/ipv4/icmp.c ****   }
 275:Middlewares/Third_Party/LwIP/src/core/ipv4/icmp.c ****   pbuf_free(p);
 276:Middlewares/Third_Party/LwIP/src/core/ipv4/icmp.c ****   return;
 277:Middlewares/Third_Party/LwIP/src/core/ipv4/icmp.c **** lenerr:
 278:Middlewares/Third_Party/LwIP/src/core/ipv4/icmp.c ****   pbuf_free(p);
 279:Middlewares/Third_Party/LwIP/src/core/ipv4/icmp.c ****   ICMP_STATS_INC(icmp.lenerr);
 280:Middlewares/Third_Party/LwIP/src/core/ipv4/icmp.c ****   MIB2_STATS_INC(mib2.icmpinerrors);
 281:Middlewares/Third_Party/LwIP/src/core/ipv4/icmp.c ****   return;
 282:Middlewares/Third_Party/LwIP/src/core/ipv4/icmp.c **** #if LWIP_ICMP_ECHO_CHECK_INPUT_PBUF_LEN || !LWIP_MULTICAST_PING || !LWIP_BROADCAST_PING
 283:Middlewares/Third_Party/LwIP/src/core/ipv4/icmp.c **** icmperr:
 284:Middlewares/Third_Party/LwIP/src/core/ipv4/icmp.c ****   pbuf_free(p);
 285:Middlewares/Third_Party/LwIP/src/core/ipv4/icmp.c ****   ICMP_STATS_INC(icmp.err);
 286:Middlewares/Third_Party/LwIP/src/core/ipv4/icmp.c ****   MIB2_STATS_INC(mib2.icmpinerrors);
 287:Middlewares/Third_Party/LwIP/src/core/ipv4/icmp.c ****   return;
 288:Middlewares/Third_Party/LwIP/src/core/ipv4/icmp.c **** #endif /* LWIP_ICMP_ECHO_CHECK_INPUT_PBUF_LEN || !LWIP_MULTICAST_PING || !LWIP_BROADCAST_PING */
 289:Middlewares/Third_Party/LwIP/src/core/ipv4/icmp.c **** }
 290:Middlewares/Third_Party/LwIP/src/core/ipv4/icmp.c **** 
 291:Middlewares/Third_Party/LwIP/src/core/ipv4/icmp.c **** /**
 292:Middlewares/Third_Party/LwIP/src/core/ipv4/icmp.c ****  * Send an icmp 'destination unreachable' packet, called from ip_input() if
 293:Middlewares/Third_Party/LwIP/src/core/ipv4/icmp.c ****  * the transport layer protocol is unknown and from udp_input() if the local
 294:Middlewares/Third_Party/LwIP/src/core/ipv4/icmp.c ****  * port is not bound.
 295:Middlewares/Third_Party/LwIP/src/core/ipv4/icmp.c ****  *
ARM GAS  /tmp/ccjTY5KZ.s 			page 7


 296:Middlewares/Third_Party/LwIP/src/core/ipv4/icmp.c ****  * @param p the input packet for which the 'unreachable' should be sent,
 297:Middlewares/Third_Party/LwIP/src/core/ipv4/icmp.c ****  *          p->payload pointing to the IP header
 298:Middlewares/Third_Party/LwIP/src/core/ipv4/icmp.c ****  * @param t type of the 'unreachable' packet
 299:Middlewares/Third_Party/LwIP/src/core/ipv4/icmp.c ****  */
 300:Middlewares/Third_Party/LwIP/src/core/ipv4/icmp.c **** void
 301:Middlewares/Third_Party/LwIP/src/core/ipv4/icmp.c **** icmp_dest_unreach(struct pbuf *p, enum icmp_dur_type t)
 302:Middlewares/Third_Party/LwIP/src/core/ipv4/icmp.c **** {
 303:Middlewares/Third_Party/LwIP/src/core/ipv4/icmp.c ****   MIB2_STATS_INC(mib2.icmpoutdestunreachs);
 304:Middlewares/Third_Party/LwIP/src/core/ipv4/icmp.c ****   icmp_send_response(p, ICMP_DUR, t);
 305:Middlewares/Third_Party/LwIP/src/core/ipv4/icmp.c **** }
 306:Middlewares/Third_Party/LwIP/src/core/ipv4/icmp.c **** 
 307:Middlewares/Third_Party/LwIP/src/core/ipv4/icmp.c **** #if IP_FORWARD || IP_REASSEMBLY
 308:Middlewares/Third_Party/LwIP/src/core/ipv4/icmp.c **** /**
 309:Middlewares/Third_Party/LwIP/src/core/ipv4/icmp.c ****  * Send a 'time exceeded' packet, called from ip_forward() if TTL is 0.
 310:Middlewares/Third_Party/LwIP/src/core/ipv4/icmp.c ****  *
 311:Middlewares/Third_Party/LwIP/src/core/ipv4/icmp.c ****  * @param p the input packet for which the 'time exceeded' should be sent,
 312:Middlewares/Third_Party/LwIP/src/core/ipv4/icmp.c ****  *          p->payload pointing to the IP header
 313:Middlewares/Third_Party/LwIP/src/core/ipv4/icmp.c ****  * @param t type of the 'time exceeded' packet
 314:Middlewares/Third_Party/LwIP/src/core/ipv4/icmp.c ****  */
 315:Middlewares/Third_Party/LwIP/src/core/ipv4/icmp.c **** void
 316:Middlewares/Third_Party/LwIP/src/core/ipv4/icmp.c **** icmp_time_exceeded(struct pbuf *p, enum icmp_te_type t)
 317:Middlewares/Third_Party/LwIP/src/core/ipv4/icmp.c **** {
 318:Middlewares/Third_Party/LwIP/src/core/ipv4/icmp.c ****   MIB2_STATS_INC(mib2.icmpouttimeexcds);
 319:Middlewares/Third_Party/LwIP/src/core/ipv4/icmp.c ****   icmp_send_response(p, ICMP_TE, t);
 320:Middlewares/Third_Party/LwIP/src/core/ipv4/icmp.c **** }
 321:Middlewares/Third_Party/LwIP/src/core/ipv4/icmp.c **** 
 322:Middlewares/Third_Party/LwIP/src/core/ipv4/icmp.c **** #endif /* IP_FORWARD || IP_REASSEMBLY */
 323:Middlewares/Third_Party/LwIP/src/core/ipv4/icmp.c **** 
 324:Middlewares/Third_Party/LwIP/src/core/ipv4/icmp.c **** /**
 325:Middlewares/Third_Party/LwIP/src/core/ipv4/icmp.c ****  * Send an icmp packet in response to an incoming packet.
 326:Middlewares/Third_Party/LwIP/src/core/ipv4/icmp.c ****  *
 327:Middlewares/Third_Party/LwIP/src/core/ipv4/icmp.c ****  * @param p the input packet for which the 'unreachable' should be sent,
 328:Middlewares/Third_Party/LwIP/src/core/ipv4/icmp.c ****  *          p->payload pointing to the IP header
 329:Middlewares/Third_Party/LwIP/src/core/ipv4/icmp.c ****  * @param type Type of the ICMP header
 330:Middlewares/Third_Party/LwIP/src/core/ipv4/icmp.c ****  * @param code Code of the ICMP header
 331:Middlewares/Third_Party/LwIP/src/core/ipv4/icmp.c ****  */
 332:Middlewares/Third_Party/LwIP/src/core/ipv4/icmp.c **** static void
 333:Middlewares/Third_Party/LwIP/src/core/ipv4/icmp.c **** icmp_send_response(struct pbuf *p, u8_t type, u8_t code)
 334:Middlewares/Third_Party/LwIP/src/core/ipv4/icmp.c **** {
  37              		.loc 1 334 1 view -0
  38              		.cfi_startproc
  39              		@ args = 0, pretend = 0, frame = 8
  40              		@ frame_needed = 0, uses_anonymous_args = 0
  41              		.loc 1 334 1 is_stmt 0 view .LVU1
  42 0000 2DE9F041 		push	{r4, r5, r6, r7, r8, lr}
  43              	.LCFI0:
  44              		.cfi_def_cfa_offset 24
  45              		.cfi_offset 4, -24
  46              		.cfi_offset 5, -20
  47              		.cfi_offset 6, -16
  48              		.cfi_offset 7, -12
  49              		.cfi_offset 8, -8
  50              		.cfi_offset 14, -4
  51 0004 86B0     		sub	sp, sp, #24
  52              	.LCFI1:
  53              		.cfi_def_cfa_offset 48
  54 0006 0646     		mov	r6, r0
ARM GAS  /tmp/ccjTY5KZ.s 			page 8


  55 0008 8846     		mov	r8, r1
  56 000a 1746     		mov	r7, r2
 335:Middlewares/Third_Party/LwIP/src/core/ipv4/icmp.c ****   struct pbuf *q;
  57              		.loc 1 335 3 is_stmt 1 view .LVU2
 336:Middlewares/Third_Party/LwIP/src/core/ipv4/icmp.c ****   struct ip_hdr *iphdr;
  58              		.loc 1 336 3 view .LVU3
 337:Middlewares/Third_Party/LwIP/src/core/ipv4/icmp.c ****   /* we can use the echo header here */
 338:Middlewares/Third_Party/LwIP/src/core/ipv4/icmp.c ****   struct icmp_echo_hdr *icmphdr;
  59              		.loc 1 338 3 view .LVU4
 339:Middlewares/Third_Party/LwIP/src/core/ipv4/icmp.c ****   ip4_addr_t iphdr_src;
  60              		.loc 1 339 3 view .LVU5
 340:Middlewares/Third_Party/LwIP/src/core/ipv4/icmp.c ****   struct netif *netif;
  61              		.loc 1 340 3 view .LVU6
 341:Middlewares/Third_Party/LwIP/src/core/ipv4/icmp.c **** 
 342:Middlewares/Third_Party/LwIP/src/core/ipv4/icmp.c ****   /* increase number of messages attempted to send */
 343:Middlewares/Third_Party/LwIP/src/core/ipv4/icmp.c ****   MIB2_STATS_INC(mib2.icmpoutmsgs);
  62              		.loc 1 343 35 view .LVU7
 344:Middlewares/Third_Party/LwIP/src/core/ipv4/icmp.c **** 
 345:Middlewares/Third_Party/LwIP/src/core/ipv4/icmp.c ****   /* ICMP header + IP header + 8 bytes of data */
 346:Middlewares/Third_Party/LwIP/src/core/ipv4/icmp.c ****   q = pbuf_alloc(PBUF_IP, sizeof(struct icmp_echo_hdr) + IP_HLEN + ICMP_DEST_UNREACH_DATASIZE,
  63              		.loc 1 346 3 view .LVU8
  64              		.loc 1 346 7 is_stmt 0 view .LVU9
  65 000c 0022     		movs	r2, #0
  66              	.LVL1:
  67              		.loc 1 346 7 view .LVU10
  68 000e 2421     		movs	r1, #36
  69              	.LVL2:
  70              		.loc 1 346 7 view .LVU11
  71 0010 0120     		movs	r0, #1
  72              	.LVL3:
  73              		.loc 1 346 7 view .LVU12
  74 0012 FFF7FEFF 		bl	pbuf_alloc
  75              	.LVL4:
 347:Middlewares/Third_Party/LwIP/src/core/ipv4/icmp.c ****                  PBUF_RAM);
 348:Middlewares/Third_Party/LwIP/src/core/ipv4/icmp.c ****   if (q == NULL) {
  76              		.loc 1 348 3 is_stmt 1 view .LVU13
  77              		.loc 1 348 6 is_stmt 0 view .LVU14
  78 0016 A0B3     		cbz	r0, .L1
  79 0018 0546     		mov	r5, r0
 349:Middlewares/Third_Party/LwIP/src/core/ipv4/icmp.c ****     LWIP_DEBUGF(ICMP_DEBUG, ("icmp_time_exceeded: failed to allocate pbuf for ICMP packet.\n"));
 350:Middlewares/Third_Party/LwIP/src/core/ipv4/icmp.c ****     MIB2_STATS_INC(mib2.icmpouterrors);
 351:Middlewares/Third_Party/LwIP/src/core/ipv4/icmp.c ****     return;
 352:Middlewares/Third_Party/LwIP/src/core/ipv4/icmp.c ****   }
 353:Middlewares/Third_Party/LwIP/src/core/ipv4/icmp.c ****   LWIP_ASSERT("check that first pbuf can hold icmp message",
  80              		.loc 1 353 3 is_stmt 1 view .LVU15
  81              		.loc 1 353 3 view .LVU16
  82 001a 4389     		ldrh	r3, [r0, #10]
  83 001c 232B     		cmp	r3, #35
  84 001e 33D9     		bls	.L7
  85              	.LVL5:
  86              	.L4:
  87              		.loc 1 353 3 discriminator 3 view .LVU17
  88              		.loc 1 353 3 discriminator 3 view .LVU18
 354:Middlewares/Third_Party/LwIP/src/core/ipv4/icmp.c ****              (q->len >= (sizeof(struct icmp_echo_hdr) + IP_HLEN + ICMP_DEST_UNREACH_DATASIZE)));
 355:Middlewares/Third_Party/LwIP/src/core/ipv4/icmp.c **** 
 356:Middlewares/Third_Party/LwIP/src/core/ipv4/icmp.c ****   iphdr = (struct ip_hdr *)p->payload;
  89              		.loc 1 356 3 discriminator 3 view .LVU19
ARM GAS  /tmp/ccjTY5KZ.s 			page 9


  90              		.loc 1 356 9 is_stmt 0 discriminator 3 view .LVU20
  91 0020 D6F804C0 		ldr	ip, [r6, #4]
  92              	.LVL6:
 357:Middlewares/Third_Party/LwIP/src/core/ipv4/icmp.c ****   LWIP_DEBUGF(ICMP_DEBUG, ("icmp_time_exceeded from "));
  93              		.loc 1 357 56 is_stmt 1 discriminator 3 view .LVU21
 358:Middlewares/Third_Party/LwIP/src/core/ipv4/icmp.c ****   ip4_addr_debug_print_val(ICMP_DEBUG, iphdr->src);
  94              		.loc 1 358 51 discriminator 3 view .LVU22
 359:Middlewares/Third_Party/LwIP/src/core/ipv4/icmp.c ****   LWIP_DEBUGF(ICMP_DEBUG, (" to "));
  95              		.loc 1 359 36 discriminator 3 view .LVU23
 360:Middlewares/Third_Party/LwIP/src/core/ipv4/icmp.c ****   ip4_addr_debug_print_val(ICMP_DEBUG, iphdr->dest);
  96              		.loc 1 360 52 discriminator 3 view .LVU24
 361:Middlewares/Third_Party/LwIP/src/core/ipv4/icmp.c ****   LWIP_DEBUGF(ICMP_DEBUG, ("\n"));
  97              		.loc 1 361 34 discriminator 3 view .LVU25
 362:Middlewares/Third_Party/LwIP/src/core/ipv4/icmp.c **** 
 363:Middlewares/Third_Party/LwIP/src/core/ipv4/icmp.c ****   icmphdr = (struct icmp_echo_hdr *)q->payload;
  98              		.loc 1 363 3 discriminator 3 view .LVU26
  99              		.loc 1 363 11 is_stmt 0 discriminator 3 view .LVU27
 100 0024 6C68     		ldr	r4, [r5, #4]
 101              	.LVL7:
 364:Middlewares/Third_Party/LwIP/src/core/ipv4/icmp.c ****   icmphdr->type = type;
 102              		.loc 1 364 3 is_stmt 1 discriminator 3 view .LVU28
 103              		.loc 1 364 17 is_stmt 0 discriminator 3 view .LVU29
 104 0026 84F80080 		strb	r8, [r4]
 365:Middlewares/Third_Party/LwIP/src/core/ipv4/icmp.c ****   icmphdr->code = code;
 105              		.loc 1 365 3 is_stmt 1 discriminator 3 view .LVU30
 106              		.loc 1 365 17 is_stmt 0 discriminator 3 view .LVU31
 107 002a 6770     		strb	r7, [r4, #1]
 366:Middlewares/Third_Party/LwIP/src/core/ipv4/icmp.c ****   icmphdr->id = 0;
 108              		.loc 1 366 3 is_stmt 1 discriminator 3 view .LVU32
 109              		.loc 1 366 15 is_stmt 0 discriminator 3 view .LVU33
 110 002c 0023     		movs	r3, #0
 111 002e 2371     		strb	r3, [r4, #4]
 112 0030 6371     		strb	r3, [r4, #5]
 367:Middlewares/Third_Party/LwIP/src/core/ipv4/icmp.c ****   icmphdr->seqno = 0;
 113              		.loc 1 367 3 is_stmt 1 discriminator 3 view .LVU34
 114              		.loc 1 367 18 is_stmt 0 discriminator 3 view .LVU35
 115 0032 A371     		strb	r3, [r4, #6]
 116 0034 E371     		strb	r3, [r4, #7]
 368:Middlewares/Third_Party/LwIP/src/core/ipv4/icmp.c **** 
 369:Middlewares/Third_Party/LwIP/src/core/ipv4/icmp.c ****   /* copy fields from original packet */
 370:Middlewares/Third_Party/LwIP/src/core/ipv4/icmp.c ****   SMEMCPY((u8_t *)q->payload + sizeof(struct icmp_echo_hdr), (u8_t *)p->payload,
 117              		.loc 1 370 3 is_stmt 1 discriminator 3 view .LVU36
 118 0036 6B68     		ldr	r3, [r5, #4]
 119 0038 7268     		ldr	r2, [r6, #4]
 120 003a 1668     		ldr	r6, [r2]	@ unaligned
 121              	.LVL8:
 122              		.loc 1 370 3 is_stmt 0 discriminator 3 view .LVU37
 123 003c 5068     		ldr	r0, [r2, #4]	@ unaligned
 124 003e 9168     		ldr	r1, [r2, #8]	@ unaligned
 125 0040 D768     		ldr	r7, [r2, #12]	@ unaligned
 126 0042 9E60     		str	r6, [r3, #8]	@ unaligned
 127 0044 D860     		str	r0, [r3, #12]	@ unaligned
 128 0046 1961     		str	r1, [r3, #16]	@ unaligned
 129 0048 5F61     		str	r7, [r3, #20]	@ unaligned
 130 004a 1669     		ldr	r6, [r2, #16]	@ unaligned
 131 004c 5069     		ldr	r0, [r2, #20]	@ unaligned
 132 004e 9169     		ldr	r1, [r2, #24]	@ unaligned
ARM GAS  /tmp/ccjTY5KZ.s 			page 10


 133 0050 9E61     		str	r6, [r3, #24]	@ unaligned
 134 0052 D861     		str	r0, [r3, #28]	@ unaligned
 135 0054 1962     		str	r1, [r3, #32]	@ unaligned
 371:Middlewares/Third_Party/LwIP/src/core/ipv4/icmp.c ****           IP_HLEN + ICMP_DEST_UNREACH_DATASIZE);
 372:Middlewares/Third_Party/LwIP/src/core/ipv4/icmp.c **** 
 373:Middlewares/Third_Party/LwIP/src/core/ipv4/icmp.c ****   ip4_addr_copy(iphdr_src, iphdr->src);
 136              		.loc 1 373 3 is_stmt 1 discriminator 3 view .LVU38
 137 0056 DCF80C30 		ldr	r3, [ip, #12]	@ unaligned
 138 005a 0593     		str	r3, [sp, #20]
 374:Middlewares/Third_Party/LwIP/src/core/ipv4/icmp.c **** #ifdef LWIP_HOOK_IP4_ROUTE_SRC
 375:Middlewares/Third_Party/LwIP/src/core/ipv4/icmp.c ****   {
 376:Middlewares/Third_Party/LwIP/src/core/ipv4/icmp.c ****     ip4_addr_t iphdr_dst;
 377:Middlewares/Third_Party/LwIP/src/core/ipv4/icmp.c ****     ip4_addr_copy(iphdr_dst, iphdr->dest);
 378:Middlewares/Third_Party/LwIP/src/core/ipv4/icmp.c ****     netif = ip4_route_src(&iphdr_src, &iphdr_dst);
 379:Middlewares/Third_Party/LwIP/src/core/ipv4/icmp.c ****   }
 380:Middlewares/Third_Party/LwIP/src/core/ipv4/icmp.c **** #else
 381:Middlewares/Third_Party/LwIP/src/core/ipv4/icmp.c ****   netif = ip4_route(&iphdr_src);
 139              		.loc 1 381 3 discriminator 3 view .LVU39
 140              		.loc 1 381 11 is_stmt 0 discriminator 3 view .LVU40
 141 005c 05A8     		add	r0, sp, #20
 142 005e FFF7FEFF 		bl	ip4_route
 143              	.LVL9:
 382:Middlewares/Third_Party/LwIP/src/core/ipv4/icmp.c **** #endif
 383:Middlewares/Third_Party/LwIP/src/core/ipv4/icmp.c ****   if (netif != NULL) {
 144              		.loc 1 383 3 is_stmt 1 discriminator 3 view .LVU41
 145              		.loc 1 383 6 is_stmt 0 discriminator 3 view .LVU42
 146 0062 58B1     		cbz	r0, .L5
 384:Middlewares/Third_Party/LwIP/src/core/ipv4/icmp.c ****     /* calculate checksum */
 385:Middlewares/Third_Party/LwIP/src/core/ipv4/icmp.c ****     icmphdr->chksum = 0;
 147              		.loc 1 385 5 is_stmt 1 view .LVU43
 148              		.loc 1 385 21 is_stmt 0 view .LVU44
 149 0064 0021     		movs	r1, #0
 150 0066 A170     		strb	r1, [r4, #2]
 151 0068 E170     		strb	r1, [r4, #3]
 386:Middlewares/Third_Party/LwIP/src/core/ipv4/icmp.c **** #if CHECKSUM_GEN_ICMP
 387:Middlewares/Third_Party/LwIP/src/core/ipv4/icmp.c ****     IF__NETIF_CHECKSUM_ENABLED(netif, NETIF_CHECKSUM_GEN_ICMP) {
 388:Middlewares/Third_Party/LwIP/src/core/ipv4/icmp.c ****       icmphdr->chksum = inet_chksum(icmphdr, q->len);
 389:Middlewares/Third_Party/LwIP/src/core/ipv4/icmp.c ****     }
 390:Middlewares/Third_Party/LwIP/src/core/ipv4/icmp.c **** #endif
 391:Middlewares/Third_Party/LwIP/src/core/ipv4/icmp.c ****     ICMP_STATS_INC(icmp.xmit);
 152              		.loc 1 391 30 is_stmt 1 view .LVU45
 392:Middlewares/Third_Party/LwIP/src/core/ipv4/icmp.c ****     ip4_output_if(q, NULL, &iphdr_src, ICMP_TTL, 0, IP_PROTO_ICMP, netif);
 153              		.loc 1 392 5 view .LVU46
 154 006a 0290     		str	r0, [sp, #8]
 155 006c 0123     		movs	r3, #1
 156 006e 0193     		str	r3, [sp, #4]
 157 0070 0091     		str	r1, [sp]
 158 0072 FF23     		movs	r3, #255
 159 0074 05AA     		add	r2, sp, #20
 160 0076 2846     		mov	r0, r5
 161              	.LVL10:
 162              		.loc 1 392 5 is_stmt 0 view .LVU47
 163 0078 FFF7FEFF 		bl	ip4_output_if
 164              	.LVL11:
 165              	.L5:
 393:Middlewares/Third_Party/LwIP/src/core/ipv4/icmp.c ****   }
 394:Middlewares/Third_Party/LwIP/src/core/ipv4/icmp.c ****   pbuf_free(q);
ARM GAS  /tmp/ccjTY5KZ.s 			page 11


 166              		.loc 1 394 3 is_stmt 1 view .LVU48
 167 007c 2846     		mov	r0, r5
 168 007e FFF7FEFF 		bl	pbuf_free
 169              	.LVL12:
 170              	.L1:
 395:Middlewares/Third_Party/LwIP/src/core/ipv4/icmp.c **** }
 171              		.loc 1 395 1 is_stmt 0 view .LVU49
 172 0082 06B0     		add	sp, sp, #24
 173              	.LCFI2:
 174              		.cfi_remember_state
 175              		.cfi_def_cfa_offset 24
 176              		@ sp needed
 177 0084 BDE8F081 		pop	{r4, r5, r6, r7, r8, pc}
 178              	.LVL13:
 179              	.L7:
 180              	.LCFI3:
 181              		.cfi_restore_state
 353:Middlewares/Third_Party/LwIP/src/core/ipv4/icmp.c ****              (q->len >= (sizeof(struct icmp_echo_hdr) + IP_HLEN + ICMP_DEST_UNREACH_DATASIZE)));
 182              		.loc 1 353 3 is_stmt 1 discriminator 1 view .LVU50
 353:Middlewares/Third_Party/LwIP/src/core/ipv4/icmp.c ****              (q->len >= (sizeof(struct icmp_echo_hdr) + IP_HLEN + ICMP_DEST_UNREACH_DATASIZE)));
 183              		.loc 1 353 3 discriminator 1 view .LVU51
 184 0088 034B     		ldr	r3, .L8
 185 008a 40F26112 		movw	r2, #353
 186 008e 0349     		ldr	r1, .L8+4
 187 0090 0348     		ldr	r0, .L8+8
 188              	.LVL14:
 353:Middlewares/Third_Party/LwIP/src/core/ipv4/icmp.c ****              (q->len >= (sizeof(struct icmp_echo_hdr) + IP_HLEN + ICMP_DEST_UNREACH_DATASIZE)));
 189              		.loc 1 353 3 is_stmt 0 discriminator 1 view .LVU52
 190 0092 FFF7FEFF 		bl	printf
 191              	.LVL15:
 192 0096 C3E7     		b	.L4
 193              	.L9:
 194              		.align	2
 195              	.L8:
 196 0098 00000000 		.word	.LC0
 197 009c 34000000 		.word	.LC1
 198 00a0 60000000 		.word	.LC2
 199              		.cfi_endproc
 200              	.LFE93:
 202              		.section	.rodata.icmp_input.str1.4,"aMS",%progbits,1
 203              		.align	2
 204              	.LC3:
 205 0000 69636D70 		.ascii	"icmp_input: moving r->payload to icmp header failed"
 205      5F696E70 
 205      75743A20 
 205      6D6F7669 
 205      6E672072 
 206 0033 0A00     		.ascii	"\012\000"
 207 0035 000000   		.align	2
 208              	.LC4:
 209 0038 69636D70 		.ascii	"icmp_input: restoring original p->payload failed\012"
 209      5F696E70 
 209      75743A20 
 209      72657374 
 209      6F72696E 
 210 0069 00       		.ascii	"\000"
 211              		.section	.text.icmp_input,"ax",%progbits
ARM GAS  /tmp/ccjTY5KZ.s 			page 12


 212              		.align	1
 213              		.global	icmp_input
 214              		.syntax unified
 215              		.thumb
 216              		.thumb_func
 217              		.fpu softvfp
 219              	icmp_input:
 220              	.LVL16:
 221              	.LFB90:
  81:Middlewares/Third_Party/LwIP/src/core/ipv4/icmp.c ****   u8_t type;
 222              		.loc 1 81 1 is_stmt 1 view -0
 223              		.cfi_startproc
 224              		@ args = 0, pretend = 0, frame = 0
 225              		@ frame_needed = 0, uses_anonymous_args = 0
  81:Middlewares/Third_Party/LwIP/src/core/ipv4/icmp.c ****   u8_t type;
 226              		.loc 1 81 1 is_stmt 0 view .LVU54
 227 0000 2DE9F041 		push	{r4, r5, r6, r7, r8, lr}
 228              	.LCFI4:
 229              		.cfi_def_cfa_offset 24
 230              		.cfi_offset 4, -24
 231              		.cfi_offset 5, -20
 232              		.cfi_offset 6, -16
 233              		.cfi_offset 7, -12
 234              		.cfi_offset 8, -8
 235              		.cfi_offset 14, -4
 236 0004 84B0     		sub	sp, sp, #16
 237              	.LCFI5:
 238              		.cfi_def_cfa_offset 40
 239 0006 0546     		mov	r5, r0
  82:Middlewares/Third_Party/LwIP/src/core/ipv4/icmp.c **** #ifdef LWIP_DEBUG
 240              		.loc 1 82 3 is_stmt 1 view .LVU55
  86:Middlewares/Third_Party/LwIP/src/core/ipv4/icmp.c ****   const struct ip_hdr *iphdr_in;
 241              		.loc 1 86 3 view .LVU56
  87:Middlewares/Third_Party/LwIP/src/core/ipv4/icmp.c ****   u16_t hlen;
 242              		.loc 1 87 3 view .LVU57
  88:Middlewares/Third_Party/LwIP/src/core/ipv4/icmp.c ****   const ip4_addr_t* src;
 243              		.loc 1 88 3 view .LVU58
  89:Middlewares/Third_Party/LwIP/src/core/ipv4/icmp.c **** 
 244              		.loc 1 89 3 view .LVU59
  91:Middlewares/Third_Party/LwIP/src/core/ipv4/icmp.c ****   MIB2_STATS_INC(mib2.icmpinmsgs);
 245              		.loc 1 91 28 view .LVU60
  92:Middlewares/Third_Party/LwIP/src/core/ipv4/icmp.c **** 
 246              		.loc 1 92 34 view .LVU61
  94:Middlewares/Third_Party/LwIP/src/core/ipv4/icmp.c ****   hlen = IPH_HL(iphdr_in) * 4;
 247              		.loc 1 94 3 view .LVU62
  94:Middlewares/Third_Party/LwIP/src/core/ipv4/icmp.c ****   hlen = IPH_HL(iphdr_in) * 4;
 248              		.loc 1 94 12 is_stmt 0 view .LVU63
 249 0008 474B     		ldr	r3, .L27
 250 000a 9E68     		ldr	r6, [r3, #8]
 251              	.LVL17:
  95:Middlewares/Third_Party/LwIP/src/core/ipv4/icmp.c ****   if (hlen < IP_HLEN) {
 252              		.loc 1 95 3 is_stmt 1 view .LVU64
  95:Middlewares/Third_Party/LwIP/src/core/ipv4/icmp.c ****   if (hlen < IP_HLEN) {
 253              		.loc 1 95 10 is_stmt 0 view .LVU65
 254 000c 3478     		ldrb	r4, [r6]	@ zero_extendqisi2
  95:Middlewares/Third_Party/LwIP/src/core/ipv4/icmp.c ****   if (hlen < IP_HLEN) {
 255              		.loc 1 95 8 view .LVU66
ARM GAS  /tmp/ccjTY5KZ.s 			page 13


 256 000e 04F00F04 		and	r4, r4, #15
 257 0012 A400     		lsls	r4, r4, #2
 258              	.LVL18:
  96:Middlewares/Third_Party/LwIP/src/core/ipv4/icmp.c ****     LWIP_DEBUGF(ICMP_DEBUG, ("icmp_input: short IP header (%"S16_F" bytes) received\n", hlen));
 259              		.loc 1 96 3 is_stmt 1 view .LVU67
  96:Middlewares/Third_Party/LwIP/src/core/ipv4/icmp.c ****     LWIP_DEBUGF(ICMP_DEBUG, ("icmp_input: short IP header (%"S16_F" bytes) received\n", hlen));
 260              		.loc 1 96 6 is_stmt 0 view .LVU68
 261 0014 132C     		cmp	r4, #19
 262 0016 15D9     		bls	.L11
 263 0018 0F46     		mov	r7, r1
 100:Middlewares/Third_Party/LwIP/src/core/ipv4/icmp.c ****     LWIP_DEBUGF(ICMP_DEBUG, ("icmp_input: short ICMP (%"U16_F" bytes) received\n", p->tot_len));
 264              		.loc 1 100 3 is_stmt 1 view .LVU69
 100:Middlewares/Third_Party/LwIP/src/core/ipv4/icmp.c ****     LWIP_DEBUGF(ICMP_DEBUG, ("icmp_input: short ICMP (%"U16_F" bytes) received\n", p->tot_len));
 265              		.loc 1 100 8 is_stmt 0 view .LVU70
 266 001a 4389     		ldrh	r3, [r0, #10]
 100:Middlewares/Third_Party/LwIP/src/core/ipv4/icmp.c ****     LWIP_DEBUGF(ICMP_DEBUG, ("icmp_input: short ICMP (%"U16_F" bytes) received\n", p->tot_len));
 267              		.loc 1 100 6 view .LVU71
 268 001c 032B     		cmp	r3, #3
 269 001e 11D9     		bls	.L11
 105:Middlewares/Third_Party/LwIP/src/core/ipv4/icmp.c **** #ifdef LWIP_DEBUG
 270              		.loc 1 105 3 is_stmt 1 view .LVU72
 105:Middlewares/Third_Party/LwIP/src/core/ipv4/icmp.c **** #ifdef LWIP_DEBUG
 271              		.loc 1 105 21 is_stmt 0 view .LVU73
 272 0020 4368     		ldr	r3, [r0, #4]
 105:Middlewares/Third_Party/LwIP/src/core/ipv4/icmp.c **** #ifdef LWIP_DEBUG
 273              		.loc 1 105 8 view .LVU74
 274 0022 1B78     		ldrb	r3, [r3]	@ zero_extendqisi2
 275              	.LVL19:
 109:Middlewares/Third_Party/LwIP/src/core/ipv4/icmp.c ****   case ICMP_ER:
 276              		.loc 1 109 3 is_stmt 1 view .LVU75
 277 0024 082B     		cmp	r3, #8
 278 0026 5DD1     		bne	.L12
 116:Middlewares/Third_Party/LwIP/src/core/ipv4/icmp.c ****     src = ip4_current_dest_addr();
 279              		.loc 1 116 37 view .LVU76
 117:Middlewares/Third_Party/LwIP/src/core/ipv4/icmp.c ****     /* multicast destination address? */
 280              		.loc 1 117 5 view .LVU77
 281              	.LVL20:
 119:Middlewares/Third_Party/LwIP/src/core/ipv4/icmp.c **** #if LWIP_MULTICAST_PING
 282              		.loc 1 119 5 view .LVU78
 119:Middlewares/Third_Party/LwIP/src/core/ipv4/icmp.c **** #if LWIP_MULTICAST_PING
 283              		.loc 1 119 9 is_stmt 0 view .LVU79
 284 0028 3F4B     		ldr	r3, .L27
 285              	.LVL21:
 119:Middlewares/Third_Party/LwIP/src/core/ipv4/icmp.c **** #if LWIP_MULTICAST_PING
 286              		.loc 1 119 9 view .LVU80
 287 002a 5869     		ldr	r0, [r3, #20]
 288              	.LVL22:
 119:Middlewares/Third_Party/LwIP/src/core/ipv4/icmp.c **** #if LWIP_MULTICAST_PING
 289              		.loc 1 119 9 view .LVU81
 290 002c 00F0F003 		and	r3, r0, #240
 119:Middlewares/Third_Party/LwIP/src/core/ipv4/icmp.c **** #if LWIP_MULTICAST_PING
 291              		.loc 1 119 8 view .LVU82
 292 0030 E02B     		cmp	r3, #224
 293 0032 37D0     		beq	.L13
 129:Middlewares/Third_Party/LwIP/src/core/ipv4/icmp.c **** #if LWIP_BROADCAST_PING
 294              		.loc 1 129 5 is_stmt 1 view .LVU83
 129:Middlewares/Third_Party/LwIP/src/core/ipv4/icmp.c **** #if LWIP_BROADCAST_PING
ARM GAS  /tmp/ccjTY5KZ.s 			page 14


 295              		.loc 1 129 9 is_stmt 0 view .LVU84
 296 0034 3C4B     		ldr	r3, .L27
 297 0036 1968     		ldr	r1, [r3]
 298              	.LVL23:
 129:Middlewares/Third_Party/LwIP/src/core/ipv4/icmp.c **** #if LWIP_BROADCAST_PING
 299              		.loc 1 129 9 view .LVU85
 300 0038 FFF7FEFF 		bl	ip4_addr_isbroadcast_u32
 301              	.LVL24:
 129:Middlewares/Third_Party/LwIP/src/core/ipv4/icmp.c **** #if LWIP_BROADCAST_PING
 302              		.loc 1 129 8 view .LVU86
 303 003c 90BB     		cbnz	r0, .L13
 138:Middlewares/Third_Party/LwIP/src/core/ipv4/icmp.c ****     if (p->tot_len < sizeof(struct icmp_echo_hdr)) {
 304              		.loc 1 138 52 is_stmt 1 view .LVU87
 139:Middlewares/Third_Party/LwIP/src/core/ipv4/icmp.c ****       LWIP_DEBUGF(ICMP_DEBUG, ("icmp_input: bad ICMP echo received\n"));
 305              		.loc 1 139 5 view .LVU88
 139:Middlewares/Third_Party/LwIP/src/core/ipv4/icmp.c ****       LWIP_DEBUGF(ICMP_DEBUG, ("icmp_input: bad ICMP echo received\n"));
 306              		.loc 1 139 10 is_stmt 0 view .LVU89
 307 003e 2B89     		ldrh	r3, [r5, #8]
 139:Middlewares/Third_Party/LwIP/src/core/ipv4/icmp.c ****       LWIP_DEBUGF(ICMP_DEBUG, ("icmp_input: bad ICMP echo received\n"));
 308              		.loc 1 139 8 view .LVU90
 309 0040 072B     		cmp	r3, #7
 310 0042 05D8     		bhi	.L21
 311              	.LVL25:
 312              	.L11:
 278:Middlewares/Third_Party/LwIP/src/core/ipv4/icmp.c ****   ICMP_STATS_INC(icmp.lenerr);
 313              		.loc 1 278 3 is_stmt 1 view .LVU91
 314 0044 2846     		mov	r0, r5
 315 0046 FFF7FEFF 		bl	pbuf_free
 316              	.LVL26:
 279:Middlewares/Third_Party/LwIP/src/core/ipv4/icmp.c ****   MIB2_STATS_INC(mib2.icmpinerrors);
 317              		.loc 1 279 30 view .LVU92
 280:Middlewares/Third_Party/LwIP/src/core/ipv4/icmp.c ****   return;
 318              		.loc 1 280 36 view .LVU93
 281:Middlewares/Third_Party/LwIP/src/core/ipv4/icmp.c **** #if LWIP_ICMP_ECHO_CHECK_INPUT_PBUF_LEN || !LWIP_MULTICAST_PING || !LWIP_BROADCAST_PING
 319              		.loc 1 281 3 view .LVU94
 320              	.L10:
 289:Middlewares/Third_Party/LwIP/src/core/ipv4/icmp.c **** 
 321              		.loc 1 289 1 is_stmt 0 view .LVU95
 322 004a 04B0     		add	sp, sp, #16
 323              	.LCFI6:
 324              		.cfi_remember_state
 325              		.cfi_def_cfa_offset 24
 326              		@ sp needed
 327 004c BDE8F081 		pop	{r4, r5, r6, r7, r8, pc}
 328              	.LVL27:
 329              	.L21:
 330              	.LCFI7:
 331              		.cfi_restore_state
 155:Middlewares/Third_Party/LwIP/src/core/ipv4/icmp.c ****       /* p is not big enough to contain link headers
 332              		.loc 1 155 5 is_stmt 1 view .LVU96
 155:Middlewares/Third_Party/LwIP/src/core/ipv4/icmp.c ****       /* p is not big enough to contain link headers
 333              		.loc 1 155 9 is_stmt 0 view .LVU97
 334 0050 04F10E01 		add	r1, r4, #14
 335 0054 2846     		mov	r0, r5
 336 0056 FFF7FEFF 		bl	pbuf_header
 337              	.LVL28:
 155:Middlewares/Third_Party/LwIP/src/core/ipv4/icmp.c ****       /* p is not big enough to contain link headers
ARM GAS  /tmp/ccjTY5KZ.s 			page 15


 338              		.loc 1 155 8 view .LVU98
 339 005a A8B3     		cbz	r0, .L14
 340              	.LBB2:
 159:Middlewares/Third_Party/LwIP/src/core/ipv4/icmp.c ****       /* allocate new packet buffer with space for link headers */
 341              		.loc 1 159 7 is_stmt 1 view .LVU99
 161:Middlewares/Third_Party/LwIP/src/core/ipv4/icmp.c ****       if (r == NULL) {
 342              		.loc 1 161 7 view .LVU100
 161:Middlewares/Third_Party/LwIP/src/core/ipv4/icmp.c ****       if (r == NULL) {
 343              		.loc 1 161 34 is_stmt 0 view .LVU101
 344 005c 2989     		ldrh	r1, [r5, #8]
 161:Middlewares/Third_Party/LwIP/src/core/ipv4/icmp.c ****       if (r == NULL) {
 345              		.loc 1 161 11 view .LVU102
 346 005e 2144     		add	r1, r1, r4
 347 0060 0022     		movs	r2, #0
 348 0062 89B2     		uxth	r1, r1
 349 0064 0220     		movs	r0, #2
 350 0066 FFF7FEFF 		bl	pbuf_alloc
 351              	.LVL29:
 162:Middlewares/Third_Party/LwIP/src/core/ipv4/icmp.c ****         LWIP_DEBUGF(ICMP_DEBUG, ("icmp_input: allocating new pbuf failed\n"));
 352              		.loc 1 162 7 is_stmt 1 view .LVU103
 162:Middlewares/Third_Party/LwIP/src/core/ipv4/icmp.c ****         LWIP_DEBUGF(ICMP_DEBUG, ("icmp_input: allocating new pbuf failed\n"));
 353              		.loc 1 162 10 is_stmt 0 view .LVU104
 354 006a 8046     		mov	r8, r0
 355 006c D0B1     		cbz	r0, .L13
 166:Middlewares/Third_Party/LwIP/src/core/ipv4/icmp.c ****         LWIP_DEBUGF(ICMP_DEBUG | LWIP_DBG_LEVEL_SERIOUS, ("first pbuf cannot hold the ICMP header")
 356              		.loc 1 166 7 is_stmt 1 view .LVU105
 166:Middlewares/Third_Party/LwIP/src/core/ipv4/icmp.c ****         LWIP_DEBUGF(ICMP_DEBUG | LWIP_DBG_LEVEL_SERIOUS, ("first pbuf cannot hold the ICMP header")
 357              		.loc 1 166 12 is_stmt 0 view .LVU106
 358 006e 4289     		ldrh	r2, [r0, #10]
 166:Middlewares/Third_Party/LwIP/src/core/ipv4/icmp.c ****         LWIP_DEBUGF(ICMP_DEBUG | LWIP_DBG_LEVEL_SERIOUS, ("first pbuf cannot hold the ICMP header")
 359              		.loc 1 166 25 view .LVU107
 360 0070 04F10803 		add	r3, r4, #8
 166:Middlewares/Third_Party/LwIP/src/core/ipv4/icmp.c ****         LWIP_DEBUGF(ICMP_DEBUG | LWIP_DBG_LEVEL_SERIOUS, ("first pbuf cannot hold the ICMP header")
 361              		.loc 1 166 10 view .LVU108
 362 0074 9A42     		cmp	r2, r3
 363 0076 13D3     		bcc	.L22
 172:Middlewares/Third_Party/LwIP/src/core/ipv4/icmp.c ****       /* switch r->payload back to icmp header (cannot fail) */
 364              		.loc 1 172 7 is_stmt 1 view .LVU109
 365 0078 2246     		mov	r2, r4
 366 007a 3146     		mov	r1, r6
 367 007c 4068     		ldr	r0, [r0, #4]
 368              	.LVL30:
 172:Middlewares/Third_Party/LwIP/src/core/ipv4/icmp.c ****       /* switch r->payload back to icmp header (cannot fail) */
 369              		.loc 1 172 7 is_stmt 0 view .LVU110
 370 007e FFF7FEFF 		bl	memcpy
 371              	.LVL31:
 174:Middlewares/Third_Party/LwIP/src/core/ipv4/icmp.c ****         LWIP_ASSERT("icmp_input: moving r->payload to icmp header failed\n", 0);
 372              		.loc 1 174 7 is_stmt 1 view .LVU111
 174:Middlewares/Third_Party/LwIP/src/core/ipv4/icmp.c ****         LWIP_ASSERT("icmp_input: moving r->payload to icmp header failed\n", 0);
 373              		.loc 1 174 11 is_stmt 0 view .LVU112
 374 0082 6142     		rsbs	r1, r4, #0
 375 0084 4046     		mov	r0, r8
 376 0086 FFF7FEFF 		bl	pbuf_header
 377              	.LVL32:
 174:Middlewares/Third_Party/LwIP/src/core/ipv4/icmp.c ****         LWIP_ASSERT("icmp_input: moving r->payload to icmp header failed\n", 0);
 378              		.loc 1 174 10 view .LVU113
 379 008a 78B9     		cbnz	r0, .L23
ARM GAS  /tmp/ccjTY5KZ.s 			page 16


 180:Middlewares/Third_Party/LwIP/src/core/ipv4/icmp.c ****         LWIP_DEBUGF(ICMP_DEBUG | LWIP_DBG_LEVEL_SERIOUS, ("icmp_input: copying to new pbuf failed")
 380              		.loc 1 180 7 is_stmt 1 view .LVU114
 180:Middlewares/Third_Party/LwIP/src/core/ipv4/icmp.c ****         LWIP_DEBUGF(ICMP_DEBUG | LWIP_DBG_LEVEL_SERIOUS, ("icmp_input: copying to new pbuf failed")
 381              		.loc 1 180 11 is_stmt 0 view .LVU115
 382 008c 2946     		mov	r1, r5
 383 008e 4046     		mov	r0, r8
 384 0090 FFF7FEFF 		bl	pbuf_copy
 385              	.LVL33:
 180:Middlewares/Third_Party/LwIP/src/core/ipv4/icmp.c ****         LWIP_DEBUGF(ICMP_DEBUG | LWIP_DBG_LEVEL_SERIOUS, ("icmp_input: copying to new pbuf failed")
 386              		.loc 1 180 10 view .LVU116
 387 0094 A0B9     		cbnz	r0, .L24
 186:Middlewares/Third_Party/LwIP/src/core/ipv4/icmp.c ****       /* we now have an identical copy of p that has room for link headers */
 388              		.loc 1 186 7 is_stmt 1 view .LVU117
 389 0096 2846     		mov	r0, r5
 390 0098 FFF7FEFF 		bl	pbuf_free
 391              	.LVL34:
 188:Middlewares/Third_Party/LwIP/src/core/ipv4/icmp.c ****     } else {
 392              		.loc 1 188 7 view .LVU118
 188:Middlewares/Third_Party/LwIP/src/core/ipv4/icmp.c ****     } else {
 393              		.loc 1 188 9 is_stmt 0 view .LVU119
 394 009c 4546     		mov	r5, r8
 395              	.LBE2:
 396 009e 1BE0     		b	.L18
 397              	.LVL35:
 398              	.L22:
 399              	.LBB3:
 167:Middlewares/Third_Party/LwIP/src/core/ipv4/icmp.c ****         pbuf_free(r);
 400              		.loc 1 167 101 is_stmt 1 view .LVU120
 168:Middlewares/Third_Party/LwIP/src/core/ipv4/icmp.c ****         goto icmperr;
 401              		.loc 1 168 9 view .LVU121
 402 00a0 FFF7FEFF 		bl	pbuf_free
 403              	.LVL36:
 169:Middlewares/Third_Party/LwIP/src/core/ipv4/icmp.c ****       }
 404              		.loc 1 169 9 view .LVU122
 405              	.L13:
 169:Middlewares/Third_Party/LwIP/src/core/ipv4/icmp.c ****       }
 406              		.loc 1 169 9 is_stmt 0 view .LVU123
 407              	.LBE3:
 284:Middlewares/Third_Party/LwIP/src/core/ipv4/icmp.c ****   ICMP_STATS_INC(icmp.err);
 408              		.loc 1 284 3 is_stmt 1 view .LVU124
 409 00a4 2846     		mov	r0, r5
 410 00a6 FFF7FEFF 		bl	pbuf_free
 411              	.LVL37:
 285:Middlewares/Third_Party/LwIP/src/core/ipv4/icmp.c ****   MIB2_STATS_INC(mib2.icmpinerrors);
 412              		.loc 1 285 27 view .LVU125
 286:Middlewares/Third_Party/LwIP/src/core/ipv4/icmp.c ****   return;
 413              		.loc 1 286 36 view .LVU126
 287:Middlewares/Third_Party/LwIP/src/core/ipv4/icmp.c **** #endif /* LWIP_ICMP_ECHO_CHECK_INPUT_PBUF_LEN || !LWIP_MULTICAST_PING || !LWIP_BROADCAST_PING */
 414              		.loc 1 287 3 view .LVU127
 415 00aa CEE7     		b	.L10
 416              	.LVL38:
 417              	.L23:
 418              	.LBB4:
 175:Middlewares/Third_Party/LwIP/src/core/ipv4/icmp.c ****         pbuf_free(r);
 419              		.loc 1 175 9 discriminator 1 view .LVU128
 175:Middlewares/Third_Party/LwIP/src/core/ipv4/icmp.c ****         pbuf_free(r);
 420              		.loc 1 175 9 discriminator 1 view .LVU129
ARM GAS  /tmp/ccjTY5KZ.s 			page 17


 175:Middlewares/Third_Party/LwIP/src/core/ipv4/icmp.c ****         pbuf_free(r);
 421              		.loc 1 175 9 discriminator 1 view .LVU130
 175:Middlewares/Third_Party/LwIP/src/core/ipv4/icmp.c ****         pbuf_free(r);
 422              		.loc 1 175 9 discriminator 1 view .LVU131
 423 00ac 1F4B     		ldr	r3, .L27+4
 424 00ae AF22     		movs	r2, #175
 425 00b0 1F49     		ldr	r1, .L27+8
 426 00b2 2048     		ldr	r0, .L27+12
 427 00b4 FFF7FEFF 		bl	printf
 428              	.LVL39:
 175:Middlewares/Third_Party/LwIP/src/core/ipv4/icmp.c ****         pbuf_free(r);
 429              		.loc 1 175 9 discriminator 1 view .LVU132
 175:Middlewares/Third_Party/LwIP/src/core/ipv4/icmp.c ****         pbuf_free(r);
 430              		.loc 1 175 9 discriminator 1 view .LVU133
 176:Middlewares/Third_Party/LwIP/src/core/ipv4/icmp.c ****         goto icmperr;
 431              		.loc 1 176 9 discriminator 1 view .LVU134
 432 00b8 4046     		mov	r0, r8
 433 00ba FFF7FEFF 		bl	pbuf_free
 434              	.LVL40:
 177:Middlewares/Third_Party/LwIP/src/core/ipv4/icmp.c ****       }
 435              		.loc 1 177 9 discriminator 1 view .LVU135
 436 00be F1E7     		b	.L13
 437              	.L24:
 181:Middlewares/Third_Party/LwIP/src/core/ipv4/icmp.c ****         pbuf_free(r);
 438              		.loc 1 181 101 view .LVU136
 182:Middlewares/Third_Party/LwIP/src/core/ipv4/icmp.c ****         goto icmperr;
 439              		.loc 1 182 9 view .LVU137
 440 00c0 4046     		mov	r0, r8
 441 00c2 FFF7FEFF 		bl	pbuf_free
 442              	.LVL41:
 183:Middlewares/Third_Party/LwIP/src/core/ipv4/icmp.c ****       }
 443              		.loc 1 183 9 view .LVU138
 444 00c6 EDE7     		b	.L13
 445              	.LVL42:
 446              	.L14:
 183:Middlewares/Third_Party/LwIP/src/core/ipv4/icmp.c ****       }
 447              		.loc 1 183 9 is_stmt 0 view .LVU139
 448              	.LBE4:
 191:Middlewares/Third_Party/LwIP/src/core/ipv4/icmp.c ****         LWIP_ASSERT("icmp_input: restoring original p->payload failed\n", 0);
 449              		.loc 1 191 7 is_stmt 1 view .LVU140
 191:Middlewares/Third_Party/LwIP/src/core/ipv4/icmp.c ****         LWIP_ASSERT("icmp_input: restoring original p->payload failed\n", 0);
 450              		.loc 1 191 11 is_stmt 0 view .LVU141
 451 00c8 C4F57F41 		rsb	r1, r4, #65280
 452 00cc F231     		adds	r1, r1, #242
 453 00ce 09B2     		sxth	r1, r1
 454 00d0 2846     		mov	r0, r5
 455 00d2 FFF7FEFF 		bl	pbuf_header
 456              	.LVL43:
 191:Middlewares/Third_Party/LwIP/src/core/ipv4/icmp.c ****         LWIP_ASSERT("icmp_input: restoring original p->payload failed\n", 0);
 457              		.loc 1 191 10 view .LVU142
 458 00d6 48B9     		cbnz	r0, .L25
 459              	.L18:
 200:Middlewares/Third_Party/LwIP/src/core/ipv4/icmp.c ****     if (pbuf_header(p, (s16_t)hlen)) {
 460              		.loc 1 200 5 is_stmt 1 view .LVU143
 200:Middlewares/Third_Party/LwIP/src/core/ipv4/icmp.c ****     if (pbuf_header(p, (s16_t)hlen)) {
 461              		.loc 1 200 11 is_stmt 0 view .LVU144
 462 00d8 6E68     		ldr	r6, [r5, #4]
ARM GAS  /tmp/ccjTY5KZ.s 			page 18


 463              	.LVL44:
 201:Middlewares/Third_Party/LwIP/src/core/ipv4/icmp.c ****       LWIP_DEBUGF(ICMP_DEBUG | LWIP_DBG_LEVEL_SERIOUS, ("Can't move over header in packet"));
 464              		.loc 1 201 5 is_stmt 1 view .LVU145
 201:Middlewares/Third_Party/LwIP/src/core/ipv4/icmp.c ****       LWIP_DEBUGF(ICMP_DEBUG | LWIP_DBG_LEVEL_SERIOUS, ("Can't move over header in packet"));
 465              		.loc 1 201 9 is_stmt 0 view .LVU146
 466 00da 2146     		mov	r1, r4
 467 00dc 2846     		mov	r0, r5
 468 00de FFF7FEFF 		bl	pbuf_header
 469              	.LVL45:
 201:Middlewares/Third_Party/LwIP/src/core/ipv4/icmp.c ****       LWIP_DEBUGF(ICMP_DEBUG | LWIP_DBG_LEVEL_SERIOUS, ("Can't move over header in packet"));
 470              		.loc 1 201 8 view .LVU147
 471 00e2 50B1     		cbz	r0, .L26
 472              	.LVL46:
 473              	.L12:
 268:Middlewares/Third_Party/LwIP/src/core/ipv4/icmp.c ****     }
 474              		.loc 1 268 46 is_stmt 1 view .LVU148
 271:Middlewares/Third_Party/LwIP/src/core/ipv4/icmp.c ****     ICMP_STATS_INC(icmp.proterr);
 475              		.loc 1 271 43 view .LVU149
 272:Middlewares/Third_Party/LwIP/src/core/ipv4/icmp.c ****     ICMP_STATS_INC(icmp.drop);
 476              		.loc 1 272 33 view .LVU150
 273:Middlewares/Third_Party/LwIP/src/core/ipv4/icmp.c ****   }
 477              		.loc 1 273 30 view .LVU151
 275:Middlewares/Third_Party/LwIP/src/core/ipv4/icmp.c ****   return;
 478              		.loc 1 275 3 view .LVU152
 479 00e4 2846     		mov	r0, r5
 480 00e6 FFF7FEFF 		bl	pbuf_free
 481              	.LVL47:
 276:Middlewares/Third_Party/LwIP/src/core/ipv4/icmp.c **** lenerr:
 482              		.loc 1 276 3 view .LVU153
 483 00ea AEE7     		b	.L10
 484              	.LVL48:
 485              	.L25:
 192:Middlewares/Third_Party/LwIP/src/core/ipv4/icmp.c ****         goto icmperr;
 486              		.loc 1 192 9 discriminator 1 view .LVU154
 192:Middlewares/Third_Party/LwIP/src/core/ipv4/icmp.c ****         goto icmperr;
 487              		.loc 1 192 9 discriminator 1 view .LVU155
 192:Middlewares/Third_Party/LwIP/src/core/ipv4/icmp.c ****         goto icmperr;
 488              		.loc 1 192 9 discriminator 1 view .LVU156
 192:Middlewares/Third_Party/LwIP/src/core/ipv4/icmp.c ****         goto icmperr;
 489              		.loc 1 192 9 discriminator 1 view .LVU157
 490 00ec 0F4B     		ldr	r3, .L27+4
 491 00ee C022     		movs	r2, #192
 492 00f0 1149     		ldr	r1, .L27+16
 493 00f2 1048     		ldr	r0, .L27+12
 494 00f4 FFF7FEFF 		bl	printf
 495              	.LVL49:
 192:Middlewares/Third_Party/LwIP/src/core/ipv4/icmp.c ****         goto icmperr;
 496              		.loc 1 192 9 discriminator 1 view .LVU158
 192:Middlewares/Third_Party/LwIP/src/core/ipv4/icmp.c ****         goto icmperr;
 497              		.loc 1 192 9 discriminator 1 view .LVU159
 193:Middlewares/Third_Party/LwIP/src/core/ipv4/icmp.c ****       }
 498              		.loc 1 193 9 discriminator 1 view .LVU160
 499 00f8 D4E7     		b	.L13
 500              	.LVL50:
 501              	.L26:
 502              	.LBB5:
 204:Middlewares/Third_Party/LwIP/src/core/ipv4/icmp.c ****       struct ip_hdr *iphdr = (struct ip_hdr*)p->payload;
ARM GAS  /tmp/ccjTY5KZ.s 			page 19


 503              		.loc 1 204 7 view .LVU161
 205:Middlewares/Third_Party/LwIP/src/core/ipv4/icmp.c ****       ip4_addr_copy(iphdr->src, *src);
 504              		.loc 1 205 7 view .LVU162
 205:Middlewares/Third_Party/LwIP/src/core/ipv4/icmp.c ****       ip4_addr_copy(iphdr->src, *src);
 505              		.loc 1 205 22 is_stmt 0 view .LVU163
 506 00fa 6868     		ldr	r0, [r5, #4]
 507              	.LVL51:
 206:Middlewares/Third_Party/LwIP/src/core/ipv4/icmp.c ****       ip4_addr_copy(iphdr->dest, *ip4_current_src_addr());
 508              		.loc 1 206 7 is_stmt 1 view .LVU164
 509 00fc 0A49     		ldr	r1, .L27
 510 00fe 4B69     		ldr	r3, [r1, #20]
 511 0100 C360     		str	r3, [r0, #12]	@ unaligned
 207:Middlewares/Third_Party/LwIP/src/core/ipv4/icmp.c ****       ICMPH_TYPE_SET(iecho, ICMP_ER);
 512              		.loc 1 207 7 view .LVU165
 513 0102 0B69     		ldr	r3, [r1, #16]
 514 0104 0361     		str	r3, [r0, #16]	@ unaligned
 208:Middlewares/Third_Party/LwIP/src/core/ipv4/icmp.c **** #if CHECKSUM_GEN_ICMP
 515              		.loc 1 208 7 view .LVU166
 516 0106 0022     		movs	r2, #0
 517 0108 3270     		strb	r2, [r6]
 224:Middlewares/Third_Party/LwIP/src/core/ipv4/icmp.c **** #endif /* CHECKSUM_GEN_ICMP */
 518              		.loc 1 224 7 view .LVU167
 224:Middlewares/Third_Party/LwIP/src/core/ipv4/icmp.c **** #endif /* CHECKSUM_GEN_ICMP */
 519              		.loc 1 224 21 is_stmt 0 view .LVU168
 520 010a B270     		strb	r2, [r6, #2]
 521 010c F270     		strb	r2, [r6, #3]
 228:Middlewares/Third_Party/LwIP/src/core/ipv4/icmp.c ****       IPH_CHKSUM_SET(iphdr, 0);
 522              		.loc 1 228 7 is_stmt 1 view .LVU169
 523 010e FF23     		movs	r3, #255
 524 0110 0372     		strb	r3, [r0, #8]
 229:Middlewares/Third_Party/LwIP/src/core/ipv4/icmp.c **** #if CHECKSUM_GEN_IP
 525              		.loc 1 229 7 view .LVU170
 526 0112 8272     		strb	r2, [r0, #10]
 527 0114 C272     		strb	r2, [r0, #11]
 236:Middlewares/Third_Party/LwIP/src/core/ipv4/icmp.c ****       /* increase number of messages attempted to send */
 528              		.loc 1 236 32 view .LVU171
 238:Middlewares/Third_Party/LwIP/src/core/ipv4/icmp.c ****       /* increase number of echo replies attempted to send */
 529              		.loc 1 238 39 view .LVU172
 240:Middlewares/Third_Party/LwIP/src/core/ipv4/icmp.c **** 
 530              		.loc 1 240 43 view .LVU173
 243:Middlewares/Third_Party/LwIP/src/core/ipv4/icmp.c ****                    ICMP_TTL, 0, IP_PROTO_ICMP, inp);
 531              		.loc 1 243 7 view .LVU174
 243:Middlewares/Third_Party/LwIP/src/core/ipv4/icmp.c ****                    ICMP_TTL, 0, IP_PROTO_ICMP, inp);
 532              		.loc 1 243 13 is_stmt 0 view .LVU175
 533 0116 0297     		str	r7, [sp, #8]
 534 0118 0120     		movs	r0, #1
 535              	.LVL52:
 243:Middlewares/Third_Party/LwIP/src/core/ipv4/icmp.c ****                    ICMP_TTL, 0, IP_PROTO_ICMP, inp);
 536              		.loc 1 243 13 view .LVU176
 537 011a 0190     		str	r0, [sp, #4]
 538 011c 0092     		str	r2, [sp]
 539 011e 1431     		adds	r1, r1, #20
 540 0120 2846     		mov	r0, r5
 541 0122 FFF7FEFF 		bl	ip4_output_if
 542              	.LVL53:
 245:Middlewares/Third_Party/LwIP/src/core/ipv4/icmp.c ****         LWIP_DEBUGF(ICMP_DEBUG, ("icmp_input: ip_output_if returned an error: %s\n", lwip_strerr(re
 543              		.loc 1 245 7 is_stmt 1 view .LVU177
ARM GAS  /tmp/ccjTY5KZ.s 			page 20


 544 0126 DDE7     		b	.L12
 545              	.L28:
 546              		.align	2
 547              	.L27:
 548 0128 00000000 		.word	ip_data
 549 012c 00000000 		.word	.LC0
 550 0130 00000000 		.word	.LC3
 551 0134 60000000 		.word	.LC2
 552 0138 38000000 		.word	.LC4
 553              	.LBE5:
 554              		.cfi_endproc
 555              	.LFE90:
 557              		.section	.text.icmp_dest_unreach,"ax",%progbits
 558              		.align	1
 559              		.global	icmp_dest_unreach
 560              		.syntax unified
 561              		.thumb
 562              		.thumb_func
 563              		.fpu softvfp
 565              	icmp_dest_unreach:
 566              	.LVL54:
 567              	.LFB91:
 302:Middlewares/Third_Party/LwIP/src/core/ipv4/icmp.c ****   MIB2_STATS_INC(mib2.icmpoutdestunreachs);
 568              		.loc 1 302 1 view -0
 569              		.cfi_startproc
 570              		@ args = 0, pretend = 0, frame = 0
 571              		@ frame_needed = 0, uses_anonymous_args = 0
 302:Middlewares/Third_Party/LwIP/src/core/ipv4/icmp.c ****   MIB2_STATS_INC(mib2.icmpoutdestunreachs);
 572              		.loc 1 302 1 is_stmt 0 view .LVU179
 573 0000 08B5     		push	{r3, lr}
 574              	.LCFI8:
 575              		.cfi_def_cfa_offset 8
 576              		.cfi_offset 3, -8
 577              		.cfi_offset 14, -4
 578 0002 0A46     		mov	r2, r1
 303:Middlewares/Third_Party/LwIP/src/core/ipv4/icmp.c ****   icmp_send_response(p, ICMP_DUR, t);
 579              		.loc 1 303 43 is_stmt 1 view .LVU180
 304:Middlewares/Third_Party/LwIP/src/core/ipv4/icmp.c **** }
 580              		.loc 1 304 3 view .LVU181
 581 0004 0321     		movs	r1, #3
 582              	.LVL55:
 304:Middlewares/Third_Party/LwIP/src/core/ipv4/icmp.c **** }
 583              		.loc 1 304 3 is_stmt 0 view .LVU182
 584 0006 FFF7FEFF 		bl	icmp_send_response
 585              	.LVL56:
 305:Middlewares/Third_Party/LwIP/src/core/ipv4/icmp.c **** 
 586              		.loc 1 305 1 view .LVU183
 587 000a 08BD     		pop	{r3, pc}
 588              		.cfi_endproc
 589              	.LFE91:
 591              		.section	.text.icmp_time_exceeded,"ax",%progbits
 592              		.align	1
 593              		.global	icmp_time_exceeded
 594              		.syntax unified
 595              		.thumb
 596              		.thumb_func
 597              		.fpu softvfp
ARM GAS  /tmp/ccjTY5KZ.s 			page 21


 599              	icmp_time_exceeded:
 600              	.LVL57:
 601              	.LFB92:
 317:Middlewares/Third_Party/LwIP/src/core/ipv4/icmp.c ****   MIB2_STATS_INC(mib2.icmpouttimeexcds);
 602              		.loc 1 317 1 is_stmt 1 view -0
 603              		.cfi_startproc
 604              		@ args = 0, pretend = 0, frame = 0
 605              		@ frame_needed = 0, uses_anonymous_args = 0
 317:Middlewares/Third_Party/LwIP/src/core/ipv4/icmp.c ****   MIB2_STATS_INC(mib2.icmpouttimeexcds);
 606              		.loc 1 317 1 is_stmt 0 view .LVU185
 607 0000 08B5     		push	{r3, lr}
 608              	.LCFI9:
 609              		.cfi_def_cfa_offset 8
 610              		.cfi_offset 3, -8
 611              		.cfi_offset 14, -4
 612 0002 0A46     		mov	r2, r1
 318:Middlewares/Third_Party/LwIP/src/core/ipv4/icmp.c ****   icmp_send_response(p, ICMP_TE, t);
 613              		.loc 1 318 40 is_stmt 1 view .LVU186
 319:Middlewares/Third_Party/LwIP/src/core/ipv4/icmp.c **** }
 614              		.loc 1 319 3 view .LVU187
 615 0004 0B21     		movs	r1, #11
 616              	.LVL58:
 319:Middlewares/Third_Party/LwIP/src/core/ipv4/icmp.c **** }
 617              		.loc 1 319 3 is_stmt 0 view .LVU188
 618 0006 FFF7FEFF 		bl	icmp_send_response
 619              	.LVL59:
 320:Middlewares/Third_Party/LwIP/src/core/ipv4/icmp.c **** 
 620              		.loc 1 320 1 view .LVU189
 621 000a 08BD     		pop	{r3, pc}
 622              		.cfi_endproc
 623              	.LFE92:
 625              		.text
 626              	.Letext0:
 627              		.file 2 "/opt/gcc-arm-none-eabi-9-2020-q2-update/arm-none-eabi/include/machine/_default_types.h"
 628              		.file 3 "/opt/gcc-arm-none-eabi-9-2020-q2-update/arm-none-eabi/include/sys/_stdint.h"
 629              		.file 4 "Drivers/CMSIS/Include/core_cm3.h"
 630              		.file 5 "Drivers/CMSIS/Device/ST/STM32F1xx/Include/system_stm32f1xx.h"
 631              		.file 6 "Drivers/STM32F1xx_HAL_Driver/Inc/stm32f1xx_hal.h"
 632              		.file 7 "/opt/gcc-arm-none-eabi-9-2020-q2-update/lib/gcc/arm-none-eabi/9.3.1/include/stddef.h"
 633              		.file 8 "/opt/gcc-arm-none-eabi-9-2020-q2-update/arm-none-eabi/include/sys/_types.h"
 634              		.file 9 "/opt/gcc-arm-none-eabi-9-2020-q2-update/arm-none-eabi/include/sys/reent.h"
 635              		.file 10 "/opt/gcc-arm-none-eabi-9-2020-q2-update/arm-none-eabi/include/sys/lock.h"
 636              		.file 11 "/opt/gcc-arm-none-eabi-9-2020-q2-update/arm-none-eabi/include/stdlib.h"
 637              		.file 12 "/opt/gcc-arm-none-eabi-9-2020-q2-update/arm-none-eabi/include/time.h"
 638              		.file 13 "Middlewares/Third_Party/LwIP/src/include/lwip/arch.h"
 639              		.file 14 "Middlewares/Third_Party/LwIP/src/include/lwip/err.h"
 640              		.file 15 "Middlewares/Third_Party/LwIP/src/include/lwip/pbuf.h"
 641              		.file 16 "Middlewares/Third_Party/LwIP/src/include/lwip/ip4_addr.h"
 642              		.file 17 "Middlewares/Third_Party/LwIP/src/include/lwip/ip_addr.h"
 643              		.file 18 "Middlewares/Third_Party/LwIP/src/include/lwip/priv/memp_priv.h"
 644              		.file 19 "Middlewares/Third_Party/LwIP/src/include/lwip/memp.h"
 645              		.file 20 "Middlewares/Third_Party/LwIP/src/include/lwip/netif.h"
 646              		.file 21 "Middlewares/Third_Party/LwIP/src/include/lwip/prot/icmp.h"
 647              		.file 22 "Middlewares/Third_Party/LwIP/src/include/lwip/icmp.h"
 648              		.file 23 "Middlewares/Third_Party/LwIP/src/include/lwip/prot/ip4.h"
 649              		.file 24 "Middlewares/Third_Party/LwIP/src/include/lwip/ip.h"
 650              		.file 25 "Middlewares/Third_Party/LwIP/src/include/lwip/ip4.h"
ARM GAS  /tmp/ccjTY5KZ.s 			page 22


 651              		.file 26 "/opt/gcc-arm-none-eabi-9-2020-q2-update/arm-none-eabi/include/stdio.h"
 652              		.file 27 "<built-in>"
ARM GAS  /tmp/ccjTY5KZ.s 			page 23


DEFINED SYMBOLS
                            *ABS*:0000000000000000 icmp.c
     /tmp/ccjTY5KZ.s:16     .rodata.icmp_send_response.str1.4:0000000000000000 $d
     /tmp/ccjTY5KZ.s:26     .text.icmp_send_response:0000000000000000 $t
     /tmp/ccjTY5KZ.s:33     .text.icmp_send_response:0000000000000000 icmp_send_response
     /tmp/ccjTY5KZ.s:196    .text.icmp_send_response:0000000000000098 $d
     /tmp/ccjTY5KZ.s:203    .rodata.icmp_input.str1.4:0000000000000000 $d
     /tmp/ccjTY5KZ.s:212    .text.icmp_input:0000000000000000 $t
     /tmp/ccjTY5KZ.s:219    .text.icmp_input:0000000000000000 icmp_input
     /tmp/ccjTY5KZ.s:548    .text.icmp_input:0000000000000128 $d
     /tmp/ccjTY5KZ.s:558    .text.icmp_dest_unreach:0000000000000000 $t
     /tmp/ccjTY5KZ.s:565    .text.icmp_dest_unreach:0000000000000000 icmp_dest_unreach
     /tmp/ccjTY5KZ.s:592    .text.icmp_time_exceeded:0000000000000000 $t
     /tmp/ccjTY5KZ.s:599    .text.icmp_time_exceeded:0000000000000000 icmp_time_exceeded

UNDEFINED SYMBOLS
pbuf_alloc
ip4_route
ip4_output_if
pbuf_free
printf
ip4_addr_isbroadcast_u32
pbuf_header
memcpy
pbuf_copy
ip_data
