ARM GAS  /tmp/cca950ZJ.s 			page 1


   1              		.cpu cortex-m3
   2              		.eabi_attribute 20, 1
   3              		.eabi_attribute 21, 1
   4              		.eabi_attribute 23, 3
   5              		.eabi_attribute 24, 1
   6              		.eabi_attribute 25, 1
   7              		.eabi_attribute 26, 1
   8              		.eabi_attribute 30, 1
   9              		.eabi_attribute 34, 1
  10              		.eabi_attribute 18, 4
  11              		.file	"ip.c"
  12              		.text
  13              	.Ltext0:
  14              		.cfi_sections	.debug_frame
  15              		.comm	ip_data,24,4
  16              	.Letext0:
  17              		.file 1 "/opt/gcc-arm-none-eabi-9-2020-q2-update/arm-none-eabi/include/machine/_default_types.h"
  18              		.file 2 "/opt/gcc-arm-none-eabi-9-2020-q2-update/arm-none-eabi/include/sys/_stdint.h"
  19              		.file 3 "Drivers/CMSIS/Include/core_cm3.h"
  20              		.file 4 "Drivers/CMSIS/Device/ST/STM32F1xx/Include/system_stm32f1xx.h"
  21              		.file 5 "Drivers/STM32F1xx_HAL_Driver/Inc/stm32f1xx_hal.h"
  22              		.file 6 "/opt/gcc-arm-none-eabi-9-2020-q2-update/lib/gcc/arm-none-eabi/9.3.1/include/stddef.h"
  23              		.file 7 "/opt/gcc-arm-none-eabi-9-2020-q2-update/arm-none-eabi/include/sys/_types.h"
  24              		.file 8 "/opt/gcc-arm-none-eabi-9-2020-q2-update/arm-none-eabi/include/sys/reent.h"
  25              		.file 9 "/opt/gcc-arm-none-eabi-9-2020-q2-update/arm-none-eabi/include/sys/lock.h"
  26              		.file 10 "/opt/gcc-arm-none-eabi-9-2020-q2-update/arm-none-eabi/include/stdlib.h"
  27              		.file 11 "/opt/gcc-arm-none-eabi-9-2020-q2-update/arm-none-eabi/include/time.h"
  28              		.file 12 "Middlewares/Third_Party/LwIP/src/include/lwip/arch.h"
  29              		.file 13 "Middlewares/Third_Party/LwIP/src/include/lwip/ip4_addr.h"
  30              		.file 14 "Middlewares/Third_Party/LwIP/src/include/lwip/ip_addr.h"
  31              		.file 15 "Middlewares/Third_Party/LwIP/src/include/lwip/err.h"
  32              		.file 16 "Middlewares/Third_Party/LwIP/src/include/lwip/pbuf.h"
  33              		.file 17 "Middlewares/Third_Party/LwIP/src/include/lwip/memp.h"
  34              		.file 18 "Middlewares/Third_Party/LwIP/src/include/lwip/priv/memp_priv.h"
  35              		.file 19 "Middlewares/Third_Party/LwIP/src/include/lwip/netif.h"
  36              		.file 20 "Middlewares/Third_Party/LwIP/src/include/lwip/prot/ip4.h"
  37              		.file 21 "Middlewares/Third_Party/LwIP/src/include/lwip/ip.h"
  38              		.file 22 "Middlewares/Third_Party/LwIP/src/core/ip.c"
ARM GAS  /tmp/cca950ZJ.s 			page 2


DEFINED SYMBOLS
                            *ABS*:0000000000000000 ip.c
                            *COM*:0000000000000018 ip_data

NO UNDEFINED SYMBOLS
