ARM GAS  /tmp/ccOXC1yo.s 			page 1


   1              		.cpu cortex-m3
   2              		.eabi_attribute 20, 1
   3              		.eabi_attribute 21, 1
   4              		.eabi_attribute 23, 3
   5              		.eabi_attribute 24, 1
   6              		.eabi_attribute 25, 1
   7              		.eabi_attribute 26, 1
   8              		.eabi_attribute 30, 1
   9              		.eabi_attribute 34, 1
  10              		.eabi_attribute 18, 4
  11              		.file	"ip4_addr.c"
  12              		.text
  13              	.Ltext0:
  14              		.cfi_sections	.debug_frame
  15              		.section	.text.ip4_addr_isbroadcast_u32,"ax",%progbits
  16              		.align	1
  17              		.global	ip4_addr_isbroadcast_u32
  18              		.arch armv7-m
  19              		.syntax unified
  20              		.thumb
  21              		.thumb_func
  22              		.fpu softvfp
  24              	ip4_addr_isbroadcast_u32:
  25              	.LVL0:
  26              	.LFB90:
  27              		.file 1 "Middlewares/Third_Party/LwIP/src/core/ipv4/ip4_addr.c"
   1:Middlewares/Third_Party/LwIP/src/core/ipv4/ip4_addr.c **** /**
   2:Middlewares/Third_Party/LwIP/src/core/ipv4/ip4_addr.c ****  * @file
   3:Middlewares/Third_Party/LwIP/src/core/ipv4/ip4_addr.c ****  * This is the IPv4 address tools implementation.
   4:Middlewares/Third_Party/LwIP/src/core/ipv4/ip4_addr.c ****  *
   5:Middlewares/Third_Party/LwIP/src/core/ipv4/ip4_addr.c ****  */
   6:Middlewares/Third_Party/LwIP/src/core/ipv4/ip4_addr.c **** 
   7:Middlewares/Third_Party/LwIP/src/core/ipv4/ip4_addr.c **** /*
   8:Middlewares/Third_Party/LwIP/src/core/ipv4/ip4_addr.c ****  * Copyright (c) 2001-2004 Swedish Institute of Computer Science.
   9:Middlewares/Third_Party/LwIP/src/core/ipv4/ip4_addr.c ****  * All rights reserved.
  10:Middlewares/Third_Party/LwIP/src/core/ipv4/ip4_addr.c ****  *
  11:Middlewares/Third_Party/LwIP/src/core/ipv4/ip4_addr.c ****  * Redistribution and use in source and binary forms, with or without modification,
  12:Middlewares/Third_Party/LwIP/src/core/ipv4/ip4_addr.c ****  * are permitted provided that the following conditions are met:
  13:Middlewares/Third_Party/LwIP/src/core/ipv4/ip4_addr.c ****  *
  14:Middlewares/Third_Party/LwIP/src/core/ipv4/ip4_addr.c ****  * 1. Redistributions of source code must retain the above copyright notice,
  15:Middlewares/Third_Party/LwIP/src/core/ipv4/ip4_addr.c ****  *    this list of conditions and the following disclaimer.
  16:Middlewares/Third_Party/LwIP/src/core/ipv4/ip4_addr.c ****  * 2. Redistributions in binary form must reproduce the above copyright notice,
  17:Middlewares/Third_Party/LwIP/src/core/ipv4/ip4_addr.c ****  *    this list of conditions and the following disclaimer in the documentation
  18:Middlewares/Third_Party/LwIP/src/core/ipv4/ip4_addr.c ****  *    and/or other materials provided with the distribution.
  19:Middlewares/Third_Party/LwIP/src/core/ipv4/ip4_addr.c ****  * 3. The name of the author may not be used to endorse or promote products
  20:Middlewares/Third_Party/LwIP/src/core/ipv4/ip4_addr.c ****  *    derived from this software without specific prior written permission.
  21:Middlewares/Third_Party/LwIP/src/core/ipv4/ip4_addr.c ****  *
  22:Middlewares/Third_Party/LwIP/src/core/ipv4/ip4_addr.c ****  * THIS SOFTWARE IS PROVIDED BY THE AUTHOR ``AS IS'' AND ANY EXPRESS OR IMPLIED
  23:Middlewares/Third_Party/LwIP/src/core/ipv4/ip4_addr.c ****  * WARRANTIES, INCLUDING, BUT NOT LIMITED TO, THE IMPLIED WARRANTIES OF
  24:Middlewares/Third_Party/LwIP/src/core/ipv4/ip4_addr.c ****  * MERCHANTABILITY AND FITNESS FOR A PARTICULAR PURPOSE ARE DISCLAIMED. IN NO EVENT
  25:Middlewares/Third_Party/LwIP/src/core/ipv4/ip4_addr.c ****  * SHALL THE AUTHOR BE LIABLE FOR ANY DIRECT, INDIRECT, INCIDENTAL, SPECIAL,
  26:Middlewares/Third_Party/LwIP/src/core/ipv4/ip4_addr.c ****  * EXEMPLARY, OR CONSEQUENTIAL DAMAGES (INCLUDING, BUT NOT LIMITED TO, PROCUREMENT
  27:Middlewares/Third_Party/LwIP/src/core/ipv4/ip4_addr.c ****  * OF SUBSTITUTE GOODS OR SERVICES; LOSS OF USE, DATA, OR PROFITS; OR BUSINESS
  28:Middlewares/Third_Party/LwIP/src/core/ipv4/ip4_addr.c ****  * INTERRUPTION) HOWEVER CAUSED AND ON ANY THEORY OF LIABILITY, WHETHER IN
  29:Middlewares/Third_Party/LwIP/src/core/ipv4/ip4_addr.c ****  * CONTRACT, STRICT LIABILITY, OR TORT (INCLUDING NEGLIGENCE OR OTHERWISE) ARISING
  30:Middlewares/Third_Party/LwIP/src/core/ipv4/ip4_addr.c ****  * IN ANY WAY OUT OF THE USE OF THIS SOFTWARE, EVEN IF ADVISED OF THE POSSIBILITY
  31:Middlewares/Third_Party/LwIP/src/core/ipv4/ip4_addr.c ****  * OF SUCH DAMAGE.
ARM GAS  /tmp/ccOXC1yo.s 			page 2


  32:Middlewares/Third_Party/LwIP/src/core/ipv4/ip4_addr.c ****  *
  33:Middlewares/Third_Party/LwIP/src/core/ipv4/ip4_addr.c ****  * This file is part of the lwIP TCP/IP stack.
  34:Middlewares/Third_Party/LwIP/src/core/ipv4/ip4_addr.c ****  *
  35:Middlewares/Third_Party/LwIP/src/core/ipv4/ip4_addr.c ****  * Author: Adam Dunkels <adam@sics.se>
  36:Middlewares/Third_Party/LwIP/src/core/ipv4/ip4_addr.c ****  *
  37:Middlewares/Third_Party/LwIP/src/core/ipv4/ip4_addr.c ****  */
  38:Middlewares/Third_Party/LwIP/src/core/ipv4/ip4_addr.c **** 
  39:Middlewares/Third_Party/LwIP/src/core/ipv4/ip4_addr.c **** #include "lwip/opt.h"
  40:Middlewares/Third_Party/LwIP/src/core/ipv4/ip4_addr.c **** 
  41:Middlewares/Third_Party/LwIP/src/core/ipv4/ip4_addr.c **** #if LWIP_IPV4
  42:Middlewares/Third_Party/LwIP/src/core/ipv4/ip4_addr.c **** 
  43:Middlewares/Third_Party/LwIP/src/core/ipv4/ip4_addr.c **** #include "lwip/ip_addr.h"
  44:Middlewares/Third_Party/LwIP/src/core/ipv4/ip4_addr.c **** #include "lwip/netif.h"
  45:Middlewares/Third_Party/LwIP/src/core/ipv4/ip4_addr.c **** 
  46:Middlewares/Third_Party/LwIP/src/core/ipv4/ip4_addr.c **** /* used by IP4_ADDR_ANY and IP_ADDR_BROADCAST in ip_addr.h */
  47:Middlewares/Third_Party/LwIP/src/core/ipv4/ip4_addr.c **** const ip_addr_t ip_addr_any = IPADDR4_INIT(IPADDR_ANY);
  48:Middlewares/Third_Party/LwIP/src/core/ipv4/ip4_addr.c **** const ip_addr_t ip_addr_broadcast = IPADDR4_INIT(IPADDR_BROADCAST);
  49:Middlewares/Third_Party/LwIP/src/core/ipv4/ip4_addr.c **** 
  50:Middlewares/Third_Party/LwIP/src/core/ipv4/ip4_addr.c **** /**
  51:Middlewares/Third_Party/LwIP/src/core/ipv4/ip4_addr.c ****  * Determine if an address is a broadcast address on a network interface
  52:Middlewares/Third_Party/LwIP/src/core/ipv4/ip4_addr.c ****  *
  53:Middlewares/Third_Party/LwIP/src/core/ipv4/ip4_addr.c ****  * @param addr address to be checked
  54:Middlewares/Third_Party/LwIP/src/core/ipv4/ip4_addr.c ****  * @param netif the network interface against which the address is checked
  55:Middlewares/Third_Party/LwIP/src/core/ipv4/ip4_addr.c ****  * @return returns non-zero if the address is a broadcast address
  56:Middlewares/Third_Party/LwIP/src/core/ipv4/ip4_addr.c ****  */
  57:Middlewares/Third_Party/LwIP/src/core/ipv4/ip4_addr.c **** u8_t
  58:Middlewares/Third_Party/LwIP/src/core/ipv4/ip4_addr.c **** ip4_addr_isbroadcast_u32(u32_t addr, const struct netif *netif)
  59:Middlewares/Third_Party/LwIP/src/core/ipv4/ip4_addr.c **** {
  28              		.loc 1 59 1 view -0
  29              		.cfi_startproc
  30              		@ args = 0, pretend = 0, frame = 0
  31              		@ frame_needed = 0, uses_anonymous_args = 0
  32              		@ link register save eliminated.
  33              		.loc 1 59 1 is_stmt 0 view .LVU1
  34 0000 0346     		mov	r3, r0
  60:Middlewares/Third_Party/LwIP/src/core/ipv4/ip4_addr.c ****   ip4_addr_t ipaddr;
  35              		.loc 1 60 3 is_stmt 1 view .LVU2
  61:Middlewares/Third_Party/LwIP/src/core/ipv4/ip4_addr.c ****   ip4_addr_set_u32(&ipaddr, addr);
  36              		.loc 1 61 3 view .LVU3
  62:Middlewares/Third_Party/LwIP/src/core/ipv4/ip4_addr.c **** 
  63:Middlewares/Third_Party/LwIP/src/core/ipv4/ip4_addr.c ****   /* all ones (broadcast) or all zeroes (old skool broadcast) */
  64:Middlewares/Third_Party/LwIP/src/core/ipv4/ip4_addr.c ****   if ((~addr == IPADDR_ANY) ||
  37              		.loc 1 64 3 view .LVU4
  38              		.loc 1 64 29 is_stmt 0 view .LVU5
  39 0002 421E     		subs	r2, r0, #1
  40              		.loc 1 64 6 view .LVU6
  41 0004 12F1030F 		cmn	r2, #3
  42 0008 12D8     		bhi	.L3
  65:Middlewares/Third_Party/LwIP/src/core/ipv4/ip4_addr.c ****       (addr == IPADDR_ANY)) {
  66:Middlewares/Third_Party/LwIP/src/core/ipv4/ip4_addr.c ****     return 1;
  67:Middlewares/Third_Party/LwIP/src/core/ipv4/ip4_addr.c ****   /* no broadcast support on this network interface? */
  68:Middlewares/Third_Party/LwIP/src/core/ipv4/ip4_addr.c ****   } else if ((netif->flags & NETIF_FLAG_BROADCAST) == 0) {
  43              		.loc 1 68 10 is_stmt 1 view .LVU7
  44              		.loc 1 68 20 is_stmt 0 view .LVU8
  45 000a 91F82F00 		ldrb	r0, [r1, #47]	@ zero_extendqisi2
  46              	.LVL1:
  47              		.loc 1 68 13 view .LVU9
ARM GAS  /tmp/ccOXC1yo.s 			page 3


  48 000e 10F00200 		ands	r0, r0, #2
  49 0012 14D0     		beq	.L2
  69:Middlewares/Third_Party/LwIP/src/core/ipv4/ip4_addr.c ****     /* the given address cannot be a broadcast address
  70:Middlewares/Third_Party/LwIP/src/core/ipv4/ip4_addr.c ****      * nor can we check against any broadcast addresses */
  71:Middlewares/Third_Party/LwIP/src/core/ipv4/ip4_addr.c ****     return 0;
  72:Middlewares/Third_Party/LwIP/src/core/ipv4/ip4_addr.c ****   /* address matches network interface address exactly? => no broadcast */
  73:Middlewares/Third_Party/LwIP/src/core/ipv4/ip4_addr.c ****   } else if (addr == ip4_addr_get_u32(netif_ip4_addr(netif))) {
  50              		.loc 1 73 10 is_stmt 1 view .LVU10
  51              		.loc 1 73 22 is_stmt 0 view .LVU11
  52 0014 4A68     		ldr	r2, [r1, #4]
  53              		.loc 1 73 13 view .LVU12
  54 0016 9A42     		cmp	r2, r3
  55 0018 0CD0     		beq	.L4
  74:Middlewares/Third_Party/LwIP/src/core/ipv4/ip4_addr.c ****     return 0;
  75:Middlewares/Third_Party/LwIP/src/core/ipv4/ip4_addr.c ****   /*  on the same (sub) network... */
  76:Middlewares/Third_Party/LwIP/src/core/ipv4/ip4_addr.c ****   } else if (ip4_addr_netcmp(&ipaddr, netif_ip4_addr(netif), netif_ip4_netmask(netif))
  56              		.loc 1 76 10 is_stmt 1 view .LVU13
  57              		.loc 1 76 14 is_stmt 0 view .LVU14
  58 001a 8868     		ldr	r0, [r1, #8]
  59 001c 5A40     		eors	r2, r2, r3
  60              		.loc 1 76 13 view .LVU15
  61 001e 0242     		tst	r2, r0
  62 0020 0AD1     		bne	.L5
  77:Middlewares/Third_Party/LwIP/src/core/ipv4/ip4_addr.c ****          /* ...and host identifier bits are all ones? =>... */
  78:Middlewares/Third_Party/LwIP/src/core/ipv4/ip4_addr.c ****           && ((addr & ~ip4_addr_get_u32(netif_ip4_netmask(netif))) ==
  63              		.loc 1 78 23 view .LVU16
  64 0022 C243     		mvns	r2, r0
  65              		.loc 1 78 21 view .LVU17
  66 0024 23EA0003 		bic	r3, r3, r0
  67              	.LVL2:
  68              		.loc 1 78 11 view .LVU18
  69 0028 9A42     		cmp	r2, r3
  70 002a 07D0     		beq	.L6
  79:Middlewares/Third_Party/LwIP/src/core/ipv4/ip4_addr.c ****            (IPADDR_BROADCAST & ~ip4_addr_get_u32(netif_ip4_netmask(netif))))) {
  80:Middlewares/Third_Party/LwIP/src/core/ipv4/ip4_addr.c ****     /* => network broadcast address */
  81:Middlewares/Third_Party/LwIP/src/core/ipv4/ip4_addr.c ****     return 1;
  82:Middlewares/Third_Party/LwIP/src/core/ipv4/ip4_addr.c ****   } else {
  83:Middlewares/Third_Party/LwIP/src/core/ipv4/ip4_addr.c ****     return 0;
  71              		.loc 1 83 12 view .LVU19
  72 002c 0020     		movs	r0, #0
  73 002e 7047     		bx	lr
  74              	.LVL3:
  75              	.L3:
  66:Middlewares/Third_Party/LwIP/src/core/ipv4/ip4_addr.c ****   /* no broadcast support on this network interface? */
  76              		.loc 1 66 12 view .LVU20
  77 0030 0120     		movs	r0, #1
  78              	.LVL4:
  66:Middlewares/Third_Party/LwIP/src/core/ipv4/ip4_addr.c ****   /* no broadcast support on this network interface? */
  79              		.loc 1 66 12 view .LVU21
  80 0032 7047     		bx	lr
  81              	.L4:
  74:Middlewares/Third_Party/LwIP/src/core/ipv4/ip4_addr.c ****   /*  on the same (sub) network... */
  82              		.loc 1 74 12 view .LVU22
  83 0034 0020     		movs	r0, #0
  84 0036 7047     		bx	lr
  85              	.L5:
  86              		.loc 1 83 12 view .LVU23
ARM GAS  /tmp/ccOXC1yo.s 			page 4


  87 0038 0020     		movs	r0, #0
  88 003a 7047     		bx	lr
  89              	.LVL5:
  90              	.L6:
  81:Middlewares/Third_Party/LwIP/src/core/ipv4/ip4_addr.c ****   } else {
  91              		.loc 1 81 12 view .LVU24
  92 003c 0120     		movs	r0, #1
  93              	.L2:
  84:Middlewares/Third_Party/LwIP/src/core/ipv4/ip4_addr.c ****   }
  85:Middlewares/Third_Party/LwIP/src/core/ipv4/ip4_addr.c **** }
  94              		.loc 1 85 1 view .LVU25
  95 003e 7047     		bx	lr
  96              		.cfi_endproc
  97              	.LFE90:
  99              		.section	.text.ip4_addr_netmask_valid,"ax",%progbits
 100              		.align	1
 101              		.global	ip4_addr_netmask_valid
 102              		.syntax unified
 103              		.thumb
 104              		.thumb_func
 105              		.fpu softvfp
 107              	ip4_addr_netmask_valid:
 108              	.LVL6:
 109              	.LFB91:
  86:Middlewares/Third_Party/LwIP/src/core/ipv4/ip4_addr.c **** 
  87:Middlewares/Third_Party/LwIP/src/core/ipv4/ip4_addr.c **** /** Checks if a netmask is valid (starting with ones, then only zeros)
  88:Middlewares/Third_Party/LwIP/src/core/ipv4/ip4_addr.c ****  *
  89:Middlewares/Third_Party/LwIP/src/core/ipv4/ip4_addr.c ****  * @param netmask the IPv4 netmask to check (in network byte order!)
  90:Middlewares/Third_Party/LwIP/src/core/ipv4/ip4_addr.c ****  * @return 1 if the netmask is valid, 0 if it is not
  91:Middlewares/Third_Party/LwIP/src/core/ipv4/ip4_addr.c ****  */
  92:Middlewares/Third_Party/LwIP/src/core/ipv4/ip4_addr.c **** u8_t
  93:Middlewares/Third_Party/LwIP/src/core/ipv4/ip4_addr.c **** ip4_addr_netmask_valid(u32_t netmask)
  94:Middlewares/Third_Party/LwIP/src/core/ipv4/ip4_addr.c **** {
 110              		.loc 1 94 1 is_stmt 1 view -0
 111              		.cfi_startproc
 112              		@ args = 0, pretend = 0, frame = 0
 113              		@ frame_needed = 0, uses_anonymous_args = 0
 114              		.loc 1 94 1 is_stmt 0 view .LVU27
 115 0000 08B5     		push	{r3, lr}
 116              	.LCFI0:
 117              		.cfi_def_cfa_offset 8
 118              		.cfi_offset 3, -8
 119              		.cfi_offset 14, -4
  95:Middlewares/Third_Party/LwIP/src/core/ipv4/ip4_addr.c ****   u32_t mask;
 120              		.loc 1 95 3 is_stmt 1 view .LVU28
  96:Middlewares/Third_Party/LwIP/src/core/ipv4/ip4_addr.c ****   u32_t nm_hostorder = lwip_htonl(netmask);
 121              		.loc 1 96 3 view .LVU29
 122              		.loc 1 96 24 is_stmt 0 view .LVU30
 123 0002 FFF7FEFF 		bl	lwip_htonl
 124              	.LVL7:
  97:Middlewares/Third_Party/LwIP/src/core/ipv4/ip4_addr.c **** 
  98:Middlewares/Third_Party/LwIP/src/core/ipv4/ip4_addr.c ****   /* first, check for the first zero */
  99:Middlewares/Third_Party/LwIP/src/core/ipv4/ip4_addr.c ****   for (mask = 1UL << 31 ; mask != 0; mask >>= 1) {
 125              		.loc 1 99 3 is_stmt 1 view .LVU31
 126              		.loc 1 99 13 is_stmt 0 view .LVU32
 127 0006 4FF00043 		mov	r3, #-2147483648
 128              	.LVL8:
ARM GAS  /tmp/ccOXC1yo.s 			page 5


 129              	.L8:
 130              		.loc 1 99 27 is_stmt 1 discriminator 1 view .LVU33
 131              		.loc 1 99 3 is_stmt 0 discriminator 1 view .LVU34
 132 000a 1BB1     		cbz	r3, .L12
 100:Middlewares/Third_Party/LwIP/src/core/ipv4/ip4_addr.c ****     if ((nm_hostorder & mask) == 0) {
 133              		.loc 1 100 5 is_stmt 1 view .LVU35
 134              		.loc 1 100 8 is_stmt 0 view .LVU36
 135 000c 0342     		tst	r3, r0
 136 000e 01D0     		beq	.L12
  99:Middlewares/Third_Party/LwIP/src/core/ipv4/ip4_addr.c ****     if ((nm_hostorder & mask) == 0) {
 137              		.loc 1 99 38 is_stmt 1 discriminator 2 view .LVU37
  99:Middlewares/Third_Party/LwIP/src/core/ipv4/ip4_addr.c ****     if ((nm_hostorder & mask) == 0) {
 138              		.loc 1 99 43 is_stmt 0 discriminator 2 view .LVU38
 139 0010 5B08     		lsrs	r3, r3, #1
 140              	.LVL9:
  99:Middlewares/Third_Party/LwIP/src/core/ipv4/ip4_addr.c ****     if ((nm_hostorder & mask) == 0) {
 141              		.loc 1 99 43 discriminator 2 view .LVU39
 142 0012 FAE7     		b	.L8
 143              	.L12:
 101:Middlewares/Third_Party/LwIP/src/core/ipv4/ip4_addr.c ****       break;
 102:Middlewares/Third_Party/LwIP/src/core/ipv4/ip4_addr.c ****     }
 103:Middlewares/Third_Party/LwIP/src/core/ipv4/ip4_addr.c ****   }
 104:Middlewares/Third_Party/LwIP/src/core/ipv4/ip4_addr.c ****   /* then check that there is no one */
 105:Middlewares/Third_Party/LwIP/src/core/ipv4/ip4_addr.c ****   for (; mask != 0; mask >>= 1) {
 144              		.loc 1 105 10 is_stmt 1 discriminator 1 view .LVU40
 145              		.loc 1 105 3 is_stmt 0 discriminator 1 view .LVU41
 146 0014 1BB1     		cbz	r3, .L16
 106:Middlewares/Third_Party/LwIP/src/core/ipv4/ip4_addr.c ****     if ((nm_hostorder & mask) != 0) {
 147              		.loc 1 106 5 is_stmt 1 view .LVU42
 148              		.loc 1 106 8 is_stmt 0 view .LVU43
 149 0016 0342     		tst	r3, r0
 150 0018 03D1     		bne	.L14
 105:Middlewares/Third_Party/LwIP/src/core/ipv4/ip4_addr.c ****     if ((nm_hostorder & mask) != 0) {
 151              		.loc 1 105 21 is_stmt 1 view .LVU44
 105:Middlewares/Third_Party/LwIP/src/core/ipv4/ip4_addr.c ****     if ((nm_hostorder & mask) != 0) {
 152              		.loc 1 105 26 is_stmt 0 view .LVU45
 153 001a 5B08     		lsrs	r3, r3, #1
 154              	.LVL10:
 105:Middlewares/Third_Party/LwIP/src/core/ipv4/ip4_addr.c ****     if ((nm_hostorder & mask) != 0) {
 155              		.loc 1 105 26 view .LVU46
 156 001c FAE7     		b	.L12
 157              	.L16:
 107:Middlewares/Third_Party/LwIP/src/core/ipv4/ip4_addr.c ****       /* there is a one after the first zero -> invalid */
 108:Middlewares/Third_Party/LwIP/src/core/ipv4/ip4_addr.c ****       return 0;
 109:Middlewares/Third_Party/LwIP/src/core/ipv4/ip4_addr.c ****     }
 110:Middlewares/Third_Party/LwIP/src/core/ipv4/ip4_addr.c ****   }
 111:Middlewares/Third_Party/LwIP/src/core/ipv4/ip4_addr.c ****   /* no one after the first zero -> valid */
 112:Middlewares/Third_Party/LwIP/src/core/ipv4/ip4_addr.c ****   return 1;
 158              		.loc 1 112 10 view .LVU47
 159 001e 0120     		movs	r0, #1
 160              	.LVL11:
 161              	.L11:
 113:Middlewares/Third_Party/LwIP/src/core/ipv4/ip4_addr.c **** }
 162              		.loc 1 113 1 view .LVU48
 163 0020 08BD     		pop	{r3, pc}
 164              	.LVL12:
 165              	.L14:
ARM GAS  /tmp/ccOXC1yo.s 			page 6


 108:Middlewares/Third_Party/LwIP/src/core/ipv4/ip4_addr.c ****     }
 166              		.loc 1 108 14 view .LVU49
 167 0022 0020     		movs	r0, #0
 168              	.LVL13:
 108:Middlewares/Third_Party/LwIP/src/core/ipv4/ip4_addr.c ****     }
 169              		.loc 1 108 14 view .LVU50
 170 0024 FCE7     		b	.L11
 171              		.cfi_endproc
 172              	.LFE91:
 174              		.section	.rodata.ip4addr_aton.str1.4,"aMS",%progbits,1
 175              		.align	2
 176              	.LC0:
 177 0000 4D696464 		.ascii	"Middlewares/Third_Party/LwIP/src/core/ipv4/ip4_addr"
 177      6C657761 
 177      7265732F 
 177      54686972 
 177      645F5061 
 178 0033 2E6300   		.ascii	".c\000"
 179 0036 0000     		.align	2
 180              	.LC1:
 181 0038 756E6861 		.ascii	"unhandled\000"
 181      6E646C65 
 181      6400
 182 0042 0000     		.align	2
 183              	.LC2:
 184 0044 41737365 		.ascii	"Assertion \"%s\" failed at line %d in %s\012\000"
 184      7274696F 
 184      6E202225 
 184      73222066 
 184      61696C65 
 185              		.section	.text.ip4addr_aton,"ax",%progbits
 186              		.align	1
 187              		.global	ip4addr_aton
 188              		.syntax unified
 189              		.thumb
 190              		.thumb_func
 191              		.fpu softvfp
 193              	ip4addr_aton:
 194              	.LVL14:
 195              	.LFB93:
 114:Middlewares/Third_Party/LwIP/src/core/ipv4/ip4_addr.c **** 
 115:Middlewares/Third_Party/LwIP/src/core/ipv4/ip4_addr.c **** /* Here for now until needed in other places in lwIP */
 116:Middlewares/Third_Party/LwIP/src/core/ipv4/ip4_addr.c **** #ifndef isprint
 117:Middlewares/Third_Party/LwIP/src/core/ipv4/ip4_addr.c **** #define in_range(c, lo, up)  ((u8_t)c >= lo && (u8_t)c <= up)
 118:Middlewares/Third_Party/LwIP/src/core/ipv4/ip4_addr.c **** #define isprint(c)           in_range(c, 0x20, 0x7f)
 119:Middlewares/Third_Party/LwIP/src/core/ipv4/ip4_addr.c **** #define isdigit(c)           in_range(c, '0', '9')
 120:Middlewares/Third_Party/LwIP/src/core/ipv4/ip4_addr.c **** #define isxdigit(c)          (isdigit(c) || in_range(c, 'a', 'f') || in_range(c, 'A', 'F'))
 121:Middlewares/Third_Party/LwIP/src/core/ipv4/ip4_addr.c **** #define islower(c)           in_range(c, 'a', 'z')
 122:Middlewares/Third_Party/LwIP/src/core/ipv4/ip4_addr.c **** #define isspace(c)           (c == ' ' || c == '\f' || c == '\n' || c == '\r' || c == '\t' || c == 
 123:Middlewares/Third_Party/LwIP/src/core/ipv4/ip4_addr.c **** #endif
 124:Middlewares/Third_Party/LwIP/src/core/ipv4/ip4_addr.c **** 
 125:Middlewares/Third_Party/LwIP/src/core/ipv4/ip4_addr.c **** /**
 126:Middlewares/Third_Party/LwIP/src/core/ipv4/ip4_addr.c ****  * Ascii internet address interpretation routine.
 127:Middlewares/Third_Party/LwIP/src/core/ipv4/ip4_addr.c ****  * The value returned is in network order.
 128:Middlewares/Third_Party/LwIP/src/core/ipv4/ip4_addr.c ****  *
 129:Middlewares/Third_Party/LwIP/src/core/ipv4/ip4_addr.c ****  * @param cp IP address in ascii representation (e.g. "127.0.0.1")
 130:Middlewares/Third_Party/LwIP/src/core/ipv4/ip4_addr.c ****  * @return ip address in network order
ARM GAS  /tmp/ccOXC1yo.s 			page 7


 131:Middlewares/Third_Party/LwIP/src/core/ipv4/ip4_addr.c ****  */
 132:Middlewares/Third_Party/LwIP/src/core/ipv4/ip4_addr.c **** u32_t
 133:Middlewares/Third_Party/LwIP/src/core/ipv4/ip4_addr.c **** ipaddr_addr(const char *cp)
 134:Middlewares/Third_Party/LwIP/src/core/ipv4/ip4_addr.c **** {
 135:Middlewares/Third_Party/LwIP/src/core/ipv4/ip4_addr.c ****   ip4_addr_t val;
 136:Middlewares/Third_Party/LwIP/src/core/ipv4/ip4_addr.c **** 
 137:Middlewares/Third_Party/LwIP/src/core/ipv4/ip4_addr.c ****   if (ip4addr_aton(cp, &val)) {
 138:Middlewares/Third_Party/LwIP/src/core/ipv4/ip4_addr.c ****     return ip4_addr_get_u32(&val);
 139:Middlewares/Third_Party/LwIP/src/core/ipv4/ip4_addr.c ****   }
 140:Middlewares/Third_Party/LwIP/src/core/ipv4/ip4_addr.c ****   return (IPADDR_NONE);
 141:Middlewares/Third_Party/LwIP/src/core/ipv4/ip4_addr.c **** }
 142:Middlewares/Third_Party/LwIP/src/core/ipv4/ip4_addr.c **** 
 143:Middlewares/Third_Party/LwIP/src/core/ipv4/ip4_addr.c **** /**
 144:Middlewares/Third_Party/LwIP/src/core/ipv4/ip4_addr.c ****  * Check whether "cp" is a valid ascii representation
 145:Middlewares/Third_Party/LwIP/src/core/ipv4/ip4_addr.c ****  * of an Internet address and convert to a binary address.
 146:Middlewares/Third_Party/LwIP/src/core/ipv4/ip4_addr.c ****  * Returns 1 if the address is valid, 0 if not.
 147:Middlewares/Third_Party/LwIP/src/core/ipv4/ip4_addr.c ****  * This replaces inet_addr, the return value from which
 148:Middlewares/Third_Party/LwIP/src/core/ipv4/ip4_addr.c ****  * cannot distinguish between failure and a local broadcast address.
 149:Middlewares/Third_Party/LwIP/src/core/ipv4/ip4_addr.c ****  *
 150:Middlewares/Third_Party/LwIP/src/core/ipv4/ip4_addr.c ****  * @param cp IP address in ascii representation (e.g. "127.0.0.1")
 151:Middlewares/Third_Party/LwIP/src/core/ipv4/ip4_addr.c ****  * @param addr pointer to which to save the ip address in network order
 152:Middlewares/Third_Party/LwIP/src/core/ipv4/ip4_addr.c ****  * @return 1 if cp could be converted to addr, 0 on failure
 153:Middlewares/Third_Party/LwIP/src/core/ipv4/ip4_addr.c ****  */
 154:Middlewares/Third_Party/LwIP/src/core/ipv4/ip4_addr.c **** int
 155:Middlewares/Third_Party/LwIP/src/core/ipv4/ip4_addr.c **** ip4addr_aton(const char *cp, ip4_addr_t *addr)
 156:Middlewares/Third_Party/LwIP/src/core/ipv4/ip4_addr.c **** {
 196              		.loc 1 156 1 is_stmt 1 view -0
 197              		.cfi_startproc
 198              		@ args = 0, pretend = 0, frame = 16
 199              		@ frame_needed = 0, uses_anonymous_args = 0
 200              		.loc 1 156 1 is_stmt 0 view .LVU52
 201 0000 70B5     		push	{r4, r5, r6, lr}
 202              	.LCFI1:
 203              		.cfi_def_cfa_offset 16
 204              		.cfi_offset 4, -16
 205              		.cfi_offset 5, -12
 206              		.cfi_offset 6, -8
 207              		.cfi_offset 14, -4
 208 0002 84B0     		sub	sp, sp, #16
 209              	.LCFI2:
 210              		.cfi_def_cfa_offset 32
 211 0004 0C46     		mov	r4, r1
 157:Middlewares/Third_Party/LwIP/src/core/ipv4/ip4_addr.c ****   u32_t val;
 212              		.loc 1 157 3 is_stmt 1 view .LVU53
 158:Middlewares/Third_Party/LwIP/src/core/ipv4/ip4_addr.c ****   u8_t base;
 213              		.loc 1 158 3 view .LVU54
 159:Middlewares/Third_Party/LwIP/src/core/ipv4/ip4_addr.c ****   char c;
 214              		.loc 1 159 3 view .LVU55
 160:Middlewares/Third_Party/LwIP/src/core/ipv4/ip4_addr.c ****   u32_t parts[4];
 215              		.loc 1 160 3 view .LVU56
 161:Middlewares/Third_Party/LwIP/src/core/ipv4/ip4_addr.c ****   u32_t *pp = parts;
 216              		.loc 1 161 3 view .LVU57
 217              	.LVL15:
 162:Middlewares/Third_Party/LwIP/src/core/ipv4/ip4_addr.c **** 
 163:Middlewares/Third_Party/LwIP/src/core/ipv4/ip4_addr.c ****   c = *cp;
 218              		.loc 1 163 3 view .LVU58
 219              		.loc 1 163 5 is_stmt 0 view .LVU59
ARM GAS  /tmp/ccOXC1yo.s 			page 8


 220 0006 0378     		ldrb	r3, [r0]	@ zero_extendqisi2
 221              	.LVL16:
 161:Middlewares/Third_Party/LwIP/src/core/ipv4/ip4_addr.c ****   u32_t *pp = parts;
 222              		.loc 1 161 10 view .LVU60
 223 0008 6E46     		mov	r6, sp
 224 000a 3BE0     		b	.L28
 225              	.LVL17:
 226              	.L53:
 164:Middlewares/Third_Party/LwIP/src/core/ipv4/ip4_addr.c ****   for (;;) {
 165:Middlewares/Third_Party/LwIP/src/core/ipv4/ip4_addr.c ****     /*
 166:Middlewares/Third_Party/LwIP/src/core/ipv4/ip4_addr.c ****      * Collect number up to ``.''.
 167:Middlewares/Third_Party/LwIP/src/core/ipv4/ip4_addr.c ****      * Values are specified as for C:
 168:Middlewares/Third_Party/LwIP/src/core/ipv4/ip4_addr.c ****      * 0x=hex, 0=octal, 1-9=decimal.
 169:Middlewares/Third_Party/LwIP/src/core/ipv4/ip4_addr.c ****      */
 170:Middlewares/Third_Party/LwIP/src/core/ipv4/ip4_addr.c ****     if (!isdigit(c)) {
 171:Middlewares/Third_Party/LwIP/src/core/ipv4/ip4_addr.c ****       return 0;
 172:Middlewares/Third_Party/LwIP/src/core/ipv4/ip4_addr.c ****     }
 173:Middlewares/Third_Party/LwIP/src/core/ipv4/ip4_addr.c ****     val = 0;
 174:Middlewares/Third_Party/LwIP/src/core/ipv4/ip4_addr.c ****     base = 10;
 175:Middlewares/Third_Party/LwIP/src/core/ipv4/ip4_addr.c ****     if (c == '0') {
 176:Middlewares/Third_Party/LwIP/src/core/ipv4/ip4_addr.c ****       c = *++cp;
 227              		.loc 1 176 7 is_stmt 1 view .LVU61
 228              		.loc 1 176 9 is_stmt 0 view .LVU62
 229 000c 421C     		adds	r2, r0, #1
 230              	.LVL18:
 231              		.loc 1 176 9 view .LVU63
 232 000e 4378     		ldrb	r3, [r0, #1]	@ zero_extendqisi2
 233              	.LVL19:
 177:Middlewares/Third_Party/LwIP/src/core/ipv4/ip4_addr.c ****       if (c == 'x' || c == 'X') {
 234              		.loc 1 177 7 is_stmt 1 view .LVU64
 235              		.loc 1 177 10 is_stmt 0 view .LVU65
 236 0010 782B     		cmp	r3, #120
 237 0012 04D0     		beq	.L20
 238              		.loc 1 177 20 discriminator 1 view .LVU66
 239 0014 582B     		cmp	r3, #88
 240 0016 02D0     		beq	.L20
 176:Middlewares/Third_Party/LwIP/src/core/ipv4/ip4_addr.c ****       if (c == 'x' || c == 'X') {
 241              		.loc 1 176 9 view .LVU67
 242 0018 1046     		mov	r0, r2
 178:Middlewares/Third_Party/LwIP/src/core/ipv4/ip4_addr.c ****         base = 16;
 179:Middlewares/Third_Party/LwIP/src/core/ipv4/ip4_addr.c ****         c = *++cp;
 180:Middlewares/Third_Party/LwIP/src/core/ipv4/ip4_addr.c ****       } else {
 181:Middlewares/Third_Party/LwIP/src/core/ipv4/ip4_addr.c ****         base = 8;
 243              		.loc 1 181 14 view .LVU68
 244 001a 0821     		movs	r1, #8
 245 001c 3AE0     		b	.L19
 246              	.L20:
 178:Middlewares/Third_Party/LwIP/src/core/ipv4/ip4_addr.c ****         base = 16;
 247              		.loc 1 178 9 is_stmt 1 view .LVU69
 248              	.LVL20:
 179:Middlewares/Third_Party/LwIP/src/core/ipv4/ip4_addr.c ****       } else {
 249              		.loc 1 179 9 view .LVU70
 179:Middlewares/Third_Party/LwIP/src/core/ipv4/ip4_addr.c ****       } else {
 250              		.loc 1 179 11 is_stmt 0 view .LVU71
 251 001e 8378     		ldrb	r3, [r0, #2]	@ zero_extendqisi2
 252              	.LVL21:
 179:Middlewares/Third_Party/LwIP/src/core/ipv4/ip4_addr.c ****       } else {
ARM GAS  /tmp/ccOXC1yo.s 			page 9


 253              		.loc 1 179 11 view .LVU72
 254 0020 0230     		adds	r0, r0, #2
 255              	.LVL22:
 178:Middlewares/Third_Party/LwIP/src/core/ipv4/ip4_addr.c ****         base = 16;
 256              		.loc 1 178 14 view .LVU73
 257 0022 1021     		movs	r1, #16
 179:Middlewares/Third_Party/LwIP/src/core/ipv4/ip4_addr.c ****       } else {
 258              		.loc 1 179 11 view .LVU74
 259 0024 36E0     		b	.L19
 260              	.LVL23:
 261              	.L22:
 182:Middlewares/Third_Party/LwIP/src/core/ipv4/ip4_addr.c ****       }
 183:Middlewares/Third_Party/LwIP/src/core/ipv4/ip4_addr.c ****     }
 184:Middlewares/Third_Party/LwIP/src/core/ipv4/ip4_addr.c ****     for (;;) {
 185:Middlewares/Third_Party/LwIP/src/core/ipv4/ip4_addr.c ****       if (isdigit(c)) {
 186:Middlewares/Third_Party/LwIP/src/core/ipv4/ip4_addr.c ****         val = (val * base) + (u32_t)(c - '0');
 187:Middlewares/Third_Party/LwIP/src/core/ipv4/ip4_addr.c ****         c = *++cp;
 188:Middlewares/Third_Party/LwIP/src/core/ipv4/ip4_addr.c ****       } else if (base == 16 && isxdigit(c)) {
 262              		.loc 1 188 14 is_stmt 1 view .LVU75
 263              		.loc 1 188 17 is_stmt 0 view .LVU76
 264 0026 1029     		cmp	r1, #16
 265 0028 23D1     		bne	.L24
 266              		.loc 1 188 32 discriminator 2 view .LVU77
 267 002a A3F16102 		sub	r2, r3, #97
 268 002e D2B2     		uxtb	r2, r2
 269 0030 052A     		cmp	r2, #5
 270 0032 04D9     		bls	.L25
 271              		.loc 1 188 32 discriminator 3 view .LVU78
 272 0034 A3F14102 		sub	r2, r3, #65
 273 0038 D2B2     		uxtb	r2, r2
 274 003a 052A     		cmp	r2, #5
 275 003c 19D8     		bhi	.L24
 276              	.L25:
 189:Middlewares/Third_Party/LwIP/src/core/ipv4/ip4_addr.c ****         val = (val << 4) | (u32_t)(c + 10 - (islower(c) ? 'a' : 'A'));
 277              		.loc 1 189 9 is_stmt 1 view .LVU79
 278              		.loc 1 189 20 is_stmt 0 view .LVU80
 279 003e 2D01     		lsls	r5, r5, #4
 280              	.LVL24:
 281              		.loc 1 189 38 view .LVU81
 282 0040 03F10A02 		add	r2, r3, #10
 283              		.loc 1 189 46 view .LVU82
 284 0044 613B     		subs	r3, r3, #97
 285              	.LVL25:
 286              		.loc 1 189 46 view .LVU83
 287 0046 DBB2     		uxtb	r3, r3
 288              		.loc 1 189 63 view .LVU84
 289 0048 192B     		cmp	r3, #25
 290 004a 10D8     		bhi	.L39
 291 004c 6123     		movs	r3, #97
 292              	.L26:
 293              		.loc 1 189 43 discriminator 4 view .LVU85
 294 004e D21A     		subs	r2, r2, r3
 295              		.loc 1 189 13 discriminator 4 view .LVU86
 296 0050 1543     		orrs	r5, r5, r2
 297              	.LVL26:
 190:Middlewares/Third_Party/LwIP/src/core/ipv4/ip4_addr.c ****         c = *++cp;
 298              		.loc 1 190 9 is_stmt 1 discriminator 4 view .LVU87
ARM GAS  /tmp/ccOXC1yo.s 			page 10


 299              		.loc 1 190 11 is_stmt 0 discriminator 4 view .LVU88
 300 0052 10F8013F 		ldrb	r3, [r0, #1]!	@ zero_extendqisi2
 301              	.LVL27:
 302              	.L21:
 184:Middlewares/Third_Party/LwIP/src/core/ipv4/ip4_addr.c ****       if (isdigit(c)) {
 303              		.loc 1 184 5 is_stmt 1 view .LVU89
 185:Middlewares/Third_Party/LwIP/src/core/ipv4/ip4_addr.c ****         val = (val * base) + (u32_t)(c - '0');
 304              		.loc 1 185 7 view .LVU90
 185:Middlewares/Third_Party/LwIP/src/core/ipv4/ip4_addr.c ****         val = (val * base) + (u32_t)(c - '0');
 305              		.loc 1 185 11 is_stmt 0 view .LVU91
 306 0056 A3F13002 		sub	r2, r3, #48
 307 005a D2B2     		uxtb	r2, r2
 185:Middlewares/Third_Party/LwIP/src/core/ipv4/ip4_addr.c ****         val = (val * base) + (u32_t)(c - '0');
 308              		.loc 1 185 10 view .LVU92
 309 005c 092A     		cmp	r2, #9
 310 005e E2D8     		bhi	.L22
 186:Middlewares/Third_Party/LwIP/src/core/ipv4/ip4_addr.c ****         c = *++cp;
 311              		.loc 1 186 9 is_stmt 1 view .LVU93
 186:Middlewares/Third_Party/LwIP/src/core/ipv4/ip4_addr.c ****         c = *++cp;
 312              		.loc 1 186 28 is_stmt 0 view .LVU94
 313 0060 05FB0132 		mla	r2, r5, r1, r3
 186:Middlewares/Third_Party/LwIP/src/core/ipv4/ip4_addr.c ****         c = *++cp;
 314              		.loc 1 186 13 view .LVU95
 315 0064 A2F13005 		sub	r5, r2, #48
 316              	.LVL28:
 187:Middlewares/Third_Party/LwIP/src/core/ipv4/ip4_addr.c ****       } else if (base == 16 && isxdigit(c)) {
 317              		.loc 1 187 9 is_stmt 1 view .LVU96
 187:Middlewares/Third_Party/LwIP/src/core/ipv4/ip4_addr.c ****       } else if (base == 16 && isxdigit(c)) {
 318              		.loc 1 187 11 is_stmt 0 view .LVU97
 319 0068 10F8013F 		ldrb	r3, [r0, #1]!	@ zero_extendqisi2
 320              	.LVL29:
 187:Middlewares/Third_Party/LwIP/src/core/ipv4/ip4_addr.c ****       } else if (base == 16 && isxdigit(c)) {
 321              		.loc 1 187 11 view .LVU98
 322 006c F3E7     		b	.L21
 323              	.LVL30:
 324              	.L39:
 189:Middlewares/Third_Party/LwIP/src/core/ipv4/ip4_addr.c ****         c = *++cp;
 325              		.loc 1 189 63 view .LVU99
 326 006e 4123     		movs	r3, #65
 327 0070 EDE7     		b	.L26
 328              	.LVL31:
 329              	.L24:
 191:Middlewares/Third_Party/LwIP/src/core/ipv4/ip4_addr.c ****       } else {
 192:Middlewares/Third_Party/LwIP/src/core/ipv4/ip4_addr.c ****         break;
 193:Middlewares/Third_Party/LwIP/src/core/ipv4/ip4_addr.c ****       }
 194:Middlewares/Third_Party/LwIP/src/core/ipv4/ip4_addr.c ****     }
 195:Middlewares/Third_Party/LwIP/src/core/ipv4/ip4_addr.c ****     if (c == '.') {
 330              		.loc 1 195 5 is_stmt 1 view .LVU100
 331              		.loc 1 195 8 is_stmt 0 view .LVU101
 332 0072 2E2B     		cmp	r3, #46
 333 0074 10D1     		bne	.L27
 196:Middlewares/Third_Party/LwIP/src/core/ipv4/ip4_addr.c ****       /*
 197:Middlewares/Third_Party/LwIP/src/core/ipv4/ip4_addr.c ****        * Internet format:
 198:Middlewares/Third_Party/LwIP/src/core/ipv4/ip4_addr.c ****        *  a.b.c.d
 199:Middlewares/Third_Party/LwIP/src/core/ipv4/ip4_addr.c ****        *  a.b.c   (with c treated as 16 bits)
 200:Middlewares/Third_Party/LwIP/src/core/ipv4/ip4_addr.c ****        *  a.b (with b treated as 24 bits)
 201:Middlewares/Third_Party/LwIP/src/core/ipv4/ip4_addr.c ****        */
ARM GAS  /tmp/ccOXC1yo.s 			page 11


 202:Middlewares/Third_Party/LwIP/src/core/ipv4/ip4_addr.c ****       if (pp >= parts + 3) {
 334              		.loc 1 202 7 is_stmt 1 view .LVU102
 335              		.loc 1 202 10 is_stmt 0 view .LVU103
 336 0076 03AB     		add	r3, sp, #12
 337              	.LVL32:
 338              		.loc 1 202 10 view .LVU104
 339 0078 9E42     		cmp	r6, r3
 340 007a 5FD2     		bcs	.L40
 203:Middlewares/Third_Party/LwIP/src/core/ipv4/ip4_addr.c ****         return 0;
 204:Middlewares/Third_Party/LwIP/src/core/ipv4/ip4_addr.c ****       }
 205:Middlewares/Third_Party/LwIP/src/core/ipv4/ip4_addr.c ****       *pp++ = val;
 341              		.loc 1 205 7 is_stmt 1 view .LVU105
 342              	.LVL33:
 343              		.loc 1 205 13 is_stmt 0 view .LVU106
 344 007c 46F8045B 		str	r5, [r6], #4
 345              	.LVL34:
 206:Middlewares/Third_Party/LwIP/src/core/ipv4/ip4_addr.c ****       c = *++cp;
 346              		.loc 1 206 7 is_stmt 1 view .LVU107
 347              		.loc 1 206 9 is_stmt 0 view .LVU108
 348 0080 4378     		ldrb	r3, [r0, #1]	@ zero_extendqisi2
 349              	.LVL35:
 164:Middlewares/Third_Party/LwIP/src/core/ipv4/ip4_addr.c ****     /*
 350              		.loc 1 164 9 is_stmt 1 view .LVU109
 351              		.loc 1 206 9 is_stmt 0 view .LVU110
 352 0082 0130     		adds	r0, r0, #1
 353              	.LVL36:
 354              	.L28:
 164:Middlewares/Third_Party/LwIP/src/core/ipv4/ip4_addr.c ****     /*
 355              		.loc 1 164 3 is_stmt 1 view .LVU111
 170:Middlewares/Third_Party/LwIP/src/core/ipv4/ip4_addr.c ****       return 0;
 356              		.loc 1 170 5 view .LVU112
 170:Middlewares/Third_Party/LwIP/src/core/ipv4/ip4_addr.c ****       return 0;
 357              		.loc 1 170 9 is_stmt 0 view .LVU113
 358 0084 A3F13002 		sub	r2, r3, #48
 359 0088 D2B2     		uxtb	r2, r2
 170:Middlewares/Third_Party/LwIP/src/core/ipv4/ip4_addr.c ****       return 0;
 360              		.loc 1 170 8 view .LVU114
 361 008a 092A     		cmp	r2, #9
 362 008c 54D8     		bhi	.L36
 173:Middlewares/Third_Party/LwIP/src/core/ipv4/ip4_addr.c ****     base = 10;
 363              		.loc 1 173 5 is_stmt 1 view .LVU115
 364              	.LVL37:
 174:Middlewares/Third_Party/LwIP/src/core/ipv4/ip4_addr.c ****     if (c == '0') {
 365              		.loc 1 174 5 view .LVU116
 175:Middlewares/Third_Party/LwIP/src/core/ipv4/ip4_addr.c ****       c = *++cp;
 366              		.loc 1 175 5 view .LVU117
 175:Middlewares/Third_Party/LwIP/src/core/ipv4/ip4_addr.c ****       c = *++cp;
 367              		.loc 1 175 8 is_stmt 0 view .LVU118
 368 008e 302B     		cmp	r3, #48
 369 0090 BCD0     		beq	.L53
 174:Middlewares/Third_Party/LwIP/src/core/ipv4/ip4_addr.c ****     if (c == '0') {
 370              		.loc 1 174 10 view .LVU119
 371 0092 0A21     		movs	r1, #10
 372              	.LVL38:
 373              	.L19:
 181:Middlewares/Third_Party/LwIP/src/core/ipv4/ip4_addr.c ****       }
 374              		.loc 1 181 14 view .LVU120
ARM GAS  /tmp/ccOXC1yo.s 			page 12


 375 0094 0025     		movs	r5, #0
 376 0096 DEE7     		b	.L21
 377              	.LVL39:
 378              	.L27:
 207:Middlewares/Third_Party/LwIP/src/core/ipv4/ip4_addr.c ****     } else {
 208:Middlewares/Third_Party/LwIP/src/core/ipv4/ip4_addr.c ****       break;
 209:Middlewares/Third_Party/LwIP/src/core/ipv4/ip4_addr.c ****     }
 210:Middlewares/Third_Party/LwIP/src/core/ipv4/ip4_addr.c ****   }
 211:Middlewares/Third_Party/LwIP/src/core/ipv4/ip4_addr.c ****   /*
 212:Middlewares/Third_Party/LwIP/src/core/ipv4/ip4_addr.c ****    * Check for trailing characters.
 213:Middlewares/Third_Party/LwIP/src/core/ipv4/ip4_addr.c ****    */
 214:Middlewares/Third_Party/LwIP/src/core/ipv4/ip4_addr.c ****   if (c != '\0' && !isspace(c)) {
 379              		.loc 1 214 3 is_stmt 1 view .LVU121
 380              		.loc 1 214 6 is_stmt 0 view .LVU122
 381 0098 5BB1     		cbz	r3, .L29
 382              		.loc 1 214 17 discriminator 1 view .LVU123
 383 009a 202B     		cmp	r3, #32
 384 009c 09D0     		beq	.L29
 385              		.loc 1 214 21 discriminator 2 view .LVU124
 386 009e 0C2B     		cmp	r3, #12
 387 00a0 07D0     		beq	.L29
 388              		.loc 1 214 21 discriminator 3 view .LVU125
 389 00a2 0A2B     		cmp	r3, #10
 390 00a4 05D0     		beq	.L29
 391              		.loc 1 214 21 discriminator 4 view .LVU126
 392 00a6 0D2B     		cmp	r3, #13
 393 00a8 03D0     		beq	.L29
 394              		.loc 1 214 21 discriminator 5 view .LVU127
 395 00aa 092B     		cmp	r3, #9
 396 00ac 01D0     		beq	.L29
 397              		.loc 1 214 20 discriminator 6 view .LVU128
 398 00ae 0B2B     		cmp	r3, #11
 399 00b0 47D1     		bne	.L41
 400              	.L29:
 215:Middlewares/Third_Party/LwIP/src/core/ipv4/ip4_addr.c ****     return 0;
 216:Middlewares/Third_Party/LwIP/src/core/ipv4/ip4_addr.c ****   }
 217:Middlewares/Third_Party/LwIP/src/core/ipv4/ip4_addr.c ****   /*
 218:Middlewares/Third_Party/LwIP/src/core/ipv4/ip4_addr.c ****    * Concoct the address according to
 219:Middlewares/Third_Party/LwIP/src/core/ipv4/ip4_addr.c ****    * the number of parts specified.
 220:Middlewares/Third_Party/LwIP/src/core/ipv4/ip4_addr.c ****    */
 221:Middlewares/Third_Party/LwIP/src/core/ipv4/ip4_addr.c ****   switch (pp - parts + 1) {
 401              		.loc 1 221 3 is_stmt 1 view .LVU129
 402              		.loc 1 221 14 is_stmt 0 view .LVU130
 403 00b2 6846     		mov	r0, sp
 404              	.LVL40:
 405              		.loc 1 221 14 view .LVU131
 406 00b4 301A     		subs	r0, r6, r0
 407 00b6 8010     		asrs	r0, r0, #2
 408              		.loc 1 221 22 view .LVU132
 409 00b8 0130     		adds	r0, r0, #1
 410 00ba 0428     		cmp	r0, #4
 411 00bc 34D8     		bhi	.L30
 412 00be DFE800F0 		tbb	[pc, r0]
 413              	.LVL41:
 414              	.L32:
 415 00c2 3E       		.byte	(.L17-.L32)/2
 416 00c3 0B       		.byte	(.L35-.L32)/2
ARM GAS  /tmp/ccOXC1yo.s 			page 13


 417 00c4 03       		.byte	(.L34-.L32)/2
 418 00c5 13       		.byte	(.L33-.L32)/2
 419 00c6 21       		.byte	(.L31-.L32)/2
 420 00c7 00       		.p2align 1
 421              	.L34:
 222:Middlewares/Third_Party/LwIP/src/core/ipv4/ip4_addr.c **** 
 223:Middlewares/Third_Party/LwIP/src/core/ipv4/ip4_addr.c ****   case 0:
 224:Middlewares/Third_Party/LwIP/src/core/ipv4/ip4_addr.c ****     return 0;       /* initial nondigit */
 225:Middlewares/Third_Party/LwIP/src/core/ipv4/ip4_addr.c **** 
 226:Middlewares/Third_Party/LwIP/src/core/ipv4/ip4_addr.c ****   case 1:             /* a -- 32 bits */
 227:Middlewares/Third_Party/LwIP/src/core/ipv4/ip4_addr.c ****     break;
 228:Middlewares/Third_Party/LwIP/src/core/ipv4/ip4_addr.c **** 
 229:Middlewares/Third_Party/LwIP/src/core/ipv4/ip4_addr.c ****   case 2:             /* a.b -- 8.24 bits */
 230:Middlewares/Third_Party/LwIP/src/core/ipv4/ip4_addr.c ****     if (val > 0xffffffUL) {
 422              		.loc 1 230 5 is_stmt 1 view .LVU133
 423              		.loc 1 230 8 is_stmt 0 view .LVU134
 424 00c8 B5F1807F 		cmp	r5, #16777216
 425 00cc 3BD2     		bcs	.L42
 231:Middlewares/Third_Party/LwIP/src/core/ipv4/ip4_addr.c ****       return 0;
 232:Middlewares/Third_Party/LwIP/src/core/ipv4/ip4_addr.c ****     }
 233:Middlewares/Third_Party/LwIP/src/core/ipv4/ip4_addr.c ****     if (parts[0] > 0xff) {
 426              		.loc 1 233 5 is_stmt 1 view .LVU135
 427              		.loc 1 233 14 is_stmt 0 view .LVU136
 428 00ce 009B     		ldr	r3, [sp]
 429              		.loc 1 233 8 view .LVU137
 430 00d0 FF2B     		cmp	r3, #255
 431 00d2 3AD8     		bhi	.L43
 234:Middlewares/Third_Party/LwIP/src/core/ipv4/ip4_addr.c ****       return 0;
 235:Middlewares/Third_Party/LwIP/src/core/ipv4/ip4_addr.c ****     }
 236:Middlewares/Third_Party/LwIP/src/core/ipv4/ip4_addr.c ****     val |= parts[0] << 24;
 432              		.loc 1 236 5 is_stmt 1 view .LVU138
 433              		.loc 1 236 9 is_stmt 0 view .LVU139
 434 00d4 45EA0365 		orr	r5, r5, r3, lsl #24
 435              	.LVL42:
 237:Middlewares/Third_Party/LwIP/src/core/ipv4/ip4_addr.c ****     break;
 436              		.loc 1 237 5 is_stmt 1 view .LVU140
 437              	.L35:
 238:Middlewares/Third_Party/LwIP/src/core/ipv4/ip4_addr.c **** 
 239:Middlewares/Third_Party/LwIP/src/core/ipv4/ip4_addr.c ****   case 3:             /* a.b.c -- 8.8.16 bits */
 240:Middlewares/Third_Party/LwIP/src/core/ipv4/ip4_addr.c ****     if (val > 0xffff) {
 241:Middlewares/Third_Party/LwIP/src/core/ipv4/ip4_addr.c ****       return 0;
 242:Middlewares/Third_Party/LwIP/src/core/ipv4/ip4_addr.c ****     }
 243:Middlewares/Third_Party/LwIP/src/core/ipv4/ip4_addr.c ****     if ((parts[0] > 0xff) || (parts[1] > 0xff)) {
 244:Middlewares/Third_Party/LwIP/src/core/ipv4/ip4_addr.c ****       return 0;
 245:Middlewares/Third_Party/LwIP/src/core/ipv4/ip4_addr.c ****     }
 246:Middlewares/Third_Party/LwIP/src/core/ipv4/ip4_addr.c ****     val |= (parts[0] << 24) | (parts[1] << 16);
 247:Middlewares/Third_Party/LwIP/src/core/ipv4/ip4_addr.c ****     break;
 248:Middlewares/Third_Party/LwIP/src/core/ipv4/ip4_addr.c **** 
 249:Middlewares/Third_Party/LwIP/src/core/ipv4/ip4_addr.c ****   case 4:             /* a.b.c.d -- 8.8.8.8 bits */
 250:Middlewares/Third_Party/LwIP/src/core/ipv4/ip4_addr.c ****     if (val > 0xff) {
 251:Middlewares/Third_Party/LwIP/src/core/ipv4/ip4_addr.c ****       return 0;
 252:Middlewares/Third_Party/LwIP/src/core/ipv4/ip4_addr.c ****     }
 253:Middlewares/Third_Party/LwIP/src/core/ipv4/ip4_addr.c ****     if ((parts[0] > 0xff) || (parts[1] > 0xff) || (parts[2] > 0xff)) {
 254:Middlewares/Third_Party/LwIP/src/core/ipv4/ip4_addr.c ****       return 0;
 255:Middlewares/Third_Party/LwIP/src/core/ipv4/ip4_addr.c ****     }
 256:Middlewares/Third_Party/LwIP/src/core/ipv4/ip4_addr.c ****     val |= (parts[0] << 24) | (parts[1] << 16) | (parts[2] << 8);
 257:Middlewares/Third_Party/LwIP/src/core/ipv4/ip4_addr.c ****     break;
ARM GAS  /tmp/ccOXC1yo.s 			page 14


 258:Middlewares/Third_Party/LwIP/src/core/ipv4/ip4_addr.c ****   default:
 259:Middlewares/Third_Party/LwIP/src/core/ipv4/ip4_addr.c ****     LWIP_ASSERT("unhandled", 0);
 260:Middlewares/Third_Party/LwIP/src/core/ipv4/ip4_addr.c ****     break;
 261:Middlewares/Third_Party/LwIP/src/core/ipv4/ip4_addr.c ****   }
 262:Middlewares/Third_Party/LwIP/src/core/ipv4/ip4_addr.c ****   if (addr) {
 438              		.loc 1 262 3 view .LVU141
 439              		.loc 1 262 6 is_stmt 0 view .LVU142
 440 00d8 002C     		cmp	r4, #0
 441 00da 46D0     		beq	.L51
 263:Middlewares/Third_Party/LwIP/src/core/ipv4/ip4_addr.c ****     ip4_addr_set_u32(addr, lwip_htonl(val));
 442              		.loc 1 263 5 is_stmt 1 view .LVU143
 443 00dc 2846     		mov	r0, r5
 444 00de FFF7FEFF 		bl	lwip_htonl
 445              	.LVL43:
 446 00e2 2060     		str	r0, [r4]
 264:Middlewares/Third_Party/LwIP/src/core/ipv4/ip4_addr.c ****   }
 265:Middlewares/Third_Party/LwIP/src/core/ipv4/ip4_addr.c ****   return 1;
 447              		.loc 1 265 10 is_stmt 0 view .LVU144
 448 00e4 0120     		movs	r0, #1
 449 00e6 2AE0     		b	.L17
 450              	.LVL44:
 451              	.L33:
 240:Middlewares/Third_Party/LwIP/src/core/ipv4/ip4_addr.c ****       return 0;
 452              		.loc 1 240 5 is_stmt 1 view .LVU145
 240:Middlewares/Third_Party/LwIP/src/core/ipv4/ip4_addr.c ****       return 0;
 453              		.loc 1 240 8 is_stmt 0 view .LVU146
 454 00e8 B5F5803F 		cmp	r5, #65536
 455 00ec 2FD2     		bcs	.L44
 243:Middlewares/Third_Party/LwIP/src/core/ipv4/ip4_addr.c ****       return 0;
 456              		.loc 1 243 5 is_stmt 1 view .LVU147
 243:Middlewares/Third_Party/LwIP/src/core/ipv4/ip4_addr.c ****       return 0;
 457              		.loc 1 243 15 is_stmt 0 view .LVU148
 458 00ee 009A     		ldr	r2, [sp]
 243:Middlewares/Third_Party/LwIP/src/core/ipv4/ip4_addr.c ****       return 0;
 459              		.loc 1 243 8 view .LVU149
 460 00f0 FF2A     		cmp	r2, #255
 461 00f2 2ED8     		bhi	.L45
 243:Middlewares/Third_Party/LwIP/src/core/ipv4/ip4_addr.c ****       return 0;
 462              		.loc 1 243 36 discriminator 1 view .LVU150
 463 00f4 019B     		ldr	r3, [sp, #4]
 243:Middlewares/Third_Party/LwIP/src/core/ipv4/ip4_addr.c ****       return 0;
 464              		.loc 1 243 27 discriminator 1 view .LVU151
 465 00f6 FF2B     		cmp	r3, #255
 466 00f8 2DD8     		bhi	.L46
 246:Middlewares/Third_Party/LwIP/src/core/ipv4/ip4_addr.c ****     break;
 467              		.loc 1 246 5 is_stmt 1 view .LVU152
 246:Middlewares/Third_Party/LwIP/src/core/ipv4/ip4_addr.c ****     break;
 468              		.loc 1 246 41 is_stmt 0 view .LVU153
 469 00fa 1B04     		lsls	r3, r3, #16
 246:Middlewares/Third_Party/LwIP/src/core/ipv4/ip4_addr.c ****     break;
 470              		.loc 1 246 29 view .LVU154
 471 00fc 43EA0263 		orr	r3, r3, r2, lsl #24
 246:Middlewares/Third_Party/LwIP/src/core/ipv4/ip4_addr.c ****     break;
 472              		.loc 1 246 9 view .LVU155
 473 0100 1D43     		orrs	r5, r5, r3
 474              	.LVL45:
 247:Middlewares/Third_Party/LwIP/src/core/ipv4/ip4_addr.c **** 
ARM GAS  /tmp/ccOXC1yo.s 			page 15


 475              		.loc 1 247 5 is_stmt 1 view .LVU156
 476 0102 E9E7     		b	.L35
 477              	.L31:
 250:Middlewares/Third_Party/LwIP/src/core/ipv4/ip4_addr.c ****       return 0;
 478              		.loc 1 250 5 view .LVU157
 250:Middlewares/Third_Party/LwIP/src/core/ipv4/ip4_addr.c ****       return 0;
 479              		.loc 1 250 8 is_stmt 0 view .LVU158
 480 0104 FF2D     		cmp	r5, #255
 481 0106 28D8     		bhi	.L47
 253:Middlewares/Third_Party/LwIP/src/core/ipv4/ip4_addr.c ****       return 0;
 482              		.loc 1 253 5 is_stmt 1 view .LVU159
 253:Middlewares/Third_Party/LwIP/src/core/ipv4/ip4_addr.c ****       return 0;
 483              		.loc 1 253 15 is_stmt 0 view .LVU160
 484 0108 0099     		ldr	r1, [sp]
 485              	.LVL46:
 253:Middlewares/Third_Party/LwIP/src/core/ipv4/ip4_addr.c ****       return 0;
 486              		.loc 1 253 8 view .LVU161
 487 010a FF29     		cmp	r1, #255
 488 010c 27D8     		bhi	.L48
 253:Middlewares/Third_Party/LwIP/src/core/ipv4/ip4_addr.c ****       return 0;
 489              		.loc 1 253 36 discriminator 1 view .LVU162
 490 010e 019B     		ldr	r3, [sp, #4]
 253:Middlewares/Third_Party/LwIP/src/core/ipv4/ip4_addr.c ****       return 0;
 491              		.loc 1 253 27 discriminator 1 view .LVU163
 492 0110 FF2B     		cmp	r3, #255
 493 0112 26D8     		bhi	.L49
 253:Middlewares/Third_Party/LwIP/src/core/ipv4/ip4_addr.c ****       return 0;
 494              		.loc 1 253 57 discriminator 2 view .LVU164
 495 0114 029A     		ldr	r2, [sp, #8]
 253:Middlewares/Third_Party/LwIP/src/core/ipv4/ip4_addr.c ****       return 0;
 496              		.loc 1 253 48 discriminator 2 view .LVU165
 497 0116 FF2A     		cmp	r2, #255
 498 0118 25D8     		bhi	.L50
 256:Middlewares/Third_Party/LwIP/src/core/ipv4/ip4_addr.c ****     break;
 499              		.loc 1 256 5 is_stmt 1 view .LVU166
 256:Middlewares/Third_Party/LwIP/src/core/ipv4/ip4_addr.c ****     break;
 500              		.loc 1 256 41 is_stmt 0 view .LVU167
 501 011a 1B04     		lsls	r3, r3, #16
 256:Middlewares/Third_Party/LwIP/src/core/ipv4/ip4_addr.c ****     break;
 502              		.loc 1 256 29 view .LVU168
 503 011c 43EA0163 		orr	r3, r3, r1, lsl #24
 256:Middlewares/Third_Party/LwIP/src/core/ipv4/ip4_addr.c ****     break;
 504              		.loc 1 256 48 view .LVU169
 505 0120 43EA0223 		orr	r3, r3, r2, lsl #8
 256:Middlewares/Third_Party/LwIP/src/core/ipv4/ip4_addr.c ****     break;
 506              		.loc 1 256 9 view .LVU170
 507 0124 1D43     		orrs	r5, r5, r3
 508              	.LVL47:
 257:Middlewares/Third_Party/LwIP/src/core/ipv4/ip4_addr.c ****   default:
 509              		.loc 1 257 5 is_stmt 1 view .LVU171
 510 0126 D7E7     		b	.L35
 511              	.LVL48:
 512              	.L30:
 259:Middlewares/Third_Party/LwIP/src/core/ipv4/ip4_addr.c ****     break;
 513              		.loc 1 259 5 discriminator 1 view .LVU172
 259:Middlewares/Third_Party/LwIP/src/core/ipv4/ip4_addr.c ****     break;
 514              		.loc 1 259 5 discriminator 1 view .LVU173
ARM GAS  /tmp/ccOXC1yo.s 			page 16


 259:Middlewares/Third_Party/LwIP/src/core/ipv4/ip4_addr.c ****     break;
 515              		.loc 1 259 5 discriminator 1 view .LVU174
 259:Middlewares/Third_Party/LwIP/src/core/ipv4/ip4_addr.c ****     break;
 516              		.loc 1 259 5 discriminator 1 view .LVU175
 517 0128 114B     		ldr	r3, .L54
 518 012a 40F20312 		movw	r2, #259
 519 012e 1149     		ldr	r1, .L54+4
 520              	.LVL49:
 259:Middlewares/Third_Party/LwIP/src/core/ipv4/ip4_addr.c ****     break;
 521              		.loc 1 259 5 is_stmt 0 discriminator 1 view .LVU176
 522 0130 1148     		ldr	r0, .L54+8
 523 0132 FFF7FEFF 		bl	printf
 524              	.LVL50:
 259:Middlewares/Third_Party/LwIP/src/core/ipv4/ip4_addr.c ****     break;
 525              		.loc 1 259 5 is_stmt 1 discriminator 1 view .LVU177
 259:Middlewares/Third_Party/LwIP/src/core/ipv4/ip4_addr.c ****     break;
 526              		.loc 1 259 5 discriminator 1 view .LVU178
 260:Middlewares/Third_Party/LwIP/src/core/ipv4/ip4_addr.c ****   }
 527              		.loc 1 260 5 discriminator 1 view .LVU179
 528 0136 CFE7     		b	.L35
 529              	.LVL51:
 530              	.L36:
 171:Middlewares/Third_Party/LwIP/src/core/ipv4/ip4_addr.c ****     }
 531              		.loc 1 171 14 is_stmt 0 view .LVU180
 532 0138 0020     		movs	r0, #0
 533              	.LVL52:
 171:Middlewares/Third_Party/LwIP/src/core/ipv4/ip4_addr.c ****     }
 534              		.loc 1 171 14 view .LVU181
 535 013a 00E0     		b	.L17
 536              	.LVL53:
 537              	.L40:
 203:Middlewares/Third_Party/LwIP/src/core/ipv4/ip4_addr.c ****       }
 538              		.loc 1 203 16 view .LVU182
 539 013c 0020     		movs	r0, #0
 540              	.LVL54:
 541              	.L17:
 266:Middlewares/Third_Party/LwIP/src/core/ipv4/ip4_addr.c **** }
 542              		.loc 1 266 1 view .LVU183
 543 013e 04B0     		add	sp, sp, #16
 544              	.LCFI3:
 545              		.cfi_remember_state
 546              		.cfi_def_cfa_offset 16
 547              		@ sp needed
 548 0140 70BD     		pop	{r4, r5, r6, pc}
 549              	.LVL55:
 550              	.L41:
 551              	.LCFI4:
 552              		.cfi_restore_state
 215:Middlewares/Third_Party/LwIP/src/core/ipv4/ip4_addr.c ****   }
 553              		.loc 1 215 12 view .LVU184
 554 0142 0020     		movs	r0, #0
 555              	.LVL56:
 215:Middlewares/Third_Party/LwIP/src/core/ipv4/ip4_addr.c ****   }
 556              		.loc 1 215 12 view .LVU185
 557 0144 FBE7     		b	.L17
 558              	.LVL57:
 559              	.L42:
ARM GAS  /tmp/ccOXC1yo.s 			page 17


 231:Middlewares/Third_Party/LwIP/src/core/ipv4/ip4_addr.c ****     }
 560              		.loc 1 231 14 view .LVU186
 561 0146 0020     		movs	r0, #0
 562 0148 F9E7     		b	.L17
 563              	.L43:
 234:Middlewares/Third_Party/LwIP/src/core/ipv4/ip4_addr.c ****     }
 564              		.loc 1 234 14 view .LVU187
 565 014a 0020     		movs	r0, #0
 566 014c F7E7     		b	.L17
 567              	.L44:
 241:Middlewares/Third_Party/LwIP/src/core/ipv4/ip4_addr.c ****     }
 568              		.loc 1 241 14 view .LVU188
 569 014e 0020     		movs	r0, #0
 570 0150 F5E7     		b	.L17
 571              	.L45:
 244:Middlewares/Third_Party/LwIP/src/core/ipv4/ip4_addr.c ****     }
 572              		.loc 1 244 14 view .LVU189
 573 0152 0020     		movs	r0, #0
 574 0154 F3E7     		b	.L17
 575              	.L46:
 576 0156 0020     		movs	r0, #0
 577 0158 F1E7     		b	.L17
 578              	.L47:
 251:Middlewares/Third_Party/LwIP/src/core/ipv4/ip4_addr.c ****     }
 579              		.loc 1 251 14 view .LVU190
 580 015a 0020     		movs	r0, #0
 581 015c EFE7     		b	.L17
 582              	.LVL58:
 583              	.L48:
 254:Middlewares/Third_Party/LwIP/src/core/ipv4/ip4_addr.c ****     }
 584              		.loc 1 254 14 view .LVU191
 585 015e 0020     		movs	r0, #0
 586 0160 EDE7     		b	.L17
 587              	.L49:
 588 0162 0020     		movs	r0, #0
 589 0164 EBE7     		b	.L17
 590              	.L50:
 591 0166 0020     		movs	r0, #0
 592 0168 E9E7     		b	.L17
 593              	.L51:
 265:Middlewares/Third_Party/LwIP/src/core/ipv4/ip4_addr.c **** }
 594              		.loc 1 265 10 view .LVU192
 595 016a 0120     		movs	r0, #1
 596 016c E7E7     		b	.L17
 597              	.L55:
 598 016e 00BF     		.align	2
 599              	.L54:
 600 0170 00000000 		.word	.LC0
 601 0174 38000000 		.word	.LC1
 602 0178 44000000 		.word	.LC2
 603              		.cfi_endproc
 604              	.LFE93:
 606              		.section	.text.ipaddr_addr,"ax",%progbits
 607              		.align	1
 608              		.global	ipaddr_addr
 609              		.syntax unified
 610              		.thumb
ARM GAS  /tmp/ccOXC1yo.s 			page 18


 611              		.thumb_func
 612              		.fpu softvfp
 614              	ipaddr_addr:
 615              	.LVL59:
 616              	.LFB92:
 134:Middlewares/Third_Party/LwIP/src/core/ipv4/ip4_addr.c ****   ip4_addr_t val;
 617              		.loc 1 134 1 is_stmt 1 view -0
 618              		.cfi_startproc
 619              		@ args = 0, pretend = 0, frame = 8
 620              		@ frame_needed = 0, uses_anonymous_args = 0
 134:Middlewares/Third_Party/LwIP/src/core/ipv4/ip4_addr.c ****   ip4_addr_t val;
 621              		.loc 1 134 1 is_stmt 0 view .LVU194
 622 0000 00B5     		push	{lr}
 623              	.LCFI5:
 624              		.cfi_def_cfa_offset 4
 625              		.cfi_offset 14, -4
 626 0002 83B0     		sub	sp, sp, #12
 627              	.LCFI6:
 628              		.cfi_def_cfa_offset 16
 135:Middlewares/Third_Party/LwIP/src/core/ipv4/ip4_addr.c **** 
 629              		.loc 1 135 3 is_stmt 1 view .LVU195
 137:Middlewares/Third_Party/LwIP/src/core/ipv4/ip4_addr.c ****     return ip4_addr_get_u32(&val);
 630              		.loc 1 137 3 view .LVU196
 137:Middlewares/Third_Party/LwIP/src/core/ipv4/ip4_addr.c ****     return ip4_addr_get_u32(&val);
 631              		.loc 1 137 7 is_stmt 0 view .LVU197
 632 0004 01A9     		add	r1, sp, #4
 633 0006 FFF7FEFF 		bl	ip4addr_aton
 634              	.LVL60:
 137:Middlewares/Third_Party/LwIP/src/core/ipv4/ip4_addr.c ****     return ip4_addr_get_u32(&val);
 635              		.loc 1 137 6 view .LVU198
 636 000a 20B9     		cbnz	r0, .L60
 140:Middlewares/Third_Party/LwIP/src/core/ipv4/ip4_addr.c **** }
 637              		.loc 1 140 10 view .LVU199
 638 000c 4FF0FF30 		mov	r0, #-1
 639              	.L56:
 141:Middlewares/Third_Party/LwIP/src/core/ipv4/ip4_addr.c **** 
 640              		.loc 1 141 1 view .LVU200
 641 0010 03B0     		add	sp, sp, #12
 642              	.LCFI7:
 643              		.cfi_remember_state
 644              		.cfi_def_cfa_offset 4
 645              		@ sp needed
 646 0012 5DF804FB 		ldr	pc, [sp], #4
 647              	.L60:
 648              	.LCFI8:
 649              		.cfi_restore_state
 138:Middlewares/Third_Party/LwIP/src/core/ipv4/ip4_addr.c ****   }
 650              		.loc 1 138 5 is_stmt 1 view .LVU201
 138:Middlewares/Third_Party/LwIP/src/core/ipv4/ip4_addr.c ****   }
 651              		.loc 1 138 12 is_stmt 0 view .LVU202
 652 0016 0198     		ldr	r0, [sp, #4]
 653 0018 FAE7     		b	.L56
 654              		.cfi_endproc
 655              	.LFE92:
 657              		.section	.text.ip4addr_ntoa_r,"ax",%progbits
 658              		.align	1
 659              		.global	ip4addr_ntoa_r
ARM GAS  /tmp/ccOXC1yo.s 			page 19


 660              		.syntax unified
 661              		.thumb
 662              		.thumb_func
 663              		.fpu softvfp
 665              	ip4addr_ntoa_r:
 666              	.LVL61:
 667              	.LFB95:
 267:Middlewares/Third_Party/LwIP/src/core/ipv4/ip4_addr.c **** 
 268:Middlewares/Third_Party/LwIP/src/core/ipv4/ip4_addr.c **** /**
 269:Middlewares/Third_Party/LwIP/src/core/ipv4/ip4_addr.c ****  * Convert numeric IP address into decimal dotted ASCII representation.
 270:Middlewares/Third_Party/LwIP/src/core/ipv4/ip4_addr.c ****  * returns ptr to static buffer; not reentrant!
 271:Middlewares/Third_Party/LwIP/src/core/ipv4/ip4_addr.c ****  *
 272:Middlewares/Third_Party/LwIP/src/core/ipv4/ip4_addr.c ****  * @param addr ip address in network order to convert
 273:Middlewares/Third_Party/LwIP/src/core/ipv4/ip4_addr.c ****  * @return pointer to a global static (!) buffer that holds the ASCII
 274:Middlewares/Third_Party/LwIP/src/core/ipv4/ip4_addr.c ****  *         representation of addr
 275:Middlewares/Third_Party/LwIP/src/core/ipv4/ip4_addr.c ****  */
 276:Middlewares/Third_Party/LwIP/src/core/ipv4/ip4_addr.c **** char*
 277:Middlewares/Third_Party/LwIP/src/core/ipv4/ip4_addr.c **** ip4addr_ntoa(const ip4_addr_t *addr)
 278:Middlewares/Third_Party/LwIP/src/core/ipv4/ip4_addr.c **** {
 279:Middlewares/Third_Party/LwIP/src/core/ipv4/ip4_addr.c ****   static char str[IP4ADDR_STRLEN_MAX];
 280:Middlewares/Third_Party/LwIP/src/core/ipv4/ip4_addr.c ****   return ip4addr_ntoa_r(addr, str, IP4ADDR_STRLEN_MAX);
 281:Middlewares/Third_Party/LwIP/src/core/ipv4/ip4_addr.c **** }
 282:Middlewares/Third_Party/LwIP/src/core/ipv4/ip4_addr.c **** 
 283:Middlewares/Third_Party/LwIP/src/core/ipv4/ip4_addr.c **** /**
 284:Middlewares/Third_Party/LwIP/src/core/ipv4/ip4_addr.c ****  * Same as ipaddr_ntoa, but reentrant since a user-supplied buffer is used.
 285:Middlewares/Third_Party/LwIP/src/core/ipv4/ip4_addr.c ****  *
 286:Middlewares/Third_Party/LwIP/src/core/ipv4/ip4_addr.c ****  * @param addr ip address in network order to convert
 287:Middlewares/Third_Party/LwIP/src/core/ipv4/ip4_addr.c ****  * @param buf target buffer where the string is stored
 288:Middlewares/Third_Party/LwIP/src/core/ipv4/ip4_addr.c ****  * @param buflen length of buf
 289:Middlewares/Third_Party/LwIP/src/core/ipv4/ip4_addr.c ****  * @return either pointer to buf which now holds the ASCII
 290:Middlewares/Third_Party/LwIP/src/core/ipv4/ip4_addr.c ****  *         representation of addr or NULL if buf was too small
 291:Middlewares/Third_Party/LwIP/src/core/ipv4/ip4_addr.c ****  */
 292:Middlewares/Third_Party/LwIP/src/core/ipv4/ip4_addr.c **** char*
 293:Middlewares/Third_Party/LwIP/src/core/ipv4/ip4_addr.c **** ip4addr_ntoa_r(const ip4_addr_t *addr, char *buf, int buflen)
 294:Middlewares/Third_Party/LwIP/src/core/ipv4/ip4_addr.c **** {
 668              		.loc 1 294 1 is_stmt 1 view -0
 669              		.cfi_startproc
 670              		@ args = 0, pretend = 0, frame = 8
 671              		@ frame_needed = 0, uses_anonymous_args = 0
 672              		.loc 1 294 1 is_stmt 0 view .LVU204
 673 0000 2DE9F041 		push	{r4, r5, r6, r7, r8, lr}
 674              	.LCFI9:
 675              		.cfi_def_cfa_offset 24
 676              		.cfi_offset 4, -24
 677              		.cfi_offset 5, -20
 678              		.cfi_offset 6, -16
 679              		.cfi_offset 7, -12
 680              		.cfi_offset 8, -8
 681              		.cfi_offset 14, -4
 682 0004 82B0     		sub	sp, sp, #8
 683              	.LCFI10:
 684              		.cfi_def_cfa_offset 32
 295:Middlewares/Third_Party/LwIP/src/core/ipv4/ip4_addr.c ****   u32_t s_addr;
 685              		.loc 1 295 3 is_stmt 1 view .LVU205
 296:Middlewares/Third_Party/LwIP/src/core/ipv4/ip4_addr.c ****   char inv[3];
 686              		.loc 1 296 3 view .LVU206
 297:Middlewares/Third_Party/LwIP/src/core/ipv4/ip4_addr.c ****   char *rp;
ARM GAS  /tmp/ccOXC1yo.s 			page 20


 687              		.loc 1 297 3 view .LVU207
 298:Middlewares/Third_Party/LwIP/src/core/ipv4/ip4_addr.c ****   u8_t *ap;
 688              		.loc 1 298 3 view .LVU208
 299:Middlewares/Third_Party/LwIP/src/core/ipv4/ip4_addr.c ****   u8_t rem;
 689              		.loc 1 299 3 view .LVU209
 300:Middlewares/Third_Party/LwIP/src/core/ipv4/ip4_addr.c ****   u8_t n;
 690              		.loc 1 300 3 view .LVU210
 301:Middlewares/Third_Party/LwIP/src/core/ipv4/ip4_addr.c ****   u8_t i;
 691              		.loc 1 301 3 view .LVU211
 302:Middlewares/Third_Party/LwIP/src/core/ipv4/ip4_addr.c ****   int len = 0;
 692              		.loc 1 302 3 view .LVU212
 693              	.LVL62:
 303:Middlewares/Third_Party/LwIP/src/core/ipv4/ip4_addr.c **** 
 304:Middlewares/Third_Party/LwIP/src/core/ipv4/ip4_addr.c ****   s_addr = ip4_addr_get_u32(addr);
 694              		.loc 1 304 3 view .LVU213
 695              		.loc 1 304 12 is_stmt 0 view .LVU214
 696 0006 0368     		ldr	r3, [r0]
 697              		.loc 1 304 10 view .LVU215
 698 0008 0193     		str	r3, [sp, #4]
 305:Middlewares/Third_Party/LwIP/src/core/ipv4/ip4_addr.c **** 
 306:Middlewares/Third_Party/LwIP/src/core/ipv4/ip4_addr.c ****   rp = buf;
 699              		.loc 1 306 3 is_stmt 1 view .LVU216
 700              	.LVL63:
 307:Middlewares/Third_Party/LwIP/src/core/ipv4/ip4_addr.c ****   ap = (u8_t *)&s_addr;
 701              		.loc 1 307 3 view .LVU217
 308:Middlewares/Third_Party/LwIP/src/core/ipv4/ip4_addr.c ****   for (n = 0; n < 4; n++) {
 702              		.loc 1 308 3 view .LVU218
 306:Middlewares/Third_Party/LwIP/src/core/ipv4/ip4_addr.c ****   ap = (u8_t *)&s_addr;
 703              		.loc 1 306 6 is_stmt 0 view .LVU219
 704 000a 0E46     		mov	r6, r1
 302:Middlewares/Third_Party/LwIP/src/core/ipv4/ip4_addr.c **** 
 705              		.loc 1 302 7 view .LVU220
 706 000c 0027     		movs	r7, #0
 707              		.loc 1 308 10 view .LVU221
 708 000e 3846     		mov	r0, r7
 709              	.LVL64:
 307:Middlewares/Third_Party/LwIP/src/core/ipv4/ip4_addr.c ****   for (n = 0; n < 4; n++) {
 710              		.loc 1 307 6 view .LVU222
 711 0010 0DF1040C 		add	ip, sp, #4
 712              	.LVL65:
 713              	.L62:
 714              		.loc 1 308 15 is_stmt 1 discriminator 1 view .LVU223
 715              		.loc 1 308 3 is_stmt 0 discriminator 1 view .LVU224
 716 0014 0328     		cmp	r0, #3
 717 0016 34D8     		bhi	.L71
 309:Middlewares/Third_Party/LwIP/src/core/ipv4/ip4_addr.c ****     i = 0;
 718              		.loc 1 309 7 view .LVU225
 719 0018 0025     		movs	r5, #0
 720              	.L63:
 721              	.LVL66:
 310:Middlewares/Third_Party/LwIP/src/core/ipv4/ip4_addr.c ****     do {
 722              		.loc 1 310 5 is_stmt 1 discriminator 1 view .LVU226
 311:Middlewares/Third_Party/LwIP/src/core/ipv4/ip4_addr.c ****       rem = *ap % (u8_t)10;
 723              		.loc 1 311 7 discriminator 1 view .LVU227
 724              		.loc 1 311 13 is_stmt 0 discriminator 1 view .LVU228
 725 001a 9CF80040 		ldrb	r4, [ip]	@ zero_extendqisi2
 726              		.loc 1 311 11 discriminator 1 view .LVU229
ARM GAS  /tmp/ccOXC1yo.s 			page 21


 727 001e 1E4B     		ldr	r3, .L73
 728 0020 A3FB04E3 		umull	lr, r3, r3, r4
 729 0024 DB08     		lsrs	r3, r3, #3
 730 0026 03EB830E 		add	lr, r3, r3, lsl #2
 731 002a A4EB4E04 		sub	r4, r4, lr, lsl #1
 732 002e E4B2     		uxtb	r4, r4
 733              	.LVL67:
 312:Middlewares/Third_Party/LwIP/src/core/ipv4/ip4_addr.c ****       *ap /= (u8_t)10;
 734              		.loc 1 312 7 is_stmt 1 discriminator 1 view .LVU230
 735              		.loc 1 312 11 is_stmt 0 discriminator 1 view .LVU231
 736 0030 DBB2     		uxtb	r3, r3
 737 0032 8CF80030 		strb	r3, [ip]
 313:Middlewares/Third_Party/LwIP/src/core/ipv4/ip4_addr.c ****       inv[i++] = (char)('0' + rem);
 738              		.loc 1 313 7 is_stmt 1 discriminator 1 view .LVU232
 739 0036 AE46     		mov	lr, r5
 740              		.loc 1 313 12 is_stmt 0 discriminator 1 view .LVU233
 741 0038 0135     		adds	r5, r5, #1
 742              	.LVL68:
 743              		.loc 1 313 12 discriminator 1 view .LVU234
 744 003a EDB2     		uxtb	r5, r5
 745              	.LVL69:
 746              		.loc 1 313 18 discriminator 1 view .LVU235
 747 003c 3034     		adds	r4, r4, #48
 748              	.LVL70:
 749              		.loc 1 313 16 discriminator 1 view .LVU236
 750 003e 0DF10808 		add	r8, sp, #8
 751 0042 C644     		add	lr, lr, r8
 752 0044 0EF8084C 		strb	r4, [lr, #-8]
 314:Middlewares/Third_Party/LwIP/src/core/ipv4/ip4_addr.c ****     } while (*ap);
 753              		.loc 1 314 13 is_stmt 1 discriminator 1 view .LVU237
 754              		.loc 1 314 5 is_stmt 0 discriminator 1 view .LVU238
 755 0048 002B     		cmp	r3, #0
 756 004a E6D1     		bne	.L63
 757              	.LVL71:
 758              	.L64:
 315:Middlewares/Third_Party/LwIP/src/core/ipv4/ip4_addr.c ****     while (i--) {
 759              		.loc 1 315 11 is_stmt 1 view .LVU239
 760              		.loc 1 315 13 is_stmt 0 view .LVU240
 761 004c 6B1E     		subs	r3, r5, #1
 762 004e DBB2     		uxtb	r3, r3
 763              	.LVL72:
 764              		.loc 1 315 11 view .LVU241
 765 0050 5DB1     		cbz	r5, .L72
 316:Middlewares/Third_Party/LwIP/src/core/ipv4/ip4_addr.c ****       if (len++ >= buflen) {
 766              		.loc 1 316 7 is_stmt 1 view .LVU242
 767              		.loc 1 316 14 is_stmt 0 view .LVU243
 768 0052 7C1C     		adds	r4, r7, #1
 769              	.LVL73:
 770              		.loc 1 316 10 view .LVU244
 771 0054 9742     		cmp	r7, r2
 772 0056 19DA     		bge	.L67
 317:Middlewares/Third_Party/LwIP/src/core/ipv4/ip4_addr.c ****         return NULL;
 318:Middlewares/Third_Party/LwIP/src/core/ipv4/ip4_addr.c ****       }
 319:Middlewares/Third_Party/LwIP/src/core/ipv4/ip4_addr.c ****       *rp++ = inv[i];
 773              		.loc 1 319 7 is_stmt 1 view .LVU245
 774              	.LVL74:
 775              		.loc 1 319 18 is_stmt 0 view .LVU246
ARM GAS  /tmp/ccOXC1yo.s 			page 22


 776 0058 02AD     		add	r5, sp, #8
 777 005a 1D44     		add	r5, r5, r3
 778 005c 15F8085C 		ldrb	r5, [r5, #-8]	@ zero_extendqisi2
 779              		.loc 1 319 13 view .LVU247
 780 0060 06F8015B 		strb	r5, [r6], #1
 781              	.LVL75:
 316:Middlewares/Third_Party/LwIP/src/core/ipv4/ip4_addr.c ****       if (len++ >= buflen) {
 782              		.loc 1 316 14 view .LVU248
 783 0064 2746     		mov	r7, r4
 315:Middlewares/Third_Party/LwIP/src/core/ipv4/ip4_addr.c ****       if (len++ >= buflen) {
 784              		.loc 1 315 13 view .LVU249
 785 0066 1D46     		mov	r5, r3
 786 0068 F0E7     		b	.L64
 787              	.LVL76:
 788              	.L72:
 320:Middlewares/Third_Party/LwIP/src/core/ipv4/ip4_addr.c ****     }
 321:Middlewares/Third_Party/LwIP/src/core/ipv4/ip4_addr.c ****     if (len++ >= buflen) {
 789              		.loc 1 321 5 is_stmt 1 view .LVU250
 790              		.loc 1 321 12 is_stmt 0 view .LVU251
 791 006a 7B1C     		adds	r3, r7, #1
 792              	.LVL77:
 793              		.loc 1 321 8 view .LVU252
 794 006c 9742     		cmp	r7, r2
 795 006e 11DA     		bge	.L68
 322:Middlewares/Third_Party/LwIP/src/core/ipv4/ip4_addr.c ****       return NULL;
 323:Middlewares/Third_Party/LwIP/src/core/ipv4/ip4_addr.c ****     }
 324:Middlewares/Third_Party/LwIP/src/core/ipv4/ip4_addr.c ****     *rp++ = '.';
 796              		.loc 1 324 5 is_stmt 1 discriminator 2 view .LVU253
 797              	.LVL78:
 798              		.loc 1 324 11 is_stmt 0 discriminator 2 view .LVU254
 799 0070 2E24     		movs	r4, #46
 800 0072 06F8014B 		strb	r4, [r6], #1
 801              	.LVL79:
 325:Middlewares/Third_Party/LwIP/src/core/ipv4/ip4_addr.c ****     ap++;
 802              		.loc 1 325 5 is_stmt 1 discriminator 2 view .LVU255
 803              		.loc 1 325 7 is_stmt 0 discriminator 2 view .LVU256
 804 0076 0CF1010C 		add	ip, ip, #1
 805              	.LVL80:
 308:Middlewares/Third_Party/LwIP/src/core/ipv4/ip4_addr.c ****     i = 0;
 806              		.loc 1 308 22 is_stmt 1 discriminator 2 view .LVU257
 308:Middlewares/Third_Party/LwIP/src/core/ipv4/ip4_addr.c ****     i = 0;
 807              		.loc 1 308 23 is_stmt 0 discriminator 2 view .LVU258
 808 007a 0130     		adds	r0, r0, #1
 809              	.LVL81:
 308:Middlewares/Third_Party/LwIP/src/core/ipv4/ip4_addr.c ****     i = 0;
 810              		.loc 1 308 23 discriminator 2 view .LVU259
 811 007c C0B2     		uxtb	r0, r0
 812              	.LVL82:
 321:Middlewares/Third_Party/LwIP/src/core/ipv4/ip4_addr.c ****       return NULL;
 813              		.loc 1 321 12 discriminator 2 view .LVU260
 814 007e 1F46     		mov	r7, r3
 815 0080 C8E7     		b	.L62
 816              	.LVL83:
 817              	.L71:
 326:Middlewares/Third_Party/LwIP/src/core/ipv4/ip4_addr.c ****   }
 327:Middlewares/Third_Party/LwIP/src/core/ipv4/ip4_addr.c ****   *--rp = 0;
 818              		.loc 1 327 3 is_stmt 1 view .LVU261
ARM GAS  /tmp/ccOXC1yo.s 			page 23


 819              		.loc 1 327 9 is_stmt 0 view .LVU262
 820 0082 0023     		movs	r3, #0
 821 0084 06F8013C 		strb	r3, [r6, #-1]
 328:Middlewares/Third_Party/LwIP/src/core/ipv4/ip4_addr.c ****   return buf;
 822              		.loc 1 328 3 is_stmt 1 view .LVU263
 823              		.loc 1 328 10 is_stmt 0 view .LVU264
 824 0088 0846     		mov	r0, r1
 825              	.LVL84:
 826              		.loc 1 328 10 view .LVU265
 827 008a 00E0     		b	.L61
 828              	.LVL85:
 829              	.L67:
 317:Middlewares/Third_Party/LwIP/src/core/ipv4/ip4_addr.c ****       }
 830              		.loc 1 317 16 view .LVU266
 831 008c 0020     		movs	r0, #0
 832              	.LVL86:
 833              	.L61:
 329:Middlewares/Third_Party/LwIP/src/core/ipv4/ip4_addr.c **** }
 834              		.loc 1 329 1 view .LVU267
 835 008e 02B0     		add	sp, sp, #8
 836              	.LCFI11:
 837              		.cfi_remember_state
 838              		.cfi_def_cfa_offset 24
 839              		@ sp needed
 840 0090 BDE8F081 		pop	{r4, r5, r6, r7, r8, pc}
 841              	.LVL87:
 842              	.L68:
 843              	.LCFI12:
 844              		.cfi_restore_state
 322:Middlewares/Third_Party/LwIP/src/core/ipv4/ip4_addr.c ****     }
 845              		.loc 1 322 14 view .LVU268
 846 0094 0020     		movs	r0, #0
 847              	.LVL88:
 322:Middlewares/Third_Party/LwIP/src/core/ipv4/ip4_addr.c ****     }
 848              		.loc 1 322 14 view .LVU269
 849 0096 FAE7     		b	.L61
 850              	.L74:
 851              		.align	2
 852              	.L73:
 853 0098 CDCCCCCC 		.word	-858993459
 854              		.cfi_endproc
 855              	.LFE95:
 857              		.section	.text.ip4addr_ntoa,"ax",%progbits
 858              		.align	1
 859              		.global	ip4addr_ntoa
 860              		.syntax unified
 861              		.thumb
 862              		.thumb_func
 863              		.fpu softvfp
 865              	ip4addr_ntoa:
 866              	.LVL89:
 867              	.LFB94:
 278:Middlewares/Third_Party/LwIP/src/core/ipv4/ip4_addr.c ****   static char str[IP4ADDR_STRLEN_MAX];
 868              		.loc 1 278 1 is_stmt 1 view -0
 869              		.cfi_startproc
 870              		@ args = 0, pretend = 0, frame = 0
 871              		@ frame_needed = 0, uses_anonymous_args = 0
ARM GAS  /tmp/ccOXC1yo.s 			page 24


 278:Middlewares/Third_Party/LwIP/src/core/ipv4/ip4_addr.c ****   static char str[IP4ADDR_STRLEN_MAX];
 872              		.loc 1 278 1 is_stmt 0 view .LVU271
 873 0000 08B5     		push	{r3, lr}
 874              	.LCFI13:
 875              		.cfi_def_cfa_offset 8
 876              		.cfi_offset 3, -8
 877              		.cfi_offset 14, -4
 279:Middlewares/Third_Party/LwIP/src/core/ipv4/ip4_addr.c ****   return ip4addr_ntoa_r(addr, str, IP4ADDR_STRLEN_MAX);
 878              		.loc 1 279 3 is_stmt 1 view .LVU272
 280:Middlewares/Third_Party/LwIP/src/core/ipv4/ip4_addr.c **** }
 879              		.loc 1 280 3 view .LVU273
 280:Middlewares/Third_Party/LwIP/src/core/ipv4/ip4_addr.c **** }
 880              		.loc 1 280 10 is_stmt 0 view .LVU274
 881 0002 1022     		movs	r2, #16
 882 0004 0149     		ldr	r1, .L77
 883 0006 FFF7FEFF 		bl	ip4addr_ntoa_r
 884              	.LVL90:
 281:Middlewares/Third_Party/LwIP/src/core/ipv4/ip4_addr.c **** 
 885              		.loc 1 281 1 view .LVU275
 886 000a 08BD     		pop	{r3, pc}
 887              	.L78:
 888              		.align	2
 889              	.L77:
 890 000c 00000000 		.word	.LANCHOR0
 891              		.cfi_endproc
 892              	.LFE94:
 894              		.global	ip_addr_broadcast
 895              		.global	ip_addr_any
 896              		.section	.bss.str.8752,"aw",%nobits
 897              		.align	2
 898              		.set	.LANCHOR0,. + 0
 901              	str.8752:
 902 0000 00000000 		.space	16
 902      00000000 
 902      00000000 
 902      00000000 
 903              		.section	.rodata.ip_addr_any,"a"
 904              		.align	2
 907              	ip_addr_any:
 908 0000 00000000 		.space	4
 909              		.section	.rodata.ip_addr_broadcast,"a"
 910              		.align	2
 913              	ip_addr_broadcast:
 914 0000 FFFFFFFF 		.word	-1
 915              		.text
 916              	.Letext0:
 917              		.file 2 "/opt/gcc-arm-none-eabi-9-2020-q2-update/arm-none-eabi/include/machine/_default_types.h"
 918              		.file 3 "/opt/gcc-arm-none-eabi-9-2020-q2-update/arm-none-eabi/include/sys/_stdint.h"
 919              		.file 4 "Drivers/CMSIS/Include/core_cm3.h"
 920              		.file 5 "Drivers/CMSIS/Device/ST/STM32F1xx/Include/system_stm32f1xx.h"
 921              		.file 6 "Drivers/STM32F1xx_HAL_Driver/Inc/stm32f1xx_hal.h"
 922              		.file 7 "/opt/gcc-arm-none-eabi-9-2020-q2-update/lib/gcc/arm-none-eabi/9.3.1/include/stddef.h"
 923              		.file 8 "/opt/gcc-arm-none-eabi-9-2020-q2-update/arm-none-eabi/include/sys/_types.h"
 924              		.file 9 "/opt/gcc-arm-none-eabi-9-2020-q2-update/arm-none-eabi/include/sys/reent.h"
 925              		.file 10 "/opt/gcc-arm-none-eabi-9-2020-q2-update/arm-none-eabi/include/sys/lock.h"
 926              		.file 11 "/opt/gcc-arm-none-eabi-9-2020-q2-update/arm-none-eabi/include/stdlib.h"
 927              		.file 12 "/opt/gcc-arm-none-eabi-9-2020-q2-update/arm-none-eabi/include/time.h"
ARM GAS  /tmp/ccOXC1yo.s 			page 25


 928              		.file 13 "Middlewares/Third_Party/LwIP/src/include/lwip/arch.h"
 929              		.file 14 "Middlewares/Third_Party/LwIP/src/include/lwip/ip4_addr.h"
 930              		.file 15 "Middlewares/Third_Party/LwIP/src/include/lwip/ip_addr.h"
 931              		.file 16 "Middlewares/Third_Party/LwIP/src/include/lwip/err.h"
 932              		.file 17 "Middlewares/Third_Party/LwIP/src/include/lwip/pbuf.h"
 933              		.file 18 "Middlewares/Third_Party/LwIP/src/include/lwip/memp.h"
 934              		.file 19 "Middlewares/Third_Party/LwIP/src/include/lwip/priv/memp_priv.h"
 935              		.file 20 "Middlewares/Third_Party/LwIP/src/include/lwip/netif.h"
 936              		.file 21 "Middlewares/Third_Party/LwIP/src/include/lwip/def.h"
 937              		.file 22 "/opt/gcc-arm-none-eabi-9-2020-q2-update/arm-none-eabi/include/stdio.h"
ARM GAS  /tmp/ccOXC1yo.s 			page 26


DEFINED SYMBOLS
                            *ABS*:0000000000000000 ip4_addr.c
     /tmp/ccOXC1yo.s:16     .text.ip4_addr_isbroadcast_u32:0000000000000000 $t
     /tmp/ccOXC1yo.s:24     .text.ip4_addr_isbroadcast_u32:0000000000000000 ip4_addr_isbroadcast_u32
     /tmp/ccOXC1yo.s:100    .text.ip4_addr_netmask_valid:0000000000000000 $t
     /tmp/ccOXC1yo.s:107    .text.ip4_addr_netmask_valid:0000000000000000 ip4_addr_netmask_valid
     /tmp/ccOXC1yo.s:175    .rodata.ip4addr_aton.str1.4:0000000000000000 $d
     /tmp/ccOXC1yo.s:186    .text.ip4addr_aton:0000000000000000 $t
     /tmp/ccOXC1yo.s:193    .text.ip4addr_aton:0000000000000000 ip4addr_aton
     /tmp/ccOXC1yo.s:415    .text.ip4addr_aton:00000000000000c2 $d
     /tmp/ccOXC1yo.s:600    .text.ip4addr_aton:0000000000000170 $d
     /tmp/ccOXC1yo.s:607    .text.ipaddr_addr:0000000000000000 $t
     /tmp/ccOXC1yo.s:614    .text.ipaddr_addr:0000000000000000 ipaddr_addr
     /tmp/ccOXC1yo.s:658    .text.ip4addr_ntoa_r:0000000000000000 $t
     /tmp/ccOXC1yo.s:665    .text.ip4addr_ntoa_r:0000000000000000 ip4addr_ntoa_r
     /tmp/ccOXC1yo.s:853    .text.ip4addr_ntoa_r:0000000000000098 $d
     /tmp/ccOXC1yo.s:858    .text.ip4addr_ntoa:0000000000000000 $t
     /tmp/ccOXC1yo.s:865    .text.ip4addr_ntoa:0000000000000000 ip4addr_ntoa
     /tmp/ccOXC1yo.s:890    .text.ip4addr_ntoa:000000000000000c $d
     /tmp/ccOXC1yo.s:913    .rodata.ip_addr_broadcast:0000000000000000 ip_addr_broadcast
     /tmp/ccOXC1yo.s:907    .rodata.ip_addr_any:0000000000000000 ip_addr_any
     /tmp/ccOXC1yo.s:897    .bss.str.8752:0000000000000000 $d
     /tmp/ccOXC1yo.s:901    .bss.str.8752:0000000000000000 str.8752
     /tmp/ccOXC1yo.s:904    .rodata.ip_addr_any:0000000000000000 $d
     /tmp/ccOXC1yo.s:910    .rodata.ip_addr_broadcast:0000000000000000 $d
     /tmp/ccOXC1yo.s:420    .text.ip4addr_aton:00000000000000c7 $d
     /tmp/ccOXC1yo.s:420    .text.ip4addr_aton:00000000000000c8 $t

UNDEFINED SYMBOLS
lwip_htonl
printf
