ARM GAS  /tmp/ccbeKT2D.s 			page 1


   1              		.cpu cortex-m3
   2              		.eabi_attribute 20, 1
   3              		.eabi_attribute 21, 1
   4              		.eabi_attribute 23, 3
   5              		.eabi_attribute 24, 1
   6              		.eabi_attribute 25, 1
   7              		.eabi_attribute 26, 1
   8              		.eabi_attribute 30, 1
   9              		.eabi_attribute 34, 1
  10              		.eabi_attribute 18, 4
  11              		.file	"lwip.c"
  12              		.text
  13              	.Ltext0:
  14              		.cfi_sections	.debug_frame
  15              		.section	.text.MX_LWIP_Init,"ax",%progbits
  16              		.align	1
  17              		.global	MX_LWIP_Init
  18              		.arch armv7-m
  19              		.syntax unified
  20              		.thumb
  21              		.thumb_func
  22              		.fpu softvfp
  24              	MX_LWIP_Init:
  25              	.LFB90:
  26              		.file 1 "LWIP/App/lwip.c"
   1:LWIP/App/lwip.c **** /**
   2:LWIP/App/lwip.c ****  ******************************************************************************
   3:LWIP/App/lwip.c ****   * File Name          : LWIP.c
   4:LWIP/App/lwip.c ****   * Description        : This file provides initialization code for LWIP
   5:LWIP/App/lwip.c ****   *                      middleWare.
   6:LWIP/App/lwip.c ****   ******************************************************************************
   7:LWIP/App/lwip.c ****   * @attention
   8:LWIP/App/lwip.c ****   *
   9:LWIP/App/lwip.c ****   * <h2><center>&copy; Copyright (c) 2020 STMicroelectronics.
  10:LWIP/App/lwip.c ****   * All rights reserved.</center></h2>
  11:LWIP/App/lwip.c ****   *
  12:LWIP/App/lwip.c ****   * This software component is licensed by ST under Ultimate Liberty license
  13:LWIP/App/lwip.c ****   * SLA0044, the "License"; You may not use this file except in compliance with
  14:LWIP/App/lwip.c ****   * the License. You may obtain a copy of the License at:
  15:LWIP/App/lwip.c ****   *                             www.st.com/SLA0044
  16:LWIP/App/lwip.c ****   *
  17:LWIP/App/lwip.c ****   ******************************************************************************
  18:LWIP/App/lwip.c ****   */
  19:LWIP/App/lwip.c **** 
  20:LWIP/App/lwip.c **** /* Includes ------------------------------------------------------------------*/
  21:LWIP/App/lwip.c **** #include "lwip.h"
  22:LWIP/App/lwip.c **** #include "lwip/init.h"
  23:LWIP/App/lwip.c **** #include "lwip/netif.h"
  24:LWIP/App/lwip.c **** #if defined ( __CC_ARM )  /* MDK ARM Compiler */
  25:LWIP/App/lwip.c **** #include "lwip/sio.h"
  26:LWIP/App/lwip.c **** #endif /* MDK ARM Compiler */
  27:LWIP/App/lwip.c **** #include "ethernetif.h"
  28:LWIP/App/lwip.c **** 
  29:LWIP/App/lwip.c **** /* USER CODE BEGIN 0 */
  30:LWIP/App/lwip.c **** 
  31:LWIP/App/lwip.c **** /* USER CODE END 0 */
  32:LWIP/App/lwip.c **** /* Private function prototypes -----------------------------------------------*/
ARM GAS  /tmp/ccbeKT2D.s 			page 2


  33:LWIP/App/lwip.c **** /* ETH Variables initialization ----------------------------------------------*/
  34:LWIP/App/lwip.c **** void Error_Handler(void);
  35:LWIP/App/lwip.c **** 
  36:LWIP/App/lwip.c **** /* USER CODE BEGIN 1 */
  37:LWIP/App/lwip.c **** 
  38:LWIP/App/lwip.c **** /* USER CODE END 1 */
  39:LWIP/App/lwip.c **** 
  40:LWIP/App/lwip.c **** /* Variables Initialization */
  41:LWIP/App/lwip.c **** struct netif gnetif;
  42:LWIP/App/lwip.c **** ip4_addr_t ipaddr;
  43:LWIP/App/lwip.c **** ip4_addr_t netmask;
  44:LWIP/App/lwip.c **** ip4_addr_t gw;
  45:LWIP/App/lwip.c **** uint8_t IP_ADDRESS[4];
  46:LWIP/App/lwip.c **** uint8_t NETMASK_ADDRESS[4];
  47:LWIP/App/lwip.c **** uint8_t GATEWAY_ADDRESS[4];
  48:LWIP/App/lwip.c **** 
  49:LWIP/App/lwip.c **** /* USER CODE BEGIN 2 */
  50:LWIP/App/lwip.c **** 
  51:LWIP/App/lwip.c **** /* USER CODE END 2 */
  52:LWIP/App/lwip.c **** 
  53:LWIP/App/lwip.c **** /**
  54:LWIP/App/lwip.c ****   * LwIP initialization function
  55:LWIP/App/lwip.c ****   */
  56:LWIP/App/lwip.c **** void MX_LWIP_Init(void)
  57:LWIP/App/lwip.c **** {
  27              		.loc 1 57 1 view -0
  28              		.cfi_startproc
  29              		@ args = 0, pretend = 0, frame = 0
  30              		@ frame_needed = 0, uses_anonymous_args = 0
  31 0000 F0B5     		push	{r4, r5, r6, r7, lr}
  32              	.LCFI0:
  33              		.cfi_def_cfa_offset 20
  34              		.cfi_offset 4, -20
  35              		.cfi_offset 5, -16
  36              		.cfi_offset 6, -12
  37              		.cfi_offset 7, -8
  38              		.cfi_offset 14, -4
  39 0002 85B0     		sub	sp, sp, #20
  40              	.LCFI1:
  41              		.cfi_def_cfa_offset 40
  58:LWIP/App/lwip.c ****   /* IP addresses initialization */
  59:LWIP/App/lwip.c ****   IP_ADDRESS[0] = 192;
  42              		.loc 1 59 3 view .LVU1
  43              		.loc 1 59 17 is_stmt 0 view .LVU2
  44 0004 3C4F     		ldr	r7, .L5
  45 0006 C021     		movs	r1, #192
  46 0008 3970     		strb	r1, [r7]
  60:LWIP/App/lwip.c ****   IP_ADDRESS[1] = 168;
  47              		.loc 1 60 3 is_stmt 1 view .LVU3
  48              		.loc 1 60 17 is_stmt 0 view .LVU4
  49 000a A822     		movs	r2, #168
  50 000c 7A70     		strb	r2, [r7, #1]
  61:LWIP/App/lwip.c ****   IP_ADDRESS[2] = 0;
  51              		.loc 1 61 3 is_stmt 1 view .LVU5
  52              		.loc 1 61 17 is_stmt 0 view .LVU6
  53 000e 0024     		movs	r4, #0
  54 0010 BC70     		strb	r4, [r7, #2]
ARM GAS  /tmp/ccbeKT2D.s 			page 3


  62:LWIP/App/lwip.c ****   IP_ADDRESS[3] = 51;
  55              		.loc 1 62 3 is_stmt 1 view .LVU7
  56              		.loc 1 62 17 is_stmt 0 view .LVU8
  57 0012 3323     		movs	r3, #51
  58 0014 FB70     		strb	r3, [r7, #3]
  63:LWIP/App/lwip.c ****   NETMASK_ADDRESS[0] = 255;
  59              		.loc 1 63 3 is_stmt 1 view .LVU9
  60              		.loc 1 63 22 is_stmt 0 view .LVU10
  61 0016 394E     		ldr	r6, .L5+4
  62 0018 FF23     		movs	r3, #255
  63 001a 3370     		strb	r3, [r6]
  64:LWIP/App/lwip.c ****   NETMASK_ADDRESS[1] = 255;
  64              		.loc 1 64 3 is_stmt 1 view .LVU11
  65              		.loc 1 64 22 is_stmt 0 view .LVU12
  66 001c 7370     		strb	r3, [r6, #1]
  65:LWIP/App/lwip.c ****   NETMASK_ADDRESS[2] = 255;
  67              		.loc 1 65 3 is_stmt 1 view .LVU13
  68              		.loc 1 65 22 is_stmt 0 view .LVU14
  69 001e B370     		strb	r3, [r6, #2]
  66:LWIP/App/lwip.c ****   NETMASK_ADDRESS[3] = 0;
  70              		.loc 1 66 3 is_stmt 1 view .LVU15
  71              		.loc 1 66 22 is_stmt 0 view .LVU16
  72 0020 F470     		strb	r4, [r6, #3]
  67:LWIP/App/lwip.c ****   GATEWAY_ADDRESS[0] = 192;
  73              		.loc 1 67 3 is_stmt 1 view .LVU17
  74              		.loc 1 67 22 is_stmt 0 view .LVU18
  75 0022 374D     		ldr	r5, .L5+8
  76 0024 2970     		strb	r1, [r5]
  68:LWIP/App/lwip.c ****   GATEWAY_ADDRESS[1] = 168;
  77              		.loc 1 68 3 is_stmt 1 view .LVU19
  78              		.loc 1 68 22 is_stmt 0 view .LVU20
  79 0026 6A70     		strb	r2, [r5, #1]
  69:LWIP/App/lwip.c ****   GATEWAY_ADDRESS[2] = 0;
  80              		.loc 1 69 3 is_stmt 1 view .LVU21
  81              		.loc 1 69 22 is_stmt 0 view .LVU22
  82 0028 AC70     		strb	r4, [r5, #2]
  70:LWIP/App/lwip.c ****   GATEWAY_ADDRESS[3] = 1;
  83              		.loc 1 70 3 is_stmt 1 view .LVU23
  84              		.loc 1 70 22 is_stmt 0 view .LVU24
  85 002a 0123     		movs	r3, #1
  86 002c EB70     		strb	r3, [r5, #3]
  71:LWIP/App/lwip.c **** 
  72:LWIP/App/lwip.c ****   /* Initilialize the LwIP stack without RTOS */
  73:LWIP/App/lwip.c ****   lwip_init();
  87              		.loc 1 73 3 is_stmt 1 view .LVU25
  88 002e FFF7FEFF 		bl	lwip_init
  89              	.LVL0:
  74:LWIP/App/lwip.c **** 
  75:LWIP/App/lwip.c ****   /* IP addresses initialization without DHCP (IPv4) */
  76:LWIP/App/lwip.c ****   IP4_ADDR(&ipaddr, IP_ADDRESS[0], IP_ADDRESS[1], IP_ADDRESS[2], IP_ADDRESS[3]);
  90              		.loc 1 76 3 view .LVU26
  91 0032 3A78     		ldrb	r2, [r7]	@ zero_extendqisi2
  92 0034 7B78     		ldrb	r3, [r7, #1]	@ zero_extendqisi2
  93 0036 1B04     		lsls	r3, r3, #16
  94 0038 43EA0263 		orr	r3, r3, r2, lsl #24
  95 003c BA78     		ldrb	r2, [r7, #2]	@ zero_extendqisi2
  96 003e 43EA0223 		orr	r3, r3, r2, lsl #8
ARM GAS  /tmp/ccbeKT2D.s 			page 4


  97 0042 F978     		ldrb	r1, [r7, #3]	@ zero_extendqisi2
  98 0044 0B43     		orrs	r3, r3, r1
  99 0046 1A02     		lsls	r2, r3, #8
 100 0048 02F47F02 		and	r2, r2, #16711680
 101 004c 42EA0162 		orr	r2, r2, r1, lsl #24
 102 0050 190A     		lsrs	r1, r3, #8
 103 0052 01F47F41 		and	r1, r1, #65280
 104 0056 0A43     		orrs	r2, r2, r1
 105 0058 42EA1363 		orr	r3, r2, r3, lsr #24
 106 005c 2949     		ldr	r1, .L5+12
 107 005e 0B60     		str	r3, [r1]
  77:LWIP/App/lwip.c ****   IP4_ADDR(&netmask, NETMASK_ADDRESS[0], NETMASK_ADDRESS[1] , NETMASK_ADDRESS[2], NETMASK_ADDRESS[3
 108              		.loc 1 77 3 view .LVU27
 109 0060 3278     		ldrb	r2, [r6]	@ zero_extendqisi2
 110 0062 7378     		ldrb	r3, [r6, #1]	@ zero_extendqisi2
 111 0064 1B04     		lsls	r3, r3, #16
 112 0066 43EA0263 		orr	r3, r3, r2, lsl #24
 113 006a B278     		ldrb	r2, [r6, #2]	@ zero_extendqisi2
 114 006c 43EA0223 		orr	r3, r3, r2, lsl #8
 115 0070 F078     		ldrb	r0, [r6, #3]	@ zero_extendqisi2
 116 0072 0343     		orrs	r3, r3, r0
 117 0074 1A02     		lsls	r2, r3, #8
 118 0076 02F47F02 		and	r2, r2, #16711680
 119 007a 42EA0062 		orr	r2, r2, r0, lsl #24
 120 007e 180A     		lsrs	r0, r3, #8
 121 0080 00F47F40 		and	r0, r0, #65280
 122 0084 0243     		orrs	r2, r2, r0
 123 0086 42EA1363 		orr	r3, r2, r3, lsr #24
 124 008a 1F4A     		ldr	r2, .L5+16
 125 008c 1360     		str	r3, [r2]
  78:LWIP/App/lwip.c ****   IP4_ADDR(&gw, GATEWAY_ADDRESS[0], GATEWAY_ADDRESS[1], GATEWAY_ADDRESS[2], GATEWAY_ADDRESS[3]);
 126              		.loc 1 78 3 view .LVU28
 127 008e 2878     		ldrb	r0, [r5]	@ zero_extendqisi2
 128 0090 6B78     		ldrb	r3, [r5, #1]	@ zero_extendqisi2
 129 0092 1B04     		lsls	r3, r3, #16
 130 0094 43EA0063 		orr	r3, r3, r0, lsl #24
 131 0098 A878     		ldrb	r0, [r5, #2]	@ zero_extendqisi2
 132 009a 43EA0023 		orr	r3, r3, r0, lsl #8
 133 009e ED78     		ldrb	r5, [r5, #3]	@ zero_extendqisi2
 134 00a0 2B43     		orrs	r3, r3, r5
 135 00a2 1802     		lsls	r0, r3, #8
 136 00a4 00F47F00 		and	r0, r0, #16711680
 137 00a8 40EA0560 		orr	r0, r0, r5, lsl #24
 138 00ac 1D0A     		lsrs	r5, r3, #8
 139 00ae 05F47F45 		and	r5, r5, #65280
 140 00b2 2843     		orrs	r0, r0, r5
 141 00b4 40EA1360 		orr	r0, r0, r3, lsr #24
 142 00b8 144B     		ldr	r3, .L5+20
 143 00ba 1860     		str	r0, [r3]
  79:LWIP/App/lwip.c **** 
  80:LWIP/App/lwip.c ****   /* add the network interface (IPv4/IPv6) without RTOS */
  81:LWIP/App/lwip.c ****   netif_add(&gnetif, &ipaddr, &netmask, &gw, NULL, &ethernetif_init, &ethernet_input);
 144              		.loc 1 81 3 view .LVU29
 145 00bc 144D     		ldr	r5, .L5+24
 146 00be 1548     		ldr	r0, .L5+28
 147 00c0 0290     		str	r0, [sp, #8]
 148 00c2 1548     		ldr	r0, .L5+32
ARM GAS  /tmp/ccbeKT2D.s 			page 5


 149 00c4 0190     		str	r0, [sp, #4]
 150 00c6 0094     		str	r4, [sp]
 151 00c8 2846     		mov	r0, r5
 152 00ca FFF7FEFF 		bl	netif_add
 153              	.LVL1:
  82:LWIP/App/lwip.c **** 
  83:LWIP/App/lwip.c ****   /* Registers the default network interface */
  84:LWIP/App/lwip.c ****   netif_set_default(&gnetif);
 154              		.loc 1 84 3 view .LVU30
 155 00ce 2846     		mov	r0, r5
 156 00d0 FFF7FEFF 		bl	netif_set_default
 157              	.LVL2:
  85:LWIP/App/lwip.c **** 
  86:LWIP/App/lwip.c ****   if (netif_is_link_up(&gnetif))
 158              		.loc 1 86 3 view .LVU31
 159              		.loc 1 86 7 is_stmt 0 view .LVU32
 160 00d4 95F82F30 		ldrb	r3, [r5, #47]	@ zero_extendqisi2
 161              		.loc 1 86 6 view .LVU33
 162 00d8 13F0040F 		tst	r3, #4
 163 00dc 08D0     		beq	.L2
  87:LWIP/App/lwip.c ****   {
  88:LWIP/App/lwip.c ****     /* When the netif is fully configured this function must be called */
  89:LWIP/App/lwip.c ****     netif_set_up(&gnetif);
 164              		.loc 1 89 5 is_stmt 1 view .LVU34
 165 00de 2846     		mov	r0, r5
 166 00e0 FFF7FEFF 		bl	netif_set_up
 167              	.LVL3:
 168              	.L3:
  90:LWIP/App/lwip.c ****   }
  91:LWIP/App/lwip.c ****   else
  92:LWIP/App/lwip.c ****   {
  93:LWIP/App/lwip.c ****     /* When the netif link is down this function must be called */
  94:LWIP/App/lwip.c ****     netif_set_down(&gnetif);
  95:LWIP/App/lwip.c ****   }
  96:LWIP/App/lwip.c **** 
  97:LWIP/App/lwip.c ****   /* Set the link callback function, this function is called on change of link status*/
  98:LWIP/App/lwip.c ****   netif_set_link_callback(&gnetif, ethernetif_update_config);
 169              		.loc 1 98 3 view .LVU35
 170 00e4 0D49     		ldr	r1, .L5+36
 171 00e6 0A48     		ldr	r0, .L5+24
 172 00e8 FFF7FEFF 		bl	netif_set_link_callback
 173              	.LVL4:
  99:LWIP/App/lwip.c **** 
 100:LWIP/App/lwip.c ****   /* Create the Ethernet link handler thread */
 101:LWIP/App/lwip.c **** 
 102:LWIP/App/lwip.c **** /* USER CODE BEGIN 3 */
 103:LWIP/App/lwip.c **** 
 104:LWIP/App/lwip.c **** /* USER CODE END 3 */
 105:LWIP/App/lwip.c **** }
 174              		.loc 1 105 1 is_stmt 0 view .LVU36
 175 00ec 05B0     		add	sp, sp, #20
 176              	.LCFI2:
 177              		.cfi_remember_state
 178              		.cfi_def_cfa_offset 20
 179              		@ sp needed
 180 00ee F0BD     		pop	{r4, r5, r6, r7, pc}
 181              	.L2:
ARM GAS  /tmp/ccbeKT2D.s 			page 6


 182              	.LCFI3:
 183              		.cfi_restore_state
  94:LWIP/App/lwip.c ****   }
 184              		.loc 1 94 5 is_stmt 1 view .LVU37
 185 00f0 0748     		ldr	r0, .L5+24
 186 00f2 FFF7FEFF 		bl	netif_set_down
 187              	.LVL5:
 188 00f6 F5E7     		b	.L3
 189              	.L6:
 190              		.align	2
 191              	.L5:
 192 00f8 00000000 		.word	IP_ADDRESS
 193 00fc 00000000 		.word	NETMASK_ADDRESS
 194 0100 00000000 		.word	GATEWAY_ADDRESS
 195 0104 00000000 		.word	ipaddr
 196 0108 00000000 		.word	netmask
 197 010c 00000000 		.word	gw
 198 0110 00000000 		.word	gnetif
 199 0114 00000000 		.word	ethernet_input
 200 0118 00000000 		.word	ethernetif_init
 201 011c 00000000 		.word	ethernetif_update_config
 202              		.cfi_endproc
 203              	.LFE90:
 205              		.section	.text.MX_LWIP_Process,"ax",%progbits
 206              		.align	1
 207              		.global	MX_LWIP_Process
 208              		.syntax unified
 209              		.thumb
 210              		.thumb_func
 211              		.fpu softvfp
 213              	MX_LWIP_Process:
 214              	.LFB91:
 106:LWIP/App/lwip.c **** 
 107:LWIP/App/lwip.c **** #ifdef USE_OBSOLETE_USER_CODE_SECTION_4
 108:LWIP/App/lwip.c **** /* Kept to help code migration. (See new 4_1, 4_2... sections) */
 109:LWIP/App/lwip.c **** /* Avoid to use this user section which will become obsolete. */
 110:LWIP/App/lwip.c **** /* USER CODE BEGIN 4 */
 111:LWIP/App/lwip.c **** /* USER CODE END 4 */
 112:LWIP/App/lwip.c **** #endif
 113:LWIP/App/lwip.c **** 
 114:LWIP/App/lwip.c **** /**
 115:LWIP/App/lwip.c ****  * ----------------------------------------------------------------------
 116:LWIP/App/lwip.c ****  * Function given to help user to continue LwIP Initialization
 117:LWIP/App/lwip.c ****  * Up to user to complete or change this function ...
 118:LWIP/App/lwip.c ****  * Up to user to call this function in main.c in while (1) of main(void)
 119:LWIP/App/lwip.c ****  *-----------------------------------------------------------------------
 120:LWIP/App/lwip.c ****  * Read a received packet from the Ethernet buffers
 121:LWIP/App/lwip.c ****  * Send it to the lwIP stack for handling
 122:LWIP/App/lwip.c ****  * Handle timeouts if LWIP_TIMERS is set and without RTOS
 123:LWIP/App/lwip.c ****  * Handle the llink status if LWIP_NETIF_LINK_CALLBACK is set and without RTOS
 124:LWIP/App/lwip.c ****  */
 125:LWIP/App/lwip.c **** void MX_LWIP_Process(void)
 126:LWIP/App/lwip.c **** {
 215              		.loc 1 126 1 view -0
 216              		.cfi_startproc
 217              		@ args = 0, pretend = 0, frame = 0
 218              		@ frame_needed = 0, uses_anonymous_args = 0
ARM GAS  /tmp/ccbeKT2D.s 			page 7


 219 0000 08B5     		push	{r3, lr}
 220              	.LCFI4:
 221              		.cfi_def_cfa_offset 8
 222              		.cfi_offset 3, -8
 223              		.cfi_offset 14, -4
 127:LWIP/App/lwip.c **** /* USER CODE BEGIN 4_1 */
 128:LWIP/App/lwip.c **** /* USER CODE END 4_1 */
 129:LWIP/App/lwip.c ****   ethernetif_input(&gnetif);
 224              		.loc 1 129 3 view .LVU39
 225 0002 0348     		ldr	r0, .L9
 226 0004 FFF7FEFF 		bl	ethernetif_input
 227              	.LVL6:
 130:LWIP/App/lwip.c **** 
 131:LWIP/App/lwip.c **** /* USER CODE BEGIN 4_2 */
 132:LWIP/App/lwip.c **** /* USER CODE END 4_2 */
 133:LWIP/App/lwip.c ****   /* Handle timeouts */
 134:LWIP/App/lwip.c ****   sys_check_timeouts();
 228              		.loc 1 134 3 view .LVU40
 229 0008 FFF7FEFF 		bl	sys_check_timeouts
 230              	.LVL7:
 135:LWIP/App/lwip.c **** 
 136:LWIP/App/lwip.c **** /* USER CODE BEGIN 4_3 */
 137:LWIP/App/lwip.c **** /* USER CODE END 4_3 */
 138:LWIP/App/lwip.c **** }
 231              		.loc 1 138 1 is_stmt 0 view .LVU41
 232 000c 08BD     		pop	{r3, pc}
 233              	.L10:
 234 000e 00BF     		.align	2
 235              	.L9:
 236 0010 00000000 		.word	gnetif
 237              		.cfi_endproc
 238              	.LFE91:
 240              		.comm	GATEWAY_ADDRESS,4,4
 241              		.comm	NETMASK_ADDRESS,4,4
 242              		.comm	IP_ADDRESS,4,4
 243              		.comm	gw,4,4
 244              		.comm	netmask,4,4
 245              		.comm	ipaddr,4,4
 246              		.comm	gnetif,52,4
 247              		.text
 248              	.Letext0:
 249              		.file 2 "/opt/gcc-arm-none-eabi-9-2020-q2-update/arm-none-eabi/include/machine/_default_types.h"
 250              		.file 3 "/opt/gcc-arm-none-eabi-9-2020-q2-update/arm-none-eabi/include/sys/_stdint.h"
 251              		.file 4 "Drivers/CMSIS/Include/core_cm3.h"
 252              		.file 5 "Drivers/CMSIS/Device/ST/STM32F1xx/Include/system_stm32f1xx.h"
 253              		.file 6 "Drivers/CMSIS/Device/ST/STM32F1xx/Include/stm32f107xc.h"
 254              		.file 7 "Drivers/STM32F1xx_HAL_Driver/Inc/stm32f1xx_hal_def.h"
 255              		.file 8 "Drivers/STM32F1xx_HAL_Driver/Inc/stm32f1xx_hal_eth.h"
 256              		.file 9 "Drivers/STM32F1xx_HAL_Driver/Inc/stm32f1xx_hal.h"
 257              		.file 10 "/opt/gcc-arm-none-eabi-9-2020-q2-update/lib/gcc/arm-none-eabi/9.3.1/include/stddef.h"
 258              		.file 11 "/opt/gcc-arm-none-eabi-9-2020-q2-update/arm-none-eabi/include/sys/_types.h"
 259              		.file 12 "/opt/gcc-arm-none-eabi-9-2020-q2-update/arm-none-eabi/include/sys/reent.h"
 260              		.file 13 "/opt/gcc-arm-none-eabi-9-2020-q2-update/arm-none-eabi/include/sys/lock.h"
 261              		.file 14 "/opt/gcc-arm-none-eabi-9-2020-q2-update/arm-none-eabi/include/stdlib.h"
 262              		.file 15 "/opt/gcc-arm-none-eabi-9-2020-q2-update/arm-none-eabi/include/time.h"
 263              		.file 16 "Middlewares/Third_Party/LwIP/src/include/lwip/arch.h"
 264              		.file 17 "Middlewares/Third_Party/LwIP/src/include/lwip/memp.h"
ARM GAS  /tmp/ccbeKT2D.s 			page 8


 265              		.file 18 "Middlewares/Third_Party/LwIP/src/include/lwip/priv/memp_priv.h"
 266              		.file 19 "Middlewares/Third_Party/LwIP/src/include/lwip/err.h"
 267              		.file 20 "Middlewares/Third_Party/LwIP/src/include/lwip/pbuf.h"
 268              		.file 21 "Middlewares/Third_Party/LwIP/src/include/lwip/ip4_addr.h"
 269              		.file 22 "Middlewares/Third_Party/LwIP/src/include/lwip/ip_addr.h"
 270              		.file 23 "Middlewares/Third_Party/LwIP/src/include/lwip/netif.h"
 271              		.file 24 "Middlewares/Third_Party/LwIP/src/include/lwip/prot/ethernet.h"
 272              		.file 25 "Middlewares/Third_Party/LwIP/src/include/netif/ethernet.h"
 273              		.file 26 "Middlewares/Third_Party/LwIP/src/include/lwip/timeouts.h"
 274              		.file 27 "LWIP/App/lwip.h"
 275              		.file 28 "LWIP/Target/ethernetif.h"
 276              		.file 29 "Middlewares/Third_Party/LwIP/src/include/lwip/init.h"
ARM GAS  /tmp/ccbeKT2D.s 			page 9


DEFINED SYMBOLS
                            *ABS*:0000000000000000 lwip.c
     /tmp/ccbeKT2D.s:16     .text.MX_LWIP_Init:0000000000000000 $t
     /tmp/ccbeKT2D.s:24     .text.MX_LWIP_Init:0000000000000000 MX_LWIP_Init
     /tmp/ccbeKT2D.s:192    .text.MX_LWIP_Init:00000000000000f8 $d
                            *COM*:0000000000000004 IP_ADDRESS
                            *COM*:0000000000000004 NETMASK_ADDRESS
                            *COM*:0000000000000004 GATEWAY_ADDRESS
                            *COM*:0000000000000004 ipaddr
                            *COM*:0000000000000004 netmask
                            *COM*:0000000000000004 gw
                            *COM*:0000000000000034 gnetif
     /tmp/ccbeKT2D.s:206    .text.MX_LWIP_Process:0000000000000000 $t
     /tmp/ccbeKT2D.s:213    .text.MX_LWIP_Process:0000000000000000 MX_LWIP_Process
     /tmp/ccbeKT2D.s:236    .text.MX_LWIP_Process:0000000000000010 $d

UNDEFINED SYMBOLS
lwip_init
netif_add
netif_set_default
netif_set_up
netif_set_link_callback
netif_set_down
ethernet_input
ethernetif_init
ethernetif_update_config
ethernetif_input
sys_check_timeouts
