ARM GAS  /tmp/ccF8ZPgv.s 			page 1


   1              		.cpu cortex-m3
   2              		.eabi_attribute 20, 1
   3              		.eabi_attribute 21, 1
   4              		.eabi_attribute 23, 3
   5              		.eabi_attribute 24, 1
   6              		.eabi_attribute 25, 1
   7              		.eabi_attribute 26, 1
   8              		.eabi_attribute 30, 1
   9              		.eabi_attribute 34, 1
  10              		.eabi_attribute 18, 4
  11              		.file	"pro.c"
  12              		.text
  13              	.Ltext0:
  14              		.cfi_sections	.debug_frame
  15              		.section	.text.UserDataInitial,"ax",%progbits
  16              		.align	1
  17              		.global	UserDataInitial
  18              		.arch armv7-m
  19              		.syntax unified
  20              		.thumb
  21              		.thumb_func
  22              		.fpu softvfp
  24              	UserDataInitial:
  25              	.LFB0:
  26              		.file 1 "Core/Src/pro.c"
   1:Core/Src/pro.c **** #include "pro.h"
   2:Core/Src/pro.c **** void UserDataInitial(void)
   3:Core/Src/pro.c **** {
  27              		.loc 1 3 1 view -0
  28              		.cfi_startproc
  29              		@ args = 0, pretend = 0, frame = 0
  30              		@ frame_needed = 0, uses_anonymous_args = 0
  31              		@ link register save eliminated.
   4:Core/Src/pro.c **** 
   5:Core/Src/pro.c **** }
  32              		.loc 1 5 1 view .LVU1
  33 0000 7047     		bx	lr
  34              		.cfi_endproc
  35              	.LFE0:
  37              		.section	.text.BSP_InitalState,"ax",%progbits
  38              		.align	1
  39              		.global	BSP_InitalState
  40              		.syntax unified
  41              		.thumb
  42              		.thumb_func
  43              		.fpu softvfp
  45              	BSP_InitalState:
  46              	.LFB1:
   6:Core/Src/pro.c **** void BSP_InitalState(void)
   7:Core/Src/pro.c **** {
  47              		.loc 1 7 1 view -0
  48              		.cfi_startproc
  49              		@ args = 0, pretend = 0, frame = 0
  50              		@ frame_needed = 0, uses_anonymous_args = 0
  51              		@ link register save eliminated.
   8:Core/Src/pro.c **** 
   9:Core/Src/pro.c **** }...
ARM GAS  /tmp/ccF8ZPgv.s 			page 2


  52              		.loc 1 9 1 view .LVU3
  53 0000 7047     		bx	lr
  54              		.cfi_endproc
  55              	.LFE1:
  57              		.text
  58              	.Letext0:
ARM GAS  /tmp/ccF8ZPgv.s 			page 3


DEFINED SYMBOLS
                            *ABS*:0000000000000000 pro.c
     /tmp/ccF8ZPgv.s:16     .text.UserDataInitial:0000000000000000 $t
     /tmp/ccF8ZPgv.s:24     .text.UserDataInitial:0000000000000000 UserDataInitial
     /tmp/ccF8ZPgv.s:38     .text.BSP_InitalState:0000000000000000 $t
     /tmp/ccF8ZPgv.s:45     .text.BSP_InitalState:0000000000000000 BSP_InitalState

NO UNDEFINED SYMBOLS
