ARM GAS  /tmp/ccWNHysV.s 			page 1


   1              		.cpu cortex-m3
   2              		.eabi_attribute 20, 1
   3              		.eabi_attribute 21, 1
   4              		.eabi_attribute 23, 3
   5              		.eabi_attribute 24, 1
   6              		.eabi_attribute 25, 1
   7              		.eabi_attribute 26, 1
   8              		.eabi_attribute 30, 1
   9              		.eabi_attribute 34, 1
  10              		.eabi_attribute 18, 4
  11              		.file	"slipif.c"
  12              		.text
  13              	.Ltext0:
  14              		.cfi_sections	.debug_frame
  15              		.section	.rodata.slipif_output.str1.4,"aMS",%progbits,1
  16              		.align	2
  17              	.LC0:
  18 0000 4D696464 		.ascii	"Middlewares/Third_Party/LwIP/src/netif/slipif.c\000"
  18      6C657761 
  18      7265732F 
  18      54686972 
  18      645F5061 
  19              		.align	2
  20              	.LC1:
  21 0030 6E657469 		.ascii	"netif != NULL\000"
  21      6620213D 
  21      204E554C 
  21      4C00
  22 003e 0000     		.align	2
  23              	.LC2:
  24 0040 41737365 		.ascii	"Assertion \"%s\" failed at line %d in %s\012\000"
  24      7274696F 
  24      6E202225 
  24      73222066 
  24      61696C65 
  25              		.align	2
  26              	.LC3:
  27 0068 6E657469 		.ascii	"netif->state != NULL\000"
  27      662D3E73 
  27      74617465 
  27      20213D20 
  27      4E554C4C 
  28 007d 000000   		.align	2
  29              	.LC4:
  30 0080 7020213D 		.ascii	"p != NULL\000"
  30      204E554C 
  30      4C00
  31              		.section	.text.slipif_output,"ax",%progbits
  32              		.align	1
  33              		.arch armv7-m
  34              		.syntax unified
  35              		.thumb
  36              		.thumb_func
  37              		.fpu softvfp
  39              	slipif_output:
  40              	.LVL0:
  41              	.LFB90:
ARM GAS  /tmp/ccWNHysV.s 			page 2


  42              		.file 1 "Middlewares/Third_Party/LwIP/src/netif/slipif.c"
   1:Middlewares/Third_Party/LwIP/src/netif/slipif.c **** /**
   2:Middlewares/Third_Party/LwIP/src/netif/slipif.c ****  * @file
   3:Middlewares/Third_Party/LwIP/src/netif/slipif.c ****  * SLIP Interface
   4:Middlewares/Third_Party/LwIP/src/netif/slipif.c ****  *
   5:Middlewares/Third_Party/LwIP/src/netif/slipif.c ****  */
   6:Middlewares/Third_Party/LwIP/src/netif/slipif.c **** 
   7:Middlewares/Third_Party/LwIP/src/netif/slipif.c **** /*
   8:Middlewares/Third_Party/LwIP/src/netif/slipif.c ****  * Copyright (c) 2001-2004 Swedish Institute of Computer Science.
   9:Middlewares/Third_Party/LwIP/src/netif/slipif.c ****  * All rights reserved.
  10:Middlewares/Third_Party/LwIP/src/netif/slipif.c ****  *
  11:Middlewares/Third_Party/LwIP/src/netif/slipif.c ****  * Redistribution and use in source and binary forms, with or without
  12:Middlewares/Third_Party/LwIP/src/netif/slipif.c ****  * modification, are permitted provided that the following conditions
  13:Middlewares/Third_Party/LwIP/src/netif/slipif.c ****  * are met:
  14:Middlewares/Third_Party/LwIP/src/netif/slipif.c ****  * 1. Redistributions of source code must retain the above copyright
  15:Middlewares/Third_Party/LwIP/src/netif/slipif.c ****  *    notice, this list of conditions and the following disclaimer.
  16:Middlewares/Third_Party/LwIP/src/netif/slipif.c ****  * 2. Redistributions in binary form must reproduce the above copyright
  17:Middlewares/Third_Party/LwIP/src/netif/slipif.c ****  *    notice, this list of conditions and the following disclaimer in the
  18:Middlewares/Third_Party/LwIP/src/netif/slipif.c ****  *    documentation and/or other materials provided with the distribution.
  19:Middlewares/Third_Party/LwIP/src/netif/slipif.c ****  * 3. Neither the name of the Institute nor the names of its contributors
  20:Middlewares/Third_Party/LwIP/src/netif/slipif.c ****  *    may be used to endorse or promote products derived from this software
  21:Middlewares/Third_Party/LwIP/src/netif/slipif.c ****  *    without specific prior written permission.
  22:Middlewares/Third_Party/LwIP/src/netif/slipif.c ****  *
  23:Middlewares/Third_Party/LwIP/src/netif/slipif.c ****  * THIS SOFTWARE IS PROVIDED BY THE INSTITUTE AND CONTRIBUTORS ``AS IS'' AND
  24:Middlewares/Third_Party/LwIP/src/netif/slipif.c ****  * ANY EXPRESS OR IMPLIED WARRANTIES, INCLUDING, BUT NOT LIMITED TO, THE
  25:Middlewares/Third_Party/LwIP/src/netif/slipif.c ****  * IMPLIED WARRANTIES OF MERCHANTABILITY AND FITNESS FOR A PARTICULAR PURPOSE
  26:Middlewares/Third_Party/LwIP/src/netif/slipif.c ****  * ARE DISCLAIMED.  IN NO EVENT SHALL THE INSTITUTE OR CONTRIBUTORS BE LIABLE
  27:Middlewares/Third_Party/LwIP/src/netif/slipif.c ****  * FOR ANY DIRECT, INDIRECT, INCIDENTAL, SPECIAL, EXEMPLARY, OR CONSEQUENTIAL
  28:Middlewares/Third_Party/LwIP/src/netif/slipif.c ****  * DAMAGES (INCLUDING, BUT NOT LIMITED TO, PROCUREMENT OF SUBSTITUTE GOODS
  29:Middlewares/Third_Party/LwIP/src/netif/slipif.c ****  * OR SERVICES; LOSS OF USE, DATA, OR PROFITS; OR BUSINESS INTERRUPTION)
  30:Middlewares/Third_Party/LwIP/src/netif/slipif.c ****  * HOWEVER CAUSED AND ON ANY THEORY OF LIABILITY, WHETHER IN CONTRACT, STRICT
  31:Middlewares/Third_Party/LwIP/src/netif/slipif.c ****  * LIABILITY, OR TORT (INCLUDING NEGLIGENCE OR OTHERWISE) ARISING IN ANY WAY
  32:Middlewares/Third_Party/LwIP/src/netif/slipif.c ****  * OUT OF THE USE OF THIS SOFTWARE, EVEN IF ADVISED OF THE POSSIBILITY OF
  33:Middlewares/Third_Party/LwIP/src/netif/slipif.c ****  * SUCH DAMAGE.
  34:Middlewares/Third_Party/LwIP/src/netif/slipif.c ****  *
  35:Middlewares/Third_Party/LwIP/src/netif/slipif.c ****  * This file is built upon the file: src/arch/rtxc/netif/sioslip.c
  36:Middlewares/Third_Party/LwIP/src/netif/slipif.c ****  *
  37:Middlewares/Third_Party/LwIP/src/netif/slipif.c ****  * Author: Magnus Ivarsson <magnus.ivarsson(at)volvo.com>
  38:Middlewares/Third_Party/LwIP/src/netif/slipif.c ****  *         Simon Goldschmidt
  39:Middlewares/Third_Party/LwIP/src/netif/slipif.c ****  */
  40:Middlewares/Third_Party/LwIP/src/netif/slipif.c **** 
  41:Middlewares/Third_Party/LwIP/src/netif/slipif.c **** 
  42:Middlewares/Third_Party/LwIP/src/netif/slipif.c **** /**
  43:Middlewares/Third_Party/LwIP/src/netif/slipif.c ****  * @defgroup slipif SLIP netif
  44:Middlewares/Third_Party/LwIP/src/netif/slipif.c ****  * @ingroup addons
  45:Middlewares/Third_Party/LwIP/src/netif/slipif.c ****  *
  46:Middlewares/Third_Party/LwIP/src/netif/slipif.c ****  * This is an arch independent SLIP netif. The specific serial hooks must be
  47:Middlewares/Third_Party/LwIP/src/netif/slipif.c ****  * provided by another file. They are sio_open, sio_read/sio_tryread and sio_send
  48:Middlewares/Third_Party/LwIP/src/netif/slipif.c ****  *
  49:Middlewares/Third_Party/LwIP/src/netif/slipif.c ****  * Usage: This netif can be used in three ways:\n
  50:Middlewares/Third_Party/LwIP/src/netif/slipif.c ****  *        1) For NO_SYS==0, an RX thread can be used which blocks on sio_read()
  51:Middlewares/Third_Party/LwIP/src/netif/slipif.c ****  *           until data is received.\n
  52:Middlewares/Third_Party/LwIP/src/netif/slipif.c ****  *        2) In your main loop, call slipif_poll() to check for new RX bytes,
  53:Middlewares/Third_Party/LwIP/src/netif/slipif.c ****  *           completed packets are fed into netif->input().\n
  54:Middlewares/Third_Party/LwIP/src/netif/slipif.c ****  *        3) Call slipif_received_byte[s]() from your serial RX ISR and
  55:Middlewares/Third_Party/LwIP/src/netif/slipif.c ****  *           slipif_process_rxqueue() from your main loop. ISR level decodes
  56:Middlewares/Third_Party/LwIP/src/netif/slipif.c ****  *           packets and puts completed packets on a queue which is fed into
ARM GAS  /tmp/ccWNHysV.s 			page 3


  57:Middlewares/Third_Party/LwIP/src/netif/slipif.c ****  *           the stack from the main loop (needs SYS_LIGHTWEIGHT_PROT for
  58:Middlewares/Third_Party/LwIP/src/netif/slipif.c ****  *           pbuf_alloc to work on ISR level!).
  59:Middlewares/Third_Party/LwIP/src/netif/slipif.c ****  *
  60:Middlewares/Third_Party/LwIP/src/netif/slipif.c ****  */
  61:Middlewares/Third_Party/LwIP/src/netif/slipif.c **** 
  62:Middlewares/Third_Party/LwIP/src/netif/slipif.c **** #include "netif/slipif.h"
  63:Middlewares/Third_Party/LwIP/src/netif/slipif.c **** #include "lwip/opt.h"
  64:Middlewares/Third_Party/LwIP/src/netif/slipif.c **** 
  65:Middlewares/Third_Party/LwIP/src/netif/slipif.c **** #include "lwip/def.h"
  66:Middlewares/Third_Party/LwIP/src/netif/slipif.c **** #include "lwip/pbuf.h"
  67:Middlewares/Third_Party/LwIP/src/netif/slipif.c **** #include "lwip/stats.h"
  68:Middlewares/Third_Party/LwIP/src/netif/slipif.c **** #include "lwip/snmp.h"
  69:Middlewares/Third_Party/LwIP/src/netif/slipif.c **** #include "lwip/sys.h"
  70:Middlewares/Third_Party/LwIP/src/netif/slipif.c **** #include "lwip/sio.h"
  71:Middlewares/Third_Party/LwIP/src/netif/slipif.c **** 
  72:Middlewares/Third_Party/LwIP/src/netif/slipif.c **** #define SLIP_END     0xC0 /* 0300: start and end of every packet */
  73:Middlewares/Third_Party/LwIP/src/netif/slipif.c **** #define SLIP_ESC     0xDB /* 0333: escape start (one byte escaped data follows) */
  74:Middlewares/Third_Party/LwIP/src/netif/slipif.c **** #define SLIP_ESC_END 0xDC /* 0334: following escape: original byte is 0xC0 (END) */
  75:Middlewares/Third_Party/LwIP/src/netif/slipif.c **** #define SLIP_ESC_ESC 0xDD /* 0335: following escape: original byte is 0xDB (ESC) */
  76:Middlewares/Third_Party/LwIP/src/netif/slipif.c **** 
  77:Middlewares/Third_Party/LwIP/src/netif/slipif.c **** /** Maximum packet size that is received by this netif */
  78:Middlewares/Third_Party/LwIP/src/netif/slipif.c **** #ifndef SLIP_MAX_SIZE
  79:Middlewares/Third_Party/LwIP/src/netif/slipif.c **** #define SLIP_MAX_SIZE 1500
  80:Middlewares/Third_Party/LwIP/src/netif/slipif.c **** #endif
  81:Middlewares/Third_Party/LwIP/src/netif/slipif.c **** 
  82:Middlewares/Third_Party/LwIP/src/netif/slipif.c **** /** Define this to the interface speed for SNMP
  83:Middlewares/Third_Party/LwIP/src/netif/slipif.c ****  * (sio_fd is the sio_fd_t returned by sio_open).
  84:Middlewares/Third_Party/LwIP/src/netif/slipif.c ****  * The default value of zero means 'unknown'.
  85:Middlewares/Third_Party/LwIP/src/netif/slipif.c ****  */
  86:Middlewares/Third_Party/LwIP/src/netif/slipif.c **** #ifndef SLIP_SIO_SPEED
  87:Middlewares/Third_Party/LwIP/src/netif/slipif.c **** #define SLIP_SIO_SPEED(sio_fd) 0
  88:Middlewares/Third_Party/LwIP/src/netif/slipif.c **** #endif
  89:Middlewares/Third_Party/LwIP/src/netif/slipif.c **** 
  90:Middlewares/Third_Party/LwIP/src/netif/slipif.c **** enum slipif_recv_state {
  91:Middlewares/Third_Party/LwIP/src/netif/slipif.c ****     SLIP_RECV_NORMAL,
  92:Middlewares/Third_Party/LwIP/src/netif/slipif.c ****     SLIP_RECV_ESCAPE
  93:Middlewares/Third_Party/LwIP/src/netif/slipif.c **** };
  94:Middlewares/Third_Party/LwIP/src/netif/slipif.c **** 
  95:Middlewares/Third_Party/LwIP/src/netif/slipif.c **** struct slipif_priv {
  96:Middlewares/Third_Party/LwIP/src/netif/slipif.c ****   sio_fd_t sd;
  97:Middlewares/Third_Party/LwIP/src/netif/slipif.c ****   /* q is the whole pbuf chain for a packet, p is the current pbuf in the chain */
  98:Middlewares/Third_Party/LwIP/src/netif/slipif.c ****   struct pbuf *p, *q;
  99:Middlewares/Third_Party/LwIP/src/netif/slipif.c ****   u8_t state;
 100:Middlewares/Third_Party/LwIP/src/netif/slipif.c ****   u16_t i, recved;
 101:Middlewares/Third_Party/LwIP/src/netif/slipif.c **** #if SLIP_RX_FROM_ISR
 102:Middlewares/Third_Party/LwIP/src/netif/slipif.c ****   struct pbuf *rxpackets;
 103:Middlewares/Third_Party/LwIP/src/netif/slipif.c **** #endif
 104:Middlewares/Third_Party/LwIP/src/netif/slipif.c **** };
 105:Middlewares/Third_Party/LwIP/src/netif/slipif.c **** 
 106:Middlewares/Third_Party/LwIP/src/netif/slipif.c **** /**
 107:Middlewares/Third_Party/LwIP/src/netif/slipif.c ****  * Send a pbuf doing the necessary SLIP encapsulation
 108:Middlewares/Third_Party/LwIP/src/netif/slipif.c ****  *
 109:Middlewares/Third_Party/LwIP/src/netif/slipif.c ****  * Uses the serial layer's sio_send()
 110:Middlewares/Third_Party/LwIP/src/netif/slipif.c ****  *
 111:Middlewares/Third_Party/LwIP/src/netif/slipif.c ****  * @param netif the lwip network interface structure for this slipif
 112:Middlewares/Third_Party/LwIP/src/netif/slipif.c ****  * @param p the pbuf chain packet to send
 113:Middlewares/Third_Party/LwIP/src/netif/slipif.c ****  * @return always returns ERR_OK since the serial layer does not provide return values
ARM GAS  /tmp/ccWNHysV.s 			page 4


 114:Middlewares/Third_Party/LwIP/src/netif/slipif.c ****  */
 115:Middlewares/Third_Party/LwIP/src/netif/slipif.c **** static err_t
 116:Middlewares/Third_Party/LwIP/src/netif/slipif.c **** slipif_output(struct netif *netif, struct pbuf *p)
 117:Middlewares/Third_Party/LwIP/src/netif/slipif.c **** {
  43              		.loc 1 117 1 view -0
  44              		.cfi_startproc
  45              		@ args = 0, pretend = 0, frame = 0
  46              		@ frame_needed = 0, uses_anonymous_args = 0
  47              		.loc 1 117 1 is_stmt 0 view .LVU1
  48 0000 70B5     		push	{r4, r5, r6, lr}
  49              	.LCFI0:
  50              		.cfi_def_cfa_offset 16
  51              		.cfi_offset 4, -16
  52              		.cfi_offset 5, -12
  53              		.cfi_offset 6, -8
  54              		.cfi_offset 14, -4
  55 0002 0D46     		mov	r5, r1
 118:Middlewares/Third_Party/LwIP/src/netif/slipif.c ****   struct slipif_priv *priv;
  56              		.loc 1 118 3 is_stmt 1 view .LVU2
 119:Middlewares/Third_Party/LwIP/src/netif/slipif.c ****   struct pbuf *q;
  57              		.loc 1 119 3 view .LVU3
 120:Middlewares/Third_Party/LwIP/src/netif/slipif.c ****   u16_t i;
  58              		.loc 1 120 3 view .LVU4
 121:Middlewares/Third_Party/LwIP/src/netif/slipif.c ****   u8_t c;
  59              		.loc 1 121 3 view .LVU5
 122:Middlewares/Third_Party/LwIP/src/netif/slipif.c **** 
 123:Middlewares/Third_Party/LwIP/src/netif/slipif.c ****   LWIP_ASSERT("netif != NULL", (netif != NULL));
  60              		.loc 1 123 3 view .LVU6
  61              		.loc 1 123 3 view .LVU7
  62 0004 0446     		mov	r4, r0
  63 0006 40B1     		cbz	r0, .L15
  64              	.LVL1:
  65              	.L2:
  66              		.loc 1 123 3 discriminator 3 view .LVU8
  67              		.loc 1 123 3 discriminator 3 view .LVU9
 124:Middlewares/Third_Party/LwIP/src/netif/slipif.c ****   LWIP_ASSERT("netif->state != NULL", (netif->state != NULL));
  68              		.loc 1 124 3 discriminator 3 view .LVU10
  69              		.loc 1 124 3 discriminator 3 view .LVU11
  70 0008 236A     		ldr	r3, [r4, #32]
  71 000a 6BB1     		cbz	r3, .L16
  72              	.L3:
  73              		.loc 1 124 3 discriminator 3 view .LVU12
  74              		.loc 1 124 3 discriminator 3 view .LVU13
 125:Middlewares/Third_Party/LwIP/src/netif/slipif.c ****   LWIP_ASSERT("p != NULL", (p != NULL));
  75              		.loc 1 125 3 discriminator 3 view .LVU14
  76              		.loc 1 125 3 discriminator 3 view .LVU15
  77 000c 9DB1     		cbz	r5, .L17
  78              	.L4:
  79              		.loc 1 125 3 discriminator 3 view .LVU16
  80              		.loc 1 125 3 discriminator 3 view .LVU17
 126:Middlewares/Third_Party/LwIP/src/netif/slipif.c **** 
 127:Middlewares/Third_Party/LwIP/src/netif/slipif.c ****   LWIP_DEBUGF(SLIP_DEBUG, ("slipif_output(%"U16_F"): sending %"U16_F" bytes\n", (u16_t)netif->num, 
  81              		.loc 1 127 112 discriminator 3 view .LVU18
 128:Middlewares/Third_Party/LwIP/src/netif/slipif.c ****   priv = (struct slipif_priv *)netif->state;
  82              		.loc 1 128 3 discriminator 3 view .LVU19
  83              		.loc 1 128 8 is_stmt 0 discriminator 3 view .LVU20
  84 000e 266A     		ldr	r6, [r4, #32]
ARM GAS  /tmp/ccWNHysV.s 			page 5


  85              	.LVL2:
 129:Middlewares/Third_Party/LwIP/src/netif/slipif.c **** 
 130:Middlewares/Third_Party/LwIP/src/netif/slipif.c ****   /* Send pbuf out on the serial I/O device. */
 131:Middlewares/Third_Party/LwIP/src/netif/slipif.c ****   /* Start with packet delimiter. */
 132:Middlewares/Third_Party/LwIP/src/netif/slipif.c ****   sio_send(SLIP_END, priv->sd);
  86              		.loc 1 132 3 is_stmt 1 discriminator 3 view .LVU21
  87 0010 3168     		ldr	r1, [r6]
  88 0012 C020     		movs	r0, #192
  89 0014 FFF7FEFF 		bl	sio_send
  90              	.LVL3:
 133:Middlewares/Third_Party/LwIP/src/netif/slipif.c **** 
 134:Middlewares/Third_Party/LwIP/src/netif/slipif.c ****   for (q = p; q != NULL; q = q->next) {
  91              		.loc 1 134 3 discriminator 3 view .LVU22
  92              		.loc 1 134 3 is_stmt 0 discriminator 3 view .LVU23
  93 0018 35E0     		b	.L5
  94              	.LVL4:
  95              	.L15:
 123:Middlewares/Third_Party/LwIP/src/netif/slipif.c ****   LWIP_ASSERT("netif->state != NULL", (netif->state != NULL));
  96              		.loc 1 123 3 is_stmt 1 discriminator 1 view .LVU24
 123:Middlewares/Third_Party/LwIP/src/netif/slipif.c ****   LWIP_ASSERT("netif->state != NULL", (netif->state != NULL));
  97              		.loc 1 123 3 discriminator 1 view .LVU25
  98 001a 1F4B     		ldr	r3, .L20
  99 001c 7B22     		movs	r2, #123
 100 001e 1F49     		ldr	r1, .L20+4
 101              	.LVL5:
 123:Middlewares/Third_Party/LwIP/src/netif/slipif.c ****   LWIP_ASSERT("netif->state != NULL", (netif->state != NULL));
 102              		.loc 1 123 3 is_stmt 0 discriminator 1 view .LVU26
 103 0020 1F48     		ldr	r0, .L20+8
 104              	.LVL6:
 123:Middlewares/Third_Party/LwIP/src/netif/slipif.c ****   LWIP_ASSERT("netif->state != NULL", (netif->state != NULL));
 105              		.loc 1 123 3 discriminator 1 view .LVU27
 106 0022 FFF7FEFF 		bl	printf
 107              	.LVL7:
 108 0026 EFE7     		b	.L2
 109              	.L16:
 124:Middlewares/Third_Party/LwIP/src/netif/slipif.c ****   LWIP_ASSERT("p != NULL", (p != NULL));
 110              		.loc 1 124 3 is_stmt 1 discriminator 1 view .LVU28
 124:Middlewares/Third_Party/LwIP/src/netif/slipif.c ****   LWIP_ASSERT("p != NULL", (p != NULL));
 111              		.loc 1 124 3 discriminator 1 view .LVU29
 112 0028 1B4B     		ldr	r3, .L20
 113 002a 7C22     		movs	r2, #124
 114 002c 1D49     		ldr	r1, .L20+12
 115 002e 1C48     		ldr	r0, .L20+8
 116 0030 FFF7FEFF 		bl	printf
 117              	.LVL8:
 118 0034 EAE7     		b	.L3
 119              	.L17:
 125:Middlewares/Third_Party/LwIP/src/netif/slipif.c **** 
 120              		.loc 1 125 3 discriminator 1 view .LVU30
 125:Middlewares/Third_Party/LwIP/src/netif/slipif.c **** 
 121              		.loc 1 125 3 discriminator 1 view .LVU31
 122 0036 184B     		ldr	r3, .L20
 123 0038 7D22     		movs	r2, #125
 124 003a 1B49     		ldr	r1, .L20+16
 125 003c 1848     		ldr	r0, .L20+8
 126 003e FFF7FEFF 		bl	printf
 127              	.LVL9:
ARM GAS  /tmp/ccWNHysV.s 			page 6


 128 0042 E4E7     		b	.L4
 129              	.LVL10:
 130              	.L6:
 135:Middlewares/Third_Party/LwIP/src/netif/slipif.c ****     for (i = 0; i < q->len; i++) {
 136:Middlewares/Third_Party/LwIP/src/netif/slipif.c ****       c = ((u8_t *)q->payload)[i];
 137:Middlewares/Third_Party/LwIP/src/netif/slipif.c ****       switch (c) {
 138:Middlewares/Third_Party/LwIP/src/netif/slipif.c ****       case SLIP_END:
 139:Middlewares/Third_Party/LwIP/src/netif/slipif.c ****         /* need to escape this byte (0xC0 -> 0xDB, 0xDC) */
 140:Middlewares/Third_Party/LwIP/src/netif/slipif.c ****         sio_send(SLIP_ESC, priv->sd);
 131              		.loc 1 140 9 view .LVU32
 132 0044 3168     		ldr	r1, [r6]
 133 0046 DB20     		movs	r0, #219
 134              	.LVL11:
 135              		.loc 1 140 9 is_stmt 0 view .LVU33
 136 0048 FFF7FEFF 		bl	sio_send
 137              	.LVL12:
 141:Middlewares/Third_Party/LwIP/src/netif/slipif.c ****         sio_send(SLIP_ESC_END, priv->sd);
 138              		.loc 1 141 9 is_stmt 1 view .LVU34
 139 004c 3168     		ldr	r1, [r6]
 140 004e DC20     		movs	r0, #220
 141 0050 FFF7FEFF 		bl	sio_send
 142              	.LVL13:
 142:Middlewares/Third_Party/LwIP/src/netif/slipif.c ****         break;
 143              		.loc 1 142 9 view .LVU35
 144              	.L9:
 135:Middlewares/Third_Party/LwIP/src/netif/slipif.c ****     for (i = 0; i < q->len; i++) {
 145              		.loc 1 135 29 discriminator 2 view .LVU36
 135:Middlewares/Third_Party/LwIP/src/netif/slipif.c ****     for (i = 0; i < q->len; i++) {
 146              		.loc 1 135 30 is_stmt 0 discriminator 2 view .LVU37
 147 0054 0134     		adds	r4, r4, #1
 148              	.LVL14:
 135:Middlewares/Third_Party/LwIP/src/netif/slipif.c ****     for (i = 0; i < q->len; i++) {
 149              		.loc 1 135 30 discriminator 2 view .LVU38
 150 0056 A4B2     		uxth	r4, r4
 151              	.LVL15:
 152              	.L11:
 135:Middlewares/Third_Party/LwIP/src/netif/slipif.c ****     for (i = 0; i < q->len; i++) {
 153              		.loc 1 135 17 is_stmt 1 discriminator 1 view .LVU39
 135:Middlewares/Third_Party/LwIP/src/netif/slipif.c ****     for (i = 0; i < q->len; i++) {
 154              		.loc 1 135 22 is_stmt 0 discriminator 1 view .LVU40
 155 0058 6B89     		ldrh	r3, [r5, #10]
 135:Middlewares/Third_Party/LwIP/src/netif/slipif.c ****     for (i = 0; i < q->len; i++) {
 156              		.loc 1 135 5 discriminator 1 view .LVU41
 157 005a A342     		cmp	r3, r4
 158 005c 12D9     		bls	.L18
 136:Middlewares/Third_Party/LwIP/src/netif/slipif.c ****       switch (c) {
 159              		.loc 1 136 7 is_stmt 1 view .LVU42
 136:Middlewares/Third_Party/LwIP/src/netif/slipif.c ****       switch (c) {
 160              		.loc 1 136 21 is_stmt 0 view .LVU43
 161 005e 6B68     		ldr	r3, [r5, #4]
 136:Middlewares/Third_Party/LwIP/src/netif/slipif.c ****       switch (c) {
 162              		.loc 1 136 9 view .LVU44
 163 0060 185D     		ldrb	r0, [r3, r4]	@ zero_extendqisi2
 164              	.LVL16:
 137:Middlewares/Third_Party/LwIP/src/netif/slipif.c ****       case SLIP_END:
 165              		.loc 1 137 7 is_stmt 1 view .LVU45
 166 0062 C028     		cmp	r0, #192
ARM GAS  /tmp/ccWNHysV.s 			page 7


 167 0064 EED0     		beq	.L6
 168 0066 DB28     		cmp	r0, #219
 169 0068 03D0     		beq	.L7
 143:Middlewares/Third_Party/LwIP/src/netif/slipif.c ****       case SLIP_ESC:
 144:Middlewares/Third_Party/LwIP/src/netif/slipif.c ****         /* need to escape this byte (0xDB -> 0xDB, 0xDD) */
 145:Middlewares/Third_Party/LwIP/src/netif/slipif.c ****         sio_send(SLIP_ESC, priv->sd);
 146:Middlewares/Third_Party/LwIP/src/netif/slipif.c ****         sio_send(SLIP_ESC_ESC, priv->sd);
 147:Middlewares/Third_Party/LwIP/src/netif/slipif.c ****         break;
 148:Middlewares/Third_Party/LwIP/src/netif/slipif.c ****       default:
 149:Middlewares/Third_Party/LwIP/src/netif/slipif.c ****         /* normal byte - no need for escaping */
 150:Middlewares/Third_Party/LwIP/src/netif/slipif.c ****         sio_send(c, priv->sd);
 170              		.loc 1 150 9 view .LVU46
 171 006a 3168     		ldr	r1, [r6]
 172 006c FFF7FEFF 		bl	sio_send
 173              	.LVL17:
 151:Middlewares/Third_Party/LwIP/src/netif/slipif.c ****         break;
 174              		.loc 1 151 9 view .LVU47
 175 0070 F0E7     		b	.L9
 176              	.LVL18:
 177              	.L7:
 145:Middlewares/Third_Party/LwIP/src/netif/slipif.c ****         sio_send(SLIP_ESC_ESC, priv->sd);
 178              		.loc 1 145 9 view .LVU48
 179 0072 3168     		ldr	r1, [r6]
 180 0074 DB20     		movs	r0, #219
 181              	.LVL19:
 145:Middlewares/Third_Party/LwIP/src/netif/slipif.c ****         sio_send(SLIP_ESC_ESC, priv->sd);
 182              		.loc 1 145 9 is_stmt 0 view .LVU49
 183 0076 FFF7FEFF 		bl	sio_send
 184              	.LVL20:
 146:Middlewares/Third_Party/LwIP/src/netif/slipif.c ****         break;
 185              		.loc 1 146 9 is_stmt 1 view .LVU50
 186 007a 3168     		ldr	r1, [r6]
 187 007c DD20     		movs	r0, #221
 188 007e FFF7FEFF 		bl	sio_send
 189              	.LVL21:
 147:Middlewares/Third_Party/LwIP/src/netif/slipif.c ****       default:
 190              		.loc 1 147 9 view .LVU51
 191 0082 E7E7     		b	.L9
 192              	.L18:
 134:Middlewares/Third_Party/LwIP/src/netif/slipif.c ****     for (i = 0; i < q->len; i++) {
 193              		.loc 1 134 26 discriminator 2 view .LVU52
 134:Middlewares/Third_Party/LwIP/src/netif/slipif.c ****     for (i = 0; i < q->len; i++) {
 194              		.loc 1 134 28 is_stmt 0 discriminator 2 view .LVU53
 195 0084 2D68     		ldr	r5, [r5]
 196              	.LVL22:
 197              	.L5:
 134:Middlewares/Third_Party/LwIP/src/netif/slipif.c ****     for (i = 0; i < q->len; i++) {
 198              		.loc 1 134 15 is_stmt 1 discriminator 1 view .LVU54
 134:Middlewares/Third_Party/LwIP/src/netif/slipif.c ****     for (i = 0; i < q->len; i++) {
 199              		.loc 1 134 3 is_stmt 0 discriminator 1 view .LVU55
 200 0086 0DB1     		cbz	r5, .L19
 135:Middlewares/Third_Party/LwIP/src/netif/slipif.c ****       c = ((u8_t *)q->payload)[i];
 201              		.loc 1 135 12 view .LVU56
 202 0088 0024     		movs	r4, #0
 203 008a E5E7     		b	.L11
 204              	.L19:
 152:Middlewares/Third_Party/LwIP/src/netif/slipif.c ****       }
ARM GAS  /tmp/ccWNHysV.s 			page 8


 153:Middlewares/Third_Party/LwIP/src/netif/slipif.c ****     }
 154:Middlewares/Third_Party/LwIP/src/netif/slipif.c ****   }
 155:Middlewares/Third_Party/LwIP/src/netif/slipif.c ****   /* End with packet delimiter. */
 156:Middlewares/Third_Party/LwIP/src/netif/slipif.c ****   sio_send(SLIP_END, priv->sd);
 205              		.loc 1 156 3 is_stmt 1 view .LVU57
 206 008c 3168     		ldr	r1, [r6]
 207 008e C020     		movs	r0, #192
 208 0090 FFF7FEFF 		bl	sio_send
 209              	.LVL23:
 157:Middlewares/Third_Party/LwIP/src/netif/slipif.c ****   return ERR_OK;
 210              		.loc 1 157 3 view .LVU58
 158:Middlewares/Third_Party/LwIP/src/netif/slipif.c **** }
 211              		.loc 1 158 1 is_stmt 0 view .LVU59
 212 0094 0020     		movs	r0, #0
 213 0096 70BD     		pop	{r4, r5, r6, pc}
 214              	.LVL24:
 215              	.L21:
 216              		.loc 1 158 1 view .LVU60
 217              		.align	2
 218              	.L20:
 219 0098 00000000 		.word	.LC0
 220 009c 30000000 		.word	.LC1
 221 00a0 40000000 		.word	.LC2
 222 00a4 68000000 		.word	.LC3
 223 00a8 80000000 		.word	.LC4
 224              		.cfi_endproc
 225              	.LFE90:
 227              		.section	.text.slipif_output_v4,"ax",%progbits
 228              		.align	1
 229              		.syntax unified
 230              		.thumb
 231              		.thumb_func
 232              		.fpu softvfp
 234              	slipif_output_v4:
 235              	.LVL25:
 236              	.LFB91:
 159:Middlewares/Third_Party/LwIP/src/netif/slipif.c **** 
 160:Middlewares/Third_Party/LwIP/src/netif/slipif.c **** #if LWIP_IPV4
 161:Middlewares/Third_Party/LwIP/src/netif/slipif.c **** /**
 162:Middlewares/Third_Party/LwIP/src/netif/slipif.c ****  * Send a pbuf doing the necessary SLIP encapsulation
 163:Middlewares/Third_Party/LwIP/src/netif/slipif.c ****  *
 164:Middlewares/Third_Party/LwIP/src/netif/slipif.c ****  * Uses the serial layer's sio_send()
 165:Middlewares/Third_Party/LwIP/src/netif/slipif.c ****  *
 166:Middlewares/Third_Party/LwIP/src/netif/slipif.c ****  * @param netif the lwip network interface structure for this slipif
 167:Middlewares/Third_Party/LwIP/src/netif/slipif.c ****  * @param p the pbuf chain packet to send
 168:Middlewares/Third_Party/LwIP/src/netif/slipif.c ****  * @param ipaddr the ip address to send the packet to (not used for slipif)
 169:Middlewares/Third_Party/LwIP/src/netif/slipif.c ****  * @return always returns ERR_OK since the serial layer does not provide return values
 170:Middlewares/Third_Party/LwIP/src/netif/slipif.c ****  */
 171:Middlewares/Third_Party/LwIP/src/netif/slipif.c **** static err_t
 172:Middlewares/Third_Party/LwIP/src/netif/slipif.c **** slipif_output_v4(struct netif *netif, struct pbuf *p, const ip4_addr_t *ipaddr)
 173:Middlewares/Third_Party/LwIP/src/netif/slipif.c **** {
 237              		.loc 1 173 1 is_stmt 1 view -0
 238              		.cfi_startproc
 239              		@ args = 0, pretend = 0, frame = 0
 240              		@ frame_needed = 0, uses_anonymous_args = 0
 241              		.loc 1 173 1 is_stmt 0 view .LVU62
 242 0000 08B5     		push	{r3, lr}
ARM GAS  /tmp/ccWNHysV.s 			page 9


 243              	.LCFI1:
 244              		.cfi_def_cfa_offset 8
 245              		.cfi_offset 3, -8
 246              		.cfi_offset 14, -4
 174:Middlewares/Third_Party/LwIP/src/netif/slipif.c ****   LWIP_UNUSED_ARG(ipaddr);
 247              		.loc 1 174 3 is_stmt 1 view .LVU63
 175:Middlewares/Third_Party/LwIP/src/netif/slipif.c ****   return slipif_output(netif, p);
 248              		.loc 1 175 3 view .LVU64
 249              		.loc 1 175 10 is_stmt 0 view .LVU65
 250 0002 FFF7FEFF 		bl	slipif_output
 251              	.LVL26:
 176:Middlewares/Third_Party/LwIP/src/netif/slipif.c **** }
 252              		.loc 1 176 1 view .LVU66
 253 0006 08BD     		pop	{r3, pc}
 254              		.cfi_endproc
 255              	.LFE91:
 257              		.section	.text.slipif_rxbyte,"ax",%progbits
 258              		.align	1
 259              		.syntax unified
 260              		.thumb
 261              		.thumb_func
 262              		.fpu softvfp
 264              	slipif_rxbyte:
 265              	.LVL27:
 266              	.LFB92:
 177:Middlewares/Third_Party/LwIP/src/netif/slipif.c **** #endif /* LWIP_IPV4 */
 178:Middlewares/Third_Party/LwIP/src/netif/slipif.c **** 
 179:Middlewares/Third_Party/LwIP/src/netif/slipif.c **** #if LWIP_IPV6
 180:Middlewares/Third_Party/LwIP/src/netif/slipif.c **** /**
 181:Middlewares/Third_Party/LwIP/src/netif/slipif.c ****  * Send a pbuf doing the necessary SLIP encapsulation
 182:Middlewares/Third_Party/LwIP/src/netif/slipif.c ****  *
 183:Middlewares/Third_Party/LwIP/src/netif/slipif.c ****  * Uses the serial layer's sio_send()
 184:Middlewares/Third_Party/LwIP/src/netif/slipif.c ****  *
 185:Middlewares/Third_Party/LwIP/src/netif/slipif.c ****  * @param netif the lwip network interface structure for this slipif
 186:Middlewares/Third_Party/LwIP/src/netif/slipif.c ****  * @param p the pbuf chain packet to send
 187:Middlewares/Third_Party/LwIP/src/netif/slipif.c ****  * @param ipaddr the ip address to send the packet to (not used for slipif)
 188:Middlewares/Third_Party/LwIP/src/netif/slipif.c ****  * @return always returns ERR_OK since the serial layer does not provide return values
 189:Middlewares/Third_Party/LwIP/src/netif/slipif.c ****  */
 190:Middlewares/Third_Party/LwIP/src/netif/slipif.c **** static err_t
 191:Middlewares/Third_Party/LwIP/src/netif/slipif.c **** slipif_output_v6(struct netif *netif, struct pbuf *p, const ip6_addr_t *ipaddr)
 192:Middlewares/Third_Party/LwIP/src/netif/slipif.c **** {
 193:Middlewares/Third_Party/LwIP/src/netif/slipif.c ****   LWIP_UNUSED_ARG(ipaddr);
 194:Middlewares/Third_Party/LwIP/src/netif/slipif.c ****   return slipif_output(netif, p);
 195:Middlewares/Third_Party/LwIP/src/netif/slipif.c **** }
 196:Middlewares/Third_Party/LwIP/src/netif/slipif.c **** #endif /* LWIP_IPV6 */
 197:Middlewares/Third_Party/LwIP/src/netif/slipif.c **** 
 198:Middlewares/Third_Party/LwIP/src/netif/slipif.c **** /**
 199:Middlewares/Third_Party/LwIP/src/netif/slipif.c ****  * Handle the incoming SLIP stream character by character
 200:Middlewares/Third_Party/LwIP/src/netif/slipif.c ****  *
 201:Middlewares/Third_Party/LwIP/src/netif/slipif.c ****  * @param netif the lwip network interface structure for this slipif
 202:Middlewares/Third_Party/LwIP/src/netif/slipif.c ****  * @param c received character (multiple calls to this function will
 203:Middlewares/Third_Party/LwIP/src/netif/slipif.c ****  *        return a complete packet, NULL is returned before - used for polling)
 204:Middlewares/Third_Party/LwIP/src/netif/slipif.c ****  * @return The IP packet when SLIP_END is received
 205:Middlewares/Third_Party/LwIP/src/netif/slipif.c ****  */
 206:Middlewares/Third_Party/LwIP/src/netif/slipif.c **** static struct pbuf*
 207:Middlewares/Third_Party/LwIP/src/netif/slipif.c **** slipif_rxbyte(struct netif *netif, u8_t c)
 208:Middlewares/Third_Party/LwIP/src/netif/slipif.c **** {
ARM GAS  /tmp/ccWNHysV.s 			page 10


 267              		.loc 1 208 1 is_stmt 1 view -0
 268              		.cfi_startproc
 269              		@ args = 0, pretend = 0, frame = 0
 270              		@ frame_needed = 0, uses_anonymous_args = 0
 271              		.loc 1 208 1 is_stmt 0 view .LVU68
 272 0000 38B5     		push	{r3, r4, r5, lr}
 273              	.LCFI2:
 274              		.cfi_def_cfa_offset 16
 275              		.cfi_offset 3, -16
 276              		.cfi_offset 4, -12
 277              		.cfi_offset 5, -8
 278              		.cfi_offset 14, -4
 279 0002 0D46     		mov	r5, r1
 209:Middlewares/Third_Party/LwIP/src/netif/slipif.c ****   struct slipif_priv *priv;
 280              		.loc 1 209 3 is_stmt 1 view .LVU69
 210:Middlewares/Third_Party/LwIP/src/netif/slipif.c ****   struct pbuf *t;
 281              		.loc 1 210 3 view .LVU70
 211:Middlewares/Third_Party/LwIP/src/netif/slipif.c **** 
 212:Middlewares/Third_Party/LwIP/src/netif/slipif.c ****   LWIP_ASSERT("netif != NULL", (netif != NULL));
 282              		.loc 1 212 3 view .LVU71
 283              		.loc 1 212 3 view .LVU72
 284 0004 0446     		mov	r4, r0
 285 0006 0028     		cmp	r0, #0
 286 0008 2CD0     		beq	.L42
 287              	.LVL28:
 288              	.L25:
 289              		.loc 1 212 3 discriminator 3 view .LVU73
 290              		.loc 1 212 3 discriminator 3 view .LVU74
 213:Middlewares/Third_Party/LwIP/src/netif/slipif.c ****   LWIP_ASSERT("netif->state != NULL", (netif->state != NULL));
 291              		.loc 1 213 3 discriminator 3 view .LVU75
 292              		.loc 1 213 3 discriminator 3 view .LVU76
 293 000a 236A     		ldr	r3, [r4, #32]
 294 000c 002B     		cmp	r3, #0
 295 000e 30D0     		beq	.L43
 296              	.L26:
 297              		.loc 1 213 3 discriminator 3 view .LVU77
 298              		.loc 1 213 3 discriminator 3 view .LVU78
 214:Middlewares/Third_Party/LwIP/src/netif/slipif.c **** 
 215:Middlewares/Third_Party/LwIP/src/netif/slipif.c ****   priv = (struct slipif_priv *)netif->state;
 299              		.loc 1 215 3 discriminator 3 view .LVU79
 300              		.loc 1 215 8 is_stmt 0 discriminator 3 view .LVU80
 301 0010 246A     		ldr	r4, [r4, #32]
 302              	.LVL29:
 216:Middlewares/Third_Party/LwIP/src/netif/slipif.c **** 
 217:Middlewares/Third_Party/LwIP/src/netif/slipif.c ****   switch (priv->state) {
 303              		.loc 1 217 3 is_stmt 1 discriminator 3 view .LVU81
 304              		.loc 1 217 15 is_stmt 0 discriminator 3 view .LVU82
 305 0012 237B     		ldrb	r3, [r4, #12]	@ zero_extendqisi2
 306              		.loc 1 217 3 discriminator 3 view .LVU83
 307 0014 002B     		cmp	r3, #0
 308 0016 33D0     		beq	.L27
 309              		.loc 1 217 3 view .LVU84
 310 0018 012B     		cmp	r3, #1
 311 001a 47D0     		beq	.L28
 312              	.LVL30:
 313              	.L29:
 218:Middlewares/Third_Party/LwIP/src/netif/slipif.c ****   case SLIP_RECV_NORMAL:
ARM GAS  /tmp/ccWNHysV.s 			page 11


 219:Middlewares/Third_Party/LwIP/src/netif/slipif.c ****     switch (c) {
 220:Middlewares/Third_Party/LwIP/src/netif/slipif.c ****     case SLIP_END:
 221:Middlewares/Third_Party/LwIP/src/netif/slipif.c ****       if (priv->recved > 0) {
 222:Middlewares/Third_Party/LwIP/src/netif/slipif.c ****         /* Received whole packet. */
 223:Middlewares/Third_Party/LwIP/src/netif/slipif.c ****         /* Trim the pbuf to the size of the received packet. */
 224:Middlewares/Third_Party/LwIP/src/netif/slipif.c ****         pbuf_realloc(priv->q, priv->recved);
 225:Middlewares/Third_Party/LwIP/src/netif/slipif.c **** 
 226:Middlewares/Third_Party/LwIP/src/netif/slipif.c ****         LINK_STATS_INC(link.recv);
 227:Middlewares/Third_Party/LwIP/src/netif/slipif.c **** 
 228:Middlewares/Third_Party/LwIP/src/netif/slipif.c ****         LWIP_DEBUGF(SLIP_DEBUG, ("slipif: Got packet (%"U16_F" bytes)\n", priv->recved));
 229:Middlewares/Third_Party/LwIP/src/netif/slipif.c ****         t = priv->q;
 230:Middlewares/Third_Party/LwIP/src/netif/slipif.c ****         priv->p = priv->q = NULL;
 231:Middlewares/Third_Party/LwIP/src/netif/slipif.c ****         priv->i = priv->recved = 0;
 232:Middlewares/Third_Party/LwIP/src/netif/slipif.c ****         return t;
 233:Middlewares/Third_Party/LwIP/src/netif/slipif.c ****       }
 234:Middlewares/Third_Party/LwIP/src/netif/slipif.c ****       return NULL;
 235:Middlewares/Third_Party/LwIP/src/netif/slipif.c ****     case SLIP_ESC:
 236:Middlewares/Third_Party/LwIP/src/netif/slipif.c ****       priv->state = SLIP_RECV_ESCAPE;
 237:Middlewares/Third_Party/LwIP/src/netif/slipif.c ****       return NULL;
 238:Middlewares/Third_Party/LwIP/src/netif/slipif.c ****     default:
 239:Middlewares/Third_Party/LwIP/src/netif/slipif.c ****       break;
 240:Middlewares/Third_Party/LwIP/src/netif/slipif.c ****     } /* end switch (c) */
 241:Middlewares/Third_Party/LwIP/src/netif/slipif.c ****     break;
 242:Middlewares/Third_Party/LwIP/src/netif/slipif.c ****   case SLIP_RECV_ESCAPE:
 243:Middlewares/Third_Party/LwIP/src/netif/slipif.c ****     /* un-escape END or ESC bytes, leave other bytes
 244:Middlewares/Third_Party/LwIP/src/netif/slipif.c ****        (although that would be a protocol error) */
 245:Middlewares/Third_Party/LwIP/src/netif/slipif.c ****     switch (c) {
 246:Middlewares/Third_Party/LwIP/src/netif/slipif.c ****     case SLIP_ESC_END:
 247:Middlewares/Third_Party/LwIP/src/netif/slipif.c ****       c = SLIP_END;
 248:Middlewares/Third_Party/LwIP/src/netif/slipif.c ****       break;
 249:Middlewares/Third_Party/LwIP/src/netif/slipif.c ****     case SLIP_ESC_ESC:
 250:Middlewares/Third_Party/LwIP/src/netif/slipif.c ****       c = SLIP_ESC;
 251:Middlewares/Third_Party/LwIP/src/netif/slipif.c ****       break;
 252:Middlewares/Third_Party/LwIP/src/netif/slipif.c ****     default:
 253:Middlewares/Third_Party/LwIP/src/netif/slipif.c ****       break;
 254:Middlewares/Third_Party/LwIP/src/netif/slipif.c ****     }
 255:Middlewares/Third_Party/LwIP/src/netif/slipif.c ****     priv->state = SLIP_RECV_NORMAL;
 256:Middlewares/Third_Party/LwIP/src/netif/slipif.c ****     break;
 257:Middlewares/Third_Party/LwIP/src/netif/slipif.c ****   default:
 258:Middlewares/Third_Party/LwIP/src/netif/slipif.c ****     break;
 259:Middlewares/Third_Party/LwIP/src/netif/slipif.c ****   } /* end switch (priv->state) */
 260:Middlewares/Third_Party/LwIP/src/netif/slipif.c **** 
 261:Middlewares/Third_Party/LwIP/src/netif/slipif.c ****   /* byte received, packet not yet completely received */
 262:Middlewares/Third_Party/LwIP/src/netif/slipif.c ****   if (priv->p == NULL) {
 314              		.loc 1 262 3 is_stmt 1 view .LVU85
 315              		.loc 1 262 11 is_stmt 0 view .LVU86
 316 001c 6368     		ldr	r3, [r4, #4]
 317              		.loc 1 262 6 view .LVU87
 318 001e 002B     		cmp	r3, #0
 319 0020 4ED0     		beq	.L44
 320              	.L34:
 263:Middlewares/Third_Party/LwIP/src/netif/slipif.c ****     /* allocate a new pbuf */
 264:Middlewares/Third_Party/LwIP/src/netif/slipif.c ****     LWIP_DEBUGF(SLIP_DEBUG, ("slipif_input: alloc\n"));
 265:Middlewares/Third_Party/LwIP/src/netif/slipif.c ****     priv->p = pbuf_alloc(PBUF_LINK, (PBUF_POOL_BUFSIZE - PBUF_LINK_HLEN - PBUF_LINK_ENCAPSULATION_H
 266:Middlewares/Third_Party/LwIP/src/netif/slipif.c **** 
 267:Middlewares/Third_Party/LwIP/src/netif/slipif.c ****     if (priv->p == NULL) {
 268:Middlewares/Third_Party/LwIP/src/netif/slipif.c ****       LINK_STATS_INC(link.drop);
ARM GAS  /tmp/ccWNHysV.s 			page 12


 269:Middlewares/Third_Party/LwIP/src/netif/slipif.c ****       LWIP_DEBUGF(SLIP_DEBUG, ("slipif_input: no new pbuf! (DROP)\n"));
 270:Middlewares/Third_Party/LwIP/src/netif/slipif.c ****       /* don't process any further since we got no pbuf to receive to */
 271:Middlewares/Third_Party/LwIP/src/netif/slipif.c ****       return NULL;
 272:Middlewares/Third_Party/LwIP/src/netif/slipif.c ****     }
 273:Middlewares/Third_Party/LwIP/src/netif/slipif.c **** 
 274:Middlewares/Third_Party/LwIP/src/netif/slipif.c ****     if (priv->q != NULL) {
 275:Middlewares/Third_Party/LwIP/src/netif/slipif.c ****       /* 'chain' the pbuf to the existing chain */
 276:Middlewares/Third_Party/LwIP/src/netif/slipif.c ****       pbuf_cat(priv->q, priv->p);
 277:Middlewares/Third_Party/LwIP/src/netif/slipif.c ****     } else {
 278:Middlewares/Third_Party/LwIP/src/netif/slipif.c ****       /* p is the first pbuf in the chain */
 279:Middlewares/Third_Party/LwIP/src/netif/slipif.c ****       priv->q = priv->p;
 280:Middlewares/Third_Party/LwIP/src/netif/slipif.c ****     }
 281:Middlewares/Third_Party/LwIP/src/netif/slipif.c ****   }
 282:Middlewares/Third_Party/LwIP/src/netif/slipif.c **** 
 283:Middlewares/Third_Party/LwIP/src/netif/slipif.c ****   /* this automatically drops bytes if > SLIP_MAX_SIZE */
 284:Middlewares/Third_Party/LwIP/src/netif/slipif.c ****   if ((priv->p != NULL) && (priv->recved <= SLIP_MAX_SIZE)) {
 321              		.loc 1 284 3 is_stmt 1 view .LVU88
 322              		.loc 1 284 12 is_stmt 0 view .LVU89
 323 0022 6068     		ldr	r0, [r4, #4]
 324              		.loc 1 284 6 view .LVU90
 325 0024 0028     		cmp	r0, #0
 326 0026 60D0     		beq	.L24
 327              		.loc 1 284 33 discriminator 1 view .LVU91
 328 0028 228A     		ldrh	r2, [r4, #16]
 329              		.loc 1 284 25 discriminator 1 view .LVU92
 330 002a 40F2DC53 		movw	r3, #1500
 331 002e 9A42     		cmp	r2, r3
 332 0030 5AD8     		bhi	.L39
 285:Middlewares/Third_Party/LwIP/src/netif/slipif.c ****     ((u8_t *)priv->p->payload)[priv->i] = c;
 333              		.loc 1 285 5 is_stmt 1 view .LVU93
 334              		.loc 1 285 21 is_stmt 0 view .LVU94
 335 0032 4268     		ldr	r2, [r0, #4]
 336              		.loc 1 285 36 view .LVU95
 337 0034 E389     		ldrh	r3, [r4, #14]
 338              		.loc 1 285 41 view .LVU96
 339 0036 D554     		strb	r5, [r2, r3]
 286:Middlewares/Third_Party/LwIP/src/netif/slipif.c ****     priv->recved++;
 340              		.loc 1 286 5 is_stmt 1 view .LVU97
 341              		.loc 1 286 9 is_stmt 0 view .LVU98
 342 0038 238A     		ldrh	r3, [r4, #16]
 343              		.loc 1 286 17 view .LVU99
 344 003a 0133     		adds	r3, r3, #1
 345 003c 2382     		strh	r3, [r4, #16]	@ movhi
 287:Middlewares/Third_Party/LwIP/src/netif/slipif.c ****     priv->i++;
 346              		.loc 1 287 5 is_stmt 1 view .LVU100
 347              		.loc 1 287 9 is_stmt 0 view .LVU101
 348 003e E389     		ldrh	r3, [r4, #14]
 349              		.loc 1 287 12 view .LVU102
 350 0040 0133     		adds	r3, r3, #1
 351 0042 9BB2     		uxth	r3, r3
 352 0044 E381     		strh	r3, [r4, #14]	@ movhi
 288:Middlewares/Third_Party/LwIP/src/netif/slipif.c ****     if (priv->i >= priv->p->len) {
 353              		.loc 1 288 5 is_stmt 1 view .LVU103
 354              		.loc 1 288 24 is_stmt 0 view .LVU104
 355 0046 6268     		ldr	r2, [r4, #4]
 356              		.loc 1 288 27 view .LVU105
 357 0048 5189     		ldrh	r1, [r2, #10]
ARM GAS  /tmp/ccWNHysV.s 			page 13


 358              		.loc 1 288 8 view .LVU106
 359 004a 8B42     		cmp	r3, r1
 360 004c 4ED3     		bcc	.L40
 289:Middlewares/Third_Party/LwIP/src/netif/slipif.c ****       /* on to the next pbuf */
 290:Middlewares/Third_Party/LwIP/src/netif/slipif.c ****       priv->i = 0;
 361              		.loc 1 290 7 is_stmt 1 view .LVU107
 362              		.loc 1 290 15 is_stmt 0 view .LVU108
 363 004e 0023     		movs	r3, #0
 364 0050 E381     		strh	r3, [r4, #14]	@ movhi
 291:Middlewares/Third_Party/LwIP/src/netif/slipif.c ****       if (priv->p->next != NULL && priv->p->next->len > 0) {
 365              		.loc 1 291 7 is_stmt 1 view .LVU109
 366              		.loc 1 291 18 is_stmt 0 view .LVU110
 367 0052 1368     		ldr	r3, [r2]
 368              		.loc 1 291 10 view .LVU111
 369 0054 002B     		cmp	r3, #0
 370 0056 44D0     		beq	.L36
 371              		.loc 1 291 49 discriminator 1 view .LVU112
 372 0058 5A89     		ldrh	r2, [r3, #10]
 373              		.loc 1 291 33 discriminator 1 view .LVU113
 374 005a 002A     		cmp	r2, #0
 375 005c 41D0     		beq	.L36
 292:Middlewares/Third_Party/LwIP/src/netif/slipif.c ****         /* p is a chain, on to the next in the chain */
 293:Middlewares/Third_Party/LwIP/src/netif/slipif.c ****           priv->p = priv->p->next;
 376              		.loc 1 293 11 is_stmt 1 view .LVU114
 377              		.loc 1 293 19 is_stmt 0 view .LVU115
 378 005e 6360     		str	r3, [r4, #4]
 294:Middlewares/Third_Party/LwIP/src/netif/slipif.c ****       } else {
 295:Middlewares/Third_Party/LwIP/src/netif/slipif.c ****         /* p is a single pbuf, set it to NULL so next time a new
 296:Middlewares/Third_Party/LwIP/src/netif/slipif.c ****          * pbuf is allocated */
 297:Middlewares/Third_Party/LwIP/src/netif/slipif.c ****           priv->p = NULL;
 298:Middlewares/Third_Party/LwIP/src/netif/slipif.c ****       }
 299:Middlewares/Third_Party/LwIP/src/netif/slipif.c ****     }
 300:Middlewares/Third_Party/LwIP/src/netif/slipif.c ****   }
 301:Middlewares/Third_Party/LwIP/src/netif/slipif.c ****   return NULL;
 379              		.loc 1 301 10 view .LVU116
 380 0060 0020     		movs	r0, #0
 293:Middlewares/Third_Party/LwIP/src/netif/slipif.c ****       } else {
 381              		.loc 1 293 19 view .LVU117
 382 0062 42E0     		b	.L24
 383              	.LVL31:
 384              	.L42:
 212:Middlewares/Third_Party/LwIP/src/netif/slipif.c ****   LWIP_ASSERT("netif->state != NULL", (netif->state != NULL));
 385              		.loc 1 212 3 is_stmt 1 discriminator 1 view .LVU118
 212:Middlewares/Third_Party/LwIP/src/netif/slipif.c ****   LWIP_ASSERT("netif->state != NULL", (netif->state != NULL));
 386              		.loc 1 212 3 discriminator 1 view .LVU119
 387 0064 224B     		ldr	r3, .L46
 388 0066 D422     		movs	r2, #212
 389 0068 2249     		ldr	r1, .L46+4
 390              	.LVL32:
 212:Middlewares/Third_Party/LwIP/src/netif/slipif.c ****   LWIP_ASSERT("netif->state != NULL", (netif->state != NULL));
 391              		.loc 1 212 3 is_stmt 0 discriminator 1 view .LVU120
 392 006a 2348     		ldr	r0, .L46+8
 393              	.LVL33:
 212:Middlewares/Third_Party/LwIP/src/netif/slipif.c ****   LWIP_ASSERT("netif->state != NULL", (netif->state != NULL));
 394              		.loc 1 212 3 discriminator 1 view .LVU121
 395 006c FFF7FEFF 		bl	printf
 396              	.LVL34:
ARM GAS  /tmp/ccWNHysV.s 			page 14


 397 0070 CBE7     		b	.L25
 398              	.L43:
 213:Middlewares/Third_Party/LwIP/src/netif/slipif.c **** 
 399              		.loc 1 213 3 is_stmt 1 discriminator 1 view .LVU122
 213:Middlewares/Third_Party/LwIP/src/netif/slipif.c **** 
 400              		.loc 1 213 3 discriminator 1 view .LVU123
 401 0072 1F4B     		ldr	r3, .L46
 402 0074 D522     		movs	r2, #213
 403 0076 2149     		ldr	r1, .L46+12
 404 0078 1F48     		ldr	r0, .L46+8
 405 007a FFF7FEFF 		bl	printf
 406              	.LVL35:
 407 007e C7E7     		b	.L26
 408              	.LVL36:
 409              	.L27:
 219:Middlewares/Third_Party/LwIP/src/netif/slipif.c ****     case SLIP_END:
 410              		.loc 1 219 5 view .LVU124
 411 0080 C02D     		cmp	r5, #192
 412 0082 05D0     		beq	.L30
 413 0084 DB2D     		cmp	r5, #219
 414 0086 C9D1     		bne	.L29
 236:Middlewares/Third_Party/LwIP/src/netif/slipif.c ****       return NULL;
 415              		.loc 1 236 7 view .LVU125
 236:Middlewares/Third_Party/LwIP/src/netif/slipif.c ****       return NULL;
 416              		.loc 1 236 19 is_stmt 0 view .LVU126
 417 0088 0123     		movs	r3, #1
 418 008a 2373     		strb	r3, [r4, #12]
 237:Middlewares/Third_Party/LwIP/src/netif/slipif.c ****     default:
 419              		.loc 1 237 7 is_stmt 1 view .LVU127
 237:Middlewares/Third_Party/LwIP/src/netif/slipif.c ****     default:
 420              		.loc 1 237 14 is_stmt 0 view .LVU128
 421 008c 0020     		movs	r0, #0
 422 008e 2CE0     		b	.L24
 423              	.L30:
 221:Middlewares/Third_Party/LwIP/src/netif/slipif.c ****         /* Received whole packet. */
 424              		.loc 1 221 7 is_stmt 1 view .LVU129
 221:Middlewares/Third_Party/LwIP/src/netif/slipif.c ****         /* Received whole packet. */
 425              		.loc 1 221 15 is_stmt 0 view .LVU130
 426 0090 218A     		ldrh	r1, [r4, #16]
 221:Middlewares/Third_Party/LwIP/src/netif/slipif.c ****         /* Received whole packet. */
 427              		.loc 1 221 10 view .LVU131
 428 0092 09B9     		cbnz	r1, .L45
 234:Middlewares/Third_Party/LwIP/src/netif/slipif.c ****     case SLIP_ESC:
 429              		.loc 1 234 14 view .LVU132
 430 0094 0020     		movs	r0, #0
 431 0096 28E0     		b	.L24
 432              	.L45:
 224:Middlewares/Third_Party/LwIP/src/netif/slipif.c **** 
 433              		.loc 1 224 9 is_stmt 1 view .LVU133
 434 0098 A068     		ldr	r0, [r4, #8]
 435 009a FFF7FEFF 		bl	pbuf_realloc
 436              	.LVL37:
 226:Middlewares/Third_Party/LwIP/src/netif/slipif.c **** 
 437              		.loc 1 226 34 view .LVU134
 228:Middlewares/Third_Party/LwIP/src/netif/slipif.c ****         t = priv->q;
 438              		.loc 1 228 89 view .LVU135
 229:Middlewares/Third_Party/LwIP/src/netif/slipif.c ****         priv->p = priv->q = NULL;
ARM GAS  /tmp/ccWNHysV.s 			page 15


 439              		.loc 1 229 9 view .LVU136
 229:Middlewares/Third_Party/LwIP/src/netif/slipif.c ****         priv->p = priv->q = NULL;
 440              		.loc 1 229 11 is_stmt 0 view .LVU137
 441 009e A068     		ldr	r0, [r4, #8]
 442              	.LVL38:
 230:Middlewares/Third_Party/LwIP/src/netif/slipif.c ****         priv->i = priv->recved = 0;
 443              		.loc 1 230 9 is_stmt 1 view .LVU138
 230:Middlewares/Third_Party/LwIP/src/netif/slipif.c ****         priv->i = priv->recved = 0;
 444              		.loc 1 230 27 is_stmt 0 view .LVU139
 445 00a0 0023     		movs	r3, #0
 446 00a2 A360     		str	r3, [r4, #8]
 230:Middlewares/Third_Party/LwIP/src/netif/slipif.c ****         priv->i = priv->recved = 0;
 447              		.loc 1 230 17 view .LVU140
 448 00a4 6360     		str	r3, [r4, #4]
 231:Middlewares/Third_Party/LwIP/src/netif/slipif.c ****         return t;
 449              		.loc 1 231 9 is_stmt 1 view .LVU141
 231:Middlewares/Third_Party/LwIP/src/netif/slipif.c ****         return t;
 450              		.loc 1 231 32 is_stmt 0 view .LVU142
 451 00a6 2382     		strh	r3, [r4, #16]	@ movhi
 231:Middlewares/Third_Party/LwIP/src/netif/slipif.c ****         return t;
 452              		.loc 1 231 17 view .LVU143
 453 00a8 E381     		strh	r3, [r4, #14]	@ movhi
 232:Middlewares/Third_Party/LwIP/src/netif/slipif.c ****       }
 454              		.loc 1 232 9 is_stmt 1 view .LVU144
 232:Middlewares/Third_Party/LwIP/src/netif/slipif.c ****       }
 455              		.loc 1 232 16 is_stmt 0 view .LVU145
 456 00aa 1EE0     		b	.L24
 457              	.LVL39:
 458              	.L28:
 245:Middlewares/Third_Party/LwIP/src/netif/slipif.c ****     case SLIP_ESC_END:
 459              		.loc 1 245 5 is_stmt 1 view .LVU146
 460 00ac DC2D     		cmp	r5, #220
 461 00ae 05D0     		beq	.L38
 462 00b0 DD2D     		cmp	r5, #221
 463 00b2 00D1     		bne	.L33
 250:Middlewares/Third_Party/LwIP/src/netif/slipif.c ****       break;
 464              		.loc 1 250 9 is_stmt 0 view .LVU147
 465 00b4 DB25     		movs	r5, #219
 466              	.L33:
 467              	.LVL40:
 255:Middlewares/Third_Party/LwIP/src/netif/slipif.c ****     break;
 468              		.loc 1 255 5 is_stmt 1 view .LVU148
 255:Middlewares/Third_Party/LwIP/src/netif/slipif.c ****     break;
 469              		.loc 1 255 17 is_stmt 0 view .LVU149
 470 00b6 0023     		movs	r3, #0
 471 00b8 2373     		strb	r3, [r4, #12]
 256:Middlewares/Third_Party/LwIP/src/netif/slipif.c ****   default:
 472              		.loc 1 256 5 is_stmt 1 view .LVU150
 473 00ba AFE7     		b	.L29
 474              	.LVL41:
 475              	.L38:
 247:Middlewares/Third_Party/LwIP/src/netif/slipif.c ****       break;
 476              		.loc 1 247 9 is_stmt 0 view .LVU151
 477 00bc C025     		movs	r5, #192
 478 00be FAE7     		b	.L33
 479              	.LVL42:
 480              	.L44:
ARM GAS  /tmp/ccWNHysV.s 			page 16


 264:Middlewares/Third_Party/LwIP/src/netif/slipif.c ****     priv->p = pbuf_alloc(PBUF_LINK, (PBUF_POOL_BUFSIZE - PBUF_LINK_HLEN - PBUF_LINK_ENCAPSULATION_H
 481              		.loc 1 264 55 is_stmt 1 view .LVU152
 265:Middlewares/Third_Party/LwIP/src/netif/slipif.c **** 
 482              		.loc 1 265 5 view .LVU153
 265:Middlewares/Third_Party/LwIP/src/netif/slipif.c **** 
 483              		.loc 1 265 15 is_stmt 0 view .LVU154
 484 00c0 0322     		movs	r2, #3
 485 00c2 40F24221 		movw	r1, #578
 486 00c6 0220     		movs	r0, #2
 487 00c8 FFF7FEFF 		bl	pbuf_alloc
 488              	.LVL43:
 265:Middlewares/Third_Party/LwIP/src/netif/slipif.c **** 
 489              		.loc 1 265 13 view .LVU155
 490 00cc 6060     		str	r0, [r4, #4]
 267:Middlewares/Third_Party/LwIP/src/netif/slipif.c ****       LINK_STATS_INC(link.drop);
 491              		.loc 1 267 5 is_stmt 1 view .LVU156
 267:Middlewares/Third_Party/LwIP/src/netif/slipif.c ****       LINK_STATS_INC(link.drop);
 492              		.loc 1 267 8 is_stmt 0 view .LVU157
 493 00ce 60B1     		cbz	r0, .L24
 274:Middlewares/Third_Party/LwIP/src/netif/slipif.c ****       /* 'chain' the pbuf to the existing chain */
 494              		.loc 1 274 5 is_stmt 1 view .LVU158
 274:Middlewares/Third_Party/LwIP/src/netif/slipif.c ****       /* 'chain' the pbuf to the existing chain */
 495              		.loc 1 274 13 is_stmt 0 view .LVU159
 496 00d0 A368     		ldr	r3, [r4, #8]
 274:Middlewares/Third_Party/LwIP/src/netif/slipif.c ****       /* 'chain' the pbuf to the existing chain */
 497              		.loc 1 274 8 view .LVU160
 498 00d2 23B1     		cbz	r3, .L35
 276:Middlewares/Third_Party/LwIP/src/netif/slipif.c ****     } else {
 499              		.loc 1 276 7 is_stmt 1 view .LVU161
 500 00d4 0146     		mov	r1, r0
 501 00d6 1846     		mov	r0, r3
 502 00d8 FFF7FEFF 		bl	pbuf_cat
 503              	.LVL44:
 504 00dc A1E7     		b	.L34
 505              	.L35:
 279:Middlewares/Third_Party/LwIP/src/netif/slipif.c ****     }
 506              		.loc 1 279 7 view .LVU162
 279:Middlewares/Third_Party/LwIP/src/netif/slipif.c ****     }
 507              		.loc 1 279 15 is_stmt 0 view .LVU163
 508 00de A060     		str	r0, [r4, #8]
 509 00e0 9FE7     		b	.L34
 510              	.L36:
 297:Middlewares/Third_Party/LwIP/src/netif/slipif.c ****       }
 511              		.loc 1 297 11 is_stmt 1 view .LVU164
 297:Middlewares/Third_Party/LwIP/src/netif/slipif.c ****       }
 512              		.loc 1 297 19 is_stmt 0 view .LVU165
 513 00e2 0020     		movs	r0, #0
 514 00e4 6060     		str	r0, [r4, #4]
 515 00e6 00E0     		b	.L24
 516              	.L39:
 517              		.loc 1 301 10 view .LVU166
 518 00e8 0020     		movs	r0, #0
 519              	.LVL45:
 520              	.L24:
 302:Middlewares/Third_Party/LwIP/src/netif/slipif.c **** }
 521              		.loc 1 302 1 view .LVU167
 522 00ea 38BD     		pop	{r3, r4, r5, pc}
ARM GAS  /tmp/ccWNHysV.s 			page 17


 523              	.LVL46:
 524              	.L40:
 301:Middlewares/Third_Party/LwIP/src/netif/slipif.c **** }
 525              		.loc 1 301 10 view .LVU168
 526 00ec 0020     		movs	r0, #0
 527 00ee FCE7     		b	.L24
 528              	.L47:
 529              		.align	2
 530              	.L46:
 531 00f0 00000000 		.word	.LC0
 532 00f4 30000000 		.word	.LC1
 533 00f8 40000000 		.word	.LC2
 534 00fc 68000000 		.word	.LC3
 535              		.cfi_endproc
 536              	.LFE92:
 538              		.section	.text.slipif_rxbyte_input,"ax",%progbits
 539              		.align	1
 540              		.syntax unified
 541              		.thumb
 542              		.thumb_func
 543              		.fpu softvfp
 545              	slipif_rxbyte_input:
 546              	.LVL47:
 547              	.LFB93:
 303:Middlewares/Third_Party/LwIP/src/netif/slipif.c **** 
 304:Middlewares/Third_Party/LwIP/src/netif/slipif.c **** /** Like slipif_rxbyte, but passes completed packets to netif->input
 305:Middlewares/Third_Party/LwIP/src/netif/slipif.c ****  *
 306:Middlewares/Third_Party/LwIP/src/netif/slipif.c ****  * @param netif The lwip network interface structure for this slipif
 307:Middlewares/Third_Party/LwIP/src/netif/slipif.c ****  * @param c received character
 308:Middlewares/Third_Party/LwIP/src/netif/slipif.c ****  */
 309:Middlewares/Third_Party/LwIP/src/netif/slipif.c **** static void
 310:Middlewares/Third_Party/LwIP/src/netif/slipif.c **** slipif_rxbyte_input(struct netif *netif, u8_t c)
 311:Middlewares/Third_Party/LwIP/src/netif/slipif.c **** {
 548              		.loc 1 311 1 is_stmt 1 view -0
 549              		.cfi_startproc
 550              		@ args = 0, pretend = 0, frame = 0
 551              		@ frame_needed = 0, uses_anonymous_args = 0
 552              		.loc 1 311 1 is_stmt 0 view .LVU170
 553 0000 38B5     		push	{r3, r4, r5, lr}
 554              	.LCFI3:
 555              		.cfi_def_cfa_offset 16
 556              		.cfi_offset 3, -16
 557              		.cfi_offset 4, -12
 558              		.cfi_offset 5, -8
 559              		.cfi_offset 14, -4
 560 0002 0446     		mov	r4, r0
 312:Middlewares/Third_Party/LwIP/src/netif/slipif.c ****   struct pbuf *p;
 561              		.loc 1 312 3 is_stmt 1 view .LVU171
 313:Middlewares/Third_Party/LwIP/src/netif/slipif.c ****   p = slipif_rxbyte(netif, c);
 562              		.loc 1 313 3 view .LVU172
 563              		.loc 1 313 7 is_stmt 0 view .LVU173
 564 0004 FFF7FEFF 		bl	slipif_rxbyte
 565              	.LVL48:
 314:Middlewares/Third_Party/LwIP/src/netif/slipif.c ****   if (p != NULL) {
 566              		.loc 1 314 3 is_stmt 1 view .LVU174
 567              		.loc 1 314 6 is_stmt 0 view .LVU175
 568 0008 20B1     		cbz	r0, .L48
ARM GAS  /tmp/ccWNHysV.s 			page 18


 569 000a 0546     		mov	r5, r0
 315:Middlewares/Third_Party/LwIP/src/netif/slipif.c ****     if (netif->input(p, netif) != ERR_OK) {
 570              		.loc 1 315 5 is_stmt 1 view .LVU176
 571              		.loc 1 315 14 is_stmt 0 view .LVU177
 572 000c 2369     		ldr	r3, [r4, #16]
 573              		.loc 1 315 9 view .LVU178
 574 000e 2146     		mov	r1, r4
 575 0010 9847     		blx	r3
 576              	.LVL49:
 577              		.loc 1 315 8 view .LVU179
 578 0012 00B9     		cbnz	r0, .L51
 579              	.LVL50:
 580              	.L48:
 316:Middlewares/Third_Party/LwIP/src/netif/slipif.c ****       pbuf_free(p);
 317:Middlewares/Third_Party/LwIP/src/netif/slipif.c ****     }
 318:Middlewares/Third_Party/LwIP/src/netif/slipif.c ****   }
 319:Middlewares/Third_Party/LwIP/src/netif/slipif.c **** }
 581              		.loc 1 319 1 view .LVU180
 582 0014 38BD     		pop	{r3, r4, r5, pc}
 583              	.LVL51:
 584              	.L51:
 316:Middlewares/Third_Party/LwIP/src/netif/slipif.c ****       pbuf_free(p);
 585              		.loc 1 316 7 is_stmt 1 view .LVU181
 586 0016 2846     		mov	r0, r5
 587 0018 FFF7FEFF 		bl	pbuf_free
 588              	.LVL52:
 589              		.loc 1 319 1 is_stmt 0 view .LVU182
 590 001c FAE7     		b	.L48
 591              		.cfi_endproc
 592              	.LFE93:
 594              		.section	.text.slipif_init,"ax",%progbits
 595              		.align	1
 596              		.global	slipif_init
 597              		.syntax unified
 598              		.thumb
 599              		.thumb_func
 600              		.fpu softvfp
 602              	slipif_init:
 603              	.LVL53:
 604              	.LFB94:
 320:Middlewares/Third_Party/LwIP/src/netif/slipif.c **** 
 321:Middlewares/Third_Party/LwIP/src/netif/slipif.c **** #if SLIP_USE_RX_THREAD
 322:Middlewares/Third_Party/LwIP/src/netif/slipif.c **** /**
 323:Middlewares/Third_Party/LwIP/src/netif/slipif.c ****  * The SLIP input thread.
 324:Middlewares/Third_Party/LwIP/src/netif/slipif.c ****  *
 325:Middlewares/Third_Party/LwIP/src/netif/slipif.c ****  * Feed the IP layer with incoming packets
 326:Middlewares/Third_Party/LwIP/src/netif/slipif.c ****  *
 327:Middlewares/Third_Party/LwIP/src/netif/slipif.c ****  * @param nf the lwip network interface structure for this slipif
 328:Middlewares/Third_Party/LwIP/src/netif/slipif.c ****  */
 329:Middlewares/Third_Party/LwIP/src/netif/slipif.c **** static void
 330:Middlewares/Third_Party/LwIP/src/netif/slipif.c **** slipif_loop_thread(void *nf)
 331:Middlewares/Third_Party/LwIP/src/netif/slipif.c **** {
 332:Middlewares/Third_Party/LwIP/src/netif/slipif.c ****   u8_t c;
 333:Middlewares/Third_Party/LwIP/src/netif/slipif.c ****   struct netif *netif = (struct netif *)nf;
 334:Middlewares/Third_Party/LwIP/src/netif/slipif.c ****   struct slipif_priv *priv = (struct slipif_priv *)netif->state;
 335:Middlewares/Third_Party/LwIP/src/netif/slipif.c **** 
 336:Middlewares/Third_Party/LwIP/src/netif/slipif.c ****   while (1) {
ARM GAS  /tmp/ccWNHysV.s 			page 19


 337:Middlewares/Third_Party/LwIP/src/netif/slipif.c ****     if (sio_read(priv->sd, &c, 1) > 0) {
 338:Middlewares/Third_Party/LwIP/src/netif/slipif.c ****       slipif_rxbyte_input(netif, c);
 339:Middlewares/Third_Party/LwIP/src/netif/slipif.c ****     }
 340:Middlewares/Third_Party/LwIP/src/netif/slipif.c ****   }
 341:Middlewares/Third_Party/LwIP/src/netif/slipif.c **** }
 342:Middlewares/Third_Party/LwIP/src/netif/slipif.c **** #endif /* SLIP_USE_RX_THREAD */
 343:Middlewares/Third_Party/LwIP/src/netif/slipif.c **** 
 344:Middlewares/Third_Party/LwIP/src/netif/slipif.c **** /**
 345:Middlewares/Third_Party/LwIP/src/netif/slipif.c ****  * SLIP netif initialization
 346:Middlewares/Third_Party/LwIP/src/netif/slipif.c ****  *
 347:Middlewares/Third_Party/LwIP/src/netif/slipif.c ****  * Call the arch specific sio_open and remember
 348:Middlewares/Third_Party/LwIP/src/netif/slipif.c ****  * the opened device in the state field of the netif.
 349:Middlewares/Third_Party/LwIP/src/netif/slipif.c ****  *
 350:Middlewares/Third_Party/LwIP/src/netif/slipif.c ****  * @param netif the lwip network interface structure for this slipif
 351:Middlewares/Third_Party/LwIP/src/netif/slipif.c ****  * @return ERR_OK if serial line could be opened,
 352:Middlewares/Third_Party/LwIP/src/netif/slipif.c ****  *         ERR_MEM if no memory could be allocated,
 353:Middlewares/Third_Party/LwIP/src/netif/slipif.c ****  *         ERR_IF is serial line couldn't be opened
 354:Middlewares/Third_Party/LwIP/src/netif/slipif.c ****  *
 355:Middlewares/Third_Party/LwIP/src/netif/slipif.c ****  * @note netif->num must contain the number of the serial port to open
 356:Middlewares/Third_Party/LwIP/src/netif/slipif.c ****  *       (0 by default). If netif->state is != NULL, it is interpreted as an
 357:Middlewares/Third_Party/LwIP/src/netif/slipif.c ****  *       u8_t pointer pointing to the serial port number instead of netif->num.
 358:Middlewares/Third_Party/LwIP/src/netif/slipif.c ****  *
 359:Middlewares/Third_Party/LwIP/src/netif/slipif.c ****  */
 360:Middlewares/Third_Party/LwIP/src/netif/slipif.c **** err_t
 361:Middlewares/Third_Party/LwIP/src/netif/slipif.c **** slipif_init(struct netif *netif)
 362:Middlewares/Third_Party/LwIP/src/netif/slipif.c **** {
 605              		.loc 1 362 1 is_stmt 1 view -0
 606              		.cfi_startproc
 607              		@ args = 0, pretend = 0, frame = 0
 608              		@ frame_needed = 0, uses_anonymous_args = 0
 609              		.loc 1 362 1 is_stmt 0 view .LVU184
 610 0000 38B5     		push	{r3, r4, r5, lr}
 611              	.LCFI4:
 612              		.cfi_def_cfa_offset 16
 613              		.cfi_offset 3, -16
 614              		.cfi_offset 4, -12
 615              		.cfi_offset 5, -8
 616              		.cfi_offset 14, -4
 617 0002 0446     		mov	r4, r0
 363:Middlewares/Third_Party/LwIP/src/netif/slipif.c ****   struct slipif_priv *priv;
 618              		.loc 1 363 3 is_stmt 1 view .LVU185
 364:Middlewares/Third_Party/LwIP/src/netif/slipif.c ****   u8_t sio_num;
 619              		.loc 1 364 3 view .LVU186
 365:Middlewares/Third_Party/LwIP/src/netif/slipif.c **** 
 366:Middlewares/Third_Party/LwIP/src/netif/slipif.c ****   LWIP_DEBUGF(SLIP_DEBUG, ("slipif_init: netif->num=%"U16_F"\n", (u16_t)netif->num));
 620              		.loc 1 366 85 view .LVU187
 367:Middlewares/Third_Party/LwIP/src/netif/slipif.c **** 
 368:Middlewares/Third_Party/LwIP/src/netif/slipif.c ****   /* Allocate private data */
 369:Middlewares/Third_Party/LwIP/src/netif/slipif.c ****   priv = (struct slipif_priv *)mem_malloc(sizeof(struct slipif_priv));
 621              		.loc 1 369 3 view .LVU188
 622              		.loc 1 369 32 is_stmt 0 view .LVU189
 623 0004 1420     		movs	r0, #20
 624              	.LVL54:
 625              		.loc 1 369 32 view .LVU190
 626 0006 FFF7FEFF 		bl	mem_malloc
 627              	.LVL55:
 370:Middlewares/Third_Party/LwIP/src/netif/slipif.c ****   if (!priv) {
ARM GAS  /tmp/ccWNHysV.s 			page 20


 628              		.loc 1 370 3 is_stmt 1 view .LVU191
 629              		.loc 1 370 6 is_stmt 0 view .LVU192
 630 000a 18B3     		cbz	r0, .L57
 631 000c 0546     		mov	r5, r0
 371:Middlewares/Third_Party/LwIP/src/netif/slipif.c ****     return ERR_MEM;
 372:Middlewares/Third_Party/LwIP/src/netif/slipif.c ****   }
 373:Middlewares/Third_Party/LwIP/src/netif/slipif.c **** 
 374:Middlewares/Third_Party/LwIP/src/netif/slipif.c ****   netif->name[0] = 's';
 632              		.loc 1 374 3 is_stmt 1 view .LVU193
 633              		.loc 1 374 18 is_stmt 0 view .LVU194
 634 000e 7323     		movs	r3, #115
 635 0010 84F83030 		strb	r3, [r4, #48]
 375:Middlewares/Third_Party/LwIP/src/netif/slipif.c ****   netif->name[1] = 'l';
 636              		.loc 1 375 3 is_stmt 1 view .LVU195
 637              		.loc 1 375 18 is_stmt 0 view .LVU196
 638 0014 6C23     		movs	r3, #108
 639 0016 84F83130 		strb	r3, [r4, #49]
 376:Middlewares/Third_Party/LwIP/src/netif/slipif.c **** #if LWIP_IPV4
 377:Middlewares/Third_Party/LwIP/src/netif/slipif.c ****   netif->output = slipif_output_v4;
 640              		.loc 1 377 3 is_stmt 1 view .LVU197
 641              		.loc 1 377 17 is_stmt 0 view .LVU198
 642 001a 104B     		ldr	r3, .L60
 643 001c 6361     		str	r3, [r4, #20]
 378:Middlewares/Third_Party/LwIP/src/netif/slipif.c **** #endif /* LWIP_IPV4 */
 379:Middlewares/Third_Party/LwIP/src/netif/slipif.c **** #if LWIP_IPV6
 380:Middlewares/Third_Party/LwIP/src/netif/slipif.c ****   netif->output_ip6 = slipif_output_v6;
 381:Middlewares/Third_Party/LwIP/src/netif/slipif.c **** #endif /* LWIP_IPV6 */
 382:Middlewares/Third_Party/LwIP/src/netif/slipif.c ****   netif->mtu = SLIP_MAX_SIZE;
 644              		.loc 1 382 3 is_stmt 1 view .LVU199
 645              		.loc 1 382 14 is_stmt 0 view .LVU200
 646 001e 40F2DC53 		movw	r3, #1500
 647 0022 E384     		strh	r3, [r4, #38]	@ movhi
 383:Middlewares/Third_Party/LwIP/src/netif/slipif.c **** 
 384:Middlewares/Third_Party/LwIP/src/netif/slipif.c ****   /* netif->state or netif->num contain the port number */
 385:Middlewares/Third_Party/LwIP/src/netif/slipif.c ****   if (netif->state != NULL) {
 648              		.loc 1 385 3 is_stmt 1 view .LVU201
 649              		.loc 1 385 12 is_stmt 0 view .LVU202
 650 0024 236A     		ldr	r3, [r4, #32]
 651              		.loc 1 385 6 view .LVU203
 652 0026 63B1     		cbz	r3, .L54
 386:Middlewares/Third_Party/LwIP/src/netif/slipif.c ****     sio_num = *(u8_t*)netif->state;
 653              		.loc 1 386 5 is_stmt 1 view .LVU204
 654              		.loc 1 386 13 is_stmt 0 view .LVU205
 655 0028 1878     		ldrb	r0, [r3]	@ zero_extendqisi2
 656              	.LVL56:
 657              	.L55:
 387:Middlewares/Third_Party/LwIP/src/netif/slipif.c ****   } else {
 388:Middlewares/Third_Party/LwIP/src/netif/slipif.c ****     sio_num = netif->num;
 389:Middlewares/Third_Party/LwIP/src/netif/slipif.c ****   }
 390:Middlewares/Third_Party/LwIP/src/netif/slipif.c ****   /* Try to open the serial port. */
 391:Middlewares/Third_Party/LwIP/src/netif/slipif.c ****   priv->sd = sio_open(sio_num);
 658              		.loc 1 391 3 is_stmt 1 view .LVU206
 659              		.loc 1 391 14 is_stmt 0 view .LVU207
 660 002a FFF7FEFF 		bl	sio_open
 661              	.LVL57:
 662              		.loc 1 391 12 view .LVU208
 663 002e 2860     		str	r0, [r5]
ARM GAS  /tmp/ccWNHysV.s 			page 21


 392:Middlewares/Third_Party/LwIP/src/netif/slipif.c ****   if (!priv->sd) {
 664              		.loc 1 392 3 is_stmt 1 view .LVU209
 665              		.loc 1 392 6 is_stmt 0 view .LVU210
 666 0030 50B1     		cbz	r0, .L59
 393:Middlewares/Third_Party/LwIP/src/netif/slipif.c ****     /* Opening the serial port failed. */
 394:Middlewares/Third_Party/LwIP/src/netif/slipif.c ****     mem_free(priv);
 395:Middlewares/Third_Party/LwIP/src/netif/slipif.c ****     return ERR_IF;
 396:Middlewares/Third_Party/LwIP/src/netif/slipif.c ****   }
 397:Middlewares/Third_Party/LwIP/src/netif/slipif.c **** 
 398:Middlewares/Third_Party/LwIP/src/netif/slipif.c ****   /* Initialize private data */
 399:Middlewares/Third_Party/LwIP/src/netif/slipif.c ****   priv->p = NULL;
 667              		.loc 1 399 3 is_stmt 1 view .LVU211
 668              		.loc 1 399 11 is_stmt 0 view .LVU212
 669 0032 0020     		movs	r0, #0
 670 0034 6860     		str	r0, [r5, #4]
 400:Middlewares/Third_Party/LwIP/src/netif/slipif.c ****   priv->q = NULL;
 671              		.loc 1 400 3 is_stmt 1 view .LVU213
 672              		.loc 1 400 11 is_stmt 0 view .LVU214
 673 0036 A860     		str	r0, [r5, #8]
 401:Middlewares/Third_Party/LwIP/src/netif/slipif.c ****   priv->state = SLIP_RECV_NORMAL;
 674              		.loc 1 401 3 is_stmt 1 view .LVU215
 675              		.loc 1 401 15 is_stmt 0 view .LVU216
 676 0038 2873     		strb	r0, [r5, #12]
 402:Middlewares/Third_Party/LwIP/src/netif/slipif.c ****   priv->i = 0;
 677              		.loc 1 402 3 is_stmt 1 view .LVU217
 678              		.loc 1 402 11 is_stmt 0 view .LVU218
 679 003a E881     		strh	r0, [r5, #14]	@ movhi
 403:Middlewares/Third_Party/LwIP/src/netif/slipif.c ****   priv->recved = 0;
 680              		.loc 1 403 3 is_stmt 1 view .LVU219
 681              		.loc 1 403 16 is_stmt 0 view .LVU220
 682 003c 2882     		strh	r0, [r5, #16]	@ movhi
 404:Middlewares/Third_Party/LwIP/src/netif/slipif.c **** #if SLIP_RX_FROM_ISR
 405:Middlewares/Third_Party/LwIP/src/netif/slipif.c ****   priv->rxpackets = NULL;
 406:Middlewares/Third_Party/LwIP/src/netif/slipif.c **** #endif
 407:Middlewares/Third_Party/LwIP/src/netif/slipif.c **** 
 408:Middlewares/Third_Party/LwIP/src/netif/slipif.c ****   netif->state = priv;
 683              		.loc 1 408 3 is_stmt 1 view .LVU221
 684              		.loc 1 408 16 is_stmt 0 view .LVU222
 685 003e 2562     		str	r5, [r4, #32]
 409:Middlewares/Third_Party/LwIP/src/netif/slipif.c **** 
 410:Middlewares/Third_Party/LwIP/src/netif/slipif.c ****   /* initialize the snmp variables and counters inside the struct netif */
 411:Middlewares/Third_Party/LwIP/src/netif/slipif.c ****   MIB2_INIT_NETIF(netif, snmp_ifType_slip, SLIP_SIO_SPEED(priv->sd));
 686              		.loc 1 411 69 is_stmt 1 view .LVU223
 412:Middlewares/Third_Party/LwIP/src/netif/slipif.c **** 
 413:Middlewares/Third_Party/LwIP/src/netif/slipif.c **** #if SLIP_USE_RX_THREAD
 414:Middlewares/Third_Party/LwIP/src/netif/slipif.c ****   /* Create a thread to poll the serial line. */
 415:Middlewares/Third_Party/LwIP/src/netif/slipif.c ****   sys_thread_new(SLIPIF_THREAD_NAME, slipif_loop_thread, netif,
 416:Middlewares/Third_Party/LwIP/src/netif/slipif.c ****     SLIPIF_THREAD_STACKSIZE, SLIPIF_THREAD_PRIO);
 417:Middlewares/Third_Party/LwIP/src/netif/slipif.c **** #endif /* SLIP_USE_RX_THREAD */
 418:Middlewares/Third_Party/LwIP/src/netif/slipif.c ****   return ERR_OK;
 687              		.loc 1 418 3 view .LVU224
 688              	.LVL58:
 689              	.L53:
 419:Middlewares/Third_Party/LwIP/src/netif/slipif.c **** }
 690              		.loc 1 419 1 is_stmt 0 view .LVU225
 691 0040 38BD     		pop	{r3, r4, r5, pc}
 692              	.LVL59:
ARM GAS  /tmp/ccWNHysV.s 			page 22


 693              	.L54:
 388:Middlewares/Third_Party/LwIP/src/netif/slipif.c ****   }
 694              		.loc 1 388 5 is_stmt 1 view .LVU226
 388:Middlewares/Third_Party/LwIP/src/netif/slipif.c ****   }
 695              		.loc 1 388 13 is_stmt 0 view .LVU227
 696 0042 94F83200 		ldrb	r0, [r4, #50]	@ zero_extendqisi2
 697              	.LVL60:
 388:Middlewares/Third_Party/LwIP/src/netif/slipif.c ****   }
 698              		.loc 1 388 13 view .LVU228
 699 0046 F0E7     		b	.L55
 700              	.LVL61:
 701              	.L59:
 394:Middlewares/Third_Party/LwIP/src/netif/slipif.c ****     return ERR_IF;
 702              		.loc 1 394 5 is_stmt 1 view .LVU229
 703 0048 2846     		mov	r0, r5
 704 004a FFF7FEFF 		bl	mem_free
 705              	.LVL62:
 395:Middlewares/Third_Party/LwIP/src/netif/slipif.c ****   }
 706              		.loc 1 395 5 view .LVU230
 395:Middlewares/Third_Party/LwIP/src/netif/slipif.c ****   }
 707              		.loc 1 395 12 is_stmt 0 view .LVU231
 708 004e 6FF00B00 		mvn	r0, #11
 709 0052 F5E7     		b	.L53
 710              	.LVL63:
 711              	.L57:
 371:Middlewares/Third_Party/LwIP/src/netif/slipif.c ****   }
 712              		.loc 1 371 12 view .LVU232
 713 0054 4FF0FF30 		mov	r0, #-1
 714              	.LVL64:
 371:Middlewares/Third_Party/LwIP/src/netif/slipif.c ****   }
 715              		.loc 1 371 12 view .LVU233
 716 0058 F2E7     		b	.L53
 717              	.L61:
 718 005a 00BF     		.align	2
 719              	.L60:
 720 005c 00000000 		.word	slipif_output_v4
 721              		.cfi_endproc
 722              	.LFE94:
 724              		.section	.text.slipif_poll,"ax",%progbits
 725              		.align	1
 726              		.global	slipif_poll
 727              		.syntax unified
 728              		.thumb
 729              		.thumb_func
 730              		.fpu softvfp
 732              	slipif_poll:
 733              	.LVL65:
 734              	.LFB95:
 420:Middlewares/Third_Party/LwIP/src/netif/slipif.c **** 
 421:Middlewares/Third_Party/LwIP/src/netif/slipif.c **** /**
 422:Middlewares/Third_Party/LwIP/src/netif/slipif.c ****  * Polls the serial device and feeds the IP layer with incoming packets.
 423:Middlewares/Third_Party/LwIP/src/netif/slipif.c ****  *
 424:Middlewares/Third_Party/LwIP/src/netif/slipif.c ****  * @param netif The lwip network interface structure for this slipif
 425:Middlewares/Third_Party/LwIP/src/netif/slipif.c ****  */
 426:Middlewares/Third_Party/LwIP/src/netif/slipif.c **** void
 427:Middlewares/Third_Party/LwIP/src/netif/slipif.c **** slipif_poll(struct netif *netif)
 428:Middlewares/Third_Party/LwIP/src/netif/slipif.c **** {
ARM GAS  /tmp/ccWNHysV.s 			page 23


 735              		.loc 1 428 1 is_stmt 1 view -0
 736              		.cfi_startproc
 737              		@ args = 0, pretend = 0, frame = 8
 738              		@ frame_needed = 0, uses_anonymous_args = 0
 739              		.loc 1 428 1 is_stmt 0 view .LVU235
 740 0000 30B5     		push	{r4, r5, lr}
 741              	.LCFI5:
 742              		.cfi_def_cfa_offset 12
 743              		.cfi_offset 4, -12
 744              		.cfi_offset 5, -8
 745              		.cfi_offset 14, -4
 746 0002 83B0     		sub	sp, sp, #12
 747              	.LCFI6:
 748              		.cfi_def_cfa_offset 24
 429:Middlewares/Third_Party/LwIP/src/netif/slipif.c ****   u8_t c;
 749              		.loc 1 429 3 is_stmt 1 view .LVU236
 430:Middlewares/Third_Party/LwIP/src/netif/slipif.c ****   struct slipif_priv *priv;
 750              		.loc 1 430 3 view .LVU237
 431:Middlewares/Third_Party/LwIP/src/netif/slipif.c **** 
 432:Middlewares/Third_Party/LwIP/src/netif/slipif.c ****   LWIP_ASSERT("netif != NULL", (netif != NULL));
 751              		.loc 1 432 3 view .LVU238
 752              		.loc 1 432 3 view .LVU239
 753 0004 0446     		mov	r4, r0
 754 0006 78B1     		cbz	r0, .L68
 755              	.LVL66:
 756              	.L63:
 757              		.loc 1 432 3 discriminator 3 view .LVU240
 758              		.loc 1 432 3 discriminator 3 view .LVU241
 433:Middlewares/Third_Party/LwIP/src/netif/slipif.c ****   LWIP_ASSERT("netif->state != NULL", (netif->state != NULL));
 759              		.loc 1 433 3 discriminator 3 view .LVU242
 760              		.loc 1 433 3 discriminator 3 view .LVU243
 761 0008 236A     		ldr	r3, [r4, #32]
 762 000a ABB1     		cbz	r3, .L69
 763              	.L64:
 764              		.loc 1 433 3 discriminator 3 view .LVU244
 765              		.loc 1 433 3 discriminator 3 view .LVU245
 434:Middlewares/Third_Party/LwIP/src/netif/slipif.c **** 
 435:Middlewares/Third_Party/LwIP/src/netif/slipif.c ****   priv = (struct slipif_priv *)netif->state;
 766              		.loc 1 435 3 discriminator 3 view .LVU246
 767              		.loc 1 435 8 is_stmt 0 discriminator 3 view .LVU247
 768 000c 256A     		ldr	r5, [r4, #32]
 769              	.LVL67:
 436:Middlewares/Third_Party/LwIP/src/netif/slipif.c **** 
 437:Middlewares/Third_Party/LwIP/src/netif/slipif.c ****   while (sio_tryread(priv->sd, &c, 1) > 0) {
 770              		.loc 1 437 3 is_stmt 1 discriminator 3 view .LVU248
 771              	.L65:
 772              		.loc 1 437 9 view .LVU249
 773              		.loc 1 437 10 is_stmt 0 view .LVU250
 774 000e 0122     		movs	r2, #1
 775 0010 0DF10701 		add	r1, sp, #7
 776 0014 2868     		ldr	r0, [r5]
 777 0016 FFF7FEFF 		bl	sio_tryread
 778              	.LVL68:
 779              		.loc 1 437 9 view .LVU251
 780 001a A8B1     		cbz	r0, .L70
 438:Middlewares/Third_Party/LwIP/src/netif/slipif.c ****     slipif_rxbyte_input(netif, c);
 781              		.loc 1 438 5 is_stmt 1 view .LVU252
ARM GAS  /tmp/ccWNHysV.s 			page 24


 782 001c 9DF80710 		ldrb	r1, [sp, #7]	@ zero_extendqisi2
 783 0020 2046     		mov	r0, r4
 784 0022 FFF7FEFF 		bl	slipif_rxbyte_input
 785              	.LVL69:
 786 0026 F2E7     		b	.L65
 787              	.LVL70:
 788              	.L68:
 432:Middlewares/Third_Party/LwIP/src/netif/slipif.c ****   LWIP_ASSERT("netif->state != NULL", (netif->state != NULL));
 789              		.loc 1 432 3 discriminator 1 view .LVU253
 432:Middlewares/Third_Party/LwIP/src/netif/slipif.c ****   LWIP_ASSERT("netif->state != NULL", (netif->state != NULL));
 790              		.loc 1 432 3 discriminator 1 view .LVU254
 791 0028 084B     		ldr	r3, .L71
 792 002a 4FF4D872 		mov	r2, #432
 793 002e 0849     		ldr	r1, .L71+4
 794 0030 0848     		ldr	r0, .L71+8
 795              	.LVL71:
 432:Middlewares/Third_Party/LwIP/src/netif/slipif.c ****   LWIP_ASSERT("netif->state != NULL", (netif->state != NULL));
 796              		.loc 1 432 3 is_stmt 0 discriminator 1 view .LVU255
 797 0032 FFF7FEFF 		bl	printf
 798              	.LVL72:
 799 0036 E7E7     		b	.L63
 800              	.L69:
 433:Middlewares/Third_Party/LwIP/src/netif/slipif.c **** 
 801              		.loc 1 433 3 is_stmt 1 discriminator 1 view .LVU256
 433:Middlewares/Third_Party/LwIP/src/netif/slipif.c **** 
 802              		.loc 1 433 3 discriminator 1 view .LVU257
 803 0038 044B     		ldr	r3, .L71
 804 003a 40F2B112 		movw	r2, #433
 805 003e 0649     		ldr	r1, .L71+12
 806 0040 0448     		ldr	r0, .L71+8
 807 0042 FFF7FEFF 		bl	printf
 808              	.LVL73:
 809 0046 E1E7     		b	.L64
 810              	.LVL74:
 811              	.L70:
 439:Middlewares/Third_Party/LwIP/src/netif/slipif.c ****   }
 440:Middlewares/Third_Party/LwIP/src/netif/slipif.c **** }
 812              		.loc 1 440 1 is_stmt 0 view .LVU258
 813 0048 03B0     		add	sp, sp, #12
 814              	.LCFI7:
 815              		.cfi_def_cfa_offset 12
 816              		@ sp needed
 817 004a 30BD     		pop	{r4, r5, pc}
 818              	.LVL75:
 819              	.L72:
 820              		.loc 1 440 1 view .LVU259
 821              		.align	2
 822              	.L71:
 823 004c 00000000 		.word	.LC0
 824 0050 30000000 		.word	.LC1
 825 0054 40000000 		.word	.LC2
 826 0058 68000000 		.word	.LC3
 827              		.cfi_endproc
 828              	.LFE95:
 830              		.text
 831              	.Letext0:
 832              		.file 2 "/opt/gcc-arm-none-eabi-9-2020-q2-update/arm-none-eabi/include/machine/_default_types.h"
ARM GAS  /tmp/ccWNHysV.s 			page 25


 833              		.file 3 "/opt/gcc-arm-none-eabi-9-2020-q2-update/arm-none-eabi/include/sys/_stdint.h"
 834              		.file 4 "Drivers/CMSIS/Include/core_cm3.h"
 835              		.file 5 "Drivers/CMSIS/Device/ST/STM32F1xx/Include/system_stm32f1xx.h"
 836              		.file 6 "Drivers/STM32F1xx_HAL_Driver/Inc/stm32f1xx_hal.h"
 837              		.file 7 "/opt/gcc-arm-none-eabi-9-2020-q2-update/lib/gcc/arm-none-eabi/9.3.1/include/stddef.h"
 838              		.file 8 "/opt/gcc-arm-none-eabi-9-2020-q2-update/arm-none-eabi/include/sys/_types.h"
 839              		.file 9 "/opt/gcc-arm-none-eabi-9-2020-q2-update/arm-none-eabi/include/sys/reent.h"
 840              		.file 10 "/opt/gcc-arm-none-eabi-9-2020-q2-update/arm-none-eabi/include/sys/lock.h"
 841              		.file 11 "/opt/gcc-arm-none-eabi-9-2020-q2-update/arm-none-eabi/include/stdlib.h"
 842              		.file 12 "/opt/gcc-arm-none-eabi-9-2020-q2-update/arm-none-eabi/include/time.h"
 843              		.file 13 "Middlewares/Third_Party/LwIP/src/include/lwip/arch.h"
 844              		.file 14 "Middlewares/Third_Party/LwIP/src/include/lwip/err.h"
 845              		.file 15 "Middlewares/Third_Party/LwIP/src/include/lwip/ip4_addr.h"
 846              		.file 16 "Middlewares/Third_Party/LwIP/src/include/lwip/ip_addr.h"
 847              		.file 17 "Middlewares/Third_Party/LwIP/src/include/lwip/pbuf.h"
 848              		.file 18 "Middlewares/Third_Party/LwIP/src/include/lwip/priv/memp_priv.h"
 849              		.file 19 "Middlewares/Third_Party/LwIP/src/include/lwip/memp.h"
 850              		.file 20 "Middlewares/Third_Party/LwIP/src/include/lwip/netif.h"
 851              		.file 21 "Middlewares/Third_Party/LwIP/src/include/lwip/sio.h"
 852              		.file 22 "/opt/gcc-arm-none-eabi-9-2020-q2-update/arm-none-eabi/include/stdio.h"
 853              		.file 23 "Middlewares/Third_Party/LwIP/src/include/lwip/mem.h"
ARM GAS  /tmp/ccWNHysV.s 			page 26


DEFINED SYMBOLS
                            *ABS*:0000000000000000 slipif.c
     /tmp/ccWNHysV.s:16     .rodata.slipif_output.str1.4:0000000000000000 $d
     /tmp/ccWNHysV.s:32     .text.slipif_output:0000000000000000 $t
     /tmp/ccWNHysV.s:39     .text.slipif_output:0000000000000000 slipif_output
     /tmp/ccWNHysV.s:219    .text.slipif_output:0000000000000098 $d
     /tmp/ccWNHysV.s:228    .text.slipif_output_v4:0000000000000000 $t
     /tmp/ccWNHysV.s:234    .text.slipif_output_v4:0000000000000000 slipif_output_v4
     /tmp/ccWNHysV.s:258    .text.slipif_rxbyte:0000000000000000 $t
     /tmp/ccWNHysV.s:264    .text.slipif_rxbyte:0000000000000000 slipif_rxbyte
     /tmp/ccWNHysV.s:531    .text.slipif_rxbyte:00000000000000f0 $d
     /tmp/ccWNHysV.s:539    .text.slipif_rxbyte_input:0000000000000000 $t
     /tmp/ccWNHysV.s:545    .text.slipif_rxbyte_input:0000000000000000 slipif_rxbyte_input
     /tmp/ccWNHysV.s:595    .text.slipif_init:0000000000000000 $t
     /tmp/ccWNHysV.s:602    .text.slipif_init:0000000000000000 slipif_init
     /tmp/ccWNHysV.s:720    .text.slipif_init:000000000000005c $d
     /tmp/ccWNHysV.s:725    .text.slipif_poll:0000000000000000 $t
     /tmp/ccWNHysV.s:732    .text.slipif_poll:0000000000000000 slipif_poll
     /tmp/ccWNHysV.s:823    .text.slipif_poll:000000000000004c $d

UNDEFINED SYMBOLS
sio_send
printf
pbuf_realloc
pbuf_alloc
pbuf_cat
pbuf_free
mem_malloc
sio_open
mem_free
sio_tryread
