ARM GAS  /tmp/ccOWlQUS.s 			page 1


   1              		.cpu cortex-m3
   2              		.eabi_attribute 20, 1
   3              		.eabi_attribute 21, 1
   4              		.eabi_attribute 23, 3
   5              		.eabi_attribute 24, 1
   6              		.eabi_attribute 25, 1
   7              		.eabi_attribute 26, 1
   8              		.eabi_attribute 30, 1
   9              		.eabi_attribute 34, 1
  10              		.eabi_attribute 18, 4
  11              		.file	"usb_host.c"
  12              		.text
  13              	.Ltext0:
  14              		.cfi_sections	.debug_frame
  15              		.section	.text.USBH_UserProcess,"ax",%progbits
  16              		.align	1
  17              		.arch armv7-m
  18              		.syntax unified
  19              		.thumb
  20              		.thumb_func
  21              		.fpu softvfp
  23              	USBH_UserProcess:
  24              	.LVL0:
  25              	.LFB74:
  26              		.file 1 "USB_HOST/App/usb_host.c"
   1:USB_HOST/App/usb_host.c **** /* USER CODE BEGIN Header */
   2:USB_HOST/App/usb_host.c **** /**
   3:USB_HOST/App/usb_host.c ****   ******************************************************************************
   4:USB_HOST/App/usb_host.c ****   * @file            : usb_host.c
   5:USB_HOST/App/usb_host.c ****   * @version         : v2.0_Cube
   6:USB_HOST/App/usb_host.c ****   * @brief           : This file implements the USB Host
   7:USB_HOST/App/usb_host.c ****   ******************************************************************************
   8:USB_HOST/App/usb_host.c ****   * @attention
   9:USB_HOST/App/usb_host.c ****   *
  10:USB_HOST/App/usb_host.c ****   * <h2><center>&copy; Copyright (c) 2021 STMicroelectronics.
  11:USB_HOST/App/usb_host.c ****   * All rights reserved.</center></h2>
  12:USB_HOST/App/usb_host.c ****   *
  13:USB_HOST/App/usb_host.c ****   * This software component is licensed by ST under Ultimate Liberty license
  14:USB_HOST/App/usb_host.c ****   * SLA0044, the "License"; You may not use this file except in compliance with
  15:USB_HOST/App/usb_host.c ****   * the License. You may obtain a copy of the License at:
  16:USB_HOST/App/usb_host.c ****   *                             www.st.com/SLA0044
  17:USB_HOST/App/usb_host.c ****   *
  18:USB_HOST/App/usb_host.c ****   ******************************************************************************
  19:USB_HOST/App/usb_host.c ****   */
  20:USB_HOST/App/usb_host.c **** /* USER CODE END Header */
  21:USB_HOST/App/usb_host.c **** 
  22:USB_HOST/App/usb_host.c **** /* Includes ------------------------------------------------------------------*/
  23:USB_HOST/App/usb_host.c **** 
  24:USB_HOST/App/usb_host.c **** #include "usb_host.h"
  25:USB_HOST/App/usb_host.c **** #include "usbh_core.h"
  26:USB_HOST/App/usb_host.c **** #include "usbh_msc.h"
  27:USB_HOST/App/usb_host.c **** 
  28:USB_HOST/App/usb_host.c **** /* USER CODE BEGIN Includes */
  29:USB_HOST/App/usb_host.c **** 
  30:USB_HOST/App/usb_host.c **** /* USER CODE END Includes */
  31:USB_HOST/App/usb_host.c **** 
  32:USB_HOST/App/usb_host.c **** /* USER CODE BEGIN PV */
ARM GAS  /tmp/ccOWlQUS.s 			page 2


  33:USB_HOST/App/usb_host.c **** /* Private variables ---------------------------------------------------------*/
  34:USB_HOST/App/usb_host.c **** 
  35:USB_HOST/App/usb_host.c **** /* USER CODE END PV */
  36:USB_HOST/App/usb_host.c **** 
  37:USB_HOST/App/usb_host.c **** /* USER CODE BEGIN PFP */
  38:USB_HOST/App/usb_host.c **** /* Private function prototypes -----------------------------------------------*/
  39:USB_HOST/App/usb_host.c **** 
  40:USB_HOST/App/usb_host.c **** /* USER CODE END PFP */
  41:USB_HOST/App/usb_host.c **** 
  42:USB_HOST/App/usb_host.c **** /* USB Host core handle declaration */
  43:USB_HOST/App/usb_host.c **** USBH_HandleTypeDef hUsbHostFS;
  44:USB_HOST/App/usb_host.c **** ApplicationTypeDef Appli_state = APPLICATION_IDLE;
  45:USB_HOST/App/usb_host.c **** 
  46:USB_HOST/App/usb_host.c **** /*
  47:USB_HOST/App/usb_host.c ****  * -- Insert your variables declaration here --
  48:USB_HOST/App/usb_host.c ****  */
  49:USB_HOST/App/usb_host.c **** /* USER CODE BEGIN 0 */
  50:USB_HOST/App/usb_host.c **** 
  51:USB_HOST/App/usb_host.c **** /* USER CODE END 0 */
  52:USB_HOST/App/usb_host.c **** 
  53:USB_HOST/App/usb_host.c **** /*
  54:USB_HOST/App/usb_host.c ****  * user callback declaration
  55:USB_HOST/App/usb_host.c ****  */
  56:USB_HOST/App/usb_host.c **** static void USBH_UserProcess(USBH_HandleTypeDef *phost, uint8_t id);
  57:USB_HOST/App/usb_host.c **** 
  58:USB_HOST/App/usb_host.c **** /*
  59:USB_HOST/App/usb_host.c ****  * -- Insert your external function declaration here --
  60:USB_HOST/App/usb_host.c ****  */
  61:USB_HOST/App/usb_host.c **** /* USER CODE BEGIN 1 */
  62:USB_HOST/App/usb_host.c **** 
  63:USB_HOST/App/usb_host.c **** /* USER CODE END 1 */
  64:USB_HOST/App/usb_host.c **** 
  65:USB_HOST/App/usb_host.c **** /**
  66:USB_HOST/App/usb_host.c ****   * Init USB host library, add supported class and start the library
  67:USB_HOST/App/usb_host.c ****   * @retval None
  68:USB_HOST/App/usb_host.c ****   */
  69:USB_HOST/App/usb_host.c **** void MX_USB_HOST_Init(void)
  70:USB_HOST/App/usb_host.c **** {
  71:USB_HOST/App/usb_host.c ****   /* USER CODE BEGIN USB_HOST_Init_PreTreatment */
  72:USB_HOST/App/usb_host.c **** 
  73:USB_HOST/App/usb_host.c ****   /* USER CODE END USB_HOST_Init_PreTreatment */
  74:USB_HOST/App/usb_host.c **** 
  75:USB_HOST/App/usb_host.c ****   /* Init host Library, add supported class and start the library. */
  76:USB_HOST/App/usb_host.c ****   if (USBH_Init(&hUsbHostFS, USBH_UserProcess, HOST_FS) != USBH_OK)
  77:USB_HOST/App/usb_host.c ****   {
  78:USB_HOST/App/usb_host.c ****     Error_Handler();
  79:USB_HOST/App/usb_host.c ****   }
  80:USB_HOST/App/usb_host.c ****   if (USBH_RegisterClass(&hUsbHostFS, USBH_MSC_CLASS) != USBH_OK)
  81:USB_HOST/App/usb_host.c ****   {
  82:USB_HOST/App/usb_host.c ****     Error_Handler();
  83:USB_HOST/App/usb_host.c ****   }
  84:USB_HOST/App/usb_host.c ****   if (USBH_Start(&hUsbHostFS) != USBH_OK)
  85:USB_HOST/App/usb_host.c ****   {
  86:USB_HOST/App/usb_host.c ****     Error_Handler();
  87:USB_HOST/App/usb_host.c ****   }
  88:USB_HOST/App/usb_host.c ****   /* USER CODE BEGIN USB_HOST_Init_PostTreatment */
  89:USB_HOST/App/usb_host.c **** 
ARM GAS  /tmp/ccOWlQUS.s 			page 3


  90:USB_HOST/App/usb_host.c ****   /* USER CODE END USB_HOST_Init_PostTreatment */
  91:USB_HOST/App/usb_host.c **** }
  92:USB_HOST/App/usb_host.c **** 
  93:USB_HOST/App/usb_host.c **** /*
  94:USB_HOST/App/usb_host.c ****  * user callback definition
  95:USB_HOST/App/usb_host.c ****  */
  96:USB_HOST/App/usb_host.c **** static void USBH_UserProcess  (USBH_HandleTypeDef *phost, uint8_t id)
  97:USB_HOST/App/usb_host.c **** {
  27              		.loc 1 97 1 view -0
  28              		.cfi_startproc
  29              		@ args = 0, pretend = 0, frame = 0
  30              		@ frame_needed = 0, uses_anonymous_args = 0
  31              		@ link register save eliminated.
  98:USB_HOST/App/usb_host.c ****   /* USER CODE BEGIN CALL_BACK_1 */
  99:USB_HOST/App/usb_host.c ****   switch(id)
  32              		.loc 1 99 3 view .LVU1
  33 0000 0429     		cmp	r1, #4
  34 0002 0CD0     		beq	.L2
  35 0004 0529     		cmp	r1, #5
  36 0006 02D0     		beq	.L3
  37 0008 0229     		cmp	r1, #2
  38 000a 04D0     		beq	.L6
  39              	.L1:
 100:USB_HOST/App/usb_host.c ****   {
 101:USB_HOST/App/usb_host.c ****   case HOST_USER_SELECT_CONFIGURATION:
 102:USB_HOST/App/usb_host.c ****   break;
 103:USB_HOST/App/usb_host.c **** 
 104:USB_HOST/App/usb_host.c ****   case HOST_USER_DISCONNECTION:
 105:USB_HOST/App/usb_host.c ****   Appli_state = APPLICATION_DISCONNECT;
 106:USB_HOST/App/usb_host.c ****   break;
 107:USB_HOST/App/usb_host.c **** 
 108:USB_HOST/App/usb_host.c ****   case HOST_USER_CLASS_ACTIVE:
 109:USB_HOST/App/usb_host.c ****   Appli_state = APPLICATION_READY;
 110:USB_HOST/App/usb_host.c ****   break;
 111:USB_HOST/App/usb_host.c **** 
 112:USB_HOST/App/usb_host.c ****   case HOST_USER_CONNECTION:
 113:USB_HOST/App/usb_host.c ****   Appli_state = APPLICATION_START;
 114:USB_HOST/App/usb_host.c ****   break;
 115:USB_HOST/App/usb_host.c **** 
 116:USB_HOST/App/usb_host.c ****   default:
 117:USB_HOST/App/usb_host.c ****   break;
 118:USB_HOST/App/usb_host.c ****   }
 119:USB_HOST/App/usb_host.c ****   /* USER CODE END CALL_BACK_1 */
 120:USB_HOST/App/usb_host.c **** }
  40              		.loc 1 120 1 is_stmt 0 view .LVU2
  41 000c 7047     		bx	lr
  42              	.L3:
 105:USB_HOST/App/usb_host.c ****   break;
  43              		.loc 1 105 3 is_stmt 1 view .LVU3
 105:USB_HOST/App/usb_host.c ****   break;
  44              		.loc 1 105 15 is_stmt 0 view .LVU4
  45 000e 064B     		ldr	r3, .L7
  46 0010 0322     		movs	r2, #3
  47 0012 1A70     		strb	r2, [r3]
 106:USB_HOST/App/usb_host.c **** 
  48              		.loc 1 106 3 is_stmt 1 view .LVU5
  49 0014 7047     		bx	lr
ARM GAS  /tmp/ccOWlQUS.s 			page 4


  50              	.L6:
 109:USB_HOST/App/usb_host.c ****   break;
  51              		.loc 1 109 3 view .LVU6
 109:USB_HOST/App/usb_host.c ****   break;
  52              		.loc 1 109 15 is_stmt 0 view .LVU7
  53 0016 044B     		ldr	r3, .L7
  54 0018 0222     		movs	r2, #2
  55 001a 1A70     		strb	r2, [r3]
 110:USB_HOST/App/usb_host.c **** 
  56              		.loc 1 110 3 is_stmt 1 view .LVU8
  57 001c 7047     		bx	lr
  58              	.L2:
 113:USB_HOST/App/usb_host.c ****   break;
  59              		.loc 1 113 3 view .LVU9
 113:USB_HOST/App/usb_host.c ****   break;
  60              		.loc 1 113 15 is_stmt 0 view .LVU10
  61 001e 024B     		ldr	r3, .L7
  62 0020 0122     		movs	r2, #1
  63 0022 1A70     		strb	r2, [r3]
 114:USB_HOST/App/usb_host.c **** 
  64              		.loc 1 114 3 is_stmt 1 view .LVU11
  65              		.loc 1 120 1 is_stmt 0 view .LVU12
  66 0024 F2E7     		b	.L1
  67              	.L8:
  68 0026 00BF     		.align	2
  69              	.L7:
  70 0028 00000000 		.word	.LANCHOR0
  71              		.cfi_endproc
  72              	.LFE74:
  74              		.section	.text.MX_USB_HOST_Init,"ax",%progbits
  75              		.align	1
  76              		.global	MX_USB_HOST_Init
  77              		.syntax unified
  78              		.thumb
  79              		.thumb_func
  80              		.fpu softvfp
  82              	MX_USB_HOST_Init:
  83              	.LFB73:
  70:USB_HOST/App/usb_host.c ****   /* USER CODE BEGIN USB_HOST_Init_PreTreatment */
  84              		.loc 1 70 1 is_stmt 1 view -0
  85              		.cfi_startproc
  86              		@ args = 0, pretend = 0, frame = 0
  87              		@ frame_needed = 0, uses_anonymous_args = 0
  88 0000 08B5     		push	{r3, lr}
  89              	.LCFI0:
  90              		.cfi_def_cfa_offset 8
  91              		.cfi_offset 3, -8
  92              		.cfi_offset 14, -4
  76:USB_HOST/App/usb_host.c ****   {
  93              		.loc 1 76 3 view .LVU14
  76:USB_HOST/App/usb_host.c ****   {
  94              		.loc 1 76 7 is_stmt 0 view .LVU15
  95 0002 0122     		movs	r2, #1
  96 0004 0B49     		ldr	r1, .L17
  97 0006 0C48     		ldr	r0, .L17+4
  98 0008 FFF7FEFF 		bl	USBH_Init
  99              	.LVL1:
ARM GAS  /tmp/ccOWlQUS.s 			page 5


  76:USB_HOST/App/usb_host.c ****   {
 100              		.loc 1 76 6 view .LVU16
 101 000c 48B9     		cbnz	r0, .L14
 102              	.L10:
  80:USB_HOST/App/usb_host.c ****   {
 103              		.loc 1 80 3 is_stmt 1 view .LVU17
  80:USB_HOST/App/usb_host.c ****   {
 104              		.loc 1 80 7 is_stmt 0 view .LVU18
 105 000e 0B49     		ldr	r1, .L17+8
 106 0010 0948     		ldr	r0, .L17+4
 107 0012 FFF7FEFF 		bl	USBH_RegisterClass
 108              	.LVL2:
  80:USB_HOST/App/usb_host.c ****   {
 109              		.loc 1 80 6 view .LVU19
 110 0016 38B9     		cbnz	r0, .L15
 111              	.L11:
  84:USB_HOST/App/usb_host.c ****   {
 112              		.loc 1 84 3 is_stmt 1 view .LVU20
  84:USB_HOST/App/usb_host.c ****   {
 113              		.loc 1 84 7 is_stmt 0 view .LVU21
 114 0018 0748     		ldr	r0, .L17+4
 115 001a FFF7FEFF 		bl	USBH_Start
 116              	.LVL3:
  84:USB_HOST/App/usb_host.c ****   {
 117              		.loc 1 84 6 view .LVU22
 118 001e 30B9     		cbnz	r0, .L16
 119              	.L9:
  91:USB_HOST/App/usb_host.c **** 
 120              		.loc 1 91 1 view .LVU23
 121 0020 08BD     		pop	{r3, pc}
 122              	.L14:
  78:USB_HOST/App/usb_host.c ****   }
 123              		.loc 1 78 5 is_stmt 1 view .LVU24
 124 0022 FFF7FEFF 		bl	Error_Handler
 125              	.LVL4:
 126 0026 F2E7     		b	.L10
 127              	.L15:
  82:USB_HOST/App/usb_host.c ****   }
 128              		.loc 1 82 5 view .LVU25
 129 0028 FFF7FEFF 		bl	Error_Handler
 130              	.LVL5:
 131 002c F4E7     		b	.L11
 132              	.L16:
  86:USB_HOST/App/usb_host.c ****   }
 133              		.loc 1 86 5 view .LVU26
 134 002e FFF7FEFF 		bl	Error_Handler
 135              	.LVL6:
  91:USB_HOST/App/usb_host.c **** 
 136              		.loc 1 91 1 is_stmt 0 view .LVU27
 137 0032 F5E7     		b	.L9
 138              	.L18:
 139              		.align	2
 140              	.L17:
 141 0034 00000000 		.word	USBH_UserProcess
 142 0038 00000000 		.word	hUsbHostFS
 143 003c 00000000 		.word	USBH_msc
 144              		.cfi_endproc
ARM GAS  /tmp/ccOWlQUS.s 			page 6


 145              	.LFE73:
 147              		.global	Appli_state
 148              		.comm	hUsbHostFS,988,4
 149              		.section	.bss.Appli_state,"aw",%nobits
 150              		.set	.LANCHOR0,. + 0
 153              	Appli_state:
 154 0000 00       		.space	1
 155              		.text
 156              	.Letext0:
 157              		.file 2 "/opt/gcc-arm-none-eabi-9-2020-q2-update/arm-none-eabi/include/machine/_default_types.h"
 158              		.file 3 "/opt/gcc-arm-none-eabi-9-2020-q2-update/arm-none-eabi/include/sys/_stdint.h"
 159              		.file 4 "Drivers/CMSIS/Include/core_cm3.h"
 160              		.file 5 "Drivers/CMSIS/Device/ST/STM32F1xx/Include/system_stm32f1xx.h"
 161              		.file 6 "Drivers/STM32F1xx_HAL_Driver/Inc/stm32f1xx_hal.h"
 162              		.file 7 "USB_HOST/App/usb_host.h"
 163              		.file 8 "/opt/gcc-arm-none-eabi-9-2020-q2-update/lib/gcc/arm-none-eabi/9.3.1/include/stddef.h"
 164              		.file 9 "/opt/gcc-arm-none-eabi-9-2020-q2-update/arm-none-eabi/include/sys/_types.h"
 165              		.file 10 "/opt/gcc-arm-none-eabi-9-2020-q2-update/arm-none-eabi/include/sys/reent.h"
 166              		.file 11 "/opt/gcc-arm-none-eabi-9-2020-q2-update/arm-none-eabi/include/sys/lock.h"
 167              		.file 12 "/opt/gcc-arm-none-eabi-9-2020-q2-update/arm-none-eabi/include/stdlib.h"
 168              		.file 13 "Middlewares/Third_Party/FreeRTOS/Source/include/task.h"
 169              		.file 14 "Middlewares/Third_Party/FreeRTOS/Source/include/queue.h"
 170              		.file 15 "Middlewares/Third_Party/FreeRTOS/Source/CMSIS_RTOS/cmsis_os.h"
 171              		.file 16 "Middlewares/ST/STM32_USB_Host_Library/Core/Inc/usbh_def.h"
 172              		.file 17 "Middlewares/ST/STM32_USB_Host_Library/Core/Inc/usbh_ctlreq.h"
 173              		.file 18 "Middlewares/ST/STM32_USB_Host_Library/Class/MSC/Inc/usbh_msc.h"
 174              		.file 19 "Middlewares/ST/STM32_USB_Host_Library/Core/Inc/usbh_core.h"
 175              		.file 20 "Core/Inc/main.h"
ARM GAS  /tmp/ccOWlQUS.s 			page 7


DEFINED SYMBOLS
                            *ABS*:0000000000000000 usb_host.c
     /tmp/ccOWlQUS.s:16     .text.USBH_UserProcess:0000000000000000 $t
     /tmp/ccOWlQUS.s:23     .text.USBH_UserProcess:0000000000000000 USBH_UserProcess
     /tmp/ccOWlQUS.s:70     .text.USBH_UserProcess:0000000000000028 $d
     /tmp/ccOWlQUS.s:75     .text.MX_USB_HOST_Init:0000000000000000 $t
     /tmp/ccOWlQUS.s:82     .text.MX_USB_HOST_Init:0000000000000000 MX_USB_HOST_Init
     /tmp/ccOWlQUS.s:141    .text.MX_USB_HOST_Init:0000000000000034 $d
                            *COM*:00000000000003dc hUsbHostFS
     /tmp/ccOWlQUS.s:153    .bss.Appli_state:0000000000000000 Appli_state
     /tmp/ccOWlQUS.s:154    .bss.Appli_state:0000000000000000 $d

UNDEFINED SYMBOLS
USBH_Init
USBH_RegisterClass
USBH_Start
Error_Handler
USBH_msc
